<?xml version="1.0" encoding="UTF-8"?>
<!-- Generated by org.testng.reporters.JUnitXMLReporter -->
<testsuite hostname="Vitaliys-MacBook-Pro.local" ignored="24" name="Desktop checking" tests="70" failures="6" timestamp="25 Apr 2017 12:18:14 GMT" time="702.436" errors="0">
  <testcase name="openingPageAndClickOnRequestDemo" time="4.584" classname="tests.BenefitsPageTests"/>
  <testcase name="scrollingDownAndVerifyingPresenceOfElements" time="28.777" classname="tests.BenefitsPageTests"/>
  <testcase name="aemptyDataFormChecking" time="18.304" classname="tests.Blog.ResourcesPageTests"/>
  <testcase name="avalidDataFormChecking" time="17.422" classname="tests.Blog.ResourcesPageTests"/>
  <testcase name="downloadTemplateAndSubscribeForUpdates" time="18.565" classname="tests.Blog.ResourcesPageTests"/>
  <testcase name="downloadTemplateAndSubscribeForUpdatesEmailWithAt" time="21.838" classname="tests.Blog.ResourcesPageTests">
    <failure type="org.openqa.selenium.NoSuchElementException" message="no such element: Unable to locate element: {&amp;quot;method&amp;quot;:&amp;quot;xpath&amp;quot;,&amp;quot;selector&amp;quot;:&amp;quot;//div[@class=&amp;apos;hs_email field hs-form-field&amp;apos;]//ul/li/label&amp;quot;}
  (Session info: chrome=57.0.2987.98)
  (Driver info: chromedriver=2.28.455517 (2c6d2707d8ea850c862f04ac066724273981e88f),platform=Mac OS X 10.11.6 x86_64) (WARNING: The server did not provide any stacktrace information)
Command duration or timeout: 5.01 seconds
For documentation on this error, please visit: http://seleniumhq.org/exceptions/no_such_element.html
Build info: version: &amp;apos;3.0.1&amp;apos;, revision: &amp;apos;1969d75&amp;apos;, time: &amp;apos;2016-10-18 09:49:13 -0700&amp;apos;
System info: host: &amp;apos;Vitaliys-MacBook-Pro.local&amp;apos;, ip: &amp;apos;192.168.0.103&amp;apos;, os.name: &amp;apos;Mac OS X&amp;apos;, os.arch: &amp;apos;x86_64&amp;apos;, os.version: &amp;apos;10.11.6&amp;apos;, java.version: &amp;apos;1.8.0_101&amp;apos;
Driver info: org.openqa.selenium.chrome.ChromeDriver
Capabilities [{applicationCacheEnabled=false, rotatable=false, mobileEmulationEnabled=false, networkConnectionEnabled=false, chrome={chromedriverVersion=2.28.455517 (2c6d2707d8ea850c862f04ac066724273981e88f), userDataDir=/var/folders/xp/hq6y__313mvbnpb2n5x7bzq00000gn/T/.org.chromium.Chromium.kkJFOZ}, takesHeapSnapshot=true, pageLoadStrategy=normal, databaseEnabled=false, handlesAlerts=true, hasTouchScreen=false, version=57.0.2987.98, platform=MAC, browserConnectionEnabled=false, nativeEvents=true, acceptSslCerts=true, locationContextEnabled=true, webStorageEnabled=true, browserName=chrome, takesScreenshot=true, javascriptEnabled=true, cssSelectorsEnabled=true, unexpectedAlertBehaviour=}]
Session ID: 19cf801db539763cd038823b8c0511ec
*** Element info: {Using=xpath, value=//div[@class=&amp;apos;hs_email field hs-form-field&amp;apos;]//ul/li/label}">
      <![CDATA[org.openqa.selenium.NoSuchElementException: no such element: Unable to locate element: {"method":"xpath","selector":"//div[@class='hs_email field hs-form-field']//ul/li/label"}
  (Session info: chrome=57.0.2987.98)
  (Driver info: chromedriver=2.28.455517 (2c6d2707d8ea850c862f04ac066724273981e88f),platform=Mac OS X 10.11.6 x86_64) (WARNING: The server did not provide any stacktrace information)
Command duration or timeout: 5.01 seconds
For documentation on this error, please visit: http://seleniumhq.org/exceptions/no_such_element.html
Build info: version: '3.0.1', revision: '1969d75', time: '2016-10-18 09:49:13 -0700'
System info: host: 'Vitaliys-MacBook-Pro.local', ip: '192.168.0.103', os.name: 'Mac OS X', os.arch: 'x86_64', os.version: '10.11.6', java.version: '1.8.0_101'
Driver info: org.openqa.selenium.chrome.ChromeDriver
Capabilities [{applicationCacheEnabled=false, rotatable=false, mobileEmulationEnabled=false, networkConnectionEnabled=false, chrome={chromedriverVersion=2.28.455517 (2c6d2707d8ea850c862f04ac066724273981e88f), userDataDir=/var/folders/xp/hq6y__313mvbnpb2n5x7bzq00000gn/T/.org.chromium.Chromium.kkJFOZ}, takesHeapSnapshot=true, pageLoadStrategy=normal, databaseEnabled=false, handlesAlerts=true, hasTouchScreen=false, version=57.0.2987.98, platform=MAC, browserConnectionEnabled=false, nativeEvents=true, acceptSslCerts=true, locationContextEnabled=true, webStorageEnabled=true, browserName=chrome, takesScreenshot=true, javascriptEnabled=true, cssSelectorsEnabled=true, unexpectedAlertBehaviour=}]
Session ID: 19cf801db539763cd038823b8c0511ec
*** Element info: {Using=xpath, value=//div[@class='hs_email field hs-form-field']//ul/li/label}
	at org.openqa.selenium.remote.ErrorHandler.createThrowable(ErrorHandler.java:216)
	at org.openqa.selenium.remote.ErrorHandler.throwIfResponseFailed(ErrorHandler.java:168)
	at org.openqa.selenium.remote.RemoteWebDriver.execute(RemoteWebDriver.java:635)
	at org.openqa.selenium.remote.RemoteWebDriver.findElement(RemoteWebDriver.java:368)
	at org.openqa.selenium.remote.RemoteWebDriver.findElementByXPath(RemoteWebDriver.java:473)
	at org.openqa.selenium.By$ByXPath.findElement(By.java:361)
	at org.openqa.selenium.remote.RemoteWebDriver.findElement(RemoteWebDriver.java:360)
	at pageobjects.Blog.ResourcesPage.getValidationMessage(ResourcesPage.java:80)
	at tests.Blog.ResourcesPageTests.downloadTemplateAndSubscribeForUpdatesEmailWithAt(ResourcesPageTests.java:175)
... Removed 31 stack frames]]>
    </failure>
  </testcase> <!-- downloadTemplateAndSubscribeForUpdatesEmailWithAt -->
  <testcase name="downloadTemplateAndSubscribeForUpdatesEmailWithoutAt" time="21.728" classname="tests.Blog.ResourcesPageTests">
    <failure type="org.openqa.selenium.NoSuchElementException" message="no such element: Unable to locate element: {&amp;quot;method&amp;quot;:&amp;quot;xpath&amp;quot;,&amp;quot;selector&amp;quot;:&amp;quot;//div[@class=&amp;apos;hs_email field hs-form-field&amp;apos;]//ul/li/label&amp;quot;}
  (Session info: chrome=57.0.2987.98)
  (Driver info: chromedriver=2.28.455517 (2c6d2707d8ea850c862f04ac066724273981e88f),platform=Mac OS X 10.11.6 x86_64) (WARNING: The server did not provide any stacktrace information)
Command duration or timeout: 5.02 seconds
For documentation on this error, please visit: http://seleniumhq.org/exceptions/no_such_element.html
Build info: version: &amp;apos;3.0.1&amp;apos;, revision: &amp;apos;1969d75&amp;apos;, time: &amp;apos;2016-10-18 09:49:13 -0700&amp;apos;
System info: host: &amp;apos;Vitaliys-MacBook-Pro.local&amp;apos;, ip: &amp;apos;192.168.0.103&amp;apos;, os.name: &amp;apos;Mac OS X&amp;apos;, os.arch: &amp;apos;x86_64&amp;apos;, os.version: &amp;apos;10.11.6&amp;apos;, java.version: &amp;apos;1.8.0_101&amp;apos;
Driver info: org.openqa.selenium.chrome.ChromeDriver
Capabilities [{applicationCacheEnabled=false, rotatable=false, mobileEmulationEnabled=false, networkConnectionEnabled=false, chrome={chromedriverVersion=2.28.455517 (2c6d2707d8ea850c862f04ac066724273981e88f), userDataDir=/var/folders/xp/hq6y__313mvbnpb2n5x7bzq00000gn/T/.org.chromium.Chromium.kkJFOZ}, takesHeapSnapshot=true, pageLoadStrategy=normal, databaseEnabled=false, handlesAlerts=true, hasTouchScreen=false, version=57.0.2987.98, platform=MAC, browserConnectionEnabled=false, nativeEvents=true, acceptSslCerts=true, locationContextEnabled=true, webStorageEnabled=true, browserName=chrome, takesScreenshot=true, javascriptEnabled=true, cssSelectorsEnabled=true, unexpectedAlertBehaviour=}]
Session ID: 19cf801db539763cd038823b8c0511ec
*** Element info: {Using=xpath, value=//div[@class=&amp;apos;hs_email field hs-form-field&amp;apos;]//ul/li/label}">
      <![CDATA[org.openqa.selenium.NoSuchElementException: no such element: Unable to locate element: {"method":"xpath","selector":"//div[@class='hs_email field hs-form-field']//ul/li/label"}
  (Session info: chrome=57.0.2987.98)
  (Driver info: chromedriver=2.28.455517 (2c6d2707d8ea850c862f04ac066724273981e88f),platform=Mac OS X 10.11.6 x86_64) (WARNING: The server did not provide any stacktrace information)
Command duration or timeout: 5.02 seconds
For documentation on this error, please visit: http://seleniumhq.org/exceptions/no_such_element.html
Build info: version: '3.0.1', revision: '1969d75', time: '2016-10-18 09:49:13 -0700'
System info: host: 'Vitaliys-MacBook-Pro.local', ip: '192.168.0.103', os.name: 'Mac OS X', os.arch: 'x86_64', os.version: '10.11.6', java.version: '1.8.0_101'
Driver info: org.openqa.selenium.chrome.ChromeDriver
Capabilities [{applicationCacheEnabled=false, rotatable=false, mobileEmulationEnabled=false, networkConnectionEnabled=false, chrome={chromedriverVersion=2.28.455517 (2c6d2707d8ea850c862f04ac066724273981e88f), userDataDir=/var/folders/xp/hq6y__313mvbnpb2n5x7bzq00000gn/T/.org.chromium.Chromium.kkJFOZ}, takesHeapSnapshot=true, pageLoadStrategy=normal, databaseEnabled=false, handlesAlerts=true, hasTouchScreen=false, version=57.0.2987.98, platform=MAC, browserConnectionEnabled=false, nativeEvents=true, acceptSslCerts=true, locationContextEnabled=true, webStorageEnabled=true, browserName=chrome, takesScreenshot=true, javascriptEnabled=true, cssSelectorsEnabled=true, unexpectedAlertBehaviour=}]
Session ID: 19cf801db539763cd038823b8c0511ec
*** Element info: {Using=xpath, value=//div[@class='hs_email field hs-form-field']//ul/li/label}
	at org.openqa.selenium.remote.ErrorHandler.createThrowable(ErrorHandler.java:216)
	at org.openqa.selenium.remote.ErrorHandler.throwIfResponseFailed(ErrorHandler.java:168)
	at org.openqa.selenium.remote.RemoteWebDriver.execute(RemoteWebDriver.java:635)
	at org.openqa.selenium.remote.RemoteWebDriver.findElement(RemoteWebDriver.java:368)
	at org.openqa.selenium.remote.RemoteWebDriver.findElementByXPath(RemoteWebDriver.java:473)
	at org.openqa.selenium.By$ByXPath.findElement(By.java:361)
	at org.openqa.selenium.remote.RemoteWebDriver.findElement(RemoteWebDriver.java:360)
	at pageobjects.Blog.ResourcesPage.getValidationMessage(ResourcesPage.java:80)
	at tests.Blog.ResourcesPageTests.downloadTemplateAndSubscribeForUpdatesEmailWithoutAt(ResourcesPageTests.java:158)
... Removed 31 stack frames]]>
    </failure>
  </testcase> <!-- downloadTemplateAndSubscribeForUpdatesEmailWithoutAt -->
  <testcase name="downloadTemplateAndSubscribeForUpdatesEmptyEmail" time="23.733" classname="tests.Blog.ResourcesPageTests">
    <failure type="org.openqa.selenium.NoSuchElementException" message="no such element: Unable to locate element: {&amp;quot;method&amp;quot;:&amp;quot;xpath&amp;quot;,&amp;quot;selector&amp;quot;:&amp;quot;//div[@class=&amp;apos;hs_email field hs-form-field&amp;apos;]//ul/li/label&amp;quot;}
  (Session info: chrome=57.0.2987.98)
  (Driver info: chromedriver=2.28.455517 (2c6d2707d8ea850c862f04ac066724273981e88f),platform=Mac OS X 10.11.6 x86_64) (WARNING: The server did not provide any stacktrace information)
Command duration or timeout: 5.04 seconds
For documentation on this error, please visit: http://seleniumhq.org/exceptions/no_such_element.html
Build info: version: &amp;apos;3.0.1&amp;apos;, revision: &amp;apos;1969d75&amp;apos;, time: &amp;apos;2016-10-18 09:49:13 -0700&amp;apos;
System info: host: &amp;apos;Vitaliys-MacBook-Pro.local&amp;apos;, ip: &amp;apos;192.168.0.103&amp;apos;, os.name: &amp;apos;Mac OS X&amp;apos;, os.arch: &amp;apos;x86_64&amp;apos;, os.version: &amp;apos;10.11.6&amp;apos;, java.version: &amp;apos;1.8.0_101&amp;apos;
Driver info: org.openqa.selenium.chrome.ChromeDriver
Capabilities [{applicationCacheEnabled=false, rotatable=false, mobileEmulationEnabled=false, networkConnectionEnabled=false, chrome={chromedriverVersion=2.28.455517 (2c6d2707d8ea850c862f04ac066724273981e88f), userDataDir=/var/folders/xp/hq6y__313mvbnpb2n5x7bzq00000gn/T/.org.chromium.Chromium.kkJFOZ}, takesHeapSnapshot=true, pageLoadStrategy=normal, databaseEnabled=false, handlesAlerts=true, hasTouchScreen=false, version=57.0.2987.98, platform=MAC, browserConnectionEnabled=false, nativeEvents=true, acceptSslCerts=true, locationContextEnabled=true, webStorageEnabled=true, browserName=chrome, takesScreenshot=true, javascriptEnabled=true, cssSelectorsEnabled=true, unexpectedAlertBehaviour=}]
Session ID: 19cf801db539763cd038823b8c0511ec
*** Element info: {Using=xpath, value=//div[@class=&amp;apos;hs_email field hs-form-field&amp;apos;]//ul/li/label}">
      <![CDATA[org.openqa.selenium.NoSuchElementException: no such element: Unable to locate element: {"method":"xpath","selector":"//div[@class='hs_email field hs-form-field']//ul/li/label"}
  (Session info: chrome=57.0.2987.98)
  (Driver info: chromedriver=2.28.455517 (2c6d2707d8ea850c862f04ac066724273981e88f),platform=Mac OS X 10.11.6 x86_64) (WARNING: The server did not provide any stacktrace information)
Command duration or timeout: 5.04 seconds
For documentation on this error, please visit: http://seleniumhq.org/exceptions/no_such_element.html
Build info: version: '3.0.1', revision: '1969d75', time: '2016-10-18 09:49:13 -0700'
System info: host: 'Vitaliys-MacBook-Pro.local', ip: '192.168.0.103', os.name: 'Mac OS X', os.arch: 'x86_64', os.version: '10.11.6', java.version: '1.8.0_101'
Driver info: org.openqa.selenium.chrome.ChromeDriver
Capabilities [{applicationCacheEnabled=false, rotatable=false, mobileEmulationEnabled=false, networkConnectionEnabled=false, chrome={chromedriverVersion=2.28.455517 (2c6d2707d8ea850c862f04ac066724273981e88f), userDataDir=/var/folders/xp/hq6y__313mvbnpb2n5x7bzq00000gn/T/.org.chromium.Chromium.kkJFOZ}, takesHeapSnapshot=true, pageLoadStrategy=normal, databaseEnabled=false, handlesAlerts=true, hasTouchScreen=false, version=57.0.2987.98, platform=MAC, browserConnectionEnabled=false, nativeEvents=true, acceptSslCerts=true, locationContextEnabled=true, webStorageEnabled=true, browserName=chrome, takesScreenshot=true, javascriptEnabled=true, cssSelectorsEnabled=true, unexpectedAlertBehaviour=}]
Session ID: 19cf801db539763cd038823b8c0511ec
*** Element info: {Using=xpath, value=//div[@class='hs_email field hs-form-field']//ul/li/label}
	at org.openqa.selenium.remote.ErrorHandler.createThrowable(ErrorHandler.java:216)
	at org.openqa.selenium.remote.ErrorHandler.throwIfResponseFailed(ErrorHandler.java:168)
	at org.openqa.selenium.remote.RemoteWebDriver.execute(RemoteWebDriver.java:635)
	at org.openqa.selenium.remote.RemoteWebDriver.findElement(RemoteWebDriver.java:368)
	at org.openqa.selenium.remote.RemoteWebDriver.findElementByXPath(RemoteWebDriver.java:473)
	at org.openqa.selenium.By$ByXPath.findElement(By.java:361)
	at org.openqa.selenium.remote.RemoteWebDriver.findElement(RemoteWebDriver.java:360)
	at pageobjects.Blog.ResourcesPage.getValidationMessage(ResourcesPage.java:80)
	at tests.Blog.ResourcesPageTests.downloadTemplateAndSubscribeForUpdatesEmptyEmail(ResourcesPageTests.java:139)
... Removed 31 stack frames]]>
    </failure>
  </testcase> <!-- downloadTemplateAndSubscribeForUpdatesEmptyEmail -->
  <testcase name="templateOpeningChecking" time="14.392" classname="tests.Blog.ResourcesPageTests"/>
  <testcase name="wrongEmailWithAtDataFormChecking" time="15.717" classname="tests.Blog.ResourcesPageTests"/>
  <testcase name="wrongEmailWithoutAtDataFormChecking" time="15.461" classname="tests.Blog.ResourcesPageTests"/>
  <testcase name="clickingOnAuthorChecking" time="16.464" classname="tests.Blog.BlogMainPageTests"/>
  <testcase name="clickingOnTagChecking" time="10.099" classname="tests.Blog.BlogMainPageTests"/>
  <testcase name="goingToCommentsSectionByClickOnClickHereLink" time="12.969" classname="tests.Blog.BlogMainPageTests"/>
  <testcase name="openingPostByClickOnReadThisPostBtn" time="10.46" classname="tests.Blog.BlogMainPageTests"/>
  <testcase name="checkSocialNetworkButton" time="22.761" classname="tests.Blog.BlogSinglePageTests"/>
  <testcase name="findMeOnChecking" time="15.221" classname="tests.Blog.BlogSinglePageTests"/>
  <testcase name="openingPostByClickOnTitle" time="10.72" classname="tests.Blog.BlogSinglePageTests"/>
  <testcase name="recentPostChecking" time="12.758" classname="tests.Blog.BlogSinglePageTests"/>
  <testcase name="socialSharingIconsChecking" time="15.195" classname="tests.Blog.BlogSinglePageTests">
    <failure type="org.openqa.selenium.WebDriverException" message="unknown error: Element &amp;lt;div data-service=&amp;quot;linkedin&amp;quot; title=&amp;quot;Share link on LinkedIn&amp;quot; class=&amp;quot;social-likes__widget social-likes__widget_linkedin social-likes__widget_notext&amp;quot; tabindex=&amp;quot;0&amp;quot; role=&amp;quot;button&amp;quot;&amp;gt;...&amp;lt;/div&amp;gt; is not clickable at point (1196, 548). Other element would receive the click: &amp;lt;iframe frameborder=&amp;quot;0&amp;quot; src=&amp;quot;about:blank&amp;quot; style=&amp;quot;background-color: transparent; vertical-align: text-bottom; position: relative; width: 100%; height: 100%; min-width: 100%; min-height: 100%; max-width: 100%; max-height: 100%; margin: 0px; overflow: hidden; display: block;&amp;quot;&amp;gt;&amp;lt;/iframe&amp;gt;
  (Session info: chrome=57.0.2987.98)
  (Driver info: chromedriver=2.28.455517 (2c6d2707d8ea850c862f04ac066724273981e88f),platform=Mac OS X 10.11.6 x86_64) (WARNING: The server did not provide any stacktrace information)
Command duration or timeout: 61 milliseconds
Build info: version: &amp;apos;3.0.1&amp;apos;, revision: &amp;apos;1969d75&amp;apos;, time: &amp;apos;2016-10-18 09:49:13 -0700&amp;apos;
System info: host: &amp;apos;Vitaliys-MacBook-Pro.local&amp;apos;, ip: &amp;apos;192.168.0.103&amp;apos;, os.name: &amp;apos;Mac OS X&amp;apos;, os.arch: &amp;apos;x86_64&amp;apos;, os.version: &amp;apos;10.11.6&amp;apos;, java.version: &amp;apos;1.8.0_101&amp;apos;
Driver info: org.openqa.selenium.chrome.ChromeDriver
Capabilities [{applicationCacheEnabled=false, rotatable=false, mobileEmulationEnabled=false, networkConnectionEnabled=false, chrome={chromedriverVersion=2.28.455517 (2c6d2707d8ea850c862f04ac066724273981e88f), userDataDir=/var/folders/xp/hq6y__313mvbnpb2n5x7bzq00000gn/T/.org.chromium.Chromium.kkJFOZ}, takesHeapSnapshot=true, pageLoadStrategy=normal, databaseEnabled=false, handlesAlerts=true, hasTouchScreen=false, version=57.0.2987.98, platform=MAC, browserConnectionEnabled=false, nativeEvents=true, acceptSslCerts=true, locationContextEnabled=true, webStorageEnabled=true, browserName=chrome, takesScreenshot=true, javascriptEnabled=true, cssSelectorsEnabled=true, unexpectedAlertBehaviour=}]
Session ID: 19cf801db539763cd038823b8c0511ec">
      <![CDATA[org.openqa.selenium.WebDriverException: unknown error: Element <div data-service="linkedin" title="Share link on LinkedIn" class="social-likes__widget social-likes__widget_linkedin social-likes__widget_notext" tabindex="0" role="button">...</div> is not clickable at point (1196, 548). Other element would receive the click: <iframe frameborder="0" src="about:blank" style="background-color: transparent; vertical-align: text-bottom; position: relative; width: 100%; height: 100%; min-width: 100%; min-height: 100%; max-width: 100%; max-height: 100%; margin: 0px; overflow: hidden; display: block;"></iframe>
  (Session info: chrome=57.0.2987.98)
  (Driver info: chromedriver=2.28.455517 (2c6d2707d8ea850c862f04ac066724273981e88f),platform=Mac OS X 10.11.6 x86_64) (WARNING: The server did not provide any stacktrace information)
Command duration or timeout: 61 milliseconds
Build info: version: '3.0.1', revision: '1969d75', time: '2016-10-18 09:49:13 -0700'
System info: host: 'Vitaliys-MacBook-Pro.local', ip: '192.168.0.103', os.name: 'Mac OS X', os.arch: 'x86_64', os.version: '10.11.6', java.version: '1.8.0_101'
Driver info: org.openqa.selenium.chrome.ChromeDriver
Capabilities [{applicationCacheEnabled=false, rotatable=false, mobileEmulationEnabled=false, networkConnectionEnabled=false, chrome={chromedriverVersion=2.28.455517 (2c6d2707d8ea850c862f04ac066724273981e88f), userDataDir=/var/folders/xp/hq6y__313mvbnpb2n5x7bzq00000gn/T/.org.chromium.Chromium.kkJFOZ}, takesHeapSnapshot=true, pageLoadStrategy=normal, databaseEnabled=false, handlesAlerts=true, hasTouchScreen=false, version=57.0.2987.98, platform=MAC, browserConnectionEnabled=false, nativeEvents=true, acceptSslCerts=true, locationContextEnabled=true, webStorageEnabled=true, browserName=chrome, takesScreenshot=true, javascriptEnabled=true, cssSelectorsEnabled=true, unexpectedAlertBehaviour=}]
Session ID: 19cf801db539763cd038823b8c0511ec
	at org.openqa.selenium.remote.ErrorHandler.createThrowable(ErrorHandler.java:216)
	at org.openqa.selenium.remote.ErrorHandler.throwIfResponseFailed(ErrorHandler.java:168)
	at org.openqa.selenium.remote.RemoteWebDriver.execute(RemoteWebDriver.java:635)
	at org.openqa.selenium.remote.RemoteWebElement.execute(RemoteWebElement.java:274)
	at org.openqa.selenium.remote.RemoteWebElement.click(RemoteWebElement.java:84)
	at pageobjects.Blog.BlogPage.socialNetworksClickOnIcon(BlogPage.java:149)
	at tests.Blog.BlogSinglePageTests.socialSharingIconsChecking(BlogSinglePageTests.java:57)
... Removed 32 stack frames]]>
    </failure>
  </testcase> <!-- socialSharingIconsChecking -->
  <testcase name="subscribeToEmptyEmail" time="9.312" classname="tests.Blog.BlogSinglePageTests"/>
  <testcase name="subscribeToValidEmail" time="9.591" classname="tests.Blog.BlogSinglePageTests"/>
  <testcase name="subscribeToWrongEmailWithAt" time="9.262" classname="tests.Blog.BlogSinglePageTests"/>
  <testcase name="subscribeToWrongEmailWithoutAt" time="9.052" classname="tests.Blog.BlogSinglePageTests"/>
  <testcase name="checkElementsArePresent" time="14.125" classname="tests.About.CareersTests"/>
  <testcase name="openingVacancyAndSendingEmptyForm" time="15.942" classname="tests.About.CareersTests"/>
  <testcase name="badEmailChecking" time="14.161" classname="tests.About.ContactUsPageTests"/>
  <testcase name="emptyDataChecking" time="13.723" classname="tests.About.ContactUsPageTests"/>
  <testcase name="checkingOurStoryPageAppears" time="1.934" classname="tests.About.OurStory">
    <failure type="org.openqa.selenium.WebDriverException" message="unknown error: Element &amp;lt;span class=&amp;quot;item-title&amp;quot;&amp;gt;...&amp;lt;/span&amp;gt; is not clickable at point (213, 179). Other element would receive the click: &amp;lt;a href=&amp;quot;https://cueconnect.com/about/&amp;quot;&amp;gt;...&amp;lt;/a&amp;gt;
  (Session info: chrome=57.0.2987.98)
  (Driver info: chromedriver=2.28.455517 (2c6d2707d8ea850c862f04ac066724273981e88f),platform=Mac OS X 10.11.6 x86_64) (WARNING: The server did not provide any stacktrace information)
Command duration or timeout: 82 milliseconds
Build info: version: &amp;apos;3.0.1&amp;apos;, revision: &amp;apos;1969d75&amp;apos;, time: &amp;apos;2016-10-18 09:49:13 -0700&amp;apos;
System info: host: &amp;apos;Vitaliys-MacBook-Pro.local&amp;apos;, ip: &amp;apos;192.168.0.103&amp;apos;, os.name: &amp;apos;Mac OS X&amp;apos;, os.arch: &amp;apos;x86_64&amp;apos;, os.version: &amp;apos;10.11.6&amp;apos;, java.version: &amp;apos;1.8.0_101&amp;apos;
Driver info: org.openqa.selenium.chrome.ChromeDriver
Capabilities [{applicationCacheEnabled=false, rotatable=false, mobileEmulationEnabled=false, networkConnectionEnabled=false, chrome={chromedriverVersion=2.28.455517 (2c6d2707d8ea850c862f04ac066724273981e88f), userDataDir=/var/folders/xp/hq6y__313mvbnpb2n5x7bzq00000gn/T/.org.chromium.Chromium.kkJFOZ}, takesHeapSnapshot=true, pageLoadStrategy=normal, databaseEnabled=false, handlesAlerts=true, hasTouchScreen=false, version=57.0.2987.98, platform=MAC, browserConnectionEnabled=false, nativeEvents=true, acceptSslCerts=true, locationContextEnabled=true, webStorageEnabled=true, browserName=chrome, takesScreenshot=true, javascriptEnabled=true, cssSelectorsEnabled=true, unexpectedAlertBehaviour=}]
Session ID: 19cf801db539763cd038823b8c0511ec">
      <![CDATA[org.openqa.selenium.WebDriverException: unknown error: Element <span class="item-title">...</span> is not clickable at point (213, 179). Other element would receive the click: <a href="https://cueconnect.com/about/">...</a>
  (Session info: chrome=57.0.2987.98)
  (Driver info: chromedriver=2.28.455517 (2c6d2707d8ea850c862f04ac066724273981e88f),platform=Mac OS X 10.11.6 x86_64) (WARNING: The server did not provide any stacktrace information)
Command duration or timeout: 82 milliseconds
Build info: version: '3.0.1', revision: '1969d75', time: '2016-10-18 09:49:13 -0700'
System info: host: 'Vitaliys-MacBook-Pro.local', ip: '192.168.0.103', os.name: 'Mac OS X', os.arch: 'x86_64', os.version: '10.11.6', java.version: '1.8.0_101'
Driver info: org.openqa.selenium.chrome.ChromeDriver
Capabilities [{applicationCacheEnabled=false, rotatable=false, mobileEmulationEnabled=false, networkConnectionEnabled=false, chrome={chromedriverVersion=2.28.455517 (2c6d2707d8ea850c862f04ac066724273981e88f), userDataDir=/var/folders/xp/hq6y__313mvbnpb2n5x7bzq00000gn/T/.org.chromium.Chromium.kkJFOZ}, takesHeapSnapshot=true, pageLoadStrategy=normal, databaseEnabled=false, handlesAlerts=true, hasTouchScreen=false, version=57.0.2987.98, platform=MAC, browserConnectionEnabled=false, nativeEvents=true, acceptSslCerts=true, locationContextEnabled=true, webStorageEnabled=true, browserName=chrome, takesScreenshot=true, javascriptEnabled=true, cssSelectorsEnabled=true, unexpectedAlertBehaviour=}]
Session ID: 19cf801db539763cd038823b8c0511ec
	at org.openqa.selenium.remote.ErrorHandler.createThrowable(ErrorHandler.java:216)
	at org.openqa.selenium.remote.ErrorHandler.throwIfResponseFailed(ErrorHandler.java:168)
	at org.openqa.selenium.remote.RemoteWebDriver.execute(RemoteWebDriver.java:635)
	at org.openqa.selenium.remote.RemoteWebElement.execute(RemoteWebElement.java:274)
	at org.openqa.selenium.remote.RemoteWebElement.click(RemoteWebElement.java:84)
	at pageobjects.BaseObjectPage.movingToMenuElement(BaseObjectPage.java:125)
	at tests.About.OurStory.checkingOurStoryPageAppears(OurStory.java:24)
... Removed 32 stack frames]]>
    </failure>
  </testcase> <!-- checkingOurStoryPageAppears -->
  <testcase name="checkingOurStoryThatElementsArePresent" time="28.452" classname="tests.About.OurStory"/>
  <testcase name="checkingOfEmployeeQuote" time="8.2" classname="tests.About.TeamTests"/>
  <testcase name="bottomMenuVerifying" time="15.829" classname="tests.HomePageTests"/>
  <testcase name="bscrollingToResources" time="3.076" classname="tests.HomePageTests"/>
  <testcase name="bscrollingToTransformTraffic" time="3.118" classname="tests.HomePageTests"/>
  <testcase name="emptyEmailAndClickRequestDemo" time="1.878" classname="tests.HomePageTests"/>
  <testcase name="getStartedFreeChecking" time="14.352" classname="tests.HomePageTests">
    <failure type="org.openqa.selenium.NoSuchElementException" message="no such element: Unable to locate element: {&amp;quot;method&amp;quot;:&amp;quot;xpath&amp;quot;,&amp;quot;selector&amp;quot;:&amp;quot;//div/div[@class=&amp;apos;cue-ro-title&amp;apos;]&amp;quot;}
  (Session info: chrome=57.0.2987.98)
  (Driver info: chromedriver=2.28.455517 (2c6d2707d8ea850c862f04ac066724273981e88f),platform=Mac OS X 10.11.6 x86_64) (WARNING: The server did not provide any stacktrace information)
Command duration or timeout: 5.03 seconds
For documentation on this error, please visit: http://seleniumhq.org/exceptions/no_such_element.html
Build info: version: &amp;apos;3.0.1&amp;apos;, revision: &amp;apos;1969d75&amp;apos;, time: &amp;apos;2016-10-18 09:49:13 -0700&amp;apos;
System info: host: &amp;apos;Vitaliys-MacBook-Pro.local&amp;apos;, ip: &amp;apos;192.168.0.103&amp;apos;, os.name: &amp;apos;Mac OS X&amp;apos;, os.arch: &amp;apos;x86_64&amp;apos;, os.version: &amp;apos;10.11.6&amp;apos;, java.version: &amp;apos;1.8.0_101&amp;apos;
Driver info: org.openqa.selenium.chrome.ChromeDriver
Capabilities [{applicationCacheEnabled=false, rotatable=false, mobileEmulationEnabled=false, networkConnectionEnabled=false, chrome={chromedriverVersion=2.28.455517 (2c6d2707d8ea850c862f04ac066724273981e88f), userDataDir=/var/folders/xp/hq6y__313mvbnpb2n5x7bzq00000gn/T/.org.chromium.Chromium.kkJFOZ}, takesHeapSnapshot=true, pageLoadStrategy=normal, databaseEnabled=false, handlesAlerts=true, hasTouchScreen=false, version=57.0.2987.98, platform=MAC, browserConnectionEnabled=false, nativeEvents=true, acceptSslCerts=true, locationContextEnabled=true, webStorageEnabled=true, browserName=chrome, takesScreenshot=true, javascriptEnabled=true, cssSelectorsEnabled=true, unexpectedAlertBehaviour=}]
Session ID: 19cf801db539763cd038823b8c0511ec
*** Element info: {Using=xpath, value=//div/div[@class=&amp;apos;cue-ro-title&amp;apos;]}">
      <![CDATA[org.openqa.selenium.NoSuchElementException: no such element: Unable to locate element: {"method":"xpath","selector":"//div/div[@class='cue-ro-title']"}
  (Session info: chrome=57.0.2987.98)
  (Driver info: chromedriver=2.28.455517 (2c6d2707d8ea850c862f04ac066724273981e88f),platform=Mac OS X 10.11.6 x86_64) (WARNING: The server did not provide any stacktrace information)
Command duration or timeout: 5.03 seconds
For documentation on this error, please visit: http://seleniumhq.org/exceptions/no_such_element.html
Build info: version: '3.0.1', revision: '1969d75', time: '2016-10-18 09:49:13 -0700'
System info: host: 'Vitaliys-MacBook-Pro.local', ip: '192.168.0.103', os.name: 'Mac OS X', os.arch: 'x86_64', os.version: '10.11.6', java.version: '1.8.0_101'
Driver info: org.openqa.selenium.chrome.ChromeDriver
Capabilities [{applicationCacheEnabled=false, rotatable=false, mobileEmulationEnabled=false, networkConnectionEnabled=false, chrome={chromedriverVersion=2.28.455517 (2c6d2707d8ea850c862f04ac066724273981e88f), userDataDir=/var/folders/xp/hq6y__313mvbnpb2n5x7bzq00000gn/T/.org.chromium.Chromium.kkJFOZ}, takesHeapSnapshot=true, pageLoadStrategy=normal, databaseEnabled=false, handlesAlerts=true, hasTouchScreen=false, version=57.0.2987.98, platform=MAC, browserConnectionEnabled=false, nativeEvents=true, acceptSslCerts=true, locationContextEnabled=true, webStorageEnabled=true, browserName=chrome, takesScreenshot=true, javascriptEnabled=true, cssSelectorsEnabled=true, unexpectedAlertBehaviour=}]
Session ID: 19cf801db539763cd038823b8c0511ec
*** Element info: {Using=xpath, value=//div/div[@class='cue-ro-title']}
	at org.openqa.selenium.remote.ErrorHandler.createThrowable(ErrorHandler.java:216)
	at org.openqa.selenium.remote.ErrorHandler.throwIfResponseFailed(ErrorHandler.java:168)
	at org.openqa.selenium.remote.RemoteWebDriver.execute(RemoteWebDriver.java:635)
	at org.openqa.selenium.remote.RemoteWebDriver.findElement(RemoteWebDriver.java:368)
	at org.openqa.selenium.remote.RemoteWebDriver.findElementByXPath(RemoteWebDriver.java:473)
	at org.openqa.selenium.By$ByXPath.findElement(By.java:361)
	at org.openqa.selenium.remote.RemoteWebDriver.findElement(RemoteWebDriver.java:360)
	at pageobjects.HomePageObject.storeInformationPageTitle(HomePageObject.java:219)
	at tests.HomePageTests.getStartedFreeChecking(HomePageTests.java:202)
... Removed 31 stack frames]]>
    </failure>
  </testcase> <!-- getStartedFreeChecking -->
  <testcase name="notEmailFormatAndClickRequestDemo" time="2.336" classname="tests.HomePageTests"/>
  <testcase name="scrollingToCueConnectBlog" time="3.24" classname="tests.HomePageTests"/>
  <testcase name="scrollingToDriveEcommerce" time="3.111" classname="tests.HomePageTests"/>
  <testcase name="scrollingToRetargetShoppers" time="3.272" classname="tests.HomePageTests"/>
  <testcase name="sendingUpdatesEmptyEmail" time="7.256" classname="tests.HomePageTests"/>
  <testcase name="sendingUpdatesIncorrectEmail" time="7.197" classname="tests.HomePageTests"/>
  <testcase name="sendingUpdatesIncorrectEmailWithAt" time="7.193" classname="tests.HomePageTests"/>
  <testcase name="sendingUpdatesToValidEmail" time="7.818" classname="tests.HomePageTests"/>
  <testcase name="typingValidEmailAndClickRequestDemo" time="3.157" classname="tests.HomePageTests"/>
  <testcase name="videoOpening" time="3.787" classname="tests.HomePageTests"/>
  <testcase name="openingFeaturesPageAndClickOnRequestDemo" time="4.683" classname="tests.FeaturesPageTests"/>
  <testcase name="openingSecondRequestDemoButton" time="9.393" classname="tests.FeaturesPageTests"/>
  <testcase name="openingThirdRequestDemoButton" time="9.663" classname="tests.FeaturesPageTests"/>
  <testcase name="scrollingToEachSection" time="23.802" classname="tests.FeaturesPageTests"/>
  <testcase name="emailFieldValidations" time="4.74" classname="tests.RequestDemoTests"/>
  <testcase name="phoneNumberFieldValidations" time="3.903" classname="tests.RequestDemoTests"/>
  <testcase name="requestDemoEmptyRequiredFieldsOpening" time="4.237" classname="tests.RequestDemoTests"/>
  <testcase name="sendingFormWithValidData" time="4.469" classname="tests.RequestDemoTests"/>
  <testcase name="correctLogin" time="6.291" classname="tests.LoginPageTests"/>
  <testcase name="forgotPasswordEmptyFields" time="3.116" classname="tests.LoginPageTests"/>
  <testcase name="forgotPasswordWrongEmail" time="2.909" classname="tests.LoginPageTests"/>
  <testcase name="loginCheckEmptyFields" time="2.924" classname="tests.LoginPageTests"/>
  <testcase name="loginFormCheckingWrongEmail" time="2.835" classname="tests.LoginPageTests"/>
  <testcase name="asubmitRequestEmptyFieldsChecking" time="11.279" classname="tests.SupportPageTests"/>
  <testcase name="asubmitRequestEmptyWrongEmailWithoutAt" time="8.588" classname="tests.SupportPageTests"/>
  <testcase name="backToDashboardChecking" time="6.886" classname="tests.SupportPageTests"/>
  <testcase name="breadCrumbsChecking" time="5.543" classname="tests.SupportPageTests"/>
  <testcase name="openArticleFromCategory" time="4.091" classname="tests.SupportPageTests"/>
  <testcase name="openArticleFromSideBarMenu" time="6.399" classname="tests.SupportPageTests"/>
  <testcase name="openingArticleFromPopular" time="4.649" classname="tests.SupportPageTests"/>
  <testcase name="searchWithTooLongValue" time="4.924" classname="tests.SupportPageTests"/>
  <testcase name="searchWithValidValue" time="4.141" classname="tests.SupportPageTests"/>
  <testcase name="singInChecking" time="6.426" classname="tests.SupportPageTests"/>
  <testcase name="submitRequestPageUploading" time="8.296" classname="tests.SupportPageTests"/>
  <testcase name="@BeforeTest beforeClass" time="0.0" classname="setup.SeleniumBaseTest">
    <ignored/>
  </testcase> <!-- @BeforeTest beforeClass -->
  <testcase name="@BeforeTest beforeClass" time="0.0" classname="setup.SeleniumBaseTest">
    <ignored/>
  </testcase> <!-- @BeforeTest beforeClass -->
  <testcase name="@BeforeTest beforeClass" time="0.0" classname="setup.SeleniumBaseTest">
    <ignored/>
  </testcase> <!-- @BeforeTest beforeClass -->
  <testcase name="@BeforeTest beforeClass" time="0.0" classname="setup.SeleniumBaseTest">
    <ignored/>
  </testcase> <!-- @BeforeTest beforeClass -->
  <testcase name="@BeforeTest beforeClass" time="0.0" classname="setup.SeleniumBaseTest">
    <ignored/>
  </testcase> <!-- @BeforeTest beforeClass -->
  <testcase name="@BeforeTest beforeClass" time="0.0" classname="setup.SeleniumBaseTest">
    <ignored/>
  </testcase> <!-- @BeforeTest beforeClass -->
  <testcase name="@BeforeTest beforeClass" time="0.0" classname="setup.SeleniumBaseTest">
    <ignored/>
  </testcase> <!-- @BeforeTest beforeClass -->
  <testcase name="@BeforeTest beforeClass" time="0.0" classname="setup.SeleniumBaseTest">
    <ignored/>
  </testcase> <!-- @BeforeTest beforeClass -->
  <testcase name="@BeforeTest beforeClass" time="0.0" classname="setup.SeleniumBaseTest">
    <ignored/>
  </testcase> <!-- @BeforeTest beforeClass -->
  <testcase name="@BeforeTest beforeClass" time="0.0" classname="setup.SeleniumBaseTest">
    <ignored/>
  </testcase> <!-- @BeforeTest beforeClass -->
  <testcase name="@BeforeTest beforeClass" time="0.0" classname="setup.SeleniumBaseTest">
    <ignored/>
  </testcase> <!-- @BeforeTest beforeClass -->
  <testcase name="@BeforeTest beforeClass" time="0.0" classname="setup.SeleniumBaseTest">
    <ignored/>
  </testcase> <!-- @BeforeTest beforeClass -->
  <testcase name="@AfterSuite tearDown" time="0.0" classname="setup.SeleniumBaseTest">
    <ignored/>
  </testcase> <!-- @AfterSuite tearDown -->
  <testcase name="@AfterSuite tearDown" time="0.0" classname="setup.SeleniumBaseTest">
    <ignored/>
  </testcase> <!-- @AfterSuite tearDown -->
  <testcase name="@AfterSuite tearDown" time="0.0" classname="setup.SeleniumBaseTest">
    <ignored/>
  </testcase> <!-- @AfterSuite tearDown -->
  <testcase name="@AfterSuite tearDown" time="0.0" classname="setup.SeleniumBaseTest">
    <ignored/>
  </testcase> <!-- @AfterSuite tearDown -->
  <testcase name="@AfterSuite tearDown" time="0.0" classname="setup.SeleniumBaseTest">
    <ignored/>
  </testcase> <!-- @AfterSuite tearDown -->
  <testcase name="@AfterSuite tearDown" time="0.0" classname="setup.SeleniumBaseTest">
    <ignored/>
  </testcase> <!-- @AfterSuite tearDown -->
  <testcase name="@AfterSuite tearDown" time="0.0" classname="setup.SeleniumBaseTest">
    <ignored/>
  </testcase> <!-- @AfterSuite tearDown -->
  <testcase name="@AfterSuite tearDown" time="0.0" classname="setup.SeleniumBaseTest">
    <ignored/>
  </testcase> <!-- @AfterSuite tearDown -->
  <testcase name="@AfterSuite tearDown" time="0.0" classname="setup.SeleniumBaseTest">
    <ignored/>
  </testcase> <!-- @AfterSuite tearDown -->
  <testcase name="@AfterSuite tearDown" time="0.0" classname="setup.SeleniumBaseTest">
    <ignored/>
  </testcase> <!-- @AfterSuite tearDown -->
  <testcase name="@AfterSuite tearDown" time="0.0" classname="setup.SeleniumBaseTest">
    <ignored/>
  </testcase> <!-- @AfterSuite tearDown -->
  <testcase name="@AfterSuite tearDown" time="0.0" classname="setup.SeleniumBaseTest">
    <ignored/>
  </testcase> <!-- @AfterSuite tearDown -->
</testsuite> <!-- Desktop checking -->
