<html>
<head>
<title>TestNG:  nexus6 checking</title>
<link href="../testng.css" rel="stylesheet" type="text/css" />
<link href="../my-testng.css" rel="stylesheet" type="text/css" />

<style type="text/css">
.log { display: none;} 
.stack-trace { display: none;} 
</style>
<script type="text/javascript">
<!--
function flip(e) {
  current = e.style.display;
  if (current == 'block') {
    e.style.display = 'none';
    return 0;
  }
  else {
    e.style.display = 'block';
    return 1;
  }
}

function toggleBox(szDivId, elem, msg1, msg2)
{
  var res = -1;  if (document.getElementById) {
    res = flip(document.getElementById(szDivId));
  }
  else if (document.all) {
    // this is the way old msie versions work
    res = flip(document.all[szDivId]);
  }
  if(elem) {
    if(res == 0) elem.innerHTML = msg1; else elem.innerHTML = msg2;
  }

}

function toggleAllBoxes() {
  if (document.getElementsByTagName) {
    d = document.getElementsByTagName('div');
    for (i = 0; i < d.length; i++) {
      if (d[i].className == 'log') {
        flip(d[i]);
      }
    }
  }
}

// -->
</script>

</head>
<body>
<h2 align='center'>nexus6 checking</h2><table border='1' align="center">
<tr>
<td>Tests passed/Failed/Skipped:</td><td>40/1/0</td>
</tr><tr>
<td>Started on:</td><td>Thu Apr 27 15:30:18 EEST 2017</td>
</tr>
<tr><td>Total time:</td><td>1002 seconds (1002629 ms)</td>
</tr><tr>
<td>Included groups:</td><td></td>
</tr><tr>
<td>Excluded groups:</td><td></td>
</tr>
</table><p/>
<small><i>(Hover the method name to see the test class name)</i></small><p/>
<table width='100%' border='1' class='invocation-failed'>
<tr><td colspan='4' align='center'><b>FAILED TESTS</b></td></tr>
<tr><td><b>Test method</b></td>
<td width="30%"><b>Exception</b></td>
<td width="10%"><b>Time (seconds)</b></td>
<td><b>Instance</b></td>
</tr>
<tr>
<td title='tests.About.ContactUsPageTests.badEmailChecking()'><b>badEmailChecking</b><br>Test class: tests.About.ContactUsPageTests</td>
<td><div><pre>org.openqa.selenium.WebDriverException: unknown error: Element &lt;input type=&quot;submit&quot; value=&quot;Contact us&quot; class=&quot;wpcf7-form-control wpcf7-submit&quot;&gt; is not clickable at point (205, 557). Other element would receive the click: &lt;iframe frameborder=&quot;0&quot; src=&quot;about:blank&quot; style=&quot;background-color: transparent; vertical-align: text-bottom; position: relative; width: 100%; height: 100%; min-width: 100%; min-height: 100%; max-width: 100%; max-height: 100%; margin: 0px; overflow: hidden; display: block;&quot;&gt;&lt;/iframe&gt;
  (Session info: chrome=57.0.2987.98)
  (Driver info: chromedriver=2.28.455517 (2c6d2707d8ea850c862f04ac066724273981e88f),platform=Mac OS X 10.11.6 x86_64) (WARNING: The server did not provide any stacktrace information)
Command duration or timeout: 107 milliseconds
Build info: version: &apos;3.0.1&apos;, revision: &apos;1969d75&apos;, time: &apos;2016-10-18 09:49:13 -0700&apos;
System info: host: &apos;Vitaliys-MacBook-Pro.local&apos;, ip: &apos;192.168.0.103&apos;, os.name: &apos;Mac OS X&apos;, os.arch: &apos;x86_64&apos;, os.version: &apos;10.11.6&apos;, java.version: &apos;1.8.0_101&apos;
Driver info: org.openqa.selenium.chrome.ChromeDriver
Capabilities [{applicationCacheEnabled=false, rotatable=false, mobileEmulationEnabled=false, networkConnectionEnabled=false, chrome={chromedriverVersion=2.28.455517 (2c6d2707d8ea850c862f04ac066724273981e88f), userDataDir=/var/folders/xp/hq6y__313mvbnpb2n5x7bzq00000gn/T/.org.chromium.Chromium.I82dOg}, takesHeapSnapshot=true, pageLoadStrategy=normal, databaseEnabled=false, handlesAlerts=true, hasTouchScreen=false, version=57.0.2987.98, platform=MAC, browserConnectionEnabled=false, nativeEvents=true, acceptSslCerts=true, locationContextEnabled=true, webStorageEnabled=true, browserName=chrome, takesScreenshot=true, javascriptEnabled=true, cssSelectorsEnabled=true, unexpectedAlertBehaviour=}]
Session ID: bb624285c04a369682a6881140a50847
	at org.openqa.selenium.remote.ErrorHandler.createThrowable(ErrorHandler.java:216)
	at org.openqa.selenium.remote.ErrorHandler.throwIfResponseFailed(ErrorHandler.java:168)
	at org.openqa.selenium.remote.RemoteWebDriver.execute(RemoteWebDriver.java:635)
	at org.openqa.selenium.remote.RemoteWebElement.execute(RemoteWebElement.java:274)
	at org.openqa.selenium.remote.RemoteWebElement.click(RemoteWebElement.java:84)
	at pageobjects.About.Contact.sendingData(Contact.java:37)
	at tests.About.ContactUsPageTests.badEmailChecking(ContactUsPageTests.java:59)
... Removed 32 stack frames</pre></div><a href='#' onClick='toggleBox("stack-trace79644918", this, "Click to show all stack frames", "Click to hide stack frames")'>Click to show all stack frames</a>
<div class='stack-trace' id='stack-trace79644918'><pre>org.openqa.selenium.WebDriverException: unknown error: Element &lt;input type=&quot;submit&quot; value=&quot;Contact us&quot; class=&quot;wpcf7-form-control wpcf7-submit&quot;&gt; is not clickable at point (205, 557). Other element would receive the click: &lt;iframe frameborder=&quot;0&quot; src=&quot;about:blank&quot; style=&quot;background-color: transparent; vertical-align: text-bottom; position: relative; width: 100%; height: 100%; min-width: 100%; min-height: 100%; max-width: 100%; max-height: 100%; margin: 0px; overflow: hidden; display: block;&quot;&gt;&lt;/iframe&gt;
  (Session info: chrome=57.0.2987.98)
  (Driver info: chromedriver=2.28.455517 (2c6d2707d8ea850c862f04ac066724273981e88f),platform=Mac OS X 10.11.6 x86_64) (WARNING: The server did not provide any stacktrace information)
Command duration or timeout: 107 milliseconds
Build info: version: &apos;3.0.1&apos;, revision: &apos;1969d75&apos;, time: &apos;2016-10-18 09:49:13 -0700&apos;
System info: host: &apos;Vitaliys-MacBook-Pro.local&apos;, ip: &apos;192.168.0.103&apos;, os.name: &apos;Mac OS X&apos;, os.arch: &apos;x86_64&apos;, os.version: &apos;10.11.6&apos;, java.version: &apos;1.8.0_101&apos;
Driver info: org.openqa.selenium.chrome.ChromeDriver
Capabilities [{applicationCacheEnabled=false, rotatable=false, mobileEmulationEnabled=false, networkConnectionEnabled=false, chrome={chromedriverVersion=2.28.455517 (2c6d2707d8ea850c862f04ac066724273981e88f), userDataDir=/var/folders/xp/hq6y__313mvbnpb2n5x7bzq00000gn/T/.org.chromium.Chromium.I82dOg}, takesHeapSnapshot=true, pageLoadStrategy=normal, databaseEnabled=false, handlesAlerts=true, hasTouchScreen=false, version=57.0.2987.98, platform=MAC, browserConnectionEnabled=false, nativeEvents=true, acceptSslCerts=true, locationContextEnabled=true, webStorageEnabled=true, browserName=chrome, takesScreenshot=true, javascriptEnabled=true, cssSelectorsEnabled=true, unexpectedAlertBehaviour=}]
Session ID: bb624285c04a369682a6881140a50847
	at sun.reflect.NativeConstructorAccessorImpl.newInstance0(Native Method)
	at sun.reflect.NativeConstructorAccessorImpl.newInstance(NativeConstructorAccessorImpl.java:62)
	at sun.reflect.DelegatingConstructorAccessorImpl.newInstance(DelegatingConstructorAccessorImpl.java:45)
	at java.lang.reflect.Constructor.newInstance(Constructor.java:423)
	at org.openqa.selenium.remote.ErrorHandler.createThrowable(ErrorHandler.java:216)
	at org.openqa.selenium.remote.ErrorHandler.throwIfResponseFailed(ErrorHandler.java:168)
	at org.openqa.selenium.remote.RemoteWebDriver.execute(RemoteWebDriver.java:635)
	at org.openqa.selenium.remote.RemoteWebElement.execute(RemoteWebElement.java:274)
	at org.openqa.selenium.remote.RemoteWebElement.click(RemoteWebElement.java:84)
	at pageobjects.About.Contact.sendingData(Contact.java:37)
	at tests.About.ContactUsPageTests.badEmailChecking(ContactUsPageTests.java:59)
	at sun.reflect.NativeMethodAccessorImpl.invoke0(Native Method)
	at sun.reflect.NativeMethodAccessorImpl.invoke(NativeMethodAccessorImpl.java:62)
	at sun.reflect.DelegatingMethodAccessorImpl.invoke(DelegatingMethodAccessorImpl.java:43)
	at java.lang.reflect.Method.invoke(Method.java:498)
	at org.testng.internal.MethodInvocationHelper.invokeMethod(MethodInvocationHelper.java:104)
	at org.testng.internal.Invoker.invokeMethod(Invoker.java:645)
	at org.testng.internal.Invoker.invokeTestMethod(Invoker.java:851)
	at org.testng.internal.Invoker.invokeTestMethods(Invoker.java:1177)
	at org.testng.internal.TestMethodWorker.invokeTestMethods(TestMethodWorker.java:129)
	at org.testng.internal.TestMethodWorker.run(TestMethodWorker.java:112)
	at org.testng.TestRunner.privateRun(TestRunner.java:756)
	at org.testng.TestRunner.run(TestRunner.java:610)
	at org.testng.SuiteRunner.runTest(SuiteRunner.java:387)
	at org.testng.SuiteRunner.runSequentially(SuiteRunner.java:382)
	at org.testng.SuiteRunner.privateRun(SuiteRunner.java:340)
	at org.testng.SuiteRunner.run(SuiteRunner.java:289)
	at org.testng.SuiteRunnerWorker.runSuite(SuiteRunnerWorker.java:52)
	at org.testng.SuiteRunnerWorker.run(SuiteRunnerWorker.java:86)
	at org.testng.TestNG.runSuitesSequentially(TestNG.java:1293)
	at org.testng.TestNG.runSuitesLocally(TestNG.java:1218)
	at org.testng.TestNG.runSuites(TestNG.java:1133)
	at org.testng.TestNG.run(TestNG.java:1104)
	at org.apache.maven.surefire.testng.TestNGExecutor.run(TestNGExecutor.java:281)
	at org.apache.maven.surefire.testng.TestNGXmlTestSuite.execute(TestNGXmlTestSuite.java:75)
	at org.apache.maven.surefire.testng.TestNGProvider.invoke(TestNGProvider.java:121)
	at org.apache.maven.surefire.booter.ForkedBooter.invokeProviderInSameClassLoader(ForkedBooter.java:290)
	at org.apache.maven.surefire.booter.ForkedBooter.runSuitesInProcess(ForkedBooter.java:242)
	at org.apache.maven.surefire.booter.ForkedBooter.main(ForkedBooter.java:121)
</pre></div></td>
<td>31</td>
<td>tests.About.ContactUsPageTests@2ed94a8b</td></tr>
</table><p>
<table width='100%' border='1' class='invocation-passed'>
<tr><td colspan='4' align='center'><b>PASSED TESTS</b></td></tr>
<tr><td><b>Test method</b></td>
<td width="30%"><b>Exception</b></td>
<td width="10%"><b>Time (seconds)</b></td>
<td><b>Instance</b></td>
</tr>
<tr>
<td title='tests.HomePageTests.bottomMenuVerifying()'><b>bottomMenuVerifying</b><br>Test class: tests.HomePageTests</td>
<td></td>
<td>20</td>
<td>tests.HomePageTests@7a5d012c</td></tr>
<tr>
<td title='tests.HomePageTests.bscrollingToResources()'><b>bscrollingToResources</b><br>Test class: tests.HomePageTests</td>
<td></td>
<td>3</td>
<td>tests.HomePageTests@7a5d012c</td></tr>
<tr>
<td title='tests.HomePageTests.bscrollingToTransformTraffic()'><b>bscrollingToTransformTraffic</b><br>Test class: tests.HomePageTests</td>
<td></td>
<td>3</td>
<td>tests.HomePageTests@7a5d012c</td></tr>
<tr>
<td title='tests.About.CareersTests.checkElementsArePresent()'><b>checkElementsArePresent</b><br>Test class: tests.About.CareersTests</td>
<td></td>
<td>33</td>
<td>tests.About.CareersTests@73f792cf</td></tr>
<tr>
<td title='tests.About.TeamTests.checkingOfEmployeeQuote()'><b>checkingOfEmployeeQuote</b><br>Test class: tests.About.TeamTests</td>
<td></td>
<td>11</td>
<td>tests.About.TeamTests@79698539</td></tr>
<tr>
<td title='tests.About.OurStory.checkingOurStoryPageAppears()'><b>checkingOurStoryPageAppears</b><br>Test class: tests.About.OurStory</td>
<td></td>
<td>7</td>
<td>tests.About.OurStory@6b2fad11</td></tr>
<tr>
<td title='tests.About.OurStory.checkingOurStoryThatElementsArePresent()'><b>checkingOurStoryThatElementsArePresent</b><br>Test class: tests.About.OurStory</td>
<td></td>
<td>91</td>
<td>tests.About.OurStory@6b2fad11</td></tr>
<tr>
<td title='tests.Blog.BlogMainPageTests.clickingOnAuthorChecking()'><b>clickingOnAuthorChecking</b><br>Test class: tests.Blog.BlogMainPageTests</td>
<td></td>
<td>50</td>
<td>tests.Blog.BlogMainPageTests@38082d64</td></tr>
<tr>
<td title='tests.Blog.BlogMainPageTests.clickingOnTagChecking()'><b>clickingOnTagChecking</b><br>Test class: tests.Blog.BlogMainPageTests</td>
<td></td>
<td>33</td>
<td>tests.Blog.BlogMainPageTests@38082d64</td></tr>
<tr>
<td title='tests.LoginPageTests.correctLogin()'><b>correctLogin</b><br>Test class: tests.LoginPageTests</td>
<td></td>
<td>14</td>
<td>tests.LoginPageTests@dfd3711</td></tr>
<tr>
<td title='tests.RequestDemoTests.emailFieldValidations()'><b>emailFieldValidations</b><br>Test class: tests.RequestDemoTests</td>
<td></td>
<td>9</td>
<td>tests.RequestDemoTests@42d3bd8b</td></tr>
<tr>
<td title='tests.About.ContactUsPageTests.emptyDataChecking()'><b>emptyDataChecking</b><br>Test class: tests.About.ContactUsPageTests</td>
<td></td>
<td>31</td>
<td>tests.About.ContactUsPageTests@2ed94a8b</td></tr>
<tr>
<td title='tests.HomePageTests.emptyEmailAndClickRequestDemo()'><b>emptyEmailAndClickRequestDemo</b><br>Test class: tests.HomePageTests</td>
<td></td>
<td>1</td>
<td>tests.HomePageTests@7a5d012c</td></tr>
<tr>
<td title='tests.LoginPageTests.forgotPasswordEmptyFields()'><b>forgotPasswordEmptyFields</b><br>Test class: tests.LoginPageTests</td>
<td></td>
<td>8</td>
<td>tests.LoginPageTests@dfd3711</td></tr>
<tr>
<td title='tests.LoginPageTests.forgotPasswordWrongEmail()'><b>forgotPasswordWrongEmail</b><br>Test class: tests.LoginPageTests</td>
<td></td>
<td>8</td>
<td>tests.LoginPageTests@dfd3711</td></tr>
<tr>
<td title='tests.HomePageTests.getStartedFreeChecking()'><b>getStartedFreeChecking</b><br>Test class: tests.HomePageTests</td>
<td></td>
<td>25</td>
<td>tests.HomePageTests@7a5d012c</td></tr>
<tr>
<td title='tests.Blog.BlogMainPageTests.goingToCommentsSectionByClickOnClickHereLink()'><b>goingToCommentsSectionByClickOnClickHereLink</b><br>Test class: tests.Blog.BlogMainPageTests</td>
<td></td>
<td>44</td>
<td>tests.Blog.BlogMainPageTests@38082d64</td></tr>
<tr>
<td title='tests.LoginPageTests.loginCheckEmptyFields()'><b>loginCheckEmptyFields</b><br>Test class: tests.LoginPageTests</td>
<td></td>
<td>8</td>
<td>tests.LoginPageTests@dfd3711</td></tr>
<tr>
<td title='tests.LoginPageTests.loginFormCheckingWrongEmail()'><b>loginFormCheckingWrongEmail</b><br>Test class: tests.LoginPageTests</td>
<td></td>
<td>8</td>
<td>tests.LoginPageTests@dfd3711</td></tr>
<tr>
<td title='tests.HomePageTests.notEmailFormatAndClickRequestDemo()'><b>notEmailFormatAndClickRequestDemo</b><br>Test class: tests.HomePageTests</td>
<td></td>
<td>4</td>
<td>tests.HomePageTests@7a5d012c</td></tr>
<tr>
<td title='tests.FeaturesPageTests.openingFeaturesPageAndClickOnRequestDemo()'><b>openingFeaturesPageAndClickOnRequestDemo</b><br>Test class: tests.FeaturesPageTests</td>
<td></td>
<td>12</td>
<td>tests.FeaturesPageTests@3fb6a447</td></tr>
<tr>
<td title='tests.BenefitsPageTests.openingPageAndClickOnRequestDemo()'><b>openingPageAndClickOnRequestDemo</b><br>Test class: tests.BenefitsPageTests</td>
<td></td>
<td>27</td>
<td>tests.BenefitsPageTests@79b4d0f</td></tr>
<tr>
<td title='tests.Blog.BlogMainPageTests.openingPostByClickOnReadThisPostBtn()'><b>openingPostByClickOnReadThisPostBtn</b><br>Test class: tests.Blog.BlogMainPageTests</td>
<td></td>
<td>33</td>
<td>tests.Blog.BlogMainPageTests@38082d64</td></tr>
<tr>
<td title='tests.FeaturesPageTests.openingSecondRequestDemoButton()'><b>openingSecondRequestDemoButton</b><br>Test class: tests.FeaturesPageTests</td>
<td></td>
<td>32</td>
<td>tests.FeaturesPageTests@3fb6a447</td></tr>
<tr>
<td title='tests.FeaturesPageTests.openingThirdRequestDemoButton()'><b>openingThirdRequestDemoButton</b><br>Test class: tests.FeaturesPageTests</td>
<td></td>
<td>32</td>
<td>tests.FeaturesPageTests@3fb6a447</td></tr>
<tr>
<td title='tests.About.CareersTests.openingVacancyAndSendingEmptyForm()'><b>openingVacancyAndSendingEmptyForm</b><br>Test class: tests.About.CareersTests</td>
<td></td>
<td>36</td>
<td>tests.About.CareersTests@73f792cf</td></tr>
<tr>
<td title='tests.RequestDemoTests.phoneNumberFieldValidations()'><b>phoneNumberFieldValidations</b><br>Test class: tests.RequestDemoTests</td>
<td></td>
<td>9</td>
<td>tests.RequestDemoTests@42d3bd8b</td></tr>
<tr>
<td title='tests.RequestDemoTests.requestDemoEmptyRequiredFieldsOpening()'><b>requestDemoEmptyRequiredFieldsOpening</b><br>Test class: tests.RequestDemoTests</td>
<td></td>
<td>9</td>
<td>tests.RequestDemoTests@42d3bd8b</td></tr>
<tr>
<td title='tests.BenefitsPageTests.scrollingDownAndVerifyingPresenceOfElements()'><b>scrollingDownAndVerifyingPresenceOfElements</b><br>Test class: tests.BenefitsPageTests</td>
<td></td>
<td>128</td>
<td>tests.BenefitsPageTests@79b4d0f</td></tr>
<tr>
<td title='tests.HomePageTests.scrollingToCueConnectBlog()'><b>scrollingToCueConnectBlog</b><br>Test class: tests.HomePageTests</td>
<td></td>
<td>6</td>
<td>tests.HomePageTests@7a5d012c</td></tr>
<tr>
<td title='tests.HomePageTests.scrollingToDriveEcommerce()'><b>scrollingToDriveEcommerce</b><br>Test class: tests.HomePageTests</td>
<td></td>
<td>5</td>
<td>tests.HomePageTests@7a5d012c</td></tr>
<tr>
<td title='tests.FeaturesPageTests.scrollingToEachSection()'><b>scrollingToEachSection</b><br>Test class: tests.FeaturesPageTests</td>
<td></td>
<td>86</td>
<td>tests.FeaturesPageTests@3fb6a447</td></tr>
<tr>
<td title='tests.HomePageTests.scrollingToRetargetShoppers()'><b>scrollingToRetargetShoppers</b><br>Test class: tests.HomePageTests</td>
<td></td>
<td>5</td>
<td>tests.HomePageTests@7a5d012c</td></tr>
<tr>
<td title='tests.RequestDemoTests.sendingFormWithValidData()'><b>sendingFormWithValidData</b><br>Test class: tests.RequestDemoTests</td>
<td></td>
<td>9</td>
<td>tests.RequestDemoTests@42d3bd8b</td></tr>
<tr>
<td title='tests.HomePageTests.sendingUpdatesEmptyEmail()'><b>sendingUpdatesEmptyEmail</b><br>Test class: tests.HomePageTests</td>
<td></td>
<td>24</td>
<td>tests.HomePageTests@7a5d012c</td></tr>
<tr>
<td title='tests.HomePageTests.sendingUpdatesIncorrectEmail()'><b>sendingUpdatesIncorrectEmail</b><br>Test class: tests.HomePageTests</td>
<td></td>
<td>25</td>
<td>tests.HomePageTests@7a5d012c</td></tr>
<tr>
<td title='tests.HomePageTests.sendingUpdatesIncorrectEmailWithAt()'><b>sendingUpdatesIncorrectEmailWithAt</b><br>Test class: tests.HomePageTests</td>
<td></td>
<td>25</td>
<td>tests.HomePageTests@7a5d012c</td></tr>
<tr>
<td title='tests.HomePageTests.sendingUpdatesToValidEmail()'><b>sendingUpdatesToValidEmail</b><br>Test class: tests.HomePageTests</td>
<td></td>
<td>25</td>
<td>tests.HomePageTests@7a5d012c</td></tr>
<tr>
<td title='tests.HomePageTests.typingValidEmailAndClickRequestDemo()'><b>typingValidEmailAndClickRequestDemo</b><br>Test class: tests.HomePageTests</td>
<td></td>
<td>6</td>
<td>tests.HomePageTests@7a5d012c</td></tr>
<tr>
<td title='tests.HomePageTests.videoOpening()'><b>videoOpening</b><br>Test class: tests.HomePageTests</td>
<td></td>
<td>6</td>
<td>tests.HomePageTests@7a5d012c</td></tr>
</table><p>
</body>
</html>