<?xml version="1.0" encoding="UTF-8"?>
<!-- Generated by org.testng.reporters.JUnitXMLReporter -->
<testsuite hostname="Vitaliys-MacBook-Pro.local" ignored="18" name="nexus6 checking" tests="41" failures="4" timestamp="25 Apr 2017 11:57:11 GMT" time="1024.9" errors="0">
  <testcase name="bottomMenuVerifying" time="25.284" classname="tests.HomePageTests"/>
  <testcase name="bscrollingToResources" time="3.132" classname="tests.HomePageTests"/>
  <testcase name="bscrollingToTransformTraffic" time="3.046" classname="tests.HomePageTests"/>
  <testcase name="emptyEmailAndClickRequestDemo" time="1.897" classname="tests.HomePageTests"/>
  <testcase name="getStartedFreeChecking" time="25.759" classname="tests.HomePageTests"/>
  <testcase name="notEmailFormatAndClickRequestDemo" time="2.316" classname="tests.HomePageTests"/>
  <testcase name="scrollingToCueConnectBlog" time="3.901" classname="tests.HomePageTests"/>
  <testcase name="scrollingToDriveEcommerce" time="3.152" classname="tests.HomePageTests"/>
  <testcase name="scrollingToRetargetShoppers" time="3.117" classname="tests.HomePageTests"/>
  <testcase name="sendingUpdatesEmptyEmail" time="22.309" classname="tests.HomePageTests"/>
  <testcase name="sendingUpdatesIncorrectEmail" time="22.759" classname="tests.HomePageTests"/>
  <testcase name="sendingUpdatesIncorrectEmailWithAt" time="25.107" classname="tests.HomePageTests"/>
  <testcase name="sendingUpdatesToValidEmail" time="25.889" classname="tests.HomePageTests"/>
  <testcase name="typingValidEmailAndClickRequestDemo" time="6.866" classname="tests.HomePageTests"/>
  <testcase name="videoOpening" time="6.274" classname="tests.HomePageTests"/>
  <testcase name="openingFeaturesPageAndClickOnRequestDemo" time="12.0" classname="tests.FeaturesPageTests"/>
  <testcase name="openingSecondRequestDemoButton" time="32.43" classname="tests.FeaturesPageTests"/>
  <testcase name="openingThirdRequestDemoButton" time="28.599" classname="tests.FeaturesPageTests"/>
  <testcase name="scrollingToEachSection" time="90.858" classname="tests.FeaturesPageTests"/>
  <testcase name="openingPageAndClickOnRequestDemo" time="28.745" classname="tests.BenefitsPageTests"/>
  <testcase name="scrollingDownAndVerifyingPresenceOfElements" time="127.858" classname="tests.BenefitsPageTests"/>
  <testcase name="checkingOurStoryPageAppears" time="11.53" classname="tests.About.OurStory"/>
  <testcase name="checkingOurStoryThatElementsArePresent" time="91.931" classname="tests.About.OurStory"/>
  <testcase name="checkingOfEmployeeQuote" time="11.11" classname="tests.About.TeamTests"/>
  <testcase name="checkElementsArePresent" time="33.954" classname="tests.About.CareersTests"/>
  <testcase name="openingVacancyAndSendingEmptyForm" time="34.817" classname="tests.About.CareersTests"/>
  <testcase name="badEmailChecking" time="31.281" classname="tests.About.ContactUsPageTests">
    <failure type="org.openqa.selenium.WebDriverException" message="unknown error: Element &amp;lt;input type=&amp;quot;submit&amp;quot; value=&amp;quot;Contact us&amp;quot; class=&amp;quot;wpcf7-form-control wpcf7-submit&amp;quot;&amp;gt; is not clickable at point (205, 557). Other element would receive the click: &amp;lt;iframe frameborder=&amp;quot;0&amp;quot; src=&amp;quot;about:blank&amp;quot; style=&amp;quot;background-color: transparent; vertical-align: text-bottom; position: relative; width: 100%; height: 100%; min-width: 100%; min-height: 100%; max-width: 100%; max-height: 100%; margin: 0px; overflow: hidden; display: block;&amp;quot;&amp;gt;&amp;lt;/iframe&amp;gt;
  (Session info: chrome=57.0.2987.98)
  (Driver info: chromedriver=2.28.455517 (2c6d2707d8ea850c862f04ac066724273981e88f),platform=Mac OS X 10.11.6 x86_64) (WARNING: The server did not provide any stacktrace information)
Command duration or timeout: 73 milliseconds
Build info: version: &amp;apos;3.0.1&amp;apos;, revision: &amp;apos;1969d75&amp;apos;, time: &amp;apos;2016-10-18 09:49:13 -0700&amp;apos;
System info: host: &amp;apos;Vitaliys-MacBook-Pro.local&amp;apos;, ip: &amp;apos;192.168.0.103&amp;apos;, os.name: &amp;apos;Mac OS X&amp;apos;, os.arch: &amp;apos;x86_64&amp;apos;, os.version: &amp;apos;10.11.6&amp;apos;, java.version: &amp;apos;1.8.0_101&amp;apos;
Driver info: org.openqa.selenium.chrome.ChromeDriver
Capabilities [{applicationCacheEnabled=false, rotatable=false, mobileEmulationEnabled=false, networkConnectionEnabled=false, chrome={chromedriverVersion=2.28.455517 (2c6d2707d8ea850c862f04ac066724273981e88f), userDataDir=/var/folders/xp/hq6y__313mvbnpb2n5x7bzq00000gn/T/.org.chromium.Chromium.kkJFOZ}, takesHeapSnapshot=true, pageLoadStrategy=normal, databaseEnabled=false, handlesAlerts=true, hasTouchScreen=false, version=57.0.2987.98, platform=MAC, browserConnectionEnabled=false, nativeEvents=true, acceptSslCerts=true, locationContextEnabled=true, webStorageEnabled=true, browserName=chrome, takesScreenshot=true, javascriptEnabled=true, cssSelectorsEnabled=true, unexpectedAlertBehaviour=}]
Session ID: 19cf801db539763cd038823b8c0511ec">
      <![CDATA[org.openqa.selenium.WebDriverException: unknown error: Element <input type="submit" value="Contact us" class="wpcf7-form-control wpcf7-submit"> is not clickable at point (205, 557). Other element would receive the click: <iframe frameborder="0" src="about:blank" style="background-color: transparent; vertical-align: text-bottom; position: relative; width: 100%; height: 100%; min-width: 100%; min-height: 100%; max-width: 100%; max-height: 100%; margin: 0px; overflow: hidden; display: block;"></iframe>
  (Session info: chrome=57.0.2987.98)
  (Driver info: chromedriver=2.28.455517 (2c6d2707d8ea850c862f04ac066724273981e88f),platform=Mac OS X 10.11.6 x86_64) (WARNING: The server did not provide any stacktrace information)
Command duration or timeout: 73 milliseconds
Build info: version: '3.0.1', revision: '1969d75', time: '2016-10-18 09:49:13 -0700'
System info: host: 'Vitaliys-MacBook-Pro.local', ip: '192.168.0.103', os.name: 'Mac OS X', os.arch: 'x86_64', os.version: '10.11.6', java.version: '1.8.0_101'
Driver info: org.openqa.selenium.chrome.ChromeDriver
Capabilities [{applicationCacheEnabled=false, rotatable=false, mobileEmulationEnabled=false, networkConnectionEnabled=false, chrome={chromedriverVersion=2.28.455517 (2c6d2707d8ea850c862f04ac066724273981e88f), userDataDir=/var/folders/xp/hq6y__313mvbnpb2n5x7bzq00000gn/T/.org.chromium.Chromium.kkJFOZ}, takesHeapSnapshot=true, pageLoadStrategy=normal, databaseEnabled=false, handlesAlerts=true, hasTouchScreen=false, version=57.0.2987.98, platform=MAC, browserConnectionEnabled=false, nativeEvents=true, acceptSslCerts=true, locationContextEnabled=true, webStorageEnabled=true, browserName=chrome, takesScreenshot=true, javascriptEnabled=true, cssSelectorsEnabled=true, unexpectedAlertBehaviour=}]
Session ID: 19cf801db539763cd038823b8c0511ec
	at org.openqa.selenium.remote.ErrorHandler.createThrowable(ErrorHandler.java:216)
	at org.openqa.selenium.remote.ErrorHandler.throwIfResponseFailed(ErrorHandler.java:168)
	at org.openqa.selenium.remote.RemoteWebDriver.execute(RemoteWebDriver.java:635)
	at org.openqa.selenium.remote.RemoteWebElement.execute(RemoteWebElement.java:274)
	at org.openqa.selenium.remote.RemoteWebElement.click(RemoteWebElement.java:84)
	at pageobjects.About.Contact.sendingData(Contact.java:36)
	at tests.About.ContactUsPageTests.badEmailChecking(ContactUsPageTests.java:57)
... Removed 32 stack frames]]>
    </failure>
  </testcase> <!-- badEmailChecking -->
  <testcase name="emptyDataChecking" time="32.152" classname="tests.About.ContactUsPageTests"/>
  <testcase name="clickingOnAuthorChecking" time="55.057" classname="tests.Blog.BlogMainPageTests"/>
  <testcase name="clickingOnTagChecking" time="32.263" classname="tests.Blog.BlogMainPageTests"/>
  <testcase name="goingToCommentsSectionByClickOnClickHereLink" time="43.984" classname="tests.Blog.BlogMainPageTests"/>
  <testcase name="openingPostByClickOnReadThisPostBtn" time="32.57" classname="tests.Blog.BlogMainPageTests"/>
  <testcase name="correctLogin" time="15.426" classname="tests.LoginPageTests"/>
  <testcase name="forgotPasswordEmptyFields" time="11.628" classname="tests.LoginPageTests"/>
  <testcase name="forgotPasswordWrongEmail" time="11.072" classname="tests.LoginPageTests"/>
  <testcase name="loginCheckEmptyFields" time="10.816" classname="tests.LoginPageTests"/>
  <testcase name="loginFormCheckingWrongEmail" time="10.927" classname="tests.LoginPageTests"/>
  <testcase name="emailFieldValidations" time="12.166" classname="tests.RequestDemoTests">
    <failure type="java.lang.AssertionError" message="expected [] but found [Email must be formatted correctly.]">
      <![CDATA[java.lang.AssertionError: expected [] but found [Email must be formatted correctly.]
	at tests.RequestDemoTests.emailFieldValidations(RequestDemoTests.java:43)
... Removed 34 stack frames]]>
    </failure>
  </testcase> <!-- emailFieldValidations -->
  <testcase name="phoneNumberFieldValidations" time="12.111" classname="tests.RequestDemoTests">
    <failure type="org.openqa.selenium.WebDriverException" message="unknown error: Element &amp;lt;input type=&amp;quot;submit&amp;quot; value=&amp;quot;Request a demo&amp;quot; class=&amp;quot;hs-button primary large&amp;quot; data-reactid=&amp;quot;.hbspt-forms-0.2.1.0&amp;quot;&amp;gt; is not clickable at point (89, 464). Other element would receive the click: &amp;lt;div class=&amp;quot;input&amp;quot; data-reactid=&amp;quot;.hbspt-forms-0.0:$5.$website&amp;quot;&amp;gt;...&amp;lt;/div&amp;gt;
  (Session info: chrome=57.0.2987.98)
  (Driver info: chromedriver=2.28.455517 (2c6d2707d8ea850c862f04ac066724273981e88f),platform=Mac OS X 10.11.6 x86_64) (WARNING: The server did not provide any stacktrace information)
Command duration or timeout: 73 milliseconds
Build info: version: &amp;apos;3.0.1&amp;apos;, revision: &amp;apos;1969d75&amp;apos;, time: &amp;apos;2016-10-18 09:49:13 -0700&amp;apos;
System info: host: &amp;apos;Vitaliys-MacBook-Pro.local&amp;apos;, ip: &amp;apos;192.168.0.103&amp;apos;, os.name: &amp;apos;Mac OS X&amp;apos;, os.arch: &amp;apos;x86_64&amp;apos;, os.version: &amp;apos;10.11.6&amp;apos;, java.version: &amp;apos;1.8.0_101&amp;apos;
Driver info: org.openqa.selenium.chrome.ChromeDriver
Capabilities [{applicationCacheEnabled=false, rotatable=false, mobileEmulationEnabled=false, networkConnectionEnabled=false, chrome={chromedriverVersion=2.28.455517 (2c6d2707d8ea850c862f04ac066724273981e88f), userDataDir=/var/folders/xp/hq6y__313mvbnpb2n5x7bzq00000gn/T/.org.chromium.Chromium.kkJFOZ}, takesHeapSnapshot=true, pageLoadStrategy=normal, databaseEnabled=false, handlesAlerts=true, hasTouchScreen=false, version=57.0.2987.98, platform=MAC, browserConnectionEnabled=false, nativeEvents=true, acceptSslCerts=true, locationContextEnabled=true, webStorageEnabled=true, browserName=chrome, takesScreenshot=true, javascriptEnabled=true, cssSelectorsEnabled=true, unexpectedAlertBehaviour=}]
Session ID: 19cf801db539763cd038823b8c0511ec">
      <![CDATA[org.openqa.selenium.WebDriverException: unknown error: Element <input type="submit" value="Request a demo" class="hs-button primary large" data-reactid=".hbspt-forms-0.2.1.0"> is not clickable at point (89, 464). Other element would receive the click: <div class="input" data-reactid=".hbspt-forms-0.0:$5.$website">...</div>
  (Session info: chrome=57.0.2987.98)
  (Driver info: chromedriver=2.28.455517 (2c6d2707d8ea850c862f04ac066724273981e88f),platform=Mac OS X 10.11.6 x86_64) (WARNING: The server did not provide any stacktrace information)
Command duration or timeout: 73 milliseconds
Build info: version: '3.0.1', revision: '1969d75', time: '2016-10-18 09:49:13 -0700'
System info: host: 'Vitaliys-MacBook-Pro.local', ip: '192.168.0.103', os.name: 'Mac OS X', os.arch: 'x86_64', os.version: '10.11.6', java.version: '1.8.0_101'
Driver info: org.openqa.selenium.chrome.ChromeDriver
Capabilities [{applicationCacheEnabled=false, rotatable=false, mobileEmulationEnabled=false, networkConnectionEnabled=false, chrome={chromedriverVersion=2.28.455517 (2c6d2707d8ea850c862f04ac066724273981e88f), userDataDir=/var/folders/xp/hq6y__313mvbnpb2n5x7bzq00000gn/T/.org.chromium.Chromium.kkJFOZ}, takesHeapSnapshot=true, pageLoadStrategy=normal, databaseEnabled=false, handlesAlerts=true, hasTouchScreen=false, version=57.0.2987.98, platform=MAC, browserConnectionEnabled=false, nativeEvents=true, acceptSslCerts=true, locationContextEnabled=true, webStorageEnabled=true, browserName=chrome, takesScreenshot=true, javascriptEnabled=true, cssSelectorsEnabled=true, unexpectedAlertBehaviour=}]
Session ID: 19cf801db539763cd038823b8c0511ec
	at org.openqa.selenium.remote.ErrorHandler.createThrowable(ErrorHandler.java:216)
	at org.openqa.selenium.remote.ErrorHandler.throwIfResponseFailed(ErrorHandler.java:168)
	at org.openqa.selenium.remote.RemoteWebDriver.execute(RemoteWebDriver.java:635)
	at org.openqa.selenium.remote.RemoteWebElement.execute(RemoteWebElement.java:274)
	at org.openqa.selenium.remote.RemoteWebElement.click(RemoteWebElement.java:84)
	at pageobjects.RequestDemoPage.sendingData(RequestDemoPage.java:39)
	at tests.RequestDemoTests.phoneNumberFieldValidations(RequestDemoTests.java:56)
... Removed 32 stack frames]]>
    </failure>
  </testcase> <!-- phoneNumberFieldValidations -->
  <testcase name="requestDemoEmptyRequiredFieldsOpening" time="12.551" classname="tests.RequestDemoTests">
    <failure type="java.lang.AssertionError" message="expected [] but found [Name is required]">
      <![CDATA[java.lang.AssertionError: expected [] but found [Name is required]
	at tests.RequestDemoTests.requestDemoEmptyRequiredFieldsOpening(RequestDemoTests.java:27)
... Removed 34 stack frames]]>
    </failure>
  </testcase> <!-- requestDemoEmptyRequiredFieldsOpening -->
  <testcase name="sendingFormWithValidData" time="13.366" classname="tests.RequestDemoTests"/>
  <testcase name="@BeforeTest beforeClass" time="0.0" classname="setup.SeleniumBaseTest">
    <ignored/>
  </testcase> <!-- @BeforeTest beforeClass -->
  <testcase name="@BeforeTest beforeClass" time="0.0" classname="setup.SeleniumBaseTest">
    <ignored/>
  </testcase> <!-- @BeforeTest beforeClass -->
  <testcase name="@BeforeTest beforeClass" time="0.0" classname="setup.SeleniumBaseTest">
    <ignored/>
  </testcase> <!-- @BeforeTest beforeClass -->
  <testcase name="@BeforeTest beforeClass" time="0.0" classname="setup.SeleniumBaseTest">
    <ignored/>
  </testcase> <!-- @BeforeTest beforeClass -->
  <testcase name="@BeforeTest beforeClass" time="0.0" classname="setup.SeleniumBaseTest">
    <ignored/>
  </testcase> <!-- @BeforeTest beforeClass -->
  <testcase name="@BeforeTest beforeClass" time="0.0" classname="setup.SeleniumBaseTest">
    <ignored/>
  </testcase> <!-- @BeforeTest beforeClass -->
  <testcase name="@BeforeTest beforeClass" time="0.0" classname="setup.SeleniumBaseTest">
    <ignored/>
  </testcase> <!-- @BeforeTest beforeClass -->
  <testcase name="@BeforeTest beforeClass" time="0.0" classname="setup.SeleniumBaseTest">
    <ignored/>
  </testcase> <!-- @BeforeTest beforeClass -->
  <testcase name="@BeforeTest beforeClass" time="0.0" classname="setup.SeleniumBaseTest">
    <ignored/>
  </testcase> <!-- @BeforeTest beforeClass -->
  <testcase name="@AfterSuite tearDown" time="0.0" classname="setup.SeleniumBaseTest">
    <ignored/>
  </testcase> <!-- @AfterSuite tearDown -->
  <testcase name="@AfterSuite tearDown" time="0.0" classname="setup.SeleniumBaseTest">
    <ignored/>
  </testcase> <!-- @AfterSuite tearDown -->
  <testcase name="@AfterSuite tearDown" time="0.0" classname="setup.SeleniumBaseTest">
    <ignored/>
  </testcase> <!-- @AfterSuite tearDown -->
  <testcase name="@AfterSuite tearDown" time="0.0" classname="setup.SeleniumBaseTest">
    <ignored/>
  </testcase> <!-- @AfterSuite tearDown -->
  <testcase name="@AfterSuite tearDown" time="0.0" classname="setup.SeleniumBaseTest">
    <ignored/>
  </testcase> <!-- @AfterSuite tearDown -->
  <testcase name="@AfterSuite tearDown" time="0.0" classname="setup.SeleniumBaseTest">
    <ignored/>
  </testcase> <!-- @AfterSuite tearDown -->
  <testcase name="@AfterSuite tearDown" time="0.0" classname="setup.SeleniumBaseTest">
    <ignored/>
  </testcase> <!-- @AfterSuite tearDown -->
  <testcase name="@AfterSuite tearDown" time="0.0" classname="setup.SeleniumBaseTest">
    <ignored/>
  </testcase> <!-- @AfterSuite tearDown -->
  <testcase name="@AfterSuite tearDown" time="0.0" classname="setup.SeleniumBaseTest">
    <ignored/>
  </testcase> <!-- @AfterSuite tearDown -->
</testsuite> <!-- nexus6 checking -->
