<!DOCTYPE html PUBLIC "-//W3C//DTD XHTML 1.1//EN" "http://www.w3.org/TR/xhtml11/DTD/xhtml11.dtd">
<html xmlns="http://www.w3.org/1999/xhtml"><head><title>TestNG Report</title><style type="text/css">table {margin-bottom:10px;border-collapse:collapse;empty-cells:show}th,td {border:1px solid #009;padding:.25em .5em}th {vertical-align:bottom}td {vertical-align:top}table a {font-weight:bold}.stripe td {background-color: #E6EBF9}.num {text-align:right}.passedodd td {background-color: #3F3}.passedeven td {background-color: #0A0}.skippedodd td {background-color: #DDD}.skippedeven td {background-color: #CCC}.failedodd td,.attn {background-color: #F33}.failedeven td,.stripe .attn {background-color: #D00}.stacktrace {white-space:pre;font-family:monospace}.totop {font-size:85%;text-align:center;border-bottom:2px solid #000}</style></head><body><table><tr><th>Test</th><th># Passed</th><th># Skipped</th><th># Failed</th><th>Time (ms)</th><th>Included Groups</th><th>Excluded Groups</th></tr><tr><th colspan="7">All tests</th></tr><tr><td><a href="#t0">Press page checking</a></td><td class="num">6</td><td class="num">0</td><td class="num">0</td><td class="num">170,069</td><td></td><td></td></tr><tr class="stripe"><td><a href="#t1">Benefits page checking</a></td><td class="num">2</td><td class="num">0</td><td class="num">0</td><td class="num">106,094</td><td></td><td></td></tr><tr><td><a href="#t2">Resources page checking</a></td><td class="num">9</td><td class="num">0</td><td class="num">0</td><td class="num">375,856</td><td></td><td></td></tr><tr class="stripe"><td><a href="#t3">Blog main page checking</a></td><td class="num">8</td><td class="num">0</td><td class="num attn">2</td><td class="num">270,970</td><td></td><td></td></tr><tr><td><a href="#t4">Blog single page checking</a></td><td class="num">7</td><td class="num">0</td><td class="num attn">3</td><td class="num">267,967</td><td></td><td></td></tr><tr class="stripe"><td><a href="#t5">Careers page checking</a></td><td class="num">2</td><td class="num">0</td><td class="num">0</td><td class="num">53,348</td><td></td><td></td></tr><tr><td><a href="#t6">Contact Us page checking</a></td><td class="num">0</td><td class="num">0</td><td class="num attn">2</td><td class="num">79,510</td><td></td><td></td></tr><tr class="stripe"><td><a href="#t7">Our Story page checking</a></td><td class="num">2</td><td class="num">0</td><td class="num">0</td><td class="num">96,665</td><td></td><td></td></tr><tr><td><a href="#t8">Team page checking</a></td><td class="num">1</td><td class="num">0</td><td class="num">0</td><td class="num">17,732</td><td></td><td></td></tr><tr class="stripe"><td><a href="#t9">HomePage checking</a></td><td class="num">19</td><td class="num">0</td><td class="num attn">1</td><td class="num">574,922</td><td></td><td></td></tr><tr><td><a href="#t10">Features page checking</a></td><td class="num">3</td><td class="num">0</td><td class="num attn">1</td><td class="num">110,165</td><td></td><td></td></tr><tr class="stripe"><td><a href="#t11">RequestDemoPage page checking</a></td><td class="num">3</td><td class="num">0</td><td class="num attn">1</td><td class="num">118,056</td><td></td><td></td></tr><tr><td><a href="#t12">Login page checking</a></td><td class="num">5</td><td class="num">0</td><td class="num attn">1</td><td class="num">34,420</td><td></td><td></td></tr><tr><th>Total</th><th class="num">67</th><th class="num">0</th><th class="num attn">11</th><th class="num">2,275,774</th><th colspan="2"></th></tr></table><table><thead><tr><th>Class</th><th>Method</th><th>Start</th><th>Time (ms)</th></tr></thead><tbody><tr><th colspan="4">All tests</th></tr></tbody><tbody id="t0"><tr><th colspan="4">Press page checking &#8212; passed</th></tr><tr class="passedeven"><td rowspan="6">tests.About.PressTests</td><td><a href="#m0">checkinReadMoreLink</a></td><td rowspan="1">1488900125562</td><td rowspan="1">26304</td></tr><tr class="passedeven"><td><a href="#m1">chekingStyleGuide</a></td><td rowspan="1">1488900151867</td><td rowspan="1">28114</td></tr><tr class="passedeven"><td><a href="#m2">downloadLinkCheckingIconBlack</a></td><td rowspan="1">1488900179982</td><td rowspan="1">29230</td></tr><tr class="passedeven"><td><a href="#m3">downloadLinkCheckingLogo</a></td><td rowspan="1">1488900209212</td><td rowspan="1">29603</td></tr><tr class="passedeven"><td><a href="#m4">downloadLinkCheckingLogoBlack</a></td><td rowspan="1">1488900238815</td><td rowspan="1">27656</td></tr><tr class="passedeven"><td><a href="#m5">downloadLinkCheckingLogoVertical</a></td><td rowspan="1">1488900266471</td><td rowspan="1">29135</td></tr></tbody><tbody id="t1"><tr><th colspan="4">Benefits page checking &#8212; passed</th></tr><tr class="passedeven"><td rowspan="2">tests.BenefitsPageTests</td><td><a href="#m6">openingPageAndClickOnRequestDemo</a></td><td rowspan="1">1488900295635</td><td rowspan="1">13236</td></tr><tr class="passedeven"><td><a href="#m7">scrollingDownAndVerifyingPresenceOfElements</a></td><td rowspan="1">1488900308872</td><td rowspan="1">92857</td></tr></tbody><tbody id="t2"><tr><th colspan="4">Resources page checking &#8212; passed</th></tr><tr class="passedeven"><td rowspan="9">tests.Blog.ResourcesPageTests</td><td><a href="#m8">aemptyDataFormChecking</a></td><td rowspan="1">1488900401737</td><td rowspan="1">54767</td></tr><tr class="passedeven"><td><a href="#m9">avalidDataFormChecking</a></td><td rowspan="1">1488900456504</td><td rowspan="1">34903</td></tr><tr class="passedeven"><td><a href="#m10">downloadTemplateAndSubscribeForUpdates</a></td><td rowspan="1">1488900491408</td><td rowspan="1">44650</td></tr><tr class="passedeven"><td><a href="#m11">downloadTemplateAndSubscribeForUpdatesEmailWithAt</a></td><td rowspan="1">1488900536059</td><td rowspan="1">42362</td></tr><tr class="passedeven"><td><a href="#m12">downloadTemplateAndSubscribeForUpdatesEmailWithoutAt</a></td><td rowspan="1">1488900578422</td><td rowspan="1">45133</td></tr><tr class="passedeven"><td><a href="#m13">downloadTemplateAndSubscribeForUpdatesEmptyEmail</a></td><td rowspan="1">1488900623555</td><td rowspan="1">45701</td></tr><tr class="passedeven"><td><a href="#m14">templateOpeningChecking</a></td><td rowspan="1">1488900669257</td><td rowspan="1">33326</td></tr><tr class="passedeven"><td><a href="#m15">wrongEmailWithAtDataFormChecking</a></td><td rowspan="1">1488900702583</td><td rowspan="1">37346</td></tr><tr class="passedeven"><td><a href="#m16">wrongEmailWithoutAtDataFormChecking</a></td><td rowspan="1">1488900739929</td><td rowspan="1">37663</td></tr></tbody><tbody id="t3"><tr><th colspan="4">Blog main page checking &#8212; failed</th></tr><tr class="failedeven"><td rowspan="2">tests.Blog.BlogMainPageTests</td><td><a href="#m17">openingPostByClickOnTitle</a></td><td rowspan="1">1488900942175</td><td rowspan="1">25017</td></tr><tr class="failedeven"><td><a href="#m18">subscribeToEmptyEmail</a></td><td rowspan="1">1488900967207</td><td rowspan="1">20106</td></tr><tr><th colspan="4">Blog main page checking &#8212; passed</th></tr><tr class="passedeven"><td rowspan="8">tests.Blog.BlogMainPageTests</td><td><a href="#m19">checkSocialNetworkButton</a></td><td rowspan="1">1488900777598</td><td rowspan="1">74367</td></tr><tr class="passedeven"><td><a href="#m20">clickingOnAuthorChecking</a></td><td rowspan="1">1488900851965</td><td rowspan="1">21795</td></tr><tr class="passedeven"><td><a href="#m21">clickingOnTagChecking</a></td><td rowspan="1">1488900873760</td><td rowspan="1">21298</td></tr><tr class="passedeven"><td><a href="#m22">goingToCommentsSectionByClickOnClickHereLink</a></td><td rowspan="1">1488900895059</td><td rowspan="1">27379</td></tr><tr class="passedeven"><td><a href="#m23">openingPostByClickOnReadThisPostBtn</a></td><td rowspan="1">1488900922438</td><td rowspan="1">19736</td></tr><tr class="passedeven"><td><a href="#m24">subscribeToValidEmail</a></td><td rowspan="1">1488900987315</td><td rowspan="1">18501</td></tr><tr class="passedeven"><td><a href="#m25">subscribeToWrongEmailWithAt</a></td><td rowspan="1">1488901005816</td><td rowspan="1">21235</td></tr><tr class="passedeven"><td><a href="#m26">subscribeToWrongEmailWithoutAt</a></td><td rowspan="1">1488901027051</td><td rowspan="1">21516</td></tr></tbody><tbody id="t4"><tr><th colspan="4">Blog single page checking &#8212; failed</th></tr><tr class="failedeven"><td rowspan="3">tests.Blog.BlogMainPageTests</td><td><a href="#m27">openingPostByClickOnTitle</a></td><td rowspan="1">1488901209735</td><td rowspan="1">25519</td></tr><tr class="failedeven"><td><a href="#m28">subscribeToEmptyEmail</a></td><td rowspan="1">1488901235256</td><td rowspan="1">20527</td></tr><tr class="failedeven"><td><a href="#m29">subscribeToWrongEmailWithAt</a></td><td rowspan="1">1488901274383</td><td rowspan="1">20980</td></tr><tr><th colspan="4">Blog single page checking &#8212; passed</th></tr><tr class="passedeven"><td rowspan="7">tests.Blog.BlogMainPageTests</td><td><a href="#m30">checkSocialNetworkButton</a></td><td rowspan="1">1488901048582</td><td rowspan="1">71807</td></tr><tr class="passedeven"><td><a href="#m31">clickingOnAuthorChecking</a></td><td rowspan="1">1488901120389</td><td rowspan="1">21939</td></tr><tr class="passedeven"><td><a href="#m32">clickingOnTagChecking</a></td><td rowspan="1">1488901142328</td><td rowspan="1">21560</td></tr><tr class="passedeven"><td><a href="#m33">goingToCommentsSectionByClickOnClickHereLink</a></td><td rowspan="1">1488901163888</td><td rowspan="1">26674</td></tr><tr class="passedeven"><td><a href="#m34">openingPostByClickOnReadThisPostBtn</a></td><td rowspan="1">1488901190563</td><td rowspan="1">19171</td></tr><tr class="passedeven"><td><a href="#m35">subscribeToValidEmail</a></td><td rowspan="1">1488901255785</td><td rowspan="1">18598</td></tr><tr class="passedeven"><td><a href="#m36">subscribeToWrongEmailWithoutAt</a></td><td rowspan="1">1488901295363</td><td rowspan="1">21186</td></tr></tbody><tbody id="t5"><tr><th colspan="4">Careers page checking &#8212; passed</th></tr><tr class="passedeven"><td rowspan="2">tests.About.CareersTests</td><td><a href="#m37">checkElementsArePresent</a></td><td rowspan="1">1488901316562</td><td rowspan="1">28990</td></tr><tr class="passedeven"><td><a href="#m38">openingVacancyAndSendingEmptyForm</a></td><td rowspan="1">1488901345552</td><td rowspan="1">24358</td></tr></tbody><tbody id="t6"><tr><th colspan="4">Contact Us page checking &#8212; failed</th></tr><tr class="failedeven"><td rowspan="2">tests.About.ContactUsPageTests</td><td><a href="#m39">badEmailChecking</a></td><td rowspan="1">1488901369913</td><td rowspan="1">40613</td></tr><tr class="failedeven"><td><a href="#m40">emptyDataChecking</a></td><td rowspan="1">1488901410529</td><td rowspan="1">38892</td></tr></tbody><tbody id="t7"><tr><th colspan="4">Our Story page checking &#8212; passed</th></tr><tr class="passedeven"><td rowspan="2">tests.About.OurStory</td><td><a href="#m41">checkingOurStoryPageAppears</a></td><td rowspan="1">1488901449430</td><td rowspan="1">18486</td></tr><tr class="passedeven"><td><a href="#m42">checkingOurStoryThatElementsArePresent</a></td><td rowspan="1">1488901467916</td><td rowspan="1">78179</td></tr></tbody><tbody id="t8"><tr><th colspan="4">Team page checking &#8212; passed</th></tr><tr class="passedeven"><td rowspan="1">tests.About.TeamTests</td><td><a href="#m43">checkingOfEmployeeQuote</a></td><td rowspan="1">1488901546098</td><td rowspan="1">17732</td></tr></tbody><tbody id="t9"><tr><th colspan="4">HomePage checking &#8212; failed</th></tr><tr class="failedeven"><td rowspan="1">tests.HomePageTests</td><td><a href="#m44">sendingUpdatesToValidEmail</a></td><td rowspan="1">1488902044609</td><td rowspan="1">33129</td></tr><tr><th colspan="4">HomePage checking &#8212; passed</th></tr><tr class="passedeven"><td rowspan="19">tests.HomePageTests</td><td><a href="#m45">bottomMenuVerifying</a></td><td rowspan="1">1488901563833</td><td rowspan="1">47382</td></tr><tr class="passedeven"><td><a href="#m46">emptyEmailAndClickRequestDemo</a></td><td rowspan="1">1488901611216</td><td rowspan="1">9551</td></tr><tr class="passedeven"><td><a href="#m47">getStartedFreeChecking</a></td><td rowspan="1">1488901620768</td><td rowspan="1">16041</td></tr><tr class="passedeven"><td><a href="#m48">movingToAboutMenu</a></td><td rowspan="1">1488901636809</td><td rowspan="1">174793</td></tr><tr class="passedeven"><td><a href="#m49">movingToBlogMenu</a></td><td rowspan="1">1488901811603</td><td rowspan="1">29882</td></tr><tr class="passedeven"><td><a href="#m50">movingToFeaturesFirstHalfMenu</a></td><td rowspan="1">1488901841486</td><td rowspan="1">30867</td></tr><tr class="passedeven"><td><a href="#m51">movingToFeaturesSecondHalfMenu</a></td><td rowspan="1">1488901872353</td><td rowspan="1">30620</td></tr><tr class="passedeven"><td><a href="#m52">notEmailFormatAndClickRequestDemo</a></td><td rowspan="1">1488901902973</td><td rowspan="1">4215</td></tr><tr class="passedeven"><td><a href="#m53">scrollingToCueConnectBlog</a></td><td rowspan="1">1488901907188</td><td rowspan="1">14048</td></tr><tr class="passedeven"><td><a href="#m54">scrollingToDriveEcommerce</a></td><td rowspan="1">1488901921237</td><td rowspan="1">13972</td></tr><tr class="passedeven"><td><a href="#m55">scrollingToResources</a></td><td rowspan="1">1488901935210</td><td rowspan="1">13567</td></tr><tr class="passedeven"><td><a href="#m56">scrollingToRetargetShoppers</a></td><td rowspan="1">1488901948777</td><td rowspan="1">14788</td></tr><tr class="passedeven"><td><a href="#m57">scrollingToTransformTraffic</a></td><td rowspan="1">1488901963565</td><td rowspan="1">14017</td></tr><tr class="passedeven"><td><a href="#m58">sendingUpdatesEmptyEmail</a></td><td rowspan="1">1488901977583</td><td rowspan="1">21880</td></tr><tr class="passedeven"><td><a href="#m59">sendingUpdatesIncorrectEmail</a></td><td rowspan="1">1488901999464</td><td rowspan="1">22238</td></tr><tr class="passedeven"><td><a href="#m60">sendingUpdatesIncorrectEmailWithAt</a></td><td rowspan="1">1488902021702</td><td rowspan="1">22906</td></tr><tr class="passedeven"><td><a href="#m61">singleClickOnLoginTopMenuItems</a></td><td rowspan="1">1488902077740</td><td rowspan="1">22503</td></tr><tr class="passedeven"><td><a href="#m62">singleClickOnTopMenuItems</a></td><td rowspan="1">1488902100244</td><td rowspan="1">32526</td></tr><tr class="passedeven"><td><a href="#m63">typingValidEmailAndClickRequestDemo</a></td><td rowspan="1">1488902132770</td><td rowspan="1">5984</td></tr></tbody><tbody id="t10"><tr><th colspan="4">Features page checking &#8212; failed</th></tr><tr class="failedeven"><td rowspan="1">tests.FeaturesPageTests</td><td><a href="#m64">scrollingToEachSection</a></td><td rowspan="1">1488902172156</td><td rowspan="1">76774</td></tr><tr><th colspan="4">Features page checking &#8212; passed</th></tr><tr class="passedeven"><td rowspan="3">tests.FeaturesPageTests</td><td><a href="#m65">openingFeaturesPageAndClickOnRequestDemo</a></td><td rowspan="1">1488902138768</td><td rowspan="1">4136</td></tr><tr class="passedeven"><td><a href="#m66">openingSecondRequestDemoButton</a></td><td rowspan="1">1488902142904</td><td rowspan="1">14396</td></tr><tr class="passedeven"><td><a href="#m67">openingThirdRequestDemoButton</a></td><td rowspan="1">1488902157300</td><td rowspan="1">14855</td></tr></tbody><tbody id="t11"><tr><th colspan="4">RequestDemoPage page checking &#8212; failed</th></tr><tr class="failedeven"><td rowspan="1">tests.RequestDemoTests</td><td><a href="#m68">requestDemoEmptyRequiredFieldsOpening</a></td><td rowspan="1">1488902298376</td><td rowspan="1">23667</td></tr><tr><th colspan="4">RequestDemoPage page checking &#8212; passed</th></tr><tr class="passedeven"><td rowspan="3">tests.RequestDemoTests</td><td><a href="#m69">emailFieldValidations</a></td><td rowspan="1">1488902248942</td><td rowspan="1">24723</td></tr><tr class="passedeven"><td><a href="#m70">phoneNumberFieldValidations</a></td><td rowspan="1">1488902273665</td><td rowspan="1">24711</td></tr><tr class="passedeven"><td><a href="#m71">sendingFormWithValidData</a></td><td rowspan="1">1488902322044</td><td rowspan="1">44953</td></tr></tbody><tbody id="t12"><tr><th colspan="4">Login page checking &#8212; failed</th></tr><tr class="failedeven"><td rowspan="1">tests.LoginPageTests</td><td><a href="#m72">forgotPasswordDoenMatchEmails</a></td><td rowspan="1">1488902376192</td><td rowspan="1">7178</td></tr><tr><th colspan="4">Login page checking &#8212; passed</th></tr><tr class="passedeven"><td rowspan="5">tests.LoginPageTests</td><td><a href="#m73">correctLogin</a></td><td rowspan="1">1488902367017</td><td rowspan="1">9175</td></tr><tr class="passedeven"><td><a href="#m74">forgotPasswordEmptyFields</a></td><td rowspan="1">1488902383370</td><td rowspan="1">5445</td></tr><tr class="passedeven"><td><a href="#m75">forgotPasswordWrongEmail</a></td><td rowspan="1">1488902388816</td><td rowspan="1">5642</td></tr><tr class="passedeven"><td><a href="#m76">loginCheckEmptyFields</a></td><td rowspan="1">1488902394459</td><td rowspan="1">4002</td></tr><tr class="passedeven"><td><a href="#m77">loginFormCheckingWrongEmail</a></td><td rowspan="1">1488902398461</td><td rowspan="1">2976</td></tr></tbody></table><h2>Press page checking</h2><h3 id="m0">tests.About.PressTests#checkinReadMoreLink</h3><table class="result"></table><p class="totop"><a href="#summary">back to summary</a></p><h3 id="m1">tests.About.PressTests#chekingStyleGuide</h3><table class="result"></table><p class="totop"><a href="#summary">back to summary</a></p><h3 id="m2">tests.About.PressTests#downloadLinkCheckingIconBlack</h3><table class="result"></table><p class="totop"><a href="#summary">back to summary</a></p><h3 id="m3">tests.About.PressTests#downloadLinkCheckingLogo</h3><table class="result"></table><p class="totop"><a href="#summary">back to summary</a></p><h3 id="m4">tests.About.PressTests#downloadLinkCheckingLogoBlack</h3><table class="result"></table><p class="totop"><a href="#summary">back to summary</a></p><h3 id="m5">tests.About.PressTests#downloadLinkCheckingLogoVertical</h3><table class="result"></table><p class="totop"><a href="#summary">back to summary</a></p><h2>Benefits page checking</h2><h3 id="m6">tests.BenefitsPageTests#openingPageAndClickOnRequestDemo</h3><table class="result"></table><p class="totop"><a href="#summary">back to summary</a></p><h3 id="m7">tests.BenefitsPageTests#scrollingDownAndVerifyingPresenceOfElements</h3><table class="result"></table><p class="totop"><a href="#summary">back to summary</a></p><h2>Resources page checking</h2><h3 id="m8">tests.Blog.ResourcesPageTests#aemptyDataFormChecking</h3><table class="result"></table><p class="totop"><a href="#summary">back to summary</a></p><h3 id="m9">tests.Blog.ResourcesPageTests#avalidDataFormChecking</h3><table class="result"></table><p class="totop"><a href="#summary">back to summary</a></p><h3 id="m10">tests.Blog.ResourcesPageTests#downloadTemplateAndSubscribeForUpdates</h3><table class="result"></table><p class="totop"><a href="#summary">back to summary</a></p><h3 id="m11">tests.Blog.ResourcesPageTests#downloadTemplateAndSubscribeForUpdatesEmailWithAt</h3><table class="result"></table><p class="totop"><a href="#summary">back to summary</a></p><h3 id="m12">tests.Blog.ResourcesPageTests#downloadTemplateAndSubscribeForUpdatesEmailWithoutAt</h3><table class="result"></table><p class="totop"><a href="#summary">back to summary</a></p><h3 id="m13">tests.Blog.ResourcesPageTests#downloadTemplateAndSubscribeForUpdatesEmptyEmail</h3><table class="result"></table><p class="totop"><a href="#summary">back to summary</a></p><h3 id="m14">tests.Blog.ResourcesPageTests#templateOpeningChecking</h3><table class="result"></table><p class="totop"><a href="#summary">back to summary</a></p><h3 id="m15">tests.Blog.ResourcesPageTests#wrongEmailWithAtDataFormChecking</h3><table class="result"></table><p class="totop"><a href="#summary">back to summary</a></p><h3 id="m16">tests.Blog.ResourcesPageTests#wrongEmailWithoutAtDataFormChecking</h3><table class="result"></table><p class="totop"><a href="#summary">back to summary</a></p><h2>Blog main page checking</h2><h3 id="m17">tests.Blog.BlogMainPageTests#openingPostByClickOnTitle</h3><table class="result"><tr><th>Exception</th></tr><tr><td><div class="stacktrace">org.openqa.selenium.NoSuchElementException: no such element: Unable to locate element: {&quot;method&quot;:&quot;xpath&quot;,&quot;selector&quot;:&quot;//h1[@class=&apos;post-title&apos;]&quot;}
  (Session info: chrome=56.0.2924.87)
  (Driver info: chromedriver=2.27.440174 (e97a722caafc2d3a8b807ee115bfb307f7d2cfd9),platform=Mac OS X 10.11.6 x86_64) (WARNING: The server did not provide any stacktrace information)
Command duration or timeout: 10.05 seconds
For documentation on this error, please visit: http://seleniumhq.org/exceptions/no_such_element.html
Build info: version: &apos;3.0.1&apos;, revision: &apos;1969d75&apos;, time: &apos;2016-10-18 09:49:13 -0700&apos;
System info: host: &apos;100.lan0.mk.uz.ua&apos;, ip: &apos;192.168.0.100&apos;, os.name: &apos;Mac OS X&apos;, os.arch: &apos;x86_64&apos;, os.version: &apos;10.11.6&apos;, java.version: &apos;1.8.0_101&apos;
Driver info: org.openqa.selenium.chrome.ChromeDriver
Capabilities [{applicationCacheEnabled=false, rotatable=false, mobileEmulationEnabled=false, networkConnectionEnabled=false, chrome={chromedriverVersion=2.27.440174 (e97a722caafc2d3a8b807ee115bfb307f7d2cfd9), userDataDir=/var/folders/xp/hq6y__313mvbnpb2n5x7bzq00000gn/T/.org.chromium.Chromium.Sob7iZ}, takesHeapSnapshot=true, pageLoadStrategy=normal, databaseEnabled=false, handlesAlerts=true, hasTouchScreen=false, version=56.0.2924.87, platform=MAC, browserConnectionEnabled=false, nativeEvents=true, acceptSslCerts=true, locationContextEnabled=true, webStorageEnabled=true, browserName=chrome, takesScreenshot=true, javascriptEnabled=true, cssSelectorsEnabled=true, unexpectedAlertBehaviour=}]
Session ID: 1beb622eea297e206feeaf9f808e4104
*** Element info: {Using=xpath, value=//h1[@class=&apos;post-title&apos;]}
	at org.openqa.selenium.remote.ErrorHandler.createThrowable(ErrorHandler.java:216)
	at org.openqa.selenium.remote.ErrorHandler.throwIfResponseFailed(ErrorHandler.java:168)
	at org.openqa.selenium.remote.RemoteWebDriver.execute(RemoteWebDriver.java:635)
	at org.openqa.selenium.remote.RemoteWebDriver.findElement(RemoteWebDriver.java:368)
	at org.openqa.selenium.remote.RemoteWebDriver.findElementByXPath(RemoteWebDriver.java:473)
	at org.openqa.selenium.By$ByXPath.findElement(By.java:361)
	at org.openqa.selenium.remote.RemoteWebDriver.findElement(RemoteWebDriver.java:360)
	at pageobjects.Blog.BlogPage.getPostTitleOnBlogPage(BlogPage.java:70)
	at tests.Blog.BlogMainPageTests.openingPostByClickOnTitle(BlogMainPageTests.java:77)
... Removed 32 stack frames</div></td></tr></table><p class="totop"><a href="#summary">back to summary</a></p><h3 id="m18">tests.Blog.BlogMainPageTests#subscribeToEmptyEmail</h3><table class="result"><tr><th>Exception</th></tr><tr><td><div class="stacktrace">org.openqa.selenium.NoSuchElementException: no such element: Unable to locate element: {&quot;method&quot;:&quot;xpath&quot;,&quot;selector&quot;:&quot;//img[@width=1795][@height=482]&quot;}
  (Session info: chrome=56.0.2924.87)
  (Driver info: chromedriver=2.27.440174 (e97a722caafc2d3a8b807ee115bfb307f7d2cfd9),platform=Mac OS X 10.11.6 x86_64) (WARNING: The server did not provide any stacktrace information)
Command duration or timeout: 10.03 seconds
For documentation on this error, please visit: http://seleniumhq.org/exceptions/no_such_element.html
Build info: version: &apos;3.0.1&apos;, revision: &apos;1969d75&apos;, time: &apos;2016-10-18 09:49:13 -0700&apos;
System info: host: &apos;100.lan0.mk.uz.ua&apos;, ip: &apos;192.168.0.100&apos;, os.name: &apos;Mac OS X&apos;, os.arch: &apos;x86_64&apos;, os.version: &apos;10.11.6&apos;, java.version: &apos;1.8.0_101&apos;
Driver info: org.openqa.selenium.chrome.ChromeDriver
Capabilities [{applicationCacheEnabled=false, rotatable=false, mobileEmulationEnabled=false, networkConnectionEnabled=false, chrome={chromedriverVersion=2.27.440174 (e97a722caafc2d3a8b807ee115bfb307f7d2cfd9), userDataDir=/var/folders/xp/hq6y__313mvbnpb2n5x7bzq00000gn/T/.org.chromium.Chromium.Sob7iZ}, takesHeapSnapshot=true, pageLoadStrategy=normal, databaseEnabled=false, handlesAlerts=true, hasTouchScreen=false, version=56.0.2924.87, platform=MAC, browserConnectionEnabled=false, nativeEvents=true, acceptSslCerts=true, locationContextEnabled=true, webStorageEnabled=true, browserName=chrome, takesScreenshot=true, javascriptEnabled=true, cssSelectorsEnabled=true, unexpectedAlertBehaviour=}]
Session ID: 1beb622eea297e206feeaf9f808e4104
*** Element info: {Using=xpath, value=//img[@width=1795][@height=482]}
	at org.openqa.selenium.remote.ErrorHandler.createThrowable(ErrorHandler.java:216)
	at org.openqa.selenium.remote.ErrorHandler.throwIfResponseFailed(ErrorHandler.java:168)
	at org.openqa.selenium.remote.RemoteWebDriver.execute(RemoteWebDriver.java:635)
	at org.openqa.selenium.remote.RemoteWebDriver.findElement(RemoteWebDriver.java:368)
	at org.openqa.selenium.remote.RemoteWebDriver.findElementByXPath(RemoteWebDriver.java:473)
	at org.openqa.selenium.By$ByXPath.findElement(By.java:361)
	at org.openqa.selenium.remote.RemoteWebDriver.findElement(RemoteWebDriver.java:360)
	at pageobjects.BaseObjectPage.getPageImage(BaseObjectPage.java:162)
	at tests.Blog.BlogMainPageTests.subscribeToEmptyEmail(BlogMainPageTests.java:36)
... Removed 32 stack frames</div></td></tr></table><p class="totop"><a href="#summary">back to summary</a></p><h3 id="m19">tests.Blog.BlogMainPageTests#checkSocialNetworkButton</h3><table class="result"></table><p class="totop"><a href="#summary">back to summary</a></p><h3 id="m20">tests.Blog.BlogMainPageTests#clickingOnAuthorChecking</h3><table class="result"></table><p class="totop"><a href="#summary">back to summary</a></p><h3 id="m21">tests.Blog.BlogMainPageTests#clickingOnTagChecking</h3><table class="result"></table><p class="totop"><a href="#summary">back to summary</a></p><h3 id="m22">tests.Blog.BlogMainPageTests#goingToCommentsSectionByClickOnClickHereLink</h3><table class="result"></table><p class="totop"><a href="#summary">back to summary</a></p><h3 id="m23">tests.Blog.BlogMainPageTests#openingPostByClickOnReadThisPostBtn</h3><table class="result"></table><p class="totop"><a href="#summary">back to summary</a></p><h3 id="m24">tests.Blog.BlogMainPageTests#subscribeToValidEmail</h3><table class="result"></table><p class="totop"><a href="#summary">back to summary</a></p><h3 id="m25">tests.Blog.BlogMainPageTests#subscribeToWrongEmailWithAt</h3><table class="result"></table><p class="totop"><a href="#summary">back to summary</a></p><h3 id="m26">tests.Blog.BlogMainPageTests#subscribeToWrongEmailWithoutAt</h3><table class="result"></table><p class="totop"><a href="#summary">back to summary</a></p><h2>Blog single page checking</h2><h3 id="m27">tests.Blog.BlogMainPageTests#openingPostByClickOnTitle</h3><table class="result"><tr><th>Exception</th></tr><tr><td><div class="stacktrace">org.openqa.selenium.NoSuchElementException: no such element: Unable to locate element: {&quot;method&quot;:&quot;xpath&quot;,&quot;selector&quot;:&quot;//h1[@class=&apos;post-title&apos;]&quot;}
  (Session info: chrome=56.0.2924.87)
  (Driver info: chromedriver=2.27.440174 (e97a722caafc2d3a8b807ee115bfb307f7d2cfd9),platform=Mac OS X 10.11.6 x86_64) (WARNING: The server did not provide any stacktrace information)
Command duration or timeout: 10.04 seconds
For documentation on this error, please visit: http://seleniumhq.org/exceptions/no_such_element.html
Build info: version: &apos;3.0.1&apos;, revision: &apos;1969d75&apos;, time: &apos;2016-10-18 09:49:13 -0700&apos;
System info: host: &apos;100.lan0.mk.uz.ua&apos;, ip: &apos;192.168.0.100&apos;, os.name: &apos;Mac OS X&apos;, os.arch: &apos;x86_64&apos;, os.version: &apos;10.11.6&apos;, java.version: &apos;1.8.0_101&apos;
Driver info: org.openqa.selenium.chrome.ChromeDriver
Capabilities [{applicationCacheEnabled=false, rotatable=false, mobileEmulationEnabled=false, networkConnectionEnabled=false, chrome={chromedriverVersion=2.27.440174 (e97a722caafc2d3a8b807ee115bfb307f7d2cfd9), userDataDir=/var/folders/xp/hq6y__313mvbnpb2n5x7bzq00000gn/T/.org.chromium.Chromium.Sob7iZ}, takesHeapSnapshot=true, pageLoadStrategy=normal, databaseEnabled=false, handlesAlerts=true, hasTouchScreen=false, version=56.0.2924.87, platform=MAC, browserConnectionEnabled=false, nativeEvents=true, acceptSslCerts=true, locationContextEnabled=true, webStorageEnabled=true, browserName=chrome, takesScreenshot=true, javascriptEnabled=true, cssSelectorsEnabled=true, unexpectedAlertBehaviour=}]
Session ID: 1beb622eea297e206feeaf9f808e4104
*** Element info: {Using=xpath, value=//h1[@class=&apos;post-title&apos;]}
	at org.openqa.selenium.remote.ErrorHandler.createThrowable(ErrorHandler.java:216)
	at org.openqa.selenium.remote.ErrorHandler.throwIfResponseFailed(ErrorHandler.java:168)
	at org.openqa.selenium.remote.RemoteWebDriver.execute(RemoteWebDriver.java:635)
	at org.openqa.selenium.remote.RemoteWebDriver.findElement(RemoteWebDriver.java:368)
	at org.openqa.selenium.remote.RemoteWebDriver.findElementByXPath(RemoteWebDriver.java:473)
	at org.openqa.selenium.By$ByXPath.findElement(By.java:361)
	at org.openqa.selenium.remote.RemoteWebDriver.findElement(RemoteWebDriver.java:360)
	at pageobjects.Blog.BlogPage.getPostTitleOnBlogPage(BlogPage.java:70)
	at tests.Blog.BlogMainPageTests.openingPostByClickOnTitle(BlogMainPageTests.java:77)
... Removed 32 stack frames</div></td></tr></table><p class="totop"><a href="#summary">back to summary</a></p><h3 id="m28">tests.Blog.BlogMainPageTests#subscribeToEmptyEmail</h3><table class="result"><tr><th>Exception</th></tr><tr><td><div class="stacktrace">org.openqa.selenium.NoSuchElementException: no such element: Unable to locate element: {&quot;method&quot;:&quot;xpath&quot;,&quot;selector&quot;:&quot;//img[@width=1795][@height=482]&quot;}
  (Session info: chrome=56.0.2924.87)
  (Driver info: chromedriver=2.27.440174 (e97a722caafc2d3a8b807ee115bfb307f7d2cfd9),platform=Mac OS X 10.11.6 x86_64) (WARNING: The server did not provide any stacktrace information)
Command duration or timeout: 10.04 seconds
For documentation on this error, please visit: http://seleniumhq.org/exceptions/no_such_element.html
Build info: version: &apos;3.0.1&apos;, revision: &apos;1969d75&apos;, time: &apos;2016-10-18 09:49:13 -0700&apos;
System info: host: &apos;100.lan0.mk.uz.ua&apos;, ip: &apos;192.168.0.100&apos;, os.name: &apos;Mac OS X&apos;, os.arch: &apos;x86_64&apos;, os.version: &apos;10.11.6&apos;, java.version: &apos;1.8.0_101&apos;
Driver info: org.openqa.selenium.chrome.ChromeDriver
Capabilities [{applicationCacheEnabled=false, rotatable=false, mobileEmulationEnabled=false, networkConnectionEnabled=false, chrome={chromedriverVersion=2.27.440174 (e97a722caafc2d3a8b807ee115bfb307f7d2cfd9), userDataDir=/var/folders/xp/hq6y__313mvbnpb2n5x7bzq00000gn/T/.org.chromium.Chromium.Sob7iZ}, takesHeapSnapshot=true, pageLoadStrategy=normal, databaseEnabled=false, handlesAlerts=true, hasTouchScreen=false, version=56.0.2924.87, platform=MAC, browserConnectionEnabled=false, nativeEvents=true, acceptSslCerts=true, locationContextEnabled=true, webStorageEnabled=true, browserName=chrome, takesScreenshot=true, javascriptEnabled=true, cssSelectorsEnabled=true, unexpectedAlertBehaviour=}]
Session ID: 1beb622eea297e206feeaf9f808e4104
*** Element info: {Using=xpath, value=//img[@width=1795][@height=482]}
	at org.openqa.selenium.remote.ErrorHandler.createThrowable(ErrorHandler.java:216)
	at org.openqa.selenium.remote.ErrorHandler.throwIfResponseFailed(ErrorHandler.java:168)
	at org.openqa.selenium.remote.RemoteWebDriver.execute(RemoteWebDriver.java:635)
	at org.openqa.selenium.remote.RemoteWebDriver.findElement(RemoteWebDriver.java:368)
	at org.openqa.selenium.remote.RemoteWebDriver.findElementByXPath(RemoteWebDriver.java:473)
	at org.openqa.selenium.By$ByXPath.findElement(By.java:361)
	at org.openqa.selenium.remote.RemoteWebDriver.findElement(RemoteWebDriver.java:360)
	at pageobjects.BaseObjectPage.getPageImage(BaseObjectPage.java:162)
	at tests.Blog.BlogMainPageTests.subscribeToEmptyEmail(BlogMainPageTests.java:36)
... Removed 32 stack frames</div></td></tr></table><p class="totop"><a href="#summary">back to summary</a></p><h3 id="m29">tests.Blog.BlogMainPageTests#subscribeToWrongEmailWithAt</h3><table class="result"><tr><th>Exception</th></tr><tr><td><div class="stacktrace">java.lang.AssertionError: expected [] but found [Please enter a valid email address.]
	at tests.Blog.BlogMainPageTests.subscribeToWrongEmailWithAt(BlogMainPageTests.java:56)
... Removed 34 stack frames</div></td></tr></table><p class="totop"><a href="#summary">back to summary</a></p><h3 id="m30">tests.Blog.BlogMainPageTests#checkSocialNetworkButton</h3><table class="result"></table><p class="totop"><a href="#summary">back to summary</a></p><h3 id="m31">tests.Blog.BlogMainPageTests#clickingOnAuthorChecking</h3><table class="result"></table><p class="totop"><a href="#summary">back to summary</a></p><h3 id="m32">tests.Blog.BlogMainPageTests#clickingOnTagChecking</h3><table class="result"></table><p class="totop"><a href="#summary">back to summary</a></p><h3 id="m33">tests.Blog.BlogMainPageTests#goingToCommentsSectionByClickOnClickHereLink</h3><table class="result"></table><p class="totop"><a href="#summary">back to summary</a></p><h3 id="m34">tests.Blog.BlogMainPageTests#openingPostByClickOnReadThisPostBtn</h3><table class="result"></table><p class="totop"><a href="#summary">back to summary</a></p><h3 id="m35">tests.Blog.BlogMainPageTests#subscribeToValidEmail</h3><table class="result"></table><p class="totop"><a href="#summary">back to summary</a></p><h3 id="m36">tests.Blog.BlogMainPageTests#subscribeToWrongEmailWithoutAt</h3><table class="result"></table><p class="totop"><a href="#summary">back to summary</a></p><h2>Careers page checking</h2><h3 id="m37">tests.About.CareersTests#checkElementsArePresent</h3><table class="result"></table><p class="totop"><a href="#summary">back to summary</a></p><h3 id="m38">tests.About.CareersTests#openingVacancyAndSendingEmptyForm</h3><table class="result"></table><p class="totop"><a href="#summary">back to summary</a></p><h2>Contact Us page checking</h2><h3 id="m39">tests.About.ContactUsPageTests#badEmailChecking</h3><table class="result"><tr><th>Exception</th></tr><tr><td><div class="stacktrace">org.openqa.selenium.NoSuchElementException: no such element: Unable to locate element: {&quot;method&quot;:&quot;xpath&quot;,&quot;selector&quot;:&quot;//div[@class=&apos;hs_contact-email field hs-form-field&apos;]//label[@class=&apos;visible&apos;]&quot;}
  (Session info: chrome=56.0.2924.87)
  (Driver info: chromedriver=2.27.440174 (e97a722caafc2d3a8b807ee115bfb307f7d2cfd9),platform=Mac OS X 10.11.6 x86_64) (WARNING: The server did not provide any stacktrace information)
Command duration or timeout: 10.01 seconds
For documentation on this error, please visit: http://seleniumhq.org/exceptions/no_such_element.html
Build info: version: &apos;3.0.1&apos;, revision: &apos;1969d75&apos;, time: &apos;2016-10-18 09:49:13 -0700&apos;
System info: host: &apos;100.lan0.mk.uz.ua&apos;, ip: &apos;192.168.0.100&apos;, os.name: &apos;Mac OS X&apos;, os.arch: &apos;x86_64&apos;, os.version: &apos;10.11.6&apos;, java.version: &apos;1.8.0_101&apos;
Driver info: org.openqa.selenium.chrome.ChromeDriver
Capabilities [{applicationCacheEnabled=false, rotatable=false, mobileEmulationEnabled=false, networkConnectionEnabled=false, chrome={chromedriverVersion=2.27.440174 (e97a722caafc2d3a8b807ee115bfb307f7d2cfd9), userDataDir=/var/folders/xp/hq6y__313mvbnpb2n5x7bzq00000gn/T/.org.chromium.Chromium.Sob7iZ}, takesHeapSnapshot=true, pageLoadStrategy=normal, databaseEnabled=false, handlesAlerts=true, hasTouchScreen=false, version=56.0.2924.87, platform=MAC, browserConnectionEnabled=false, nativeEvents=true, acceptSslCerts=true, locationContextEnabled=true, webStorageEnabled=true, browserName=chrome, takesScreenshot=true, javascriptEnabled=true, cssSelectorsEnabled=true, unexpectedAlertBehaviour=}]
Session ID: 1beb622eea297e206feeaf9f808e4104
*** Element info: {Using=xpath, value=//div[@class=&apos;hs_contact-email field hs-form-field&apos;]//label[@class=&apos;visible&apos;]}
	at org.openqa.selenium.remote.ErrorHandler.createThrowable(ErrorHandler.java:216)
	at org.openqa.selenium.remote.ErrorHandler.throwIfResponseFailed(ErrorHandler.java:168)
	at org.openqa.selenium.remote.RemoteWebDriver.execute(RemoteWebDriver.java:635)
	at org.openqa.selenium.remote.RemoteWebDriver.findElement(RemoteWebDriver.java:368)
	at org.openqa.selenium.remote.RemoteWebDriver.findElementByXPath(RemoteWebDriver.java:473)
	at org.openqa.selenium.By$ByXPath.findElement(By.java:361)
	at org.openqa.selenium.remote.RemoteWebDriver.findElement(RemoteWebDriver.java:360)
	at pageobjects.BaseObjectPage.getMessageOfEmptyFields(BaseObjectPage.java:214)
	at tests.About.ContactUsPageTests.badEmailChecking(ContactUsPageTests.java:53)
... Removed 32 stack frames</div></td></tr></table><p class="totop"><a href="#summary">back to summary</a></p><h3 id="m40">tests.About.ContactUsPageTests#emptyDataChecking</h3><table class="result"><tr><th>Exception</th></tr><tr><td><div class="stacktrace">org.openqa.selenium.NoSuchElementException: no such element: Unable to locate element: {&quot;method&quot;:&quot;xpath&quot;,&quot;selector&quot;:&quot;//div[@class=&apos;hs_contact-name field hs-form-field&apos;]//label[@class=&apos;visible&apos;]&quot;}
  (Session info: chrome=56.0.2924.87)
  (Driver info: chromedriver=2.27.440174 (e97a722caafc2d3a8b807ee115bfb307f7d2cfd9),platform=Mac OS X 10.11.6 x86_64) (WARNING: The server did not provide any stacktrace information)
Command duration or timeout: 10.01 seconds
For documentation on this error, please visit: http://seleniumhq.org/exceptions/no_such_element.html
Build info: version: &apos;3.0.1&apos;, revision: &apos;1969d75&apos;, time: &apos;2016-10-18 09:49:13 -0700&apos;
System info: host: &apos;100.lan0.mk.uz.ua&apos;, ip: &apos;192.168.0.100&apos;, os.name: &apos;Mac OS X&apos;, os.arch: &apos;x86_64&apos;, os.version: &apos;10.11.6&apos;, java.version: &apos;1.8.0_101&apos;
Driver info: org.openqa.selenium.chrome.ChromeDriver
Capabilities [{applicationCacheEnabled=false, rotatable=false, mobileEmulationEnabled=false, networkConnectionEnabled=false, chrome={chromedriverVersion=2.27.440174 (e97a722caafc2d3a8b807ee115bfb307f7d2cfd9), userDataDir=/var/folders/xp/hq6y__313mvbnpb2n5x7bzq00000gn/T/.org.chromium.Chromium.Sob7iZ}, takesHeapSnapshot=true, pageLoadStrategy=normal, databaseEnabled=false, handlesAlerts=true, hasTouchScreen=false, version=56.0.2924.87, platform=MAC, browserConnectionEnabled=false, nativeEvents=true, acceptSslCerts=true, locationContextEnabled=true, webStorageEnabled=true, browserName=chrome, takesScreenshot=true, javascriptEnabled=true, cssSelectorsEnabled=true, unexpectedAlertBehaviour=}]
Session ID: 1beb622eea297e206feeaf9f808e4104
*** Element info: {Using=xpath, value=//div[@class=&apos;hs_contact-name field hs-form-field&apos;]//label[@class=&apos;visible&apos;]}
	at org.openqa.selenium.remote.ErrorHandler.createThrowable(ErrorHandler.java:216)
	at org.openqa.selenium.remote.ErrorHandler.throwIfResponseFailed(ErrorHandler.java:168)
	at org.openqa.selenium.remote.RemoteWebDriver.execute(RemoteWebDriver.java:635)
	at org.openqa.selenium.remote.RemoteWebDriver.findElement(RemoteWebDriver.java:368)
	at org.openqa.selenium.remote.RemoteWebDriver.findElementByXPath(RemoteWebDriver.java:473)
	at org.openqa.selenium.By$ByXPath.findElement(By.java:361)
	at org.openqa.selenium.remote.RemoteWebDriver.findElement(RemoteWebDriver.java:360)
	at pageobjects.BaseObjectPage.getMessageOfEmptyFields(BaseObjectPage.java:214)
	at tests.About.ContactUsPageTests.emptyDataChecking(ContactUsPageTests.java:39)
... Removed 32 stack frames</div></td></tr></table><p class="totop"><a href="#summary">back to summary</a></p><h2>Our Story page checking</h2><h3 id="m41">tests.About.OurStory#checkingOurStoryPageAppears</h3><table class="result"></table><p class="totop"><a href="#summary">back to summary</a></p><h3 id="m42">tests.About.OurStory#checkingOurStoryThatElementsArePresent</h3><table class="result"></table><p class="totop"><a href="#summary">back to summary</a></p><h2>Team page checking</h2><h3 id="m43">tests.About.TeamTests#checkingOfEmployeeQuote</h3><table class="result"></table><p class="totop"><a href="#summary">back to summary</a></p><h2>HomePage checking</h2><h3 id="m44">tests.HomePageTests#sendingUpdatesToValidEmail</h3><table class="result"><tr><th>Exception</th></tr><tr><td><div class="stacktrace">org.openqa.selenium.NoSuchElementException: no such element: Unable to locate element: {&quot;method&quot;:&quot;xpath&quot;,&quot;selector&quot;:&quot;//div[@class=&apos;submitted-message&apos;]&quot;}
  (Session info: chrome=56.0.2924.87)
  (Driver info: chromedriver=2.27.440174 (e97a722caafc2d3a8b807ee115bfb307f7d2cfd9),platform=Mac OS X 10.11.6 x86_64) (WARNING: The server did not provide any stacktrace information)
Command duration or timeout: 10.03 seconds
For documentation on this error, please visit: http://seleniumhq.org/exceptions/no_such_element.html
Build info: version: &apos;3.0.1&apos;, revision: &apos;1969d75&apos;, time: &apos;2016-10-18 09:49:13 -0700&apos;
System info: host: &apos;100.lan0.mk.uz.ua&apos;, ip: &apos;192.168.0.100&apos;, os.name: &apos;Mac OS X&apos;, os.arch: &apos;x86_64&apos;, os.version: &apos;10.11.6&apos;, java.version: &apos;1.8.0_101&apos;
Driver info: org.openqa.selenium.chrome.ChromeDriver
Capabilities [{applicationCacheEnabled=false, rotatable=false, mobileEmulationEnabled=false, networkConnectionEnabled=false, chrome={chromedriverVersion=2.27.440174 (e97a722caafc2d3a8b807ee115bfb307f7d2cfd9), userDataDir=/var/folders/xp/hq6y__313mvbnpb2n5x7bzq00000gn/T/.org.chromium.Chromium.Sob7iZ}, takesHeapSnapshot=true, pageLoadStrategy=normal, databaseEnabled=false, handlesAlerts=true, hasTouchScreen=false, version=56.0.2924.87, platform=MAC, browserConnectionEnabled=false, nativeEvents=true, acceptSslCerts=true, locationContextEnabled=true, webStorageEnabled=true, browserName=chrome, takesScreenshot=true, javascriptEnabled=true, cssSelectorsEnabled=true, unexpectedAlertBehaviour=}]
Session ID: 1beb622eea297e206feeaf9f808e4104
*** Element info: {Using=xpath, value=//div[@class=&apos;submitted-message&apos;]}
	at org.openqa.selenium.remote.ErrorHandler.createThrowable(ErrorHandler.java:216)
	at org.openqa.selenium.remote.ErrorHandler.throwIfResponseFailed(ErrorHandler.java:168)
	at org.openqa.selenium.remote.RemoteWebDriver.execute(RemoteWebDriver.java:635)
	at org.openqa.selenium.remote.RemoteWebDriver.findElement(RemoteWebDriver.java:368)
	at org.openqa.selenium.remote.RemoteWebDriver.findElementByXPath(RemoteWebDriver.java:473)
	at org.openqa.selenium.By$ByXPath.findElement(By.java:361)
	at org.openqa.selenium.remote.RemoteWebDriver.findElement(RemoteWebDriver.java:360)
	at pageobjects.BaseObjectPage.getValidEmailMessage(BaseObjectPage.java:218)
	at tests.HomePageTests.sendingUpdatesToValidEmail(HomePageTests.java:193)
... Removed 31 stack frames</div></td></tr></table><p class="totop"><a href="#summary">back to summary</a></p><h3 id="m45">tests.HomePageTests#bottomMenuVerifying</h3><table class="result"></table><p class="totop"><a href="#summary">back to summary</a></p><h3 id="m46">tests.HomePageTests#emptyEmailAndClickRequestDemo</h3><table class="result"></table><p class="totop"><a href="#summary">back to summary</a></p><h3 id="m47">tests.HomePageTests#getStartedFreeChecking</h3><table class="result"></table><p class="totop"><a href="#summary">back to summary</a></p><h3 id="m48">tests.HomePageTests#movingToAboutMenu</h3><table class="result"></table><p class="totop"><a href="#summary">back to summary</a></p><h3 id="m49">tests.HomePageTests#movingToBlogMenu</h3><table class="result"></table><p class="totop"><a href="#summary">back to summary</a></p><h3 id="m50">tests.HomePageTests#movingToFeaturesFirstHalfMenu</h3><table class="result"></table><p class="totop"><a href="#summary">back to summary</a></p><h3 id="m51">tests.HomePageTests#movingToFeaturesSecondHalfMenu</h3><table class="result"></table><p class="totop"><a href="#summary">back to summary</a></p><h3 id="m52">tests.HomePageTests#notEmailFormatAndClickRequestDemo</h3><table class="result"></table><p class="totop"><a href="#summary">back to summary</a></p><h3 id="m53">tests.HomePageTests#scrollingToCueConnectBlog</h3><table class="result"></table><p class="totop"><a href="#summary">back to summary</a></p><h3 id="m54">tests.HomePageTests#scrollingToDriveEcommerce</h3><table class="result"></table><p class="totop"><a href="#summary">back to summary</a></p><h3 id="m55">tests.HomePageTests#scrollingToResources</h3><table class="result"></table><p class="totop"><a href="#summary">back to summary</a></p><h3 id="m56">tests.HomePageTests#scrollingToRetargetShoppers</h3><table class="result"></table><p class="totop"><a href="#summary">back to summary</a></p><h3 id="m57">tests.HomePageTests#scrollingToTransformTraffic</h3><table class="result"></table><p class="totop"><a href="#summary">back to summary</a></p><h3 id="m58">tests.HomePageTests#sendingUpdatesEmptyEmail</h3><table class="result"></table><p class="totop"><a href="#summary">back to summary</a></p><h3 id="m59">tests.HomePageTests#sendingUpdatesIncorrectEmail</h3><table class="result"></table><p class="totop"><a href="#summary">back to summary</a></p><h3 id="m60">tests.HomePageTests#sendingUpdatesIncorrectEmailWithAt</h3><table class="result"></table><p class="totop"><a href="#summary">back to summary</a></p><h3 id="m61">tests.HomePageTests#singleClickOnLoginTopMenuItems</h3><table class="result"></table><p class="totop"><a href="#summary">back to summary</a></p><h3 id="m62">tests.HomePageTests#singleClickOnTopMenuItems</h3><table class="result"></table><p class="totop"><a href="#summary">back to summary</a></p><h3 id="m63">tests.HomePageTests#typingValidEmailAndClickRequestDemo</h3><table class="result"></table><p class="totop"><a href="#summary">back to summary</a></p><h2>Features page checking</h2><h3 id="m64">tests.FeaturesPageTests#scrollingToEachSection</h3><table class="result"><tr><th>Exception</th></tr><tr><td><div class="stacktrace">org.openqa.selenium.NoSuchElementException: no such element: Unable to locate element: {&quot;method&quot;:&quot;xpath&quot;,&quot;selector&quot;:&quot;//img[@width=639][@height=412]&quot;}
  (Session info: chrome=56.0.2924.87)
  (Driver info: chromedriver=2.27.440174 (e97a722caafc2d3a8b807ee115bfb307f7d2cfd9),platform=Mac OS X 10.11.6 x86_64) (WARNING: The server did not provide any stacktrace information)
Command duration or timeout: 10.02 seconds
For documentation on this error, please visit: http://seleniumhq.org/exceptions/no_such_element.html
Build info: version: &apos;3.0.1&apos;, revision: &apos;1969d75&apos;, time: &apos;2016-10-18 09:49:13 -0700&apos;
System info: host: &apos;100.lan0.mk.uz.ua&apos;, ip: &apos;192.168.0.100&apos;, os.name: &apos;Mac OS X&apos;, os.arch: &apos;x86_64&apos;, os.version: &apos;10.11.6&apos;, java.version: &apos;1.8.0_101&apos;
Driver info: org.openqa.selenium.chrome.ChromeDriver
Capabilities [{applicationCacheEnabled=false, rotatable=false, mobileEmulationEnabled=false, networkConnectionEnabled=false, chrome={chromedriverVersion=2.27.440174 (e97a722caafc2d3a8b807ee115bfb307f7d2cfd9), userDataDir=/var/folders/xp/hq6y__313mvbnpb2n5x7bzq00000gn/T/.org.chromium.Chromium.Sob7iZ}, takesHeapSnapshot=true, pageLoadStrategy=normal, databaseEnabled=false, handlesAlerts=true, hasTouchScreen=false, version=56.0.2924.87, platform=MAC, browserConnectionEnabled=false, nativeEvents=true, acceptSslCerts=true, locationContextEnabled=true, webStorageEnabled=true, browserName=chrome, takesScreenshot=true, javascriptEnabled=true, cssSelectorsEnabled=true, unexpectedAlertBehaviour=}]
Session ID: 1beb622eea297e206feeaf9f808e4104
*** Element info: {Using=xpath, value=//img[@width=639][@height=412]}
	at org.openqa.selenium.remote.ErrorHandler.createThrowable(ErrorHandler.java:216)
	at org.openqa.selenium.remote.ErrorHandler.throwIfResponseFailed(ErrorHandler.java:168)
	at org.openqa.selenium.remote.RemoteWebDriver.execute(RemoteWebDriver.java:635)
	at org.openqa.selenium.remote.RemoteWebDriver.findElement(RemoteWebDriver.java:368)
	at org.openqa.selenium.remote.RemoteWebDriver.findElementByXPath(RemoteWebDriver.java:473)
	at org.openqa.selenium.By$ByXPath.findElement(By.java:361)
	at org.openqa.selenium.remote.RemoteWebDriver.findElement(RemoteWebDriver.java:360)
	at pageobjects.BaseObjectPage.getPageImage(BaseObjectPage.java:162)
	at pageobjects.FeaturesPage.scrollAndVerifyEachElement(FeaturesPage.java:38)
	at tests.FeaturesPageTests.scrollingToEachSection(FeaturesPageTests.java:54)
... Removed 31 stack frames</div></td></tr></table><p class="totop"><a href="#summary">back to summary</a></p><h3 id="m65">tests.FeaturesPageTests#openingFeaturesPageAndClickOnRequestDemo</h3><table class="result"></table><p class="totop"><a href="#summary">back to summary</a></p><h3 id="m66">tests.FeaturesPageTests#openingSecondRequestDemoButton</h3><table class="result"></table><p class="totop"><a href="#summary">back to summary</a></p><h3 id="m67">tests.FeaturesPageTests#openingThirdRequestDemoButton</h3><table class="result"></table><p class="totop"><a href="#summary">back to summary</a></p><h2>RequestDemoPage page checking</h2><h3 id="m68">tests.RequestDemoTests#requestDemoEmptyRequiredFieldsOpening</h3><table class="result"><tr><th>Exception</th></tr><tr><td><div class="stacktrace">org.openqa.selenium.NoSuchElementException: no such element: Unable to locate element: {&quot;method&quot;:&quot;xpath&quot;,&quot;selector&quot;:&quot;//div[@class=&apos;hs_firstname field hs-form-field&apos;]//label[@class=&apos;visible&apos;]&quot;}
  (Session info: chrome=56.0.2924.87)
  (Driver info: chromedriver=2.27.440174 (e97a722caafc2d3a8b807ee115bfb307f7d2cfd9),platform=Mac OS X 10.11.6 x86_64) (WARNING: The server did not provide any stacktrace information)
Command duration or timeout: 10.03 seconds
For documentation on this error, please visit: http://seleniumhq.org/exceptions/no_such_element.html
Build info: version: &apos;3.0.1&apos;, revision: &apos;1969d75&apos;, time: &apos;2016-10-18 09:49:13 -0700&apos;
System info: host: &apos;100.lan0.mk.uz.ua&apos;, ip: &apos;192.168.0.100&apos;, os.name: &apos;Mac OS X&apos;, os.arch: &apos;x86_64&apos;, os.version: &apos;10.11.6&apos;, java.version: &apos;1.8.0_101&apos;
Driver info: org.openqa.selenium.chrome.ChromeDriver
Capabilities [{applicationCacheEnabled=false, rotatable=false, mobileEmulationEnabled=false, networkConnectionEnabled=false, chrome={chromedriverVersion=2.27.440174 (e97a722caafc2d3a8b807ee115bfb307f7d2cfd9), userDataDir=/var/folders/xp/hq6y__313mvbnpb2n5x7bzq00000gn/T/.org.chromium.Chromium.Sob7iZ}, takesHeapSnapshot=true, pageLoadStrategy=normal, databaseEnabled=false, handlesAlerts=true, hasTouchScreen=false, version=56.0.2924.87, platform=MAC, browserConnectionEnabled=false, nativeEvents=true, acceptSslCerts=true, locationContextEnabled=true, webStorageEnabled=true, browserName=chrome, takesScreenshot=true, javascriptEnabled=true, cssSelectorsEnabled=true, unexpectedAlertBehaviour=}]
Session ID: 1beb622eea297e206feeaf9f808e4104
*** Element info: {Using=xpath, value=//div[@class=&apos;hs_firstname field hs-form-field&apos;]//label[@class=&apos;visible&apos;]}
	at org.openqa.selenium.remote.ErrorHandler.createThrowable(ErrorHandler.java:216)
	at org.openqa.selenium.remote.ErrorHandler.throwIfResponseFailed(ErrorHandler.java:168)
	at org.openqa.selenium.remote.RemoteWebDriver.execute(RemoteWebDriver.java:635)
	at org.openqa.selenium.remote.RemoteWebDriver.findElement(RemoteWebDriver.java:368)
	at org.openqa.selenium.remote.RemoteWebDriver.findElementByXPath(RemoteWebDriver.java:473)
	at org.openqa.selenium.By$ByXPath.findElement(By.java:361)
	at org.openqa.selenium.remote.RemoteWebDriver.findElement(RemoteWebDriver.java:360)
	at pageobjects.BaseObjectPage.getMessageOfEmptyFields(BaseObjectPage.java:214)
	at tests.RequestDemoTests.requestDemoEmptyRequiredFieldsOpening(RequestDemoTests.java:23)
... Removed 31 stack frames</div></td></tr></table><p class="totop"><a href="#summary">back to summary</a></p><h3 id="m69">tests.RequestDemoTests#emailFieldValidations</h3><table class="result"></table><p class="totop"><a href="#summary">back to summary</a></p><h3 id="m70">tests.RequestDemoTests#phoneNumberFieldValidations</h3><table class="result"></table><p class="totop"><a href="#summary">back to summary</a></p><h3 id="m71">tests.RequestDemoTests#sendingFormWithValidData</h3><table class="result"></table><p class="totop"><a href="#summary">back to summary</a></p><h2>Login page checking</h2><h3 id="m72">tests.LoginPageTests#forgotPasswordDoenMatchEmails</h3><table class="result"><tr><th>Exception</th></tr><tr><td><div class="stacktrace">java.lang.AssertionError: expected [Please confirm your email] but found [Emails don&apos;t match]
	at tests.LoginPageTests.forgotPasswordDoenMatchEmails(LoginPageTests.java:79)
... Removed 34 stack frames</div></td></tr></table><p class="totop"><a href="#summary">back to summary</a></p><h3 id="m73">tests.LoginPageTests#correctLogin</h3><table class="result"></table><p class="totop"><a href="#summary">back to summary</a></p><h3 id="m74">tests.LoginPageTests#forgotPasswordEmptyFields</h3><table class="result"></table><p class="totop"><a href="#summary">back to summary</a></p><h3 id="m75">tests.LoginPageTests#forgotPasswordWrongEmail</h3><table class="result"></table><p class="totop"><a href="#summary">back to summary</a></p><h3 id="m76">tests.LoginPageTests#loginCheckEmptyFields</h3><table class="result"></table><p class="totop"><a href="#summary">back to summary</a></p><h3 id="m77">tests.LoginPageTests#loginFormCheckingWrongEmail</h3><table class="result"></table><p class="totop"><a href="#summary">back to summary</a></p></body></html>