<!DOCTYPE html>

<html>
  <head>
  <meta charset='utf-8'>
  <title>TestNG reports</title>

    <link type="text/css" href="testng-reports.css" rel="stylesheet" />  
    <script type="text/javascript" src="jquery-1.7.1.min.js"></script>
    <script type="text/javascript" src="testng-reports.js"></script>
    <script type="text/javascript" src="https://www.google.com/jsapi"></script>
    <script type='text/javascript'>
      google.load('visualization', '1', {packages:['table']});
      google.setOnLoadCallback(drawTable);
      var suiteTableInitFunctions = new Array();
      var suiteTableData = new Array();
    </script>
    <!--
      <script type="text/javascript" src="jquery-ui/js/jquery-ui-1.8.16.custom.min.js"></script>
     -->
  </head>

  <body>
    <div class="top-banner-root">
      <span class="top-banner-title-font">Test results</span>
      <br/>
      <span class="top-banner-font-1">2 suites, 1 failed test</span>
    </div> <!-- top-banner-root -->
    <div class="navigator-root">
      <div class="navigator-suite-header">
        <span>All suites</span>
        <a href="#" class="collapse-all-link" title="Collapse/expand all the suites">
          <img class="collapse-all-icon" src="collapseall.gif">
          </img> <!-- collapse-all-icon -->
        </a> <!-- collapse-all-link -->
      </div> <!-- navigator-suite-header -->
      <div class="suite">
        <div class="rounded-window">
          <div class="suite-header light-rounded-window-top">
            <a href="#" class="navigator-link" panel-name="suite-All_tests_(0)">
              <span class="suite-name border-skipped">All tests (0)</span>
            </a> <!-- navigator-link -->
          </div> <!-- suite-header light-rounded-window-top -->
          <div class="navigator-suite-content">
            <div class="suite-section-title">
              <span>Info</span>
            </div> <!-- suite-section-title -->
            <div class="suite-section-content">
              <ul>
                <li>
                  <a href="#" class="navigator-link " panel-name="test-xml-All_tests_(0)">
                    <span>nexus6.xml</span>
                  </a> <!-- navigator-link  -->
                </li>
                <li>
                  <a href="#" class="navigator-link " panel-name="testlist-All_tests_(0)">
                    <span class="test-stats">11 tests</span>
                  </a> <!-- navigator-link  -->
                </li>
                <li>
                  <a href="#" class="navigator-link " panel-name="group-All_tests_(0)">
                    <span>3 groups</span>
                  </a> <!-- navigator-link  -->
                </li>
                <li>
                  <a href="#" class="navigator-link " panel-name="times-All_tests_(0)">
                    <span>Times</span>
                  </a> <!-- navigator-link  -->
                </li>
                <li>
                  <a href="#" class="navigator-link " panel-name="reporter-All_tests_(0)">
                    <span>Reporter output</span>
                  </a> <!-- navigator-link  -->
                </li>
                <li>
                  <a href="#" class="navigator-link " panel-name="ignored-methods-All_tests_(0)">
                    <span>Ignored methods</span>
                  </a> <!-- navigator-link  -->
                </li>
                <li>
                  <a href="#" class="navigator-link " panel-name="chronological-All_tests_(0)">
                    <span>Chronological view</span>
                  </a> <!-- navigator-link  -->
                </li>
              </ul>
            </div> <!-- suite-section-content -->
            <div class="result-section">
              <div class="suite-section-title">
                <span>Results</span>
              </div> <!-- suite-section-title -->
              <div class="suite-section-content">
                <ul>
                  <li>
                    <span class="method-stats">47 methods,  47 skipped,  </span>
                  </li>
                  <li>
                    <span class="method-list-title skipped">Skipped methods</span>
                    <span class="show-or-hide-methods skipped">
                      <a href="#" panel-name="suite-All_tests_(0)" class="hide-methods skipped suite-All_tests_(0)"> (hide)</a> <!-- hide-methods skipped suite-All_tests_(0) -->
                      <a href="#" panel-name="suite-All_tests_(0)" class="show-methods skipped suite-All_tests_(0)"> (show)</a> <!-- show-methods skipped suite-All_tests_(0) -->
                    </span>
                    <div class="method-list-content skipped suite-All_tests_(0)">
                      <span>
                        <img width="3%" src="skipped.png"/>
                        <a href="#" class="method navigator-link" panel-name="suite-All_tests_(0)" title="tests.About.ContactUsPageTests" hash-for-method="badEmailChecking">badEmailChecking</a> <!-- method navigator-link -->
                      </span>
                      <br/>
                      <span>
                        <img width="3%" src="skipped.png"/>
                        <a href="#" class="method navigator-link" panel-name="suite-All_tests_(0)" title="tests.HomePageTests" hash-for-method="bottomMenuVerifying">bottomMenuVerifying</a> <!-- method navigator-link -->
                      </span>
                      <br/>
                      <span>
                        <img width="3%" src="skipped.png"/>
                        <a href="#" class="method navigator-link" panel-name="suite-All_tests_(0)" title="tests.HomePageTests" hash-for-method="bscrollingToResources">bscrollingToResources</a> <!-- method navigator-link -->
                      </span>
                      <br/>
                      <span>
                        <img width="3%" src="skipped.png"/>
                        <a href="#" class="method navigator-link" panel-name="suite-All_tests_(0)" title="tests.HomePageTests" hash-for-method="bscrollingToTransformTraffic">bscrollingToTransformTraffic</a> <!-- method navigator-link -->
                      </span>
                      <br/>
                      <span>
                        <img width="3%" src="skipped.png"/>
                        <a href="#" class="method navigator-link" panel-name="suite-All_tests_(0)" title="tests.About.CareersTests" hash-for-method="checkElementsArePresent">checkElementsArePresent</a> <!-- method navigator-link -->
                      </span>
                      <br/>
                      <span>
                        <img width="3%" src="skipped.png"/>
                        <a href="#" class="method navigator-link" panel-name="suite-All_tests_(0)" title="tests.About.PressTests" hash-for-method="checkinReadMoreLink">checkinReadMoreLink</a> <!-- method navigator-link -->
                      </span>
                      <br/>
                      <span>
                        <img width="3%" src="skipped.png"/>
                        <a href="#" class="method navigator-link" panel-name="suite-All_tests_(0)" title="tests.About.TeamTests" hash-for-method="checkingOfEmployeeQuote">checkingOfEmployeeQuote</a> <!-- method navigator-link -->
                      </span>
                      <br/>
                      <span>
                        <img width="3%" src="skipped.png"/>
                        <a href="#" class="method navigator-link" panel-name="suite-All_tests_(0)" title="tests.About.OurStory" hash-for-method="checkingOurStoryPageAppears">checkingOurStoryPageAppears</a> <!-- method navigator-link -->
                      </span>
                      <br/>
                      <span>
                        <img width="3%" src="skipped.png"/>
                        <a href="#" class="method navigator-link" panel-name="suite-All_tests_(0)" title="tests.About.OurStory" hash-for-method="checkingOurStoryThatElementsArePresent">checkingOurStoryThatElementsArePresent</a> <!-- method navigator-link -->
                      </span>
                      <br/>
                      <span>
                        <img width="3%" src="skipped.png"/>
                        <a href="#" class="method navigator-link" panel-name="suite-All_tests_(0)" title="tests.About.PressTests" hash-for-method="chekingStyleGuide">chekingStyleGuide</a> <!-- method navigator-link -->
                      </span>
                      <br/>
                      <span>
                        <img width="3%" src="skipped.png"/>
                        <a href="#" class="method navigator-link" panel-name="suite-All_tests_(0)" title="tests.Blog.BlogMainPageTests" hash-for-method="clickingOnAuthorChecking">clickingOnAuthorChecking</a> <!-- method navigator-link -->
                      </span>
                      <br/>
                      <span>
                        <img width="3%" src="skipped.png"/>
                        <a href="#" class="method navigator-link" panel-name="suite-All_tests_(0)" title="tests.Blog.BlogMainPageTests" hash-for-method="clickingOnTagChecking">clickingOnTagChecking</a> <!-- method navigator-link -->
                      </span>
                      <br/>
                      <span>
                        <img width="3%" src="skipped.png"/>
                        <a href="#" class="method navigator-link" panel-name="suite-All_tests_(0)" title="tests.LoginPageTests" hash-for-method="correctLogin">correctLogin</a> <!-- method navigator-link -->
                      </span>
                      <br/>
                      <span>
                        <img width="3%" src="skipped.png"/>
                        <a href="#" class="method navigator-link" panel-name="suite-All_tests_(0)" title="tests.About.PressTests" hash-for-method="downloadLinkCheckingIconBlack">downloadLinkCheckingIconBlack</a> <!-- method navigator-link -->
                      </span>
                      <br/>
                      <span>
                        <img width="3%" src="skipped.png"/>
                        <a href="#" class="method navigator-link" panel-name="suite-All_tests_(0)" title="tests.About.PressTests" hash-for-method="downloadLinkCheckingLogo">downloadLinkCheckingLogo</a> <!-- method navigator-link -->
                      </span>
                      <br/>
                      <span>
                        <img width="3%" src="skipped.png"/>
                        <a href="#" class="method navigator-link" panel-name="suite-All_tests_(0)" title="tests.About.PressTests" hash-for-method="downloadLinkCheckingLogoBlack">downloadLinkCheckingLogoBlack</a> <!-- method navigator-link -->
                      </span>
                      <br/>
                      <span>
                        <img width="3%" src="skipped.png"/>
                        <a href="#" class="method navigator-link" panel-name="suite-All_tests_(0)" title="tests.About.PressTests" hash-for-method="downloadLinkCheckingLogoVertical">downloadLinkCheckingLogoVertical</a> <!-- method navigator-link -->
                      </span>
                      <br/>
                      <span>
                        <img width="3%" src="skipped.png"/>
                        <a href="#" class="method navigator-link" panel-name="suite-All_tests_(0)" title="tests.RequestDemoTests" hash-for-method="emailFieldValidations">emailFieldValidations</a> <!-- method navigator-link -->
                      </span>
                      <br/>
                      <span>
                        <img width="3%" src="skipped.png"/>
                        <a href="#" class="method navigator-link" panel-name="suite-All_tests_(0)" title="tests.About.ContactUsPageTests" hash-for-method="emptyDataChecking">emptyDataChecking</a> <!-- method navigator-link -->
                      </span>
                      <br/>
                      <span>
                        <img width="3%" src="skipped.png"/>
                        <a href="#" class="method navigator-link" panel-name="suite-All_tests_(0)" title="tests.HomePageTests" hash-for-method="emptyEmailAndClickRequestDemo">emptyEmailAndClickRequestDemo</a> <!-- method navigator-link -->
                      </span>
                      <br/>
                      <span>
                        <img width="3%" src="skipped.png"/>
                        <a href="#" class="method navigator-link" panel-name="suite-All_tests_(0)" title="tests.LoginPageTests" hash-for-method="forgotPasswordEmptyFields">forgotPasswordEmptyFields</a> <!-- method navigator-link -->
                      </span>
                      <br/>
                      <span>
                        <img width="3%" src="skipped.png"/>
                        <a href="#" class="method navigator-link" panel-name="suite-All_tests_(0)" title="tests.LoginPageTests" hash-for-method="forgotPasswordWrongEmail">forgotPasswordWrongEmail</a> <!-- method navigator-link -->
                      </span>
                      <br/>
                      <span>
                        <img width="3%" src="skipped.png"/>
                        <a href="#" class="method navigator-link" panel-name="suite-All_tests_(0)" title="tests.HomePageTests" hash-for-method="getStartedFreeChecking">getStartedFreeChecking</a> <!-- method navigator-link -->
                      </span>
                      <br/>
                      <span>
                        <img width="3%" src="skipped.png"/>
                        <a href="#" class="method navigator-link" panel-name="suite-All_tests_(0)" title="tests.Blog.BlogMainPageTests" hash-for-method="goingToCommentsSectionByClickOnClickHereLink">goingToCommentsSectionByClickOnClickHereLink</a> <!-- method navigator-link -->
                      </span>
                      <br/>
                      <span>
                        <img width="3%" src="skipped.png"/>
                        <a href="#" class="method navigator-link" panel-name="suite-All_tests_(0)" title="tests.LoginPageTests" hash-for-method="loginCheckEmptyFields">loginCheckEmptyFields</a> <!-- method navigator-link -->
                      </span>
                      <br/>
                      <span>
                        <img width="3%" src="skipped.png"/>
                        <a href="#" class="method navigator-link" panel-name="suite-All_tests_(0)" title="tests.LoginPageTests" hash-for-method="loginFormCheckingWrongEmail">loginFormCheckingWrongEmail</a> <!-- method navigator-link -->
                      </span>
                      <br/>
                      <span>
                        <img width="3%" src="skipped.png"/>
                        <a href="#" class="method navigator-link" panel-name="suite-All_tests_(0)" title="tests.HomePageTests" hash-for-method="notEmailFormatAndClickRequestDemo">notEmailFormatAndClickRequestDemo</a> <!-- method navigator-link -->
                      </span>
                      <br/>
                      <span>
                        <img width="3%" src="skipped.png"/>
                        <a href="#" class="method navigator-link" panel-name="suite-All_tests_(0)" title="tests.FeaturesPageTests" hash-for-method="openingFeaturesPageAndClickOnRequestDemo">openingFeaturesPageAndClickOnRequestDemo</a> <!-- method navigator-link -->
                      </span>
                      <br/>
                      <span>
                        <img width="3%" src="skipped.png"/>
                        <a href="#" class="method navigator-link" panel-name="suite-All_tests_(0)" title="tests.BenefitsPageTests" hash-for-method="openingPageAndClickOnRequestDemo">openingPageAndClickOnRequestDemo</a> <!-- method navigator-link -->
                      </span>
                      <br/>
                      <span>
                        <img width="3%" src="skipped.png"/>
                        <a href="#" class="method navigator-link" panel-name="suite-All_tests_(0)" title="tests.Blog.BlogMainPageTests" hash-for-method="openingPostByClickOnReadThisPostBtn">openingPostByClickOnReadThisPostBtn</a> <!-- method navigator-link -->
                      </span>
                      <br/>
                      <span>
                        <img width="3%" src="skipped.png"/>
                        <a href="#" class="method navigator-link" panel-name="suite-All_tests_(0)" title="tests.FeaturesPageTests" hash-for-method="openingSecondRequestDemoButton">openingSecondRequestDemoButton</a> <!-- method navigator-link -->
                      </span>
                      <br/>
                      <span>
                        <img width="3%" src="skipped.png"/>
                        <a href="#" class="method navigator-link" panel-name="suite-All_tests_(0)" title="tests.FeaturesPageTests" hash-for-method="openingThirdRequestDemoButton">openingThirdRequestDemoButton</a> <!-- method navigator-link -->
                      </span>
                      <br/>
                      <span>
                        <img width="3%" src="skipped.png"/>
                        <a href="#" class="method navigator-link" panel-name="suite-All_tests_(0)" title="tests.About.CareersTests" hash-for-method="openingVacancyAndSendingEmptyForm">openingVacancyAndSendingEmptyForm</a> <!-- method navigator-link -->
                      </span>
                      <br/>
                      <span>
                        <img width="3%" src="skipped.png"/>
                        <a href="#" class="method navigator-link" panel-name="suite-All_tests_(0)" title="tests.RequestDemoTests" hash-for-method="phoneNumberFieldValidations">phoneNumberFieldValidations</a> <!-- method navigator-link -->
                      </span>
                      <br/>
                      <span>
                        <img width="3%" src="skipped.png"/>
                        <a href="#" class="method navigator-link" panel-name="suite-All_tests_(0)" title="tests.RequestDemoTests" hash-for-method="requestDemoEmptyRequiredFieldsOpening">requestDemoEmptyRequiredFieldsOpening</a> <!-- method navigator-link -->
                      </span>
                      <br/>
                      <span>
                        <img width="3%" src="skipped.png"/>
                        <a href="#" class="method navigator-link" panel-name="suite-All_tests_(0)" title="tests.BenefitsPageTests" hash-for-method="scrollingDownAndVerifyingPresenceOfElements">scrollingDownAndVerifyingPresenceOfElements</a> <!-- method navigator-link -->
                      </span>
                      <br/>
                      <span>
                        <img width="3%" src="skipped.png"/>
                        <a href="#" class="method navigator-link" panel-name="suite-All_tests_(0)" title="tests.HomePageTests" hash-for-method="scrollingToCueConnectBlog">scrollingToCueConnectBlog</a> <!-- method navigator-link -->
                      </span>
                      <br/>
                      <span>
                        <img width="3%" src="skipped.png"/>
                        <a href="#" class="method navigator-link" panel-name="suite-All_tests_(0)" title="tests.HomePageTests" hash-for-method="scrollingToDriveEcommerce">scrollingToDriveEcommerce</a> <!-- method navigator-link -->
                      </span>
                      <br/>
                      <span>
                        <img width="3%" src="skipped.png"/>
                        <a href="#" class="method navigator-link" panel-name="suite-All_tests_(0)" title="tests.FeaturesPageTests" hash-for-method="scrollingToEachSection">scrollingToEachSection</a> <!-- method navigator-link -->
                      </span>
                      <br/>
                      <span>
                        <img width="3%" src="skipped.png"/>
                        <a href="#" class="method navigator-link" panel-name="suite-All_tests_(0)" title="tests.HomePageTests" hash-for-method="scrollingToRetargetShoppers">scrollingToRetargetShoppers</a> <!-- method navigator-link -->
                      </span>
                      <br/>
                      <span>
                        <img width="3%" src="skipped.png"/>
                        <a href="#" class="method navigator-link" panel-name="suite-All_tests_(0)" title="tests.RequestDemoTests" hash-for-method="sendingFormWithValidData">sendingFormWithValidData</a> <!-- method navigator-link -->
                      </span>
                      <br/>
                      <span>
                        <img width="3%" src="skipped.png"/>
                        <a href="#" class="method navigator-link" panel-name="suite-All_tests_(0)" title="tests.HomePageTests" hash-for-method="sendingUpdatesEmptyEmail">sendingUpdatesEmptyEmail</a> <!-- method navigator-link -->
                      </span>
                      <br/>
                      <span>
                        <img width="3%" src="skipped.png"/>
                        <a href="#" class="method navigator-link" panel-name="suite-All_tests_(0)" title="tests.HomePageTests" hash-for-method="sendingUpdatesIncorrectEmail">sendingUpdatesIncorrectEmail</a> <!-- method navigator-link -->
                      </span>
                      <br/>
                      <span>
                        <img width="3%" src="skipped.png"/>
                        <a href="#" class="method navigator-link" panel-name="suite-All_tests_(0)" title="tests.HomePageTests" hash-for-method="sendingUpdatesIncorrectEmailWithAt">sendingUpdatesIncorrectEmailWithAt</a> <!-- method navigator-link -->
                      </span>
                      <br/>
                      <span>
                        <img width="3%" src="skipped.png"/>
                        <a href="#" class="method navigator-link" panel-name="suite-All_tests_(0)" title="tests.HomePageTests" hash-for-method="sendingUpdatesToValidEmail">sendingUpdatesToValidEmail</a> <!-- method navigator-link -->
                      </span>
                      <br/>
                      <span>
                        <img width="3%" src="skipped.png"/>
                        <a href="#" class="method navigator-link" panel-name="suite-All_tests_(0)" title="tests.HomePageTests" hash-for-method="typingValidEmailAndClickRequestDemo">typingValidEmailAndClickRequestDemo</a> <!-- method navigator-link -->
                      </span>
                      <br/>
                      <span>
                        <img width="3%" src="skipped.png"/>
                        <a href="#" class="method navigator-link" panel-name="suite-All_tests_(0)" title="tests.HomePageTests" hash-for-method="videoOpening">videoOpening</a> <!-- method navigator-link -->
                      </span>
                      <br/>
                    </div> <!-- method-list-content skipped suite-All_tests_(0) -->
                  </li>
                </ul>
              </div> <!-- suite-section-content -->
            </div> <!-- result-section -->
          </div> <!-- navigator-suite-content -->
        </div> <!-- rounded-window -->
      </div> <!-- suite -->
      <div class="suite">
        <div class="rounded-window">
          <div class="suite-header light-rounded-window-top">
            <a href="#" class="navigator-link" panel-name="suite-All_tests">
              <span class="suite-name border-failed">All tests</span>
            </a> <!-- navigator-link -->
          </div> <!-- suite-header light-rounded-window-top -->
          <div class="navigator-suite-content">
            <div class="suite-section-title">
              <span>Info</span>
            </div> <!-- suite-section-title -->
            <div class="suite-section-content">
              <ul>
                <li>
                  <a href="#" class="navigator-link " panel-name="test-xml-All_tests">
                    <span>iphone7.xml</span>
                  </a> <!-- navigator-link  -->
                </li>
                <li>
                  <a href="#" class="navigator-link " panel-name="testlist-All_tests">
                    <span class="test-stats">11 tests</span>
                  </a> <!-- navigator-link  -->
                </li>
                <li>
                  <a href="#" class="navigator-link " panel-name="group-All_tests">
                    <span>3 groups</span>
                  </a> <!-- navigator-link  -->
                </li>
                <li>
                  <a href="#" class="navigator-link " panel-name="times-All_tests">
                    <span>Times</span>
                  </a> <!-- navigator-link  -->
                </li>
                <li>
                  <a href="#" class="navigator-link " panel-name="reporter-All_tests">
                    <span>Reporter output</span>
                  </a> <!-- navigator-link  -->
                </li>
                <li>
                  <a href="#" class="navigator-link " panel-name="ignored-methods-All_tests">
                    <span>Ignored methods</span>
                  </a> <!-- navigator-link  -->
                </li>
                <li>
                  <a href="#" class="navigator-link " panel-name="chronological-All_tests">
                    <span>Chronological view</span>
                  </a> <!-- navigator-link  -->
                </li>
              </ul>
            </div> <!-- suite-section-content -->
            <div class="result-section">
              <div class="suite-section-title">
                <span>Results</span>
              </div> <!-- suite-section-title -->
              <div class="suite-section-content">
                <ul>
                  <li>
                    <span class="method-stats">47 methods, 1 failed,   46 passed</span>
                  </li>
                  <li>
                    <span class="method-list-title failed">Failed methods</span>
                    <span class="show-or-hide-methods failed">
                      <a href="#" panel-name="suite-All_tests" class="hide-methods failed suite-All_tests"> (hide)</a> <!-- hide-methods failed suite-All_tests -->
                      <a href="#" panel-name="suite-All_tests" class="show-methods failed suite-All_tests"> (show)</a> <!-- show-methods failed suite-All_tests -->
                    </span>
                    <div class="method-list-content failed suite-All_tests">
                      <span>
                        <img width="3%" src="failed.png"/>
                        <a href="#" class="method navigator-link" panel-name="suite-All_tests" title="tests.HomePageTests" hash-for-method="bottomMenuVerifying">bottomMenuVerifying</a> <!-- method navigator-link -->
                      </span>
                      <br/>
                    </div> <!-- method-list-content failed suite-All_tests -->
                  </li>
                  <li>
                    <span class="method-list-title passed">Passed methods</span>
                    <span class="show-or-hide-methods passed">
                      <a href="#" panel-name="suite-All_tests" class="hide-methods passed suite-All_tests"> (hide)</a> <!-- hide-methods passed suite-All_tests -->
                      <a href="#" panel-name="suite-All_tests" class="show-methods passed suite-All_tests"> (show)</a> <!-- show-methods passed suite-All_tests -->
                    </span>
                    <div class="method-list-content passed suite-All_tests">
                      <span>
                        <img width="3%" src="passed.png"/>
                        <a href="#" class="method navigator-link" panel-name="suite-All_tests" title="tests.About.ContactUsPageTests" hash-for-method="badEmailChecking">badEmailChecking</a> <!-- method navigator-link -->
                      </span>
                      <br/>
                      <span>
                        <img width="3%" src="passed.png"/>
                        <a href="#" class="method navigator-link" panel-name="suite-All_tests" title="tests.HomePageTests" hash-for-method="bscrollingToResources">bscrollingToResources</a> <!-- method navigator-link -->
                      </span>
                      <br/>
                      <span>
                        <img width="3%" src="passed.png"/>
                        <a href="#" class="method navigator-link" panel-name="suite-All_tests" title="tests.HomePageTests" hash-for-method="bscrollingToTransformTraffic">bscrollingToTransformTraffic</a> <!-- method navigator-link -->
                      </span>
                      <br/>
                      <span>
                        <img width="3%" src="passed.png"/>
                        <a href="#" class="method navigator-link" panel-name="suite-All_tests" title="tests.About.CareersTests" hash-for-method="checkElementsArePresent">checkElementsArePresent</a> <!-- method navigator-link -->
                      </span>
                      <br/>
                      <span>
                        <img width="3%" src="passed.png"/>
                        <a href="#" class="method navigator-link" panel-name="suite-All_tests" title="tests.About.PressTests" hash-for-method="checkinReadMoreLink">checkinReadMoreLink</a> <!-- method navigator-link -->
                      </span>
                      <br/>
                      <span>
                        <img width="3%" src="passed.png"/>
                        <a href="#" class="method navigator-link" panel-name="suite-All_tests" title="tests.About.TeamTests" hash-for-method="checkingOfEmployeeQuote">checkingOfEmployeeQuote</a> <!-- method navigator-link -->
                      </span>
                      <br/>
                      <span>
                        <img width="3%" src="passed.png"/>
                        <a href="#" class="method navigator-link" panel-name="suite-All_tests" title="tests.About.OurStory" hash-for-method="checkingOurStoryPageAppears">checkingOurStoryPageAppears</a> <!-- method navigator-link -->
                      </span>
                      <br/>
                      <span>
                        <img width="3%" src="passed.png"/>
                        <a href="#" class="method navigator-link" panel-name="suite-All_tests" title="tests.About.OurStory" hash-for-method="checkingOurStoryThatElementsArePresent">checkingOurStoryThatElementsArePresent</a> <!-- method navigator-link -->
                      </span>
                      <br/>
                      <span>
                        <img width="3%" src="passed.png"/>
                        <a href="#" class="method navigator-link" panel-name="suite-All_tests" title="tests.About.PressTests" hash-for-method="chekingStyleGuide">chekingStyleGuide</a> <!-- method navigator-link -->
                      </span>
                      <br/>
                      <span>
                        <img width="3%" src="passed.png"/>
                        <a href="#" class="method navigator-link" panel-name="suite-All_tests" title="tests.Blog.BlogMainPageTests" hash-for-method="clickingOnAuthorChecking">clickingOnAuthorChecking</a> <!-- method navigator-link -->
                      </span>
                      <br/>
                      <span>
                        <img width="3%" src="passed.png"/>
                        <a href="#" class="method navigator-link" panel-name="suite-All_tests" title="tests.Blog.BlogMainPageTests" hash-for-method="clickingOnTagChecking">clickingOnTagChecking</a> <!-- method navigator-link -->
                      </span>
                      <br/>
                      <span>
                        <img width="3%" src="passed.png"/>
                        <a href="#" class="method navigator-link" panel-name="suite-All_tests" title="tests.LoginPageTests" hash-for-method="correctLogin">correctLogin</a> <!-- method navigator-link -->
                      </span>
                      <br/>
                      <span>
                        <img width="3%" src="passed.png"/>
                        <a href="#" class="method navigator-link" panel-name="suite-All_tests" title="tests.About.PressTests" hash-for-method="downloadLinkCheckingIconBlack">downloadLinkCheckingIconBlack</a> <!-- method navigator-link -->
                      </span>
                      <br/>
                      <span>
                        <img width="3%" src="passed.png"/>
                        <a href="#" class="method navigator-link" panel-name="suite-All_tests" title="tests.About.PressTests" hash-for-method="downloadLinkCheckingLogo">downloadLinkCheckingLogo</a> <!-- method navigator-link -->
                      </span>
                      <br/>
                      <span>
                        <img width="3%" src="passed.png"/>
                        <a href="#" class="method navigator-link" panel-name="suite-All_tests" title="tests.About.PressTests" hash-for-method="downloadLinkCheckingLogoBlack">downloadLinkCheckingLogoBlack</a> <!-- method navigator-link -->
                      </span>
                      <br/>
                      <span>
                        <img width="3%" src="passed.png"/>
                        <a href="#" class="method navigator-link" panel-name="suite-All_tests" title="tests.About.PressTests" hash-for-method="downloadLinkCheckingLogoVertical">downloadLinkCheckingLogoVertical</a> <!-- method navigator-link -->
                      </span>
                      <br/>
                      <span>
                        <img width="3%" src="passed.png"/>
                        <a href="#" class="method navigator-link" panel-name="suite-All_tests" title="tests.RequestDemoTests" hash-for-method="emailFieldValidations">emailFieldValidations</a> <!-- method navigator-link -->
                      </span>
                      <br/>
                      <span>
                        <img width="3%" src="passed.png"/>
                        <a href="#" class="method navigator-link" panel-name="suite-All_tests" title="tests.About.ContactUsPageTests" hash-for-method="emptyDataChecking">emptyDataChecking</a> <!-- method navigator-link -->
                      </span>
                      <br/>
                      <span>
                        <img width="3%" src="passed.png"/>
                        <a href="#" class="method navigator-link" panel-name="suite-All_tests" title="tests.HomePageTests" hash-for-method="emptyEmailAndClickRequestDemo">emptyEmailAndClickRequestDemo</a> <!-- method navigator-link -->
                      </span>
                      <br/>
                      <span>
                        <img width="3%" src="passed.png"/>
                        <a href="#" class="method navigator-link" panel-name="suite-All_tests" title="tests.LoginPageTests" hash-for-method="forgotPasswordEmptyFields">forgotPasswordEmptyFields</a> <!-- method navigator-link -->
                      </span>
                      <br/>
                      <span>
                        <img width="3%" src="passed.png"/>
                        <a href="#" class="method navigator-link" panel-name="suite-All_tests" title="tests.LoginPageTests" hash-for-method="forgotPasswordWrongEmail">forgotPasswordWrongEmail</a> <!-- method navigator-link -->
                      </span>
                      <br/>
                      <span>
                        <img width="3%" src="passed.png"/>
                        <a href="#" class="method navigator-link" panel-name="suite-All_tests" title="tests.HomePageTests" hash-for-method="getStartedFreeChecking">getStartedFreeChecking</a> <!-- method navigator-link -->
                      </span>
                      <br/>
                      <span>
                        <img width="3%" src="passed.png"/>
                        <a href="#" class="method navigator-link" panel-name="suite-All_tests" title="tests.Blog.BlogMainPageTests" hash-for-method="goingToCommentsSectionByClickOnClickHereLink">goingToCommentsSectionByClickOnClickHereLink</a> <!-- method navigator-link -->
                      </span>
                      <br/>
                      <span>
                        <img width="3%" src="passed.png"/>
                        <a href="#" class="method navigator-link" panel-name="suite-All_tests" title="tests.LoginPageTests" hash-for-method="loginCheckEmptyFields">loginCheckEmptyFields</a> <!-- method navigator-link -->
                      </span>
                      <br/>
                      <span>
                        <img width="3%" src="passed.png"/>
                        <a href="#" class="method navigator-link" panel-name="suite-All_tests" title="tests.LoginPageTests" hash-for-method="loginFormCheckingWrongEmail">loginFormCheckingWrongEmail</a> <!-- method navigator-link -->
                      </span>
                      <br/>
                      <span>
                        <img width="3%" src="passed.png"/>
                        <a href="#" class="method navigator-link" panel-name="suite-All_tests" title="tests.HomePageTests" hash-for-method="notEmailFormatAndClickRequestDemo">notEmailFormatAndClickRequestDemo</a> <!-- method navigator-link -->
                      </span>
                      <br/>
                      <span>
                        <img width="3%" src="passed.png"/>
                        <a href="#" class="method navigator-link" panel-name="suite-All_tests" title="tests.FeaturesPageTests" hash-for-method="openingFeaturesPageAndClickOnRequestDemo">openingFeaturesPageAndClickOnRequestDemo</a> <!-- method navigator-link -->
                      </span>
                      <br/>
                      <span>
                        <img width="3%" src="passed.png"/>
                        <a href="#" class="method navigator-link" panel-name="suite-All_tests" title="tests.BenefitsPageTests" hash-for-method="openingPageAndClickOnRequestDemo">openingPageAndClickOnRequestDemo</a> <!-- method navigator-link -->
                      </span>
                      <br/>
                      <span>
                        <img width="3%" src="passed.png"/>
                        <a href="#" class="method navigator-link" panel-name="suite-All_tests" title="tests.Blog.BlogMainPageTests" hash-for-method="openingPostByClickOnReadThisPostBtn">openingPostByClickOnReadThisPostBtn</a> <!-- method navigator-link -->
                      </span>
                      <br/>
                      <span>
                        <img width="3%" src="passed.png"/>
                        <a href="#" class="method navigator-link" panel-name="suite-All_tests" title="tests.FeaturesPageTests" hash-for-method="openingSecondRequestDemoButton">openingSecondRequestDemoButton</a> <!-- method navigator-link -->
                      </span>
                      <br/>
                      <span>
                        <img width="3%" src="passed.png"/>
                        <a href="#" class="method navigator-link" panel-name="suite-All_tests" title="tests.FeaturesPageTests" hash-for-method="openingThirdRequestDemoButton">openingThirdRequestDemoButton</a> <!-- method navigator-link -->
                      </span>
                      <br/>
                      <span>
                        <img width="3%" src="passed.png"/>
                        <a href="#" class="method navigator-link" panel-name="suite-All_tests" title="tests.About.CareersTests" hash-for-method="openingVacancyAndSendingEmptyForm">openingVacancyAndSendingEmptyForm</a> <!-- method navigator-link -->
                      </span>
                      <br/>
                      <span>
                        <img width="3%" src="passed.png"/>
                        <a href="#" class="method navigator-link" panel-name="suite-All_tests" title="tests.RequestDemoTests" hash-for-method="phoneNumberFieldValidations">phoneNumberFieldValidations</a> <!-- method navigator-link -->
                      </span>
                      <br/>
                      <span>
                        <img width="3%" src="passed.png"/>
                        <a href="#" class="method navigator-link" panel-name="suite-All_tests" title="tests.RequestDemoTests" hash-for-method="requestDemoEmptyRequiredFieldsOpening">requestDemoEmptyRequiredFieldsOpening</a> <!-- method navigator-link -->
                      </span>
                      <br/>
                      <span>
                        <img width="3%" src="passed.png"/>
                        <a href="#" class="method navigator-link" panel-name="suite-All_tests" title="tests.BenefitsPageTests" hash-for-method="scrollingDownAndVerifyingPresenceOfElements">scrollingDownAndVerifyingPresenceOfElements</a> <!-- method navigator-link -->
                      </span>
                      <br/>
                      <span>
                        <img width="3%" src="passed.png"/>
                        <a href="#" class="method navigator-link" panel-name="suite-All_tests" title="tests.HomePageTests" hash-for-method="scrollingToCueConnectBlog">scrollingToCueConnectBlog</a> <!-- method navigator-link -->
                      </span>
                      <br/>
                      <span>
                        <img width="3%" src="passed.png"/>
                        <a href="#" class="method navigator-link" panel-name="suite-All_tests" title="tests.HomePageTests" hash-for-method="scrollingToDriveEcommerce">scrollingToDriveEcommerce</a> <!-- method navigator-link -->
                      </span>
                      <br/>
                      <span>
                        <img width="3%" src="passed.png"/>
                        <a href="#" class="method navigator-link" panel-name="suite-All_tests" title="tests.FeaturesPageTests" hash-for-method="scrollingToEachSection">scrollingToEachSection</a> <!-- method navigator-link -->
                      </span>
                      <br/>
                      <span>
                        <img width="3%" src="passed.png"/>
                        <a href="#" class="method navigator-link" panel-name="suite-All_tests" title="tests.HomePageTests" hash-for-method="scrollingToRetargetShoppers">scrollingToRetargetShoppers</a> <!-- method navigator-link -->
                      </span>
                      <br/>
                      <span>
                        <img width="3%" src="passed.png"/>
                        <a href="#" class="method navigator-link" panel-name="suite-All_tests" title="tests.RequestDemoTests" hash-for-method="sendingFormWithValidData">sendingFormWithValidData</a> <!-- method navigator-link -->
                      </span>
                      <br/>
                      <span>
                        <img width="3%" src="passed.png"/>
                        <a href="#" class="method navigator-link" panel-name="suite-All_tests" title="tests.HomePageTests" hash-for-method="sendingUpdatesEmptyEmail">sendingUpdatesEmptyEmail</a> <!-- method navigator-link -->
                      </span>
                      <br/>
                      <span>
                        <img width="3%" src="passed.png"/>
                        <a href="#" class="method navigator-link" panel-name="suite-All_tests" title="tests.HomePageTests" hash-for-method="sendingUpdatesIncorrectEmail">sendingUpdatesIncorrectEmail</a> <!-- method navigator-link -->
                      </span>
                      <br/>
                      <span>
                        <img width="3%" src="passed.png"/>
                        <a href="#" class="method navigator-link" panel-name="suite-All_tests" title="tests.HomePageTests" hash-for-method="sendingUpdatesIncorrectEmailWithAt">sendingUpdatesIncorrectEmailWithAt</a> <!-- method navigator-link -->
                      </span>
                      <br/>
                      <span>
                        <img width="3%" src="passed.png"/>
                        <a href="#" class="method navigator-link" panel-name="suite-All_tests" title="tests.HomePageTests" hash-for-method="sendingUpdatesToValidEmail">sendingUpdatesToValidEmail</a> <!-- method navigator-link -->
                      </span>
                      <br/>
                      <span>
                        <img width="3%" src="passed.png"/>
                        <a href="#" class="method navigator-link" panel-name="suite-All_tests" title="tests.HomePageTests" hash-for-method="typingValidEmailAndClickRequestDemo">typingValidEmailAndClickRequestDemo</a> <!-- method navigator-link -->
                      </span>
                      <br/>
                      <span>
                        <img width="3%" src="passed.png"/>
                        <a href="#" class="method navigator-link" panel-name="suite-All_tests" title="tests.HomePageTests" hash-for-method="videoOpening">videoOpening</a> <!-- method navigator-link -->
                      </span>
                      <br/>
                    </div> <!-- method-list-content passed suite-All_tests -->
                  </li>
                </ul>
              </div> <!-- suite-section-content -->
            </div> <!-- result-section -->
          </div> <!-- navigator-suite-content -->
        </div> <!-- rounded-window -->
      </div> <!-- suite -->
    </div> <!-- navigator-root -->
    <div class="wrapper">
      <div class="main-panel-root">
        <div panel-name="suite-All_tests_(0)" class="panel All_tests_(0)">
          <div class="suite-All_tests_(0)-class-skipped">
            <div class="main-panel-header rounded-window-top">
              <img src="skipped.png"/>
              <span class="class-name">tests.BenefitsPageTests</span>
            </div> <!-- main-panel-header rounded-window-top -->
            <div class="main-panel-content rounded-window-bottom">
              <div class="method">
                <div class="method-content">
                  <a name="openingPageAndClickOnRequestDemo">
                  </a> <!-- openingPageAndClickOnRequestDemo -->
                  <span class="method-name">openingPageAndClickOnRequestDemo</span>
                  <div class="stack-trace">org.openqa.selenium.NoSuchSessionException: no such session
  (Driver info: chromedriver=2.28.455517 (2c6d2707d8ea850c862f04ac066724273981e88f),platform=Mac OS X 10.11.6 x86_64) (WARNING: The server did not provide any stacktrace information)
Command duration or timeout: 39 milliseconds
Build info: version: &apos;3.0.1&apos;, revision: &apos;1969d75&apos;, time: &apos;2016-10-18 09:49:13 -0700&apos;
System info: host: &apos;101.lan0.mk.uz.ua&apos;, ip: &apos;192.168.0.101&apos;, os.name: &apos;Mac OS X&apos;, os.arch: &apos;x86_64&apos;, os.version: &apos;10.11.6&apos;, java.version: &apos;1.8.0_101&apos;
Driver info: org.openqa.selenium.chrome.ChromeDriver
Capabilities [{applicationCacheEnabled=false, rotatable=false, mobileEmulationEnabled=false, networkConnectionEnabled=false, chrome={chromedriverVersion=2.28.455517 (2c6d2707d8ea850c862f04ac066724273981e88f), userDataDir=/var/folders/xp/hq6y__313mvbnpb2n5x7bzq00000gn/T/.org.chromium.Chromium.pHviGk}, takesHeapSnapshot=true, pageLoadStrategy=normal, databaseEnabled=false, handlesAlerts=true, hasTouchScreen=false, version=57.0.2987.98, platform=MAC, browserConnectionEnabled=false, nativeEvents=true, acceptSslCerts=true, locationContextEnabled=true, webStorageEnabled=true, browserName=chrome, takesScreenshot=true, javascriptEnabled=true, cssSelectorsEnabled=true, unexpectedAlertBehaviour=}]
Session ID: 6af012c79d4f7e42652213babfc867f5
	at org.openqa.selenium.remote.ErrorHandler.createThrowable(ErrorHandler.java:216)
	at org.openqa.selenium.remote.ErrorHandler.throwIfResponseFailed(ErrorHandler.java:168)
	at org.openqa.selenium.remote.RemoteWebDriver.execute(RemoteWebDriver.java:635)
	at org.openqa.selenium.remote.RemoteWebDriver$RemoteWebDriverOptions$RemoteWindow.setSize(RemoteWebDriver.java:847)
	at setup.SeleniumBaseTest.beforeClass(SeleniumBaseTest.java:75)
... Removed 26 stack frames
</div> <!-- stack-trace -->
                </div> <!-- method-content -->
              </div> <!-- method -->
              <div class="method">
                <div class="method-content">
                  <a name="scrollingDownAndVerifyingPresenceOfElements">
                  </a> <!-- scrollingDownAndVerifyingPresenceOfElements -->
                  <span class="method-name">scrollingDownAndVerifyingPresenceOfElements</span>
                  <div class="stack-trace">org.openqa.selenium.NoSuchSessionException: no such session
  (Driver info: chromedriver=2.28.455517 (2c6d2707d8ea850c862f04ac066724273981e88f),platform=Mac OS X 10.11.6 x86_64) (WARNING: The server did not provide any stacktrace information)
Command duration or timeout: 39 milliseconds
Build info: version: &apos;3.0.1&apos;, revision: &apos;1969d75&apos;, time: &apos;2016-10-18 09:49:13 -0700&apos;
System info: host: &apos;101.lan0.mk.uz.ua&apos;, ip: &apos;192.168.0.101&apos;, os.name: &apos;Mac OS X&apos;, os.arch: &apos;x86_64&apos;, os.version: &apos;10.11.6&apos;, java.version: &apos;1.8.0_101&apos;
Driver info: org.openqa.selenium.chrome.ChromeDriver
Capabilities [{applicationCacheEnabled=false, rotatable=false, mobileEmulationEnabled=false, networkConnectionEnabled=false, chrome={chromedriverVersion=2.28.455517 (2c6d2707d8ea850c862f04ac066724273981e88f), userDataDir=/var/folders/xp/hq6y__313mvbnpb2n5x7bzq00000gn/T/.org.chromium.Chromium.pHviGk}, takesHeapSnapshot=true, pageLoadStrategy=normal, databaseEnabled=false, handlesAlerts=true, hasTouchScreen=false, version=57.0.2987.98, platform=MAC, browserConnectionEnabled=false, nativeEvents=true, acceptSslCerts=true, locationContextEnabled=true, webStorageEnabled=true, browserName=chrome, takesScreenshot=true, javascriptEnabled=true, cssSelectorsEnabled=true, unexpectedAlertBehaviour=}]
Session ID: 6af012c79d4f7e42652213babfc867f5
	at org.openqa.selenium.remote.ErrorHandler.createThrowable(ErrorHandler.java:216)
	at org.openqa.selenium.remote.ErrorHandler.throwIfResponseFailed(ErrorHandler.java:168)
	at org.openqa.selenium.remote.RemoteWebDriver.execute(RemoteWebDriver.java:635)
	at org.openqa.selenium.remote.RemoteWebDriver$RemoteWebDriverOptions$RemoteWindow.setSize(RemoteWebDriver.java:847)
	at setup.SeleniumBaseTest.beforeClass(SeleniumBaseTest.java:75)
... Removed 26 stack frames
</div> <!-- stack-trace -->
                </div> <!-- method-content -->
              </div> <!-- method -->
            </div> <!-- main-panel-content rounded-window-bottom -->
          </div> <!-- suite-All_tests_(0)-class-skipped -->
          <div class="suite-All_tests_(0)-class-skipped">
            <div class="main-panel-header rounded-window-top">
              <img src="skipped.png"/>
              <span class="class-name">tests.HomePageTests</span>
            </div> <!-- main-panel-header rounded-window-top -->
            <div class="main-panel-content rounded-window-bottom">
              <div class="method">
                <div class="method-content">
                  <a name="bottomMenuVerifying">
                  </a> <!-- bottomMenuVerifying -->
                  <span class="method-name">bottomMenuVerifying</span>
                  <div class="stack-trace">org.openqa.selenium.NoSuchSessionException: no such session
  (Driver info: chromedriver=2.28.455517 (2c6d2707d8ea850c862f04ac066724273981e88f),platform=Mac OS X 10.11.6 x86_64) (WARNING: The server did not provide any stacktrace information)
Command duration or timeout: 39 milliseconds
Build info: version: &apos;3.0.1&apos;, revision: &apos;1969d75&apos;, time: &apos;2016-10-18 09:49:13 -0700&apos;
System info: host: &apos;101.lan0.mk.uz.ua&apos;, ip: &apos;192.168.0.101&apos;, os.name: &apos;Mac OS X&apos;, os.arch: &apos;x86_64&apos;, os.version: &apos;10.11.6&apos;, java.version: &apos;1.8.0_101&apos;
Driver info: org.openqa.selenium.chrome.ChromeDriver
Capabilities [{applicationCacheEnabled=false, rotatable=false, mobileEmulationEnabled=false, networkConnectionEnabled=false, chrome={chromedriverVersion=2.28.455517 (2c6d2707d8ea850c862f04ac066724273981e88f), userDataDir=/var/folders/xp/hq6y__313mvbnpb2n5x7bzq00000gn/T/.org.chromium.Chromium.pHviGk}, takesHeapSnapshot=true, pageLoadStrategy=normal, databaseEnabled=false, handlesAlerts=true, hasTouchScreen=false, version=57.0.2987.98, platform=MAC, browserConnectionEnabled=false, nativeEvents=true, acceptSslCerts=true, locationContextEnabled=true, webStorageEnabled=true, browserName=chrome, takesScreenshot=true, javascriptEnabled=true, cssSelectorsEnabled=true, unexpectedAlertBehaviour=}]
Session ID: 6af012c79d4f7e42652213babfc867f5
	at org.openqa.selenium.remote.ErrorHandler.createThrowable(ErrorHandler.java:216)
	at org.openqa.selenium.remote.ErrorHandler.throwIfResponseFailed(ErrorHandler.java:168)
	at org.openqa.selenium.remote.RemoteWebDriver.execute(RemoteWebDriver.java:635)
	at org.openqa.selenium.remote.RemoteWebDriver$RemoteWebDriverOptions$RemoteWindow.setSize(RemoteWebDriver.java:847)
	at setup.SeleniumBaseTest.beforeClass(SeleniumBaseTest.java:75)
... Removed 26 stack frames
</div> <!-- stack-trace -->
                </div> <!-- method-content -->
              </div> <!-- method -->
              <div class="method">
                <div class="method-content">
                  <a name="bscrollingToResources">
                  </a> <!-- bscrollingToResources -->
                  <span class="method-name">bscrollingToResources</span>
                  <div class="stack-trace">org.openqa.selenium.NoSuchSessionException: no such session
  (Driver info: chromedriver=2.28.455517 (2c6d2707d8ea850c862f04ac066724273981e88f),platform=Mac OS X 10.11.6 x86_64) (WARNING: The server did not provide any stacktrace information)
Command duration or timeout: 39 milliseconds
Build info: version: &apos;3.0.1&apos;, revision: &apos;1969d75&apos;, time: &apos;2016-10-18 09:49:13 -0700&apos;
System info: host: &apos;101.lan0.mk.uz.ua&apos;, ip: &apos;192.168.0.101&apos;, os.name: &apos;Mac OS X&apos;, os.arch: &apos;x86_64&apos;, os.version: &apos;10.11.6&apos;, java.version: &apos;1.8.0_101&apos;
Driver info: org.openqa.selenium.chrome.ChromeDriver
Capabilities [{applicationCacheEnabled=false, rotatable=false, mobileEmulationEnabled=false, networkConnectionEnabled=false, chrome={chromedriverVersion=2.28.455517 (2c6d2707d8ea850c862f04ac066724273981e88f), userDataDir=/var/folders/xp/hq6y__313mvbnpb2n5x7bzq00000gn/T/.org.chromium.Chromium.pHviGk}, takesHeapSnapshot=true, pageLoadStrategy=normal, databaseEnabled=false, handlesAlerts=true, hasTouchScreen=false, version=57.0.2987.98, platform=MAC, browserConnectionEnabled=false, nativeEvents=true, acceptSslCerts=true, locationContextEnabled=true, webStorageEnabled=true, browserName=chrome, takesScreenshot=true, javascriptEnabled=true, cssSelectorsEnabled=true, unexpectedAlertBehaviour=}]
Session ID: 6af012c79d4f7e42652213babfc867f5
	at org.openqa.selenium.remote.ErrorHandler.createThrowable(ErrorHandler.java:216)
	at org.openqa.selenium.remote.ErrorHandler.throwIfResponseFailed(ErrorHandler.java:168)
	at org.openqa.selenium.remote.RemoteWebDriver.execute(RemoteWebDriver.java:635)
	at org.openqa.selenium.remote.RemoteWebDriver$RemoteWebDriverOptions$RemoteWindow.setSize(RemoteWebDriver.java:847)
	at setup.SeleniumBaseTest.beforeClass(SeleniumBaseTest.java:75)
... Removed 26 stack frames
</div> <!-- stack-trace -->
                </div> <!-- method-content -->
              </div> <!-- method -->
              <div class="method">
                <div class="method-content">
                  <a name="bscrollingToTransformTraffic">
                  </a> <!-- bscrollingToTransformTraffic -->
                  <span class="method-name">bscrollingToTransformTraffic</span>
                  <div class="stack-trace">org.openqa.selenium.NoSuchSessionException: no such session
  (Driver info: chromedriver=2.28.455517 (2c6d2707d8ea850c862f04ac066724273981e88f),platform=Mac OS X 10.11.6 x86_64) (WARNING: The server did not provide any stacktrace information)
Command duration or timeout: 39 milliseconds
Build info: version: &apos;3.0.1&apos;, revision: &apos;1969d75&apos;, time: &apos;2016-10-18 09:49:13 -0700&apos;
System info: host: &apos;101.lan0.mk.uz.ua&apos;, ip: &apos;192.168.0.101&apos;, os.name: &apos;Mac OS X&apos;, os.arch: &apos;x86_64&apos;, os.version: &apos;10.11.6&apos;, java.version: &apos;1.8.0_101&apos;
Driver info: org.openqa.selenium.chrome.ChromeDriver
Capabilities [{applicationCacheEnabled=false, rotatable=false, mobileEmulationEnabled=false, networkConnectionEnabled=false, chrome={chromedriverVersion=2.28.455517 (2c6d2707d8ea850c862f04ac066724273981e88f), userDataDir=/var/folders/xp/hq6y__313mvbnpb2n5x7bzq00000gn/T/.org.chromium.Chromium.pHviGk}, takesHeapSnapshot=true, pageLoadStrategy=normal, databaseEnabled=false, handlesAlerts=true, hasTouchScreen=false, version=57.0.2987.98, platform=MAC, browserConnectionEnabled=false, nativeEvents=true, acceptSslCerts=true, locationContextEnabled=true, webStorageEnabled=true, browserName=chrome, takesScreenshot=true, javascriptEnabled=true, cssSelectorsEnabled=true, unexpectedAlertBehaviour=}]
Session ID: 6af012c79d4f7e42652213babfc867f5
	at org.openqa.selenium.remote.ErrorHandler.createThrowable(ErrorHandler.java:216)
	at org.openqa.selenium.remote.ErrorHandler.throwIfResponseFailed(ErrorHandler.java:168)
	at org.openqa.selenium.remote.RemoteWebDriver.execute(RemoteWebDriver.java:635)
	at org.openqa.selenium.remote.RemoteWebDriver$RemoteWebDriverOptions$RemoteWindow.setSize(RemoteWebDriver.java:847)
	at setup.SeleniumBaseTest.beforeClass(SeleniumBaseTest.java:75)
... Removed 26 stack frames
</div> <!-- stack-trace -->
                </div> <!-- method-content -->
              </div> <!-- method -->
              <div class="method">
                <div class="method-content">
                  <a name="emptyEmailAndClickRequestDemo">
                  </a> <!-- emptyEmailAndClickRequestDemo -->
                  <span class="method-name">emptyEmailAndClickRequestDemo</span>
                  <div class="stack-trace">org.openqa.selenium.NoSuchSessionException: no such session
  (Driver info: chromedriver=2.28.455517 (2c6d2707d8ea850c862f04ac066724273981e88f),platform=Mac OS X 10.11.6 x86_64) (WARNING: The server did not provide any stacktrace information)
Command duration or timeout: 39 milliseconds
Build info: version: &apos;3.0.1&apos;, revision: &apos;1969d75&apos;, time: &apos;2016-10-18 09:49:13 -0700&apos;
System info: host: &apos;101.lan0.mk.uz.ua&apos;, ip: &apos;192.168.0.101&apos;, os.name: &apos;Mac OS X&apos;, os.arch: &apos;x86_64&apos;, os.version: &apos;10.11.6&apos;, java.version: &apos;1.8.0_101&apos;
Driver info: org.openqa.selenium.chrome.ChromeDriver
Capabilities [{applicationCacheEnabled=false, rotatable=false, mobileEmulationEnabled=false, networkConnectionEnabled=false, chrome={chromedriverVersion=2.28.455517 (2c6d2707d8ea850c862f04ac066724273981e88f), userDataDir=/var/folders/xp/hq6y__313mvbnpb2n5x7bzq00000gn/T/.org.chromium.Chromium.pHviGk}, takesHeapSnapshot=true, pageLoadStrategy=normal, databaseEnabled=false, handlesAlerts=true, hasTouchScreen=false, version=57.0.2987.98, platform=MAC, browserConnectionEnabled=false, nativeEvents=true, acceptSslCerts=true, locationContextEnabled=true, webStorageEnabled=true, browserName=chrome, takesScreenshot=true, javascriptEnabled=true, cssSelectorsEnabled=true, unexpectedAlertBehaviour=}]
Session ID: 6af012c79d4f7e42652213babfc867f5
	at org.openqa.selenium.remote.ErrorHandler.createThrowable(ErrorHandler.java:216)
	at org.openqa.selenium.remote.ErrorHandler.throwIfResponseFailed(ErrorHandler.java:168)
	at org.openqa.selenium.remote.RemoteWebDriver.execute(RemoteWebDriver.java:635)
	at org.openqa.selenium.remote.RemoteWebDriver$RemoteWebDriverOptions$RemoteWindow.setSize(RemoteWebDriver.java:847)
	at setup.SeleniumBaseTest.beforeClass(SeleniumBaseTest.java:75)
... Removed 26 stack frames
</div> <!-- stack-trace -->
                </div> <!-- method-content -->
              </div> <!-- method -->
              <div class="method">
                <div class="method-content">
                  <a name="getStartedFreeChecking">
                  </a> <!-- getStartedFreeChecking -->
                  <span class="method-name">getStartedFreeChecking</span>
                  <div class="stack-trace">org.openqa.selenium.NoSuchSessionException: no such session
  (Driver info: chromedriver=2.28.455517 (2c6d2707d8ea850c862f04ac066724273981e88f),platform=Mac OS X 10.11.6 x86_64) (WARNING: The server did not provide any stacktrace information)
Command duration or timeout: 39 milliseconds
Build info: version: &apos;3.0.1&apos;, revision: &apos;1969d75&apos;, time: &apos;2016-10-18 09:49:13 -0700&apos;
System info: host: &apos;101.lan0.mk.uz.ua&apos;, ip: &apos;192.168.0.101&apos;, os.name: &apos;Mac OS X&apos;, os.arch: &apos;x86_64&apos;, os.version: &apos;10.11.6&apos;, java.version: &apos;1.8.0_101&apos;
Driver info: org.openqa.selenium.chrome.ChromeDriver
Capabilities [{applicationCacheEnabled=false, rotatable=false, mobileEmulationEnabled=false, networkConnectionEnabled=false, chrome={chromedriverVersion=2.28.455517 (2c6d2707d8ea850c862f04ac066724273981e88f), userDataDir=/var/folders/xp/hq6y__313mvbnpb2n5x7bzq00000gn/T/.org.chromium.Chromium.pHviGk}, takesHeapSnapshot=true, pageLoadStrategy=normal, databaseEnabled=false, handlesAlerts=true, hasTouchScreen=false, version=57.0.2987.98, platform=MAC, browserConnectionEnabled=false, nativeEvents=true, acceptSslCerts=true, locationContextEnabled=true, webStorageEnabled=true, browserName=chrome, takesScreenshot=true, javascriptEnabled=true, cssSelectorsEnabled=true, unexpectedAlertBehaviour=}]
Session ID: 6af012c79d4f7e42652213babfc867f5
	at org.openqa.selenium.remote.ErrorHandler.createThrowable(ErrorHandler.java:216)
	at org.openqa.selenium.remote.ErrorHandler.throwIfResponseFailed(ErrorHandler.java:168)
	at org.openqa.selenium.remote.RemoteWebDriver.execute(RemoteWebDriver.java:635)
	at org.openqa.selenium.remote.RemoteWebDriver$RemoteWebDriverOptions$RemoteWindow.setSize(RemoteWebDriver.java:847)
	at setup.SeleniumBaseTest.beforeClass(SeleniumBaseTest.java:75)
... Removed 26 stack frames
</div> <!-- stack-trace -->
                </div> <!-- method-content -->
              </div> <!-- method -->
              <div class="method">
                <div class="method-content">
                  <a name="notEmailFormatAndClickRequestDemo">
                  </a> <!-- notEmailFormatAndClickRequestDemo -->
                  <span class="method-name">notEmailFormatAndClickRequestDemo</span>
                  <div class="stack-trace">org.openqa.selenium.NoSuchSessionException: no such session
  (Driver info: chromedriver=2.28.455517 (2c6d2707d8ea850c862f04ac066724273981e88f),platform=Mac OS X 10.11.6 x86_64) (WARNING: The server did not provide any stacktrace information)
Command duration or timeout: 39 milliseconds
Build info: version: &apos;3.0.1&apos;, revision: &apos;1969d75&apos;, time: &apos;2016-10-18 09:49:13 -0700&apos;
System info: host: &apos;101.lan0.mk.uz.ua&apos;, ip: &apos;192.168.0.101&apos;, os.name: &apos;Mac OS X&apos;, os.arch: &apos;x86_64&apos;, os.version: &apos;10.11.6&apos;, java.version: &apos;1.8.0_101&apos;
Driver info: org.openqa.selenium.chrome.ChromeDriver
Capabilities [{applicationCacheEnabled=false, rotatable=false, mobileEmulationEnabled=false, networkConnectionEnabled=false, chrome={chromedriverVersion=2.28.455517 (2c6d2707d8ea850c862f04ac066724273981e88f), userDataDir=/var/folders/xp/hq6y__313mvbnpb2n5x7bzq00000gn/T/.org.chromium.Chromium.pHviGk}, takesHeapSnapshot=true, pageLoadStrategy=normal, databaseEnabled=false, handlesAlerts=true, hasTouchScreen=false, version=57.0.2987.98, platform=MAC, browserConnectionEnabled=false, nativeEvents=true, acceptSslCerts=true, locationContextEnabled=true, webStorageEnabled=true, browserName=chrome, takesScreenshot=true, javascriptEnabled=true, cssSelectorsEnabled=true, unexpectedAlertBehaviour=}]
Session ID: 6af012c79d4f7e42652213babfc867f5
	at org.openqa.selenium.remote.ErrorHandler.createThrowable(ErrorHandler.java:216)
	at org.openqa.selenium.remote.ErrorHandler.throwIfResponseFailed(ErrorHandler.java:168)
	at org.openqa.selenium.remote.RemoteWebDriver.execute(RemoteWebDriver.java:635)
	at org.openqa.selenium.remote.RemoteWebDriver$RemoteWebDriverOptions$RemoteWindow.setSize(RemoteWebDriver.java:847)
	at setup.SeleniumBaseTest.beforeClass(SeleniumBaseTest.java:75)
... Removed 26 stack frames
</div> <!-- stack-trace -->
                </div> <!-- method-content -->
              </div> <!-- method -->
              <div class="method">
                <div class="method-content">
                  <a name="scrollingToCueConnectBlog">
                  </a> <!-- scrollingToCueConnectBlog -->
                  <span class="method-name">scrollingToCueConnectBlog</span>
                  <div class="stack-trace">org.openqa.selenium.NoSuchSessionException: no such session
  (Driver info: chromedriver=2.28.455517 (2c6d2707d8ea850c862f04ac066724273981e88f),platform=Mac OS X 10.11.6 x86_64) (WARNING: The server did not provide any stacktrace information)
Command duration or timeout: 39 milliseconds
Build info: version: &apos;3.0.1&apos;, revision: &apos;1969d75&apos;, time: &apos;2016-10-18 09:49:13 -0700&apos;
System info: host: &apos;101.lan0.mk.uz.ua&apos;, ip: &apos;192.168.0.101&apos;, os.name: &apos;Mac OS X&apos;, os.arch: &apos;x86_64&apos;, os.version: &apos;10.11.6&apos;, java.version: &apos;1.8.0_101&apos;
Driver info: org.openqa.selenium.chrome.ChromeDriver
Capabilities [{applicationCacheEnabled=false, rotatable=false, mobileEmulationEnabled=false, networkConnectionEnabled=false, chrome={chromedriverVersion=2.28.455517 (2c6d2707d8ea850c862f04ac066724273981e88f), userDataDir=/var/folders/xp/hq6y__313mvbnpb2n5x7bzq00000gn/T/.org.chromium.Chromium.pHviGk}, takesHeapSnapshot=true, pageLoadStrategy=normal, databaseEnabled=false, handlesAlerts=true, hasTouchScreen=false, version=57.0.2987.98, platform=MAC, browserConnectionEnabled=false, nativeEvents=true, acceptSslCerts=true, locationContextEnabled=true, webStorageEnabled=true, browserName=chrome, takesScreenshot=true, javascriptEnabled=true, cssSelectorsEnabled=true, unexpectedAlertBehaviour=}]
Session ID: 6af012c79d4f7e42652213babfc867f5
	at org.openqa.selenium.remote.ErrorHandler.createThrowable(ErrorHandler.java:216)
	at org.openqa.selenium.remote.ErrorHandler.throwIfResponseFailed(ErrorHandler.java:168)
	at org.openqa.selenium.remote.RemoteWebDriver.execute(RemoteWebDriver.java:635)
	at org.openqa.selenium.remote.RemoteWebDriver$RemoteWebDriverOptions$RemoteWindow.setSize(RemoteWebDriver.java:847)
	at setup.SeleniumBaseTest.beforeClass(SeleniumBaseTest.java:75)
... Removed 26 stack frames
</div> <!-- stack-trace -->
                </div> <!-- method-content -->
              </div> <!-- method -->
              <div class="method">
                <div class="method-content">
                  <a name="scrollingToDriveEcommerce">
                  </a> <!-- scrollingToDriveEcommerce -->
                  <span class="method-name">scrollingToDriveEcommerce</span>
                  <div class="stack-trace">org.openqa.selenium.NoSuchSessionException: no such session
  (Driver info: chromedriver=2.28.455517 (2c6d2707d8ea850c862f04ac066724273981e88f),platform=Mac OS X 10.11.6 x86_64) (WARNING: The server did not provide any stacktrace information)
Command duration or timeout: 39 milliseconds
Build info: version: &apos;3.0.1&apos;, revision: &apos;1969d75&apos;, time: &apos;2016-10-18 09:49:13 -0700&apos;
System info: host: &apos;101.lan0.mk.uz.ua&apos;, ip: &apos;192.168.0.101&apos;, os.name: &apos;Mac OS X&apos;, os.arch: &apos;x86_64&apos;, os.version: &apos;10.11.6&apos;, java.version: &apos;1.8.0_101&apos;
Driver info: org.openqa.selenium.chrome.ChromeDriver
Capabilities [{applicationCacheEnabled=false, rotatable=false, mobileEmulationEnabled=false, networkConnectionEnabled=false, chrome={chromedriverVersion=2.28.455517 (2c6d2707d8ea850c862f04ac066724273981e88f), userDataDir=/var/folders/xp/hq6y__313mvbnpb2n5x7bzq00000gn/T/.org.chromium.Chromium.pHviGk}, takesHeapSnapshot=true, pageLoadStrategy=normal, databaseEnabled=false, handlesAlerts=true, hasTouchScreen=false, version=57.0.2987.98, platform=MAC, browserConnectionEnabled=false, nativeEvents=true, acceptSslCerts=true, locationContextEnabled=true, webStorageEnabled=true, browserName=chrome, takesScreenshot=true, javascriptEnabled=true, cssSelectorsEnabled=true, unexpectedAlertBehaviour=}]
Session ID: 6af012c79d4f7e42652213babfc867f5
	at org.openqa.selenium.remote.ErrorHandler.createThrowable(ErrorHandler.java:216)
	at org.openqa.selenium.remote.ErrorHandler.throwIfResponseFailed(ErrorHandler.java:168)
	at org.openqa.selenium.remote.RemoteWebDriver.execute(RemoteWebDriver.java:635)
	at org.openqa.selenium.remote.RemoteWebDriver$RemoteWebDriverOptions$RemoteWindow.setSize(RemoteWebDriver.java:847)
	at setup.SeleniumBaseTest.beforeClass(SeleniumBaseTest.java:75)
... Removed 26 stack frames
</div> <!-- stack-trace -->
                </div> <!-- method-content -->
              </div> <!-- method -->
              <div class="method">
                <div class="method-content">
                  <a name="scrollingToRetargetShoppers">
                  </a> <!-- scrollingToRetargetShoppers -->
                  <span class="method-name">scrollingToRetargetShoppers</span>
                  <div class="stack-trace">org.openqa.selenium.NoSuchSessionException: no such session
  (Driver info: chromedriver=2.28.455517 (2c6d2707d8ea850c862f04ac066724273981e88f),platform=Mac OS X 10.11.6 x86_64) (WARNING: The server did not provide any stacktrace information)
Command duration or timeout: 39 milliseconds
Build info: version: &apos;3.0.1&apos;, revision: &apos;1969d75&apos;, time: &apos;2016-10-18 09:49:13 -0700&apos;
System info: host: &apos;101.lan0.mk.uz.ua&apos;, ip: &apos;192.168.0.101&apos;, os.name: &apos;Mac OS X&apos;, os.arch: &apos;x86_64&apos;, os.version: &apos;10.11.6&apos;, java.version: &apos;1.8.0_101&apos;
Driver info: org.openqa.selenium.chrome.ChromeDriver
Capabilities [{applicationCacheEnabled=false, rotatable=false, mobileEmulationEnabled=false, networkConnectionEnabled=false, chrome={chromedriverVersion=2.28.455517 (2c6d2707d8ea850c862f04ac066724273981e88f), userDataDir=/var/folders/xp/hq6y__313mvbnpb2n5x7bzq00000gn/T/.org.chromium.Chromium.pHviGk}, takesHeapSnapshot=true, pageLoadStrategy=normal, databaseEnabled=false, handlesAlerts=true, hasTouchScreen=false, version=57.0.2987.98, platform=MAC, browserConnectionEnabled=false, nativeEvents=true, acceptSslCerts=true, locationContextEnabled=true, webStorageEnabled=true, browserName=chrome, takesScreenshot=true, javascriptEnabled=true, cssSelectorsEnabled=true, unexpectedAlertBehaviour=}]
Session ID: 6af012c79d4f7e42652213babfc867f5
	at org.openqa.selenium.remote.ErrorHandler.createThrowable(ErrorHandler.java:216)
	at org.openqa.selenium.remote.ErrorHandler.throwIfResponseFailed(ErrorHandler.java:168)
	at org.openqa.selenium.remote.RemoteWebDriver.execute(RemoteWebDriver.java:635)
	at org.openqa.selenium.remote.RemoteWebDriver$RemoteWebDriverOptions$RemoteWindow.setSize(RemoteWebDriver.java:847)
	at setup.SeleniumBaseTest.beforeClass(SeleniumBaseTest.java:75)
... Removed 26 stack frames
</div> <!-- stack-trace -->
                </div> <!-- method-content -->
              </div> <!-- method -->
              <div class="method">
                <div class="method-content">
                  <a name="sendingUpdatesEmptyEmail">
                  </a> <!-- sendingUpdatesEmptyEmail -->
                  <span class="method-name">sendingUpdatesEmptyEmail</span>
                  <div class="stack-trace">org.openqa.selenium.NoSuchSessionException: no such session
  (Driver info: chromedriver=2.28.455517 (2c6d2707d8ea850c862f04ac066724273981e88f),platform=Mac OS X 10.11.6 x86_64) (WARNING: The server did not provide any stacktrace information)
Command duration or timeout: 39 milliseconds
Build info: version: &apos;3.0.1&apos;, revision: &apos;1969d75&apos;, time: &apos;2016-10-18 09:49:13 -0700&apos;
System info: host: &apos;101.lan0.mk.uz.ua&apos;, ip: &apos;192.168.0.101&apos;, os.name: &apos;Mac OS X&apos;, os.arch: &apos;x86_64&apos;, os.version: &apos;10.11.6&apos;, java.version: &apos;1.8.0_101&apos;
Driver info: org.openqa.selenium.chrome.ChromeDriver
Capabilities [{applicationCacheEnabled=false, rotatable=false, mobileEmulationEnabled=false, networkConnectionEnabled=false, chrome={chromedriverVersion=2.28.455517 (2c6d2707d8ea850c862f04ac066724273981e88f), userDataDir=/var/folders/xp/hq6y__313mvbnpb2n5x7bzq00000gn/T/.org.chromium.Chromium.pHviGk}, takesHeapSnapshot=true, pageLoadStrategy=normal, databaseEnabled=false, handlesAlerts=true, hasTouchScreen=false, version=57.0.2987.98, platform=MAC, browserConnectionEnabled=false, nativeEvents=true, acceptSslCerts=true, locationContextEnabled=true, webStorageEnabled=true, browserName=chrome, takesScreenshot=true, javascriptEnabled=true, cssSelectorsEnabled=true, unexpectedAlertBehaviour=}]
Session ID: 6af012c79d4f7e42652213babfc867f5
	at org.openqa.selenium.remote.ErrorHandler.createThrowable(ErrorHandler.java:216)
	at org.openqa.selenium.remote.ErrorHandler.throwIfResponseFailed(ErrorHandler.java:168)
	at org.openqa.selenium.remote.RemoteWebDriver.execute(RemoteWebDriver.java:635)
	at org.openqa.selenium.remote.RemoteWebDriver$RemoteWebDriverOptions$RemoteWindow.setSize(RemoteWebDriver.java:847)
	at setup.SeleniumBaseTest.beforeClass(SeleniumBaseTest.java:75)
... Removed 26 stack frames
</div> <!-- stack-trace -->
                </div> <!-- method-content -->
              </div> <!-- method -->
              <div class="method">
                <div class="method-content">
                  <a name="sendingUpdatesIncorrectEmail">
                  </a> <!-- sendingUpdatesIncorrectEmail -->
                  <span class="method-name">sendingUpdatesIncorrectEmail</span>
                  <div class="stack-trace">org.openqa.selenium.NoSuchSessionException: no such session
  (Driver info: chromedriver=2.28.455517 (2c6d2707d8ea850c862f04ac066724273981e88f),platform=Mac OS X 10.11.6 x86_64) (WARNING: The server did not provide any stacktrace information)
Command duration or timeout: 39 milliseconds
Build info: version: &apos;3.0.1&apos;, revision: &apos;1969d75&apos;, time: &apos;2016-10-18 09:49:13 -0700&apos;
System info: host: &apos;101.lan0.mk.uz.ua&apos;, ip: &apos;192.168.0.101&apos;, os.name: &apos;Mac OS X&apos;, os.arch: &apos;x86_64&apos;, os.version: &apos;10.11.6&apos;, java.version: &apos;1.8.0_101&apos;
Driver info: org.openqa.selenium.chrome.ChromeDriver
Capabilities [{applicationCacheEnabled=false, rotatable=false, mobileEmulationEnabled=false, networkConnectionEnabled=false, chrome={chromedriverVersion=2.28.455517 (2c6d2707d8ea850c862f04ac066724273981e88f), userDataDir=/var/folders/xp/hq6y__313mvbnpb2n5x7bzq00000gn/T/.org.chromium.Chromium.pHviGk}, takesHeapSnapshot=true, pageLoadStrategy=normal, databaseEnabled=false, handlesAlerts=true, hasTouchScreen=false, version=57.0.2987.98, platform=MAC, browserConnectionEnabled=false, nativeEvents=true, acceptSslCerts=true, locationContextEnabled=true, webStorageEnabled=true, browserName=chrome, takesScreenshot=true, javascriptEnabled=true, cssSelectorsEnabled=true, unexpectedAlertBehaviour=}]
Session ID: 6af012c79d4f7e42652213babfc867f5
	at org.openqa.selenium.remote.ErrorHandler.createThrowable(ErrorHandler.java:216)
	at org.openqa.selenium.remote.ErrorHandler.throwIfResponseFailed(ErrorHandler.java:168)
	at org.openqa.selenium.remote.RemoteWebDriver.execute(RemoteWebDriver.java:635)
	at org.openqa.selenium.remote.RemoteWebDriver$RemoteWebDriverOptions$RemoteWindow.setSize(RemoteWebDriver.java:847)
	at setup.SeleniumBaseTest.beforeClass(SeleniumBaseTest.java:75)
... Removed 26 stack frames
</div> <!-- stack-trace -->
                </div> <!-- method-content -->
              </div> <!-- method -->
              <div class="method">
                <div class="method-content">
                  <a name="sendingUpdatesIncorrectEmailWithAt">
                  </a> <!-- sendingUpdatesIncorrectEmailWithAt -->
                  <span class="method-name">sendingUpdatesIncorrectEmailWithAt</span>
                  <div class="stack-trace">org.openqa.selenium.NoSuchSessionException: no such session
  (Driver info: chromedriver=2.28.455517 (2c6d2707d8ea850c862f04ac066724273981e88f),platform=Mac OS X 10.11.6 x86_64) (WARNING: The server did not provide any stacktrace information)
Command duration or timeout: 39 milliseconds
Build info: version: &apos;3.0.1&apos;, revision: &apos;1969d75&apos;, time: &apos;2016-10-18 09:49:13 -0700&apos;
System info: host: &apos;101.lan0.mk.uz.ua&apos;, ip: &apos;192.168.0.101&apos;, os.name: &apos;Mac OS X&apos;, os.arch: &apos;x86_64&apos;, os.version: &apos;10.11.6&apos;, java.version: &apos;1.8.0_101&apos;
Driver info: org.openqa.selenium.chrome.ChromeDriver
Capabilities [{applicationCacheEnabled=false, rotatable=false, mobileEmulationEnabled=false, networkConnectionEnabled=false, chrome={chromedriverVersion=2.28.455517 (2c6d2707d8ea850c862f04ac066724273981e88f), userDataDir=/var/folders/xp/hq6y__313mvbnpb2n5x7bzq00000gn/T/.org.chromium.Chromium.pHviGk}, takesHeapSnapshot=true, pageLoadStrategy=normal, databaseEnabled=false, handlesAlerts=true, hasTouchScreen=false, version=57.0.2987.98, platform=MAC, browserConnectionEnabled=false, nativeEvents=true, acceptSslCerts=true, locationContextEnabled=true, webStorageEnabled=true, browserName=chrome, takesScreenshot=true, javascriptEnabled=true, cssSelectorsEnabled=true, unexpectedAlertBehaviour=}]
Session ID: 6af012c79d4f7e42652213babfc867f5
	at org.openqa.selenium.remote.ErrorHandler.createThrowable(ErrorHandler.java:216)
	at org.openqa.selenium.remote.ErrorHandler.throwIfResponseFailed(ErrorHandler.java:168)
	at org.openqa.selenium.remote.RemoteWebDriver.execute(RemoteWebDriver.java:635)
	at org.openqa.selenium.remote.RemoteWebDriver$RemoteWebDriverOptions$RemoteWindow.setSize(RemoteWebDriver.java:847)
	at setup.SeleniumBaseTest.beforeClass(SeleniumBaseTest.java:75)
... Removed 26 stack frames
</div> <!-- stack-trace -->
                </div> <!-- method-content -->
              </div> <!-- method -->
              <div class="method">
                <div class="method-content">
                  <a name="sendingUpdatesToValidEmail">
                  </a> <!-- sendingUpdatesToValidEmail -->
                  <span class="method-name">sendingUpdatesToValidEmail</span>
                  <div class="stack-trace">org.openqa.selenium.NoSuchSessionException: no such session
  (Driver info: chromedriver=2.28.455517 (2c6d2707d8ea850c862f04ac066724273981e88f),platform=Mac OS X 10.11.6 x86_64) (WARNING: The server did not provide any stacktrace information)
Command duration or timeout: 39 milliseconds
Build info: version: &apos;3.0.1&apos;, revision: &apos;1969d75&apos;, time: &apos;2016-10-18 09:49:13 -0700&apos;
System info: host: &apos;101.lan0.mk.uz.ua&apos;, ip: &apos;192.168.0.101&apos;, os.name: &apos;Mac OS X&apos;, os.arch: &apos;x86_64&apos;, os.version: &apos;10.11.6&apos;, java.version: &apos;1.8.0_101&apos;
Driver info: org.openqa.selenium.chrome.ChromeDriver
Capabilities [{applicationCacheEnabled=false, rotatable=false, mobileEmulationEnabled=false, networkConnectionEnabled=false, chrome={chromedriverVersion=2.28.455517 (2c6d2707d8ea850c862f04ac066724273981e88f), userDataDir=/var/folders/xp/hq6y__313mvbnpb2n5x7bzq00000gn/T/.org.chromium.Chromium.pHviGk}, takesHeapSnapshot=true, pageLoadStrategy=normal, databaseEnabled=false, handlesAlerts=true, hasTouchScreen=false, version=57.0.2987.98, platform=MAC, browserConnectionEnabled=false, nativeEvents=true, acceptSslCerts=true, locationContextEnabled=true, webStorageEnabled=true, browserName=chrome, takesScreenshot=true, javascriptEnabled=true, cssSelectorsEnabled=true, unexpectedAlertBehaviour=}]
Session ID: 6af012c79d4f7e42652213babfc867f5
	at org.openqa.selenium.remote.ErrorHandler.createThrowable(ErrorHandler.java:216)
	at org.openqa.selenium.remote.ErrorHandler.throwIfResponseFailed(ErrorHandler.java:168)
	at org.openqa.selenium.remote.RemoteWebDriver.execute(RemoteWebDriver.java:635)
	at org.openqa.selenium.remote.RemoteWebDriver$RemoteWebDriverOptions$RemoteWindow.setSize(RemoteWebDriver.java:847)
	at setup.SeleniumBaseTest.beforeClass(SeleniumBaseTest.java:75)
... Removed 26 stack frames
</div> <!-- stack-trace -->
                </div> <!-- method-content -->
              </div> <!-- method -->
              <div class="method">
                <div class="method-content">
                  <a name="typingValidEmailAndClickRequestDemo">
                  </a> <!-- typingValidEmailAndClickRequestDemo -->
                  <span class="method-name">typingValidEmailAndClickRequestDemo</span>
                  <div class="stack-trace">org.openqa.selenium.NoSuchSessionException: no such session
  (Driver info: chromedriver=2.28.455517 (2c6d2707d8ea850c862f04ac066724273981e88f),platform=Mac OS X 10.11.6 x86_64) (WARNING: The server did not provide any stacktrace information)
Command duration or timeout: 39 milliseconds
Build info: version: &apos;3.0.1&apos;, revision: &apos;1969d75&apos;, time: &apos;2016-10-18 09:49:13 -0700&apos;
System info: host: &apos;101.lan0.mk.uz.ua&apos;, ip: &apos;192.168.0.101&apos;, os.name: &apos;Mac OS X&apos;, os.arch: &apos;x86_64&apos;, os.version: &apos;10.11.6&apos;, java.version: &apos;1.8.0_101&apos;
Driver info: org.openqa.selenium.chrome.ChromeDriver
Capabilities [{applicationCacheEnabled=false, rotatable=false, mobileEmulationEnabled=false, networkConnectionEnabled=false, chrome={chromedriverVersion=2.28.455517 (2c6d2707d8ea850c862f04ac066724273981e88f), userDataDir=/var/folders/xp/hq6y__313mvbnpb2n5x7bzq00000gn/T/.org.chromium.Chromium.pHviGk}, takesHeapSnapshot=true, pageLoadStrategy=normal, databaseEnabled=false, handlesAlerts=true, hasTouchScreen=false, version=57.0.2987.98, platform=MAC, browserConnectionEnabled=false, nativeEvents=true, acceptSslCerts=true, locationContextEnabled=true, webStorageEnabled=true, browserName=chrome, takesScreenshot=true, javascriptEnabled=true, cssSelectorsEnabled=true, unexpectedAlertBehaviour=}]
Session ID: 6af012c79d4f7e42652213babfc867f5
	at org.openqa.selenium.remote.ErrorHandler.createThrowable(ErrorHandler.java:216)
	at org.openqa.selenium.remote.ErrorHandler.throwIfResponseFailed(ErrorHandler.java:168)
	at org.openqa.selenium.remote.RemoteWebDriver.execute(RemoteWebDriver.java:635)
	at org.openqa.selenium.remote.RemoteWebDriver$RemoteWebDriverOptions$RemoteWindow.setSize(RemoteWebDriver.java:847)
	at setup.SeleniumBaseTest.beforeClass(SeleniumBaseTest.java:75)
... Removed 26 stack frames
</div> <!-- stack-trace -->
                </div> <!-- method-content -->
              </div> <!-- method -->
              <div class="method">
                <div class="method-content">
                  <a name="videoOpening">
                  </a> <!-- videoOpening -->
                  <span class="method-name">videoOpening</span>
                  <div class="stack-trace">org.openqa.selenium.NoSuchSessionException: no such session
  (Driver info: chromedriver=2.28.455517 (2c6d2707d8ea850c862f04ac066724273981e88f),platform=Mac OS X 10.11.6 x86_64) (WARNING: The server did not provide any stacktrace information)
Command duration or timeout: 39 milliseconds
Build info: version: &apos;3.0.1&apos;, revision: &apos;1969d75&apos;, time: &apos;2016-10-18 09:49:13 -0700&apos;
System info: host: &apos;101.lan0.mk.uz.ua&apos;, ip: &apos;192.168.0.101&apos;, os.name: &apos;Mac OS X&apos;, os.arch: &apos;x86_64&apos;, os.version: &apos;10.11.6&apos;, java.version: &apos;1.8.0_101&apos;
Driver info: org.openqa.selenium.chrome.ChromeDriver
Capabilities [{applicationCacheEnabled=false, rotatable=false, mobileEmulationEnabled=false, networkConnectionEnabled=false, chrome={chromedriverVersion=2.28.455517 (2c6d2707d8ea850c862f04ac066724273981e88f), userDataDir=/var/folders/xp/hq6y__313mvbnpb2n5x7bzq00000gn/T/.org.chromium.Chromium.pHviGk}, takesHeapSnapshot=true, pageLoadStrategy=normal, databaseEnabled=false, handlesAlerts=true, hasTouchScreen=false, version=57.0.2987.98, platform=MAC, browserConnectionEnabled=false, nativeEvents=true, acceptSslCerts=true, locationContextEnabled=true, webStorageEnabled=true, browserName=chrome, takesScreenshot=true, javascriptEnabled=true, cssSelectorsEnabled=true, unexpectedAlertBehaviour=}]
Session ID: 6af012c79d4f7e42652213babfc867f5
	at org.openqa.selenium.remote.ErrorHandler.createThrowable(ErrorHandler.java:216)
	at org.openqa.selenium.remote.ErrorHandler.throwIfResponseFailed(ErrorHandler.java:168)
	at org.openqa.selenium.remote.RemoteWebDriver.execute(RemoteWebDriver.java:635)
	at org.openqa.selenium.remote.RemoteWebDriver$RemoteWebDriverOptions$RemoteWindow.setSize(RemoteWebDriver.java:847)
	at setup.SeleniumBaseTest.beforeClass(SeleniumBaseTest.java:75)
... Removed 26 stack frames
</div> <!-- stack-trace -->
                </div> <!-- method-content -->
              </div> <!-- method -->
            </div> <!-- main-panel-content rounded-window-bottom -->
          </div> <!-- suite-All_tests_(0)-class-skipped -->
          <div class="suite-All_tests_(0)-class-skipped">
            <div class="main-panel-header rounded-window-top">
              <img src="skipped.png"/>
              <span class="class-name">tests.About.PressTests</span>
            </div> <!-- main-panel-header rounded-window-top -->
            <div class="main-panel-content rounded-window-bottom">
              <div class="method">
                <div class="method-content">
                  <a name="checkinReadMoreLink">
                  </a> <!-- checkinReadMoreLink -->
                  <span class="method-name">checkinReadMoreLink</span>
                  <div class="stack-trace">org.openqa.selenium.NoSuchSessionException: no such session
  (Driver info: chromedriver=2.28.455517 (2c6d2707d8ea850c862f04ac066724273981e88f),platform=Mac OS X 10.11.6 x86_64) (WARNING: The server did not provide any stacktrace information)
Command duration or timeout: 39 milliseconds
Build info: version: &apos;3.0.1&apos;, revision: &apos;1969d75&apos;, time: &apos;2016-10-18 09:49:13 -0700&apos;
System info: host: &apos;101.lan0.mk.uz.ua&apos;, ip: &apos;192.168.0.101&apos;, os.name: &apos;Mac OS X&apos;, os.arch: &apos;x86_64&apos;, os.version: &apos;10.11.6&apos;, java.version: &apos;1.8.0_101&apos;
Driver info: org.openqa.selenium.chrome.ChromeDriver
Capabilities [{applicationCacheEnabled=false, rotatable=false, mobileEmulationEnabled=false, networkConnectionEnabled=false, chrome={chromedriverVersion=2.28.455517 (2c6d2707d8ea850c862f04ac066724273981e88f), userDataDir=/var/folders/xp/hq6y__313mvbnpb2n5x7bzq00000gn/T/.org.chromium.Chromium.pHviGk}, takesHeapSnapshot=true, pageLoadStrategy=normal, databaseEnabled=false, handlesAlerts=true, hasTouchScreen=false, version=57.0.2987.98, platform=MAC, browserConnectionEnabled=false, nativeEvents=true, acceptSslCerts=true, locationContextEnabled=true, webStorageEnabled=true, browserName=chrome, takesScreenshot=true, javascriptEnabled=true, cssSelectorsEnabled=true, unexpectedAlertBehaviour=}]
Session ID: 6af012c79d4f7e42652213babfc867f5
	at org.openqa.selenium.remote.ErrorHandler.createThrowable(ErrorHandler.java:216)
	at org.openqa.selenium.remote.ErrorHandler.throwIfResponseFailed(ErrorHandler.java:168)
	at org.openqa.selenium.remote.RemoteWebDriver.execute(RemoteWebDriver.java:635)
	at org.openqa.selenium.remote.RemoteWebDriver$RemoteWebDriverOptions$RemoteWindow.setSize(RemoteWebDriver.java:847)
	at setup.SeleniumBaseTest.beforeClass(SeleniumBaseTest.java:75)
... Removed 26 stack frames
</div> <!-- stack-trace -->
                </div> <!-- method-content -->
              </div> <!-- method -->
              <div class="method">
                <div class="method-content">
                  <a name="chekingStyleGuide">
                  </a> <!-- chekingStyleGuide -->
                  <span class="method-name">chekingStyleGuide</span>
                  <div class="stack-trace">org.openqa.selenium.NoSuchSessionException: no such session
  (Driver info: chromedriver=2.28.455517 (2c6d2707d8ea850c862f04ac066724273981e88f),platform=Mac OS X 10.11.6 x86_64) (WARNING: The server did not provide any stacktrace information)
Command duration or timeout: 39 milliseconds
Build info: version: &apos;3.0.1&apos;, revision: &apos;1969d75&apos;, time: &apos;2016-10-18 09:49:13 -0700&apos;
System info: host: &apos;101.lan0.mk.uz.ua&apos;, ip: &apos;192.168.0.101&apos;, os.name: &apos;Mac OS X&apos;, os.arch: &apos;x86_64&apos;, os.version: &apos;10.11.6&apos;, java.version: &apos;1.8.0_101&apos;
Driver info: org.openqa.selenium.chrome.ChromeDriver
Capabilities [{applicationCacheEnabled=false, rotatable=false, mobileEmulationEnabled=false, networkConnectionEnabled=false, chrome={chromedriverVersion=2.28.455517 (2c6d2707d8ea850c862f04ac066724273981e88f), userDataDir=/var/folders/xp/hq6y__313mvbnpb2n5x7bzq00000gn/T/.org.chromium.Chromium.pHviGk}, takesHeapSnapshot=true, pageLoadStrategy=normal, databaseEnabled=false, handlesAlerts=true, hasTouchScreen=false, version=57.0.2987.98, platform=MAC, browserConnectionEnabled=false, nativeEvents=true, acceptSslCerts=true, locationContextEnabled=true, webStorageEnabled=true, browserName=chrome, takesScreenshot=true, javascriptEnabled=true, cssSelectorsEnabled=true, unexpectedAlertBehaviour=}]
Session ID: 6af012c79d4f7e42652213babfc867f5
	at org.openqa.selenium.remote.ErrorHandler.createThrowable(ErrorHandler.java:216)
	at org.openqa.selenium.remote.ErrorHandler.throwIfResponseFailed(ErrorHandler.java:168)
	at org.openqa.selenium.remote.RemoteWebDriver.execute(RemoteWebDriver.java:635)
	at org.openqa.selenium.remote.RemoteWebDriver$RemoteWebDriverOptions$RemoteWindow.setSize(RemoteWebDriver.java:847)
	at setup.SeleniumBaseTest.beforeClass(SeleniumBaseTest.java:75)
... Removed 26 stack frames
</div> <!-- stack-trace -->
                </div> <!-- method-content -->
              </div> <!-- method -->
              <div class="method">
                <div class="method-content">
                  <a name="downloadLinkCheckingIconBlack">
                  </a> <!-- downloadLinkCheckingIconBlack -->
                  <span class="method-name">downloadLinkCheckingIconBlack</span>
                  <div class="stack-trace">org.openqa.selenium.NoSuchSessionException: no such session
  (Driver info: chromedriver=2.28.455517 (2c6d2707d8ea850c862f04ac066724273981e88f),platform=Mac OS X 10.11.6 x86_64) (WARNING: The server did not provide any stacktrace information)
Command duration or timeout: 39 milliseconds
Build info: version: &apos;3.0.1&apos;, revision: &apos;1969d75&apos;, time: &apos;2016-10-18 09:49:13 -0700&apos;
System info: host: &apos;101.lan0.mk.uz.ua&apos;, ip: &apos;192.168.0.101&apos;, os.name: &apos;Mac OS X&apos;, os.arch: &apos;x86_64&apos;, os.version: &apos;10.11.6&apos;, java.version: &apos;1.8.0_101&apos;
Driver info: org.openqa.selenium.chrome.ChromeDriver
Capabilities [{applicationCacheEnabled=false, rotatable=false, mobileEmulationEnabled=false, networkConnectionEnabled=false, chrome={chromedriverVersion=2.28.455517 (2c6d2707d8ea850c862f04ac066724273981e88f), userDataDir=/var/folders/xp/hq6y__313mvbnpb2n5x7bzq00000gn/T/.org.chromium.Chromium.pHviGk}, takesHeapSnapshot=true, pageLoadStrategy=normal, databaseEnabled=false, handlesAlerts=true, hasTouchScreen=false, version=57.0.2987.98, platform=MAC, browserConnectionEnabled=false, nativeEvents=true, acceptSslCerts=true, locationContextEnabled=true, webStorageEnabled=true, browserName=chrome, takesScreenshot=true, javascriptEnabled=true, cssSelectorsEnabled=true, unexpectedAlertBehaviour=}]
Session ID: 6af012c79d4f7e42652213babfc867f5
	at org.openqa.selenium.remote.ErrorHandler.createThrowable(ErrorHandler.java:216)
	at org.openqa.selenium.remote.ErrorHandler.throwIfResponseFailed(ErrorHandler.java:168)
	at org.openqa.selenium.remote.RemoteWebDriver.execute(RemoteWebDriver.java:635)
	at org.openqa.selenium.remote.RemoteWebDriver$RemoteWebDriverOptions$RemoteWindow.setSize(RemoteWebDriver.java:847)
	at setup.SeleniumBaseTest.beforeClass(SeleniumBaseTest.java:75)
... Removed 26 stack frames
</div> <!-- stack-trace -->
                </div> <!-- method-content -->
              </div> <!-- method -->
              <div class="method">
                <div class="method-content">
                  <a name="downloadLinkCheckingLogo">
                  </a> <!-- downloadLinkCheckingLogo -->
                  <span class="method-name">downloadLinkCheckingLogo</span>
                  <div class="stack-trace">org.openqa.selenium.NoSuchSessionException: no such session
  (Driver info: chromedriver=2.28.455517 (2c6d2707d8ea850c862f04ac066724273981e88f),platform=Mac OS X 10.11.6 x86_64) (WARNING: The server did not provide any stacktrace information)
Command duration or timeout: 39 milliseconds
Build info: version: &apos;3.0.1&apos;, revision: &apos;1969d75&apos;, time: &apos;2016-10-18 09:49:13 -0700&apos;
System info: host: &apos;101.lan0.mk.uz.ua&apos;, ip: &apos;192.168.0.101&apos;, os.name: &apos;Mac OS X&apos;, os.arch: &apos;x86_64&apos;, os.version: &apos;10.11.6&apos;, java.version: &apos;1.8.0_101&apos;
Driver info: org.openqa.selenium.chrome.ChromeDriver
Capabilities [{applicationCacheEnabled=false, rotatable=false, mobileEmulationEnabled=false, networkConnectionEnabled=false, chrome={chromedriverVersion=2.28.455517 (2c6d2707d8ea850c862f04ac066724273981e88f), userDataDir=/var/folders/xp/hq6y__313mvbnpb2n5x7bzq00000gn/T/.org.chromium.Chromium.pHviGk}, takesHeapSnapshot=true, pageLoadStrategy=normal, databaseEnabled=false, handlesAlerts=true, hasTouchScreen=false, version=57.0.2987.98, platform=MAC, browserConnectionEnabled=false, nativeEvents=true, acceptSslCerts=true, locationContextEnabled=true, webStorageEnabled=true, browserName=chrome, takesScreenshot=true, javascriptEnabled=true, cssSelectorsEnabled=true, unexpectedAlertBehaviour=}]
Session ID: 6af012c79d4f7e42652213babfc867f5
	at org.openqa.selenium.remote.ErrorHandler.createThrowable(ErrorHandler.java:216)
	at org.openqa.selenium.remote.ErrorHandler.throwIfResponseFailed(ErrorHandler.java:168)
	at org.openqa.selenium.remote.RemoteWebDriver.execute(RemoteWebDriver.java:635)
	at org.openqa.selenium.remote.RemoteWebDriver$RemoteWebDriverOptions$RemoteWindow.setSize(RemoteWebDriver.java:847)
	at setup.SeleniumBaseTest.beforeClass(SeleniumBaseTest.java:75)
... Removed 26 stack frames
</div> <!-- stack-trace -->
                </div> <!-- method-content -->
              </div> <!-- method -->
              <div class="method">
                <div class="method-content">
                  <a name="downloadLinkCheckingLogoBlack">
                  </a> <!-- downloadLinkCheckingLogoBlack -->
                  <span class="method-name">downloadLinkCheckingLogoBlack</span>
                  <div class="stack-trace">org.openqa.selenium.NoSuchSessionException: no such session
  (Driver info: chromedriver=2.28.455517 (2c6d2707d8ea850c862f04ac066724273981e88f),platform=Mac OS X 10.11.6 x86_64) (WARNING: The server did not provide any stacktrace information)
Command duration or timeout: 39 milliseconds
Build info: version: &apos;3.0.1&apos;, revision: &apos;1969d75&apos;, time: &apos;2016-10-18 09:49:13 -0700&apos;
System info: host: &apos;101.lan0.mk.uz.ua&apos;, ip: &apos;192.168.0.101&apos;, os.name: &apos;Mac OS X&apos;, os.arch: &apos;x86_64&apos;, os.version: &apos;10.11.6&apos;, java.version: &apos;1.8.0_101&apos;
Driver info: org.openqa.selenium.chrome.ChromeDriver
Capabilities [{applicationCacheEnabled=false, rotatable=false, mobileEmulationEnabled=false, networkConnectionEnabled=false, chrome={chromedriverVersion=2.28.455517 (2c6d2707d8ea850c862f04ac066724273981e88f), userDataDir=/var/folders/xp/hq6y__313mvbnpb2n5x7bzq00000gn/T/.org.chromium.Chromium.pHviGk}, takesHeapSnapshot=true, pageLoadStrategy=normal, databaseEnabled=false, handlesAlerts=true, hasTouchScreen=false, version=57.0.2987.98, platform=MAC, browserConnectionEnabled=false, nativeEvents=true, acceptSslCerts=true, locationContextEnabled=true, webStorageEnabled=true, browserName=chrome, takesScreenshot=true, javascriptEnabled=true, cssSelectorsEnabled=true, unexpectedAlertBehaviour=}]
Session ID: 6af012c79d4f7e42652213babfc867f5
	at org.openqa.selenium.remote.ErrorHandler.createThrowable(ErrorHandler.java:216)
	at org.openqa.selenium.remote.ErrorHandler.throwIfResponseFailed(ErrorHandler.java:168)
	at org.openqa.selenium.remote.RemoteWebDriver.execute(RemoteWebDriver.java:635)
	at org.openqa.selenium.remote.RemoteWebDriver$RemoteWebDriverOptions$RemoteWindow.setSize(RemoteWebDriver.java:847)
	at setup.SeleniumBaseTest.beforeClass(SeleniumBaseTest.java:75)
... Removed 26 stack frames
</div> <!-- stack-trace -->
                </div> <!-- method-content -->
              </div> <!-- method -->
              <div class="method">
                <div class="method-content">
                  <a name="downloadLinkCheckingLogoVertical">
                  </a> <!-- downloadLinkCheckingLogoVertical -->
                  <span class="method-name">downloadLinkCheckingLogoVertical</span>
                  <div class="stack-trace">org.openqa.selenium.NoSuchSessionException: no such session
  (Driver info: chromedriver=2.28.455517 (2c6d2707d8ea850c862f04ac066724273981e88f),platform=Mac OS X 10.11.6 x86_64) (WARNING: The server did not provide any stacktrace information)
Command duration or timeout: 39 milliseconds
Build info: version: &apos;3.0.1&apos;, revision: &apos;1969d75&apos;, time: &apos;2016-10-18 09:49:13 -0700&apos;
System info: host: &apos;101.lan0.mk.uz.ua&apos;, ip: &apos;192.168.0.101&apos;, os.name: &apos;Mac OS X&apos;, os.arch: &apos;x86_64&apos;, os.version: &apos;10.11.6&apos;, java.version: &apos;1.8.0_101&apos;
Driver info: org.openqa.selenium.chrome.ChromeDriver
Capabilities [{applicationCacheEnabled=false, rotatable=false, mobileEmulationEnabled=false, networkConnectionEnabled=false, chrome={chromedriverVersion=2.28.455517 (2c6d2707d8ea850c862f04ac066724273981e88f), userDataDir=/var/folders/xp/hq6y__313mvbnpb2n5x7bzq00000gn/T/.org.chromium.Chromium.pHviGk}, takesHeapSnapshot=true, pageLoadStrategy=normal, databaseEnabled=false, handlesAlerts=true, hasTouchScreen=false, version=57.0.2987.98, platform=MAC, browserConnectionEnabled=false, nativeEvents=true, acceptSslCerts=true, locationContextEnabled=true, webStorageEnabled=true, browserName=chrome, takesScreenshot=true, javascriptEnabled=true, cssSelectorsEnabled=true, unexpectedAlertBehaviour=}]
Session ID: 6af012c79d4f7e42652213babfc867f5
	at org.openqa.selenium.remote.ErrorHandler.createThrowable(ErrorHandler.java:216)
	at org.openqa.selenium.remote.ErrorHandler.throwIfResponseFailed(ErrorHandler.java:168)
	at org.openqa.selenium.remote.RemoteWebDriver.execute(RemoteWebDriver.java:635)
	at org.openqa.selenium.remote.RemoteWebDriver$RemoteWebDriverOptions$RemoteWindow.setSize(RemoteWebDriver.java:847)
	at setup.SeleniumBaseTest.beforeClass(SeleniumBaseTest.java:75)
... Removed 26 stack frames
</div> <!-- stack-trace -->
                </div> <!-- method-content -->
              </div> <!-- method -->
            </div> <!-- main-panel-content rounded-window-bottom -->
          </div> <!-- suite-All_tests_(0)-class-skipped -->
          <div class="suite-All_tests_(0)-class-skipped">
            <div class="main-panel-header rounded-window-top">
              <img src="skipped.png"/>
              <span class="class-name">tests.FeaturesPageTests</span>
            </div> <!-- main-panel-header rounded-window-top -->
            <div class="main-panel-content rounded-window-bottom">
              <div class="method">
                <div class="method-content">
                  <a name="openingFeaturesPageAndClickOnRequestDemo">
                  </a> <!-- openingFeaturesPageAndClickOnRequestDemo -->
                  <span class="method-name">openingFeaturesPageAndClickOnRequestDemo</span>
                  <div class="stack-trace">org.openqa.selenium.NoSuchSessionException: no such session
  (Driver info: chromedriver=2.28.455517 (2c6d2707d8ea850c862f04ac066724273981e88f),platform=Mac OS X 10.11.6 x86_64) (WARNING: The server did not provide any stacktrace information)
Command duration or timeout: 39 milliseconds
Build info: version: &apos;3.0.1&apos;, revision: &apos;1969d75&apos;, time: &apos;2016-10-18 09:49:13 -0700&apos;
System info: host: &apos;101.lan0.mk.uz.ua&apos;, ip: &apos;192.168.0.101&apos;, os.name: &apos;Mac OS X&apos;, os.arch: &apos;x86_64&apos;, os.version: &apos;10.11.6&apos;, java.version: &apos;1.8.0_101&apos;
Driver info: org.openqa.selenium.chrome.ChromeDriver
Capabilities [{applicationCacheEnabled=false, rotatable=false, mobileEmulationEnabled=false, networkConnectionEnabled=false, chrome={chromedriverVersion=2.28.455517 (2c6d2707d8ea850c862f04ac066724273981e88f), userDataDir=/var/folders/xp/hq6y__313mvbnpb2n5x7bzq00000gn/T/.org.chromium.Chromium.pHviGk}, takesHeapSnapshot=true, pageLoadStrategy=normal, databaseEnabled=false, handlesAlerts=true, hasTouchScreen=false, version=57.0.2987.98, platform=MAC, browserConnectionEnabled=false, nativeEvents=true, acceptSslCerts=true, locationContextEnabled=true, webStorageEnabled=true, browserName=chrome, takesScreenshot=true, javascriptEnabled=true, cssSelectorsEnabled=true, unexpectedAlertBehaviour=}]
Session ID: 6af012c79d4f7e42652213babfc867f5
	at org.openqa.selenium.remote.ErrorHandler.createThrowable(ErrorHandler.java:216)
	at org.openqa.selenium.remote.ErrorHandler.throwIfResponseFailed(ErrorHandler.java:168)
	at org.openqa.selenium.remote.RemoteWebDriver.execute(RemoteWebDriver.java:635)
	at org.openqa.selenium.remote.RemoteWebDriver$RemoteWebDriverOptions$RemoteWindow.setSize(RemoteWebDriver.java:847)
	at setup.SeleniumBaseTest.beforeClass(SeleniumBaseTest.java:75)
... Removed 26 stack frames
</div> <!-- stack-trace -->
                </div> <!-- method-content -->
              </div> <!-- method -->
              <div class="method">
                <div class="method-content">
                  <a name="openingSecondRequestDemoButton">
                  </a> <!-- openingSecondRequestDemoButton -->
                  <span class="method-name">openingSecondRequestDemoButton</span>
                  <div class="stack-trace">org.openqa.selenium.NoSuchSessionException: no such session
  (Driver info: chromedriver=2.28.455517 (2c6d2707d8ea850c862f04ac066724273981e88f),platform=Mac OS X 10.11.6 x86_64) (WARNING: The server did not provide any stacktrace information)
Command duration or timeout: 39 milliseconds
Build info: version: &apos;3.0.1&apos;, revision: &apos;1969d75&apos;, time: &apos;2016-10-18 09:49:13 -0700&apos;
System info: host: &apos;101.lan0.mk.uz.ua&apos;, ip: &apos;192.168.0.101&apos;, os.name: &apos;Mac OS X&apos;, os.arch: &apos;x86_64&apos;, os.version: &apos;10.11.6&apos;, java.version: &apos;1.8.0_101&apos;
Driver info: org.openqa.selenium.chrome.ChromeDriver
Capabilities [{applicationCacheEnabled=false, rotatable=false, mobileEmulationEnabled=false, networkConnectionEnabled=false, chrome={chromedriverVersion=2.28.455517 (2c6d2707d8ea850c862f04ac066724273981e88f), userDataDir=/var/folders/xp/hq6y__313mvbnpb2n5x7bzq00000gn/T/.org.chromium.Chromium.pHviGk}, takesHeapSnapshot=true, pageLoadStrategy=normal, databaseEnabled=false, handlesAlerts=true, hasTouchScreen=false, version=57.0.2987.98, platform=MAC, browserConnectionEnabled=false, nativeEvents=true, acceptSslCerts=true, locationContextEnabled=true, webStorageEnabled=true, browserName=chrome, takesScreenshot=true, javascriptEnabled=true, cssSelectorsEnabled=true, unexpectedAlertBehaviour=}]
Session ID: 6af012c79d4f7e42652213babfc867f5
	at org.openqa.selenium.remote.ErrorHandler.createThrowable(ErrorHandler.java:216)
	at org.openqa.selenium.remote.ErrorHandler.throwIfResponseFailed(ErrorHandler.java:168)
	at org.openqa.selenium.remote.RemoteWebDriver.execute(RemoteWebDriver.java:635)
	at org.openqa.selenium.remote.RemoteWebDriver$RemoteWebDriverOptions$RemoteWindow.setSize(RemoteWebDriver.java:847)
	at setup.SeleniumBaseTest.beforeClass(SeleniumBaseTest.java:75)
... Removed 26 stack frames
</div> <!-- stack-trace -->
                </div> <!-- method-content -->
              </div> <!-- method -->
              <div class="method">
                <div class="method-content">
                  <a name="openingThirdRequestDemoButton">
                  </a> <!-- openingThirdRequestDemoButton -->
                  <span class="method-name">openingThirdRequestDemoButton</span>
                  <div class="stack-trace">org.openqa.selenium.NoSuchSessionException: no such session
  (Driver info: chromedriver=2.28.455517 (2c6d2707d8ea850c862f04ac066724273981e88f),platform=Mac OS X 10.11.6 x86_64) (WARNING: The server did not provide any stacktrace information)
Command duration or timeout: 39 milliseconds
Build info: version: &apos;3.0.1&apos;, revision: &apos;1969d75&apos;, time: &apos;2016-10-18 09:49:13 -0700&apos;
System info: host: &apos;101.lan0.mk.uz.ua&apos;, ip: &apos;192.168.0.101&apos;, os.name: &apos;Mac OS X&apos;, os.arch: &apos;x86_64&apos;, os.version: &apos;10.11.6&apos;, java.version: &apos;1.8.0_101&apos;
Driver info: org.openqa.selenium.chrome.ChromeDriver
Capabilities [{applicationCacheEnabled=false, rotatable=false, mobileEmulationEnabled=false, networkConnectionEnabled=false, chrome={chromedriverVersion=2.28.455517 (2c6d2707d8ea850c862f04ac066724273981e88f), userDataDir=/var/folders/xp/hq6y__313mvbnpb2n5x7bzq00000gn/T/.org.chromium.Chromium.pHviGk}, takesHeapSnapshot=true, pageLoadStrategy=normal, databaseEnabled=false, handlesAlerts=true, hasTouchScreen=false, version=57.0.2987.98, platform=MAC, browserConnectionEnabled=false, nativeEvents=true, acceptSslCerts=true, locationContextEnabled=true, webStorageEnabled=true, browserName=chrome, takesScreenshot=true, javascriptEnabled=true, cssSelectorsEnabled=true, unexpectedAlertBehaviour=}]
Session ID: 6af012c79d4f7e42652213babfc867f5
	at org.openqa.selenium.remote.ErrorHandler.createThrowable(ErrorHandler.java:216)
	at org.openqa.selenium.remote.ErrorHandler.throwIfResponseFailed(ErrorHandler.java:168)
	at org.openqa.selenium.remote.RemoteWebDriver.execute(RemoteWebDriver.java:635)
	at org.openqa.selenium.remote.RemoteWebDriver$RemoteWebDriverOptions$RemoteWindow.setSize(RemoteWebDriver.java:847)
	at setup.SeleniumBaseTest.beforeClass(SeleniumBaseTest.java:75)
... Removed 26 stack frames
</div> <!-- stack-trace -->
                </div> <!-- method-content -->
              </div> <!-- method -->
              <div class="method">
                <div class="method-content">
                  <a name="scrollingToEachSection">
                  </a> <!-- scrollingToEachSection -->
                  <span class="method-name">scrollingToEachSection</span>
                  <div class="stack-trace">org.openqa.selenium.NoSuchSessionException: no such session
  (Driver info: chromedriver=2.28.455517 (2c6d2707d8ea850c862f04ac066724273981e88f),platform=Mac OS X 10.11.6 x86_64) (WARNING: The server did not provide any stacktrace information)
Command duration or timeout: 39 milliseconds
Build info: version: &apos;3.0.1&apos;, revision: &apos;1969d75&apos;, time: &apos;2016-10-18 09:49:13 -0700&apos;
System info: host: &apos;101.lan0.mk.uz.ua&apos;, ip: &apos;192.168.0.101&apos;, os.name: &apos;Mac OS X&apos;, os.arch: &apos;x86_64&apos;, os.version: &apos;10.11.6&apos;, java.version: &apos;1.8.0_101&apos;
Driver info: org.openqa.selenium.chrome.ChromeDriver
Capabilities [{applicationCacheEnabled=false, rotatable=false, mobileEmulationEnabled=false, networkConnectionEnabled=false, chrome={chromedriverVersion=2.28.455517 (2c6d2707d8ea850c862f04ac066724273981e88f), userDataDir=/var/folders/xp/hq6y__313mvbnpb2n5x7bzq00000gn/T/.org.chromium.Chromium.pHviGk}, takesHeapSnapshot=true, pageLoadStrategy=normal, databaseEnabled=false, handlesAlerts=true, hasTouchScreen=false, version=57.0.2987.98, platform=MAC, browserConnectionEnabled=false, nativeEvents=true, acceptSslCerts=true, locationContextEnabled=true, webStorageEnabled=true, browserName=chrome, takesScreenshot=true, javascriptEnabled=true, cssSelectorsEnabled=true, unexpectedAlertBehaviour=}]
Session ID: 6af012c79d4f7e42652213babfc867f5
	at org.openqa.selenium.remote.ErrorHandler.createThrowable(ErrorHandler.java:216)
	at org.openqa.selenium.remote.ErrorHandler.throwIfResponseFailed(ErrorHandler.java:168)
	at org.openqa.selenium.remote.RemoteWebDriver.execute(RemoteWebDriver.java:635)
	at org.openqa.selenium.remote.RemoteWebDriver$RemoteWebDriverOptions$RemoteWindow.setSize(RemoteWebDriver.java:847)
	at setup.SeleniumBaseTest.beforeClass(SeleniumBaseTest.java:75)
... Removed 26 stack frames
</div> <!-- stack-trace -->
                </div> <!-- method-content -->
              </div> <!-- method -->
            </div> <!-- main-panel-content rounded-window-bottom -->
          </div> <!-- suite-All_tests_(0)-class-skipped -->
          <div class="suite-All_tests_(0)-class-skipped">
            <div class="main-panel-header rounded-window-top">
              <img src="skipped.png"/>
              <span class="class-name">tests.Blog.BlogMainPageTests</span>
            </div> <!-- main-panel-header rounded-window-top -->
            <div class="main-panel-content rounded-window-bottom">
              <div class="method">
                <div class="method-content">
                  <a name="clickingOnAuthorChecking">
                  </a> <!-- clickingOnAuthorChecking -->
                  <span class="method-name">clickingOnAuthorChecking</span>
                  <div class="stack-trace">org.openqa.selenium.NoSuchSessionException: no such session
  (Driver info: chromedriver=2.28.455517 (2c6d2707d8ea850c862f04ac066724273981e88f),platform=Mac OS X 10.11.6 x86_64) (WARNING: The server did not provide any stacktrace information)
Command duration or timeout: 39 milliseconds
Build info: version: &apos;3.0.1&apos;, revision: &apos;1969d75&apos;, time: &apos;2016-10-18 09:49:13 -0700&apos;
System info: host: &apos;101.lan0.mk.uz.ua&apos;, ip: &apos;192.168.0.101&apos;, os.name: &apos;Mac OS X&apos;, os.arch: &apos;x86_64&apos;, os.version: &apos;10.11.6&apos;, java.version: &apos;1.8.0_101&apos;
Driver info: org.openqa.selenium.chrome.ChromeDriver
Capabilities [{applicationCacheEnabled=false, rotatable=false, mobileEmulationEnabled=false, networkConnectionEnabled=false, chrome={chromedriverVersion=2.28.455517 (2c6d2707d8ea850c862f04ac066724273981e88f), userDataDir=/var/folders/xp/hq6y__313mvbnpb2n5x7bzq00000gn/T/.org.chromium.Chromium.pHviGk}, takesHeapSnapshot=true, pageLoadStrategy=normal, databaseEnabled=false, handlesAlerts=true, hasTouchScreen=false, version=57.0.2987.98, platform=MAC, browserConnectionEnabled=false, nativeEvents=true, acceptSslCerts=true, locationContextEnabled=true, webStorageEnabled=true, browserName=chrome, takesScreenshot=true, javascriptEnabled=true, cssSelectorsEnabled=true, unexpectedAlertBehaviour=}]
Session ID: 6af012c79d4f7e42652213babfc867f5
	at org.openqa.selenium.remote.ErrorHandler.createThrowable(ErrorHandler.java:216)
	at org.openqa.selenium.remote.ErrorHandler.throwIfResponseFailed(ErrorHandler.java:168)
	at org.openqa.selenium.remote.RemoteWebDriver.execute(RemoteWebDriver.java:635)
	at org.openqa.selenium.remote.RemoteWebDriver$RemoteWebDriverOptions$RemoteWindow.setSize(RemoteWebDriver.java:847)
	at setup.SeleniumBaseTest.beforeClass(SeleniumBaseTest.java:75)
... Removed 26 stack frames
</div> <!-- stack-trace -->
                </div> <!-- method-content -->
              </div> <!-- method -->
              <div class="method">
                <div class="method-content">
                  <a name="clickingOnTagChecking">
                  </a> <!-- clickingOnTagChecking -->
                  <span class="method-name">clickingOnTagChecking</span>
                  <div class="stack-trace">org.openqa.selenium.NoSuchSessionException: no such session
  (Driver info: chromedriver=2.28.455517 (2c6d2707d8ea850c862f04ac066724273981e88f),platform=Mac OS X 10.11.6 x86_64) (WARNING: The server did not provide any stacktrace information)
Command duration or timeout: 39 milliseconds
Build info: version: &apos;3.0.1&apos;, revision: &apos;1969d75&apos;, time: &apos;2016-10-18 09:49:13 -0700&apos;
System info: host: &apos;101.lan0.mk.uz.ua&apos;, ip: &apos;192.168.0.101&apos;, os.name: &apos;Mac OS X&apos;, os.arch: &apos;x86_64&apos;, os.version: &apos;10.11.6&apos;, java.version: &apos;1.8.0_101&apos;
Driver info: org.openqa.selenium.chrome.ChromeDriver
Capabilities [{applicationCacheEnabled=false, rotatable=false, mobileEmulationEnabled=false, networkConnectionEnabled=false, chrome={chromedriverVersion=2.28.455517 (2c6d2707d8ea850c862f04ac066724273981e88f), userDataDir=/var/folders/xp/hq6y__313mvbnpb2n5x7bzq00000gn/T/.org.chromium.Chromium.pHviGk}, takesHeapSnapshot=true, pageLoadStrategy=normal, databaseEnabled=false, handlesAlerts=true, hasTouchScreen=false, version=57.0.2987.98, platform=MAC, browserConnectionEnabled=false, nativeEvents=true, acceptSslCerts=true, locationContextEnabled=true, webStorageEnabled=true, browserName=chrome, takesScreenshot=true, javascriptEnabled=true, cssSelectorsEnabled=true, unexpectedAlertBehaviour=}]
Session ID: 6af012c79d4f7e42652213babfc867f5
	at org.openqa.selenium.remote.ErrorHandler.createThrowable(ErrorHandler.java:216)
	at org.openqa.selenium.remote.ErrorHandler.throwIfResponseFailed(ErrorHandler.java:168)
	at org.openqa.selenium.remote.RemoteWebDriver.execute(RemoteWebDriver.java:635)
	at org.openqa.selenium.remote.RemoteWebDriver$RemoteWebDriverOptions$RemoteWindow.setSize(RemoteWebDriver.java:847)
	at setup.SeleniumBaseTest.beforeClass(SeleniumBaseTest.java:75)
... Removed 26 stack frames
</div> <!-- stack-trace -->
                </div> <!-- method-content -->
              </div> <!-- method -->
              <div class="method">
                <div class="method-content">
                  <a name="goingToCommentsSectionByClickOnClickHereLink">
                  </a> <!-- goingToCommentsSectionByClickOnClickHereLink -->
                  <span class="method-name">goingToCommentsSectionByClickOnClickHereLink</span>
                  <div class="stack-trace">org.openqa.selenium.NoSuchSessionException: no such session
  (Driver info: chromedriver=2.28.455517 (2c6d2707d8ea850c862f04ac066724273981e88f),platform=Mac OS X 10.11.6 x86_64) (WARNING: The server did not provide any stacktrace information)
Command duration or timeout: 39 milliseconds
Build info: version: &apos;3.0.1&apos;, revision: &apos;1969d75&apos;, time: &apos;2016-10-18 09:49:13 -0700&apos;
System info: host: &apos;101.lan0.mk.uz.ua&apos;, ip: &apos;192.168.0.101&apos;, os.name: &apos;Mac OS X&apos;, os.arch: &apos;x86_64&apos;, os.version: &apos;10.11.6&apos;, java.version: &apos;1.8.0_101&apos;
Driver info: org.openqa.selenium.chrome.ChromeDriver
Capabilities [{applicationCacheEnabled=false, rotatable=false, mobileEmulationEnabled=false, networkConnectionEnabled=false, chrome={chromedriverVersion=2.28.455517 (2c6d2707d8ea850c862f04ac066724273981e88f), userDataDir=/var/folders/xp/hq6y__313mvbnpb2n5x7bzq00000gn/T/.org.chromium.Chromium.pHviGk}, takesHeapSnapshot=true, pageLoadStrategy=normal, databaseEnabled=false, handlesAlerts=true, hasTouchScreen=false, version=57.0.2987.98, platform=MAC, browserConnectionEnabled=false, nativeEvents=true, acceptSslCerts=true, locationContextEnabled=true, webStorageEnabled=true, browserName=chrome, takesScreenshot=true, javascriptEnabled=true, cssSelectorsEnabled=true, unexpectedAlertBehaviour=}]
Session ID: 6af012c79d4f7e42652213babfc867f5
	at org.openqa.selenium.remote.ErrorHandler.createThrowable(ErrorHandler.java:216)
	at org.openqa.selenium.remote.ErrorHandler.throwIfResponseFailed(ErrorHandler.java:168)
	at org.openqa.selenium.remote.RemoteWebDriver.execute(RemoteWebDriver.java:635)
	at org.openqa.selenium.remote.RemoteWebDriver$RemoteWebDriverOptions$RemoteWindow.setSize(RemoteWebDriver.java:847)
	at setup.SeleniumBaseTest.beforeClass(SeleniumBaseTest.java:75)
... Removed 26 stack frames
</div> <!-- stack-trace -->
                </div> <!-- method-content -->
              </div> <!-- method -->
              <div class="method">
                <div class="method-content">
                  <a name="openingPostByClickOnReadThisPostBtn">
                  </a> <!-- openingPostByClickOnReadThisPostBtn -->
                  <span class="method-name">openingPostByClickOnReadThisPostBtn</span>
                  <div class="stack-trace">org.openqa.selenium.NoSuchSessionException: no such session
  (Driver info: chromedriver=2.28.455517 (2c6d2707d8ea850c862f04ac066724273981e88f),platform=Mac OS X 10.11.6 x86_64) (WARNING: The server did not provide any stacktrace information)
Command duration or timeout: 39 milliseconds
Build info: version: &apos;3.0.1&apos;, revision: &apos;1969d75&apos;, time: &apos;2016-10-18 09:49:13 -0700&apos;
System info: host: &apos;101.lan0.mk.uz.ua&apos;, ip: &apos;192.168.0.101&apos;, os.name: &apos;Mac OS X&apos;, os.arch: &apos;x86_64&apos;, os.version: &apos;10.11.6&apos;, java.version: &apos;1.8.0_101&apos;
Driver info: org.openqa.selenium.chrome.ChromeDriver
Capabilities [{applicationCacheEnabled=false, rotatable=false, mobileEmulationEnabled=false, networkConnectionEnabled=false, chrome={chromedriverVersion=2.28.455517 (2c6d2707d8ea850c862f04ac066724273981e88f), userDataDir=/var/folders/xp/hq6y__313mvbnpb2n5x7bzq00000gn/T/.org.chromium.Chromium.pHviGk}, takesHeapSnapshot=true, pageLoadStrategy=normal, databaseEnabled=false, handlesAlerts=true, hasTouchScreen=false, version=57.0.2987.98, platform=MAC, browserConnectionEnabled=false, nativeEvents=true, acceptSslCerts=true, locationContextEnabled=true, webStorageEnabled=true, browserName=chrome, takesScreenshot=true, javascriptEnabled=true, cssSelectorsEnabled=true, unexpectedAlertBehaviour=}]
Session ID: 6af012c79d4f7e42652213babfc867f5
	at org.openqa.selenium.remote.ErrorHandler.createThrowable(ErrorHandler.java:216)
	at org.openqa.selenium.remote.ErrorHandler.throwIfResponseFailed(ErrorHandler.java:168)
	at org.openqa.selenium.remote.RemoteWebDriver.execute(RemoteWebDriver.java:635)
	at org.openqa.selenium.remote.RemoteWebDriver$RemoteWebDriverOptions$RemoteWindow.setSize(RemoteWebDriver.java:847)
	at setup.SeleniumBaseTest.beforeClass(SeleniumBaseTest.java:75)
... Removed 26 stack frames
</div> <!-- stack-trace -->
                </div> <!-- method-content -->
              </div> <!-- method -->
            </div> <!-- main-panel-content rounded-window-bottom -->
          </div> <!-- suite-All_tests_(0)-class-skipped -->
          <div class="suite-All_tests_(0)-class-skipped">
            <div class="main-panel-header rounded-window-top">
              <img src="skipped.png"/>
              <span class="class-name">tests.RequestDemoTests</span>
            </div> <!-- main-panel-header rounded-window-top -->
            <div class="main-panel-content rounded-window-bottom">
              <div class="method">
                <div class="method-content">
                  <a name="emailFieldValidations">
                  </a> <!-- emailFieldValidations -->
                  <span class="method-name">emailFieldValidations</span>
                  <div class="stack-trace">org.openqa.selenium.NoSuchSessionException: no such session
  (Driver info: chromedriver=2.28.455517 (2c6d2707d8ea850c862f04ac066724273981e88f),platform=Mac OS X 10.11.6 x86_64) (WARNING: The server did not provide any stacktrace information)
Command duration or timeout: 39 milliseconds
Build info: version: &apos;3.0.1&apos;, revision: &apos;1969d75&apos;, time: &apos;2016-10-18 09:49:13 -0700&apos;
System info: host: &apos;101.lan0.mk.uz.ua&apos;, ip: &apos;192.168.0.101&apos;, os.name: &apos;Mac OS X&apos;, os.arch: &apos;x86_64&apos;, os.version: &apos;10.11.6&apos;, java.version: &apos;1.8.0_101&apos;
Driver info: org.openqa.selenium.chrome.ChromeDriver
Capabilities [{applicationCacheEnabled=false, rotatable=false, mobileEmulationEnabled=false, networkConnectionEnabled=false, chrome={chromedriverVersion=2.28.455517 (2c6d2707d8ea850c862f04ac066724273981e88f), userDataDir=/var/folders/xp/hq6y__313mvbnpb2n5x7bzq00000gn/T/.org.chromium.Chromium.pHviGk}, takesHeapSnapshot=true, pageLoadStrategy=normal, databaseEnabled=false, handlesAlerts=true, hasTouchScreen=false, version=57.0.2987.98, platform=MAC, browserConnectionEnabled=false, nativeEvents=true, acceptSslCerts=true, locationContextEnabled=true, webStorageEnabled=true, browserName=chrome, takesScreenshot=true, javascriptEnabled=true, cssSelectorsEnabled=true, unexpectedAlertBehaviour=}]
Session ID: 6af012c79d4f7e42652213babfc867f5
	at org.openqa.selenium.remote.ErrorHandler.createThrowable(ErrorHandler.java:216)
	at org.openqa.selenium.remote.ErrorHandler.throwIfResponseFailed(ErrorHandler.java:168)
	at org.openqa.selenium.remote.RemoteWebDriver.execute(RemoteWebDriver.java:635)
	at org.openqa.selenium.remote.RemoteWebDriver$RemoteWebDriverOptions$RemoteWindow.setSize(RemoteWebDriver.java:847)
	at setup.SeleniumBaseTest.beforeClass(SeleniumBaseTest.java:75)
... Removed 26 stack frames
</div> <!-- stack-trace -->
                </div> <!-- method-content -->
              </div> <!-- method -->
              <div class="method">
                <div class="method-content">
                  <a name="phoneNumberFieldValidations">
                  </a> <!-- phoneNumberFieldValidations -->
                  <span class="method-name">phoneNumberFieldValidations</span>
                  <div class="stack-trace">org.openqa.selenium.NoSuchSessionException: no such session
  (Driver info: chromedriver=2.28.455517 (2c6d2707d8ea850c862f04ac066724273981e88f),platform=Mac OS X 10.11.6 x86_64) (WARNING: The server did not provide any stacktrace information)
Command duration or timeout: 39 milliseconds
Build info: version: &apos;3.0.1&apos;, revision: &apos;1969d75&apos;, time: &apos;2016-10-18 09:49:13 -0700&apos;
System info: host: &apos;101.lan0.mk.uz.ua&apos;, ip: &apos;192.168.0.101&apos;, os.name: &apos;Mac OS X&apos;, os.arch: &apos;x86_64&apos;, os.version: &apos;10.11.6&apos;, java.version: &apos;1.8.0_101&apos;
Driver info: org.openqa.selenium.chrome.ChromeDriver
Capabilities [{applicationCacheEnabled=false, rotatable=false, mobileEmulationEnabled=false, networkConnectionEnabled=false, chrome={chromedriverVersion=2.28.455517 (2c6d2707d8ea850c862f04ac066724273981e88f), userDataDir=/var/folders/xp/hq6y__313mvbnpb2n5x7bzq00000gn/T/.org.chromium.Chromium.pHviGk}, takesHeapSnapshot=true, pageLoadStrategy=normal, databaseEnabled=false, handlesAlerts=true, hasTouchScreen=false, version=57.0.2987.98, platform=MAC, browserConnectionEnabled=false, nativeEvents=true, acceptSslCerts=true, locationContextEnabled=true, webStorageEnabled=true, browserName=chrome, takesScreenshot=true, javascriptEnabled=true, cssSelectorsEnabled=true, unexpectedAlertBehaviour=}]
Session ID: 6af012c79d4f7e42652213babfc867f5
	at org.openqa.selenium.remote.ErrorHandler.createThrowable(ErrorHandler.java:216)
	at org.openqa.selenium.remote.ErrorHandler.throwIfResponseFailed(ErrorHandler.java:168)
	at org.openqa.selenium.remote.RemoteWebDriver.execute(RemoteWebDriver.java:635)
	at org.openqa.selenium.remote.RemoteWebDriver$RemoteWebDriverOptions$RemoteWindow.setSize(RemoteWebDriver.java:847)
	at setup.SeleniumBaseTest.beforeClass(SeleniumBaseTest.java:75)
... Removed 26 stack frames
</div> <!-- stack-trace -->
                </div> <!-- method-content -->
              </div> <!-- method -->
              <div class="method">
                <div class="method-content">
                  <a name="requestDemoEmptyRequiredFieldsOpening">
                  </a> <!-- requestDemoEmptyRequiredFieldsOpening -->
                  <span class="method-name">requestDemoEmptyRequiredFieldsOpening</span>
                  <div class="stack-trace">org.openqa.selenium.NoSuchSessionException: no such session
  (Driver info: chromedriver=2.28.455517 (2c6d2707d8ea850c862f04ac066724273981e88f),platform=Mac OS X 10.11.6 x86_64) (WARNING: The server did not provide any stacktrace information)
Command duration or timeout: 39 milliseconds
Build info: version: &apos;3.0.1&apos;, revision: &apos;1969d75&apos;, time: &apos;2016-10-18 09:49:13 -0700&apos;
System info: host: &apos;101.lan0.mk.uz.ua&apos;, ip: &apos;192.168.0.101&apos;, os.name: &apos;Mac OS X&apos;, os.arch: &apos;x86_64&apos;, os.version: &apos;10.11.6&apos;, java.version: &apos;1.8.0_101&apos;
Driver info: org.openqa.selenium.chrome.ChromeDriver
Capabilities [{applicationCacheEnabled=false, rotatable=false, mobileEmulationEnabled=false, networkConnectionEnabled=false, chrome={chromedriverVersion=2.28.455517 (2c6d2707d8ea850c862f04ac066724273981e88f), userDataDir=/var/folders/xp/hq6y__313mvbnpb2n5x7bzq00000gn/T/.org.chromium.Chromium.pHviGk}, takesHeapSnapshot=true, pageLoadStrategy=normal, databaseEnabled=false, handlesAlerts=true, hasTouchScreen=false, version=57.0.2987.98, platform=MAC, browserConnectionEnabled=false, nativeEvents=true, acceptSslCerts=true, locationContextEnabled=true, webStorageEnabled=true, browserName=chrome, takesScreenshot=true, javascriptEnabled=true, cssSelectorsEnabled=true, unexpectedAlertBehaviour=}]
Session ID: 6af012c79d4f7e42652213babfc867f5
	at org.openqa.selenium.remote.ErrorHandler.createThrowable(ErrorHandler.java:216)
	at org.openqa.selenium.remote.ErrorHandler.throwIfResponseFailed(ErrorHandler.java:168)
	at org.openqa.selenium.remote.RemoteWebDriver.execute(RemoteWebDriver.java:635)
	at org.openqa.selenium.remote.RemoteWebDriver$RemoteWebDriverOptions$RemoteWindow.setSize(RemoteWebDriver.java:847)
	at setup.SeleniumBaseTest.beforeClass(SeleniumBaseTest.java:75)
... Removed 26 stack frames
</div> <!-- stack-trace -->
                </div> <!-- method-content -->
              </div> <!-- method -->
              <div class="method">
                <div class="method-content">
                  <a name="sendingFormWithValidData">
                  </a> <!-- sendingFormWithValidData -->
                  <span class="method-name">sendingFormWithValidData</span>
                  <div class="stack-trace">org.openqa.selenium.NoSuchSessionException: no such session
  (Driver info: chromedriver=2.28.455517 (2c6d2707d8ea850c862f04ac066724273981e88f),platform=Mac OS X 10.11.6 x86_64) (WARNING: The server did not provide any stacktrace information)
Command duration or timeout: 39 milliseconds
Build info: version: &apos;3.0.1&apos;, revision: &apos;1969d75&apos;, time: &apos;2016-10-18 09:49:13 -0700&apos;
System info: host: &apos;101.lan0.mk.uz.ua&apos;, ip: &apos;192.168.0.101&apos;, os.name: &apos;Mac OS X&apos;, os.arch: &apos;x86_64&apos;, os.version: &apos;10.11.6&apos;, java.version: &apos;1.8.0_101&apos;
Driver info: org.openqa.selenium.chrome.ChromeDriver
Capabilities [{applicationCacheEnabled=false, rotatable=false, mobileEmulationEnabled=false, networkConnectionEnabled=false, chrome={chromedriverVersion=2.28.455517 (2c6d2707d8ea850c862f04ac066724273981e88f), userDataDir=/var/folders/xp/hq6y__313mvbnpb2n5x7bzq00000gn/T/.org.chromium.Chromium.pHviGk}, takesHeapSnapshot=true, pageLoadStrategy=normal, databaseEnabled=false, handlesAlerts=true, hasTouchScreen=false, version=57.0.2987.98, platform=MAC, browserConnectionEnabled=false, nativeEvents=true, acceptSslCerts=true, locationContextEnabled=true, webStorageEnabled=true, browserName=chrome, takesScreenshot=true, javascriptEnabled=true, cssSelectorsEnabled=true, unexpectedAlertBehaviour=}]
Session ID: 6af012c79d4f7e42652213babfc867f5
	at org.openqa.selenium.remote.ErrorHandler.createThrowable(ErrorHandler.java:216)
	at org.openqa.selenium.remote.ErrorHandler.throwIfResponseFailed(ErrorHandler.java:168)
	at org.openqa.selenium.remote.RemoteWebDriver.execute(RemoteWebDriver.java:635)
	at org.openqa.selenium.remote.RemoteWebDriver$RemoteWebDriverOptions$RemoteWindow.setSize(RemoteWebDriver.java:847)
	at setup.SeleniumBaseTest.beforeClass(SeleniumBaseTest.java:75)
... Removed 26 stack frames
</div> <!-- stack-trace -->
                </div> <!-- method-content -->
              </div> <!-- method -->
            </div> <!-- main-panel-content rounded-window-bottom -->
          </div> <!-- suite-All_tests_(0)-class-skipped -->
          <div class="suite-All_tests_(0)-class-skipped">
            <div class="main-panel-header rounded-window-top">
              <img src="skipped.png"/>
              <span class="class-name">tests.About.TeamTests</span>
            </div> <!-- main-panel-header rounded-window-top -->
            <div class="main-panel-content rounded-window-bottom">
              <div class="method">
                <div class="method-content">
                  <a name="checkingOfEmployeeQuote">
                  </a> <!-- checkingOfEmployeeQuote -->
                  <span class="method-name">checkingOfEmployeeQuote</span>
                  <div class="stack-trace">org.openqa.selenium.NoSuchSessionException: no such session
  (Driver info: chromedriver=2.28.455517 (2c6d2707d8ea850c862f04ac066724273981e88f),platform=Mac OS X 10.11.6 x86_64) (WARNING: The server did not provide any stacktrace information)
Command duration or timeout: 39 milliseconds
Build info: version: &apos;3.0.1&apos;, revision: &apos;1969d75&apos;, time: &apos;2016-10-18 09:49:13 -0700&apos;
System info: host: &apos;101.lan0.mk.uz.ua&apos;, ip: &apos;192.168.0.101&apos;, os.name: &apos;Mac OS X&apos;, os.arch: &apos;x86_64&apos;, os.version: &apos;10.11.6&apos;, java.version: &apos;1.8.0_101&apos;
Driver info: org.openqa.selenium.chrome.ChromeDriver
Capabilities [{applicationCacheEnabled=false, rotatable=false, mobileEmulationEnabled=false, networkConnectionEnabled=false, chrome={chromedriverVersion=2.28.455517 (2c6d2707d8ea850c862f04ac066724273981e88f), userDataDir=/var/folders/xp/hq6y__313mvbnpb2n5x7bzq00000gn/T/.org.chromium.Chromium.pHviGk}, takesHeapSnapshot=true, pageLoadStrategy=normal, databaseEnabled=false, handlesAlerts=true, hasTouchScreen=false, version=57.0.2987.98, platform=MAC, browserConnectionEnabled=false, nativeEvents=true, acceptSslCerts=true, locationContextEnabled=true, webStorageEnabled=true, browserName=chrome, takesScreenshot=true, javascriptEnabled=true, cssSelectorsEnabled=true, unexpectedAlertBehaviour=}]
Session ID: 6af012c79d4f7e42652213babfc867f5
	at org.openqa.selenium.remote.ErrorHandler.createThrowable(ErrorHandler.java:216)
	at org.openqa.selenium.remote.ErrorHandler.throwIfResponseFailed(ErrorHandler.java:168)
	at org.openqa.selenium.remote.RemoteWebDriver.execute(RemoteWebDriver.java:635)
	at org.openqa.selenium.remote.RemoteWebDriver$RemoteWebDriverOptions$RemoteWindow.setSize(RemoteWebDriver.java:847)
	at setup.SeleniumBaseTest.beforeClass(SeleniumBaseTest.java:75)
... Removed 26 stack frames
</div> <!-- stack-trace -->
                </div> <!-- method-content -->
              </div> <!-- method -->
            </div> <!-- main-panel-content rounded-window-bottom -->
          </div> <!-- suite-All_tests_(0)-class-skipped -->
          <div class="suite-All_tests_(0)-class-skipped">
            <div class="main-panel-header rounded-window-top">
              <img src="skipped.png"/>
              <span class="class-name">tests.About.OurStory</span>
            </div> <!-- main-panel-header rounded-window-top -->
            <div class="main-panel-content rounded-window-bottom">
              <div class="method">
                <div class="method-content">
                  <a name="checkingOurStoryPageAppears">
                  </a> <!-- checkingOurStoryPageAppears -->
                  <span class="method-name">checkingOurStoryPageAppears</span>
                  <div class="stack-trace">org.openqa.selenium.NoSuchSessionException: no such session
  (Driver info: chromedriver=2.28.455517 (2c6d2707d8ea850c862f04ac066724273981e88f),platform=Mac OS X 10.11.6 x86_64) (WARNING: The server did not provide any stacktrace information)
Command duration or timeout: 39 milliseconds
Build info: version: &apos;3.0.1&apos;, revision: &apos;1969d75&apos;, time: &apos;2016-10-18 09:49:13 -0700&apos;
System info: host: &apos;101.lan0.mk.uz.ua&apos;, ip: &apos;192.168.0.101&apos;, os.name: &apos;Mac OS X&apos;, os.arch: &apos;x86_64&apos;, os.version: &apos;10.11.6&apos;, java.version: &apos;1.8.0_101&apos;
Driver info: org.openqa.selenium.chrome.ChromeDriver
Capabilities [{applicationCacheEnabled=false, rotatable=false, mobileEmulationEnabled=false, networkConnectionEnabled=false, chrome={chromedriverVersion=2.28.455517 (2c6d2707d8ea850c862f04ac066724273981e88f), userDataDir=/var/folders/xp/hq6y__313mvbnpb2n5x7bzq00000gn/T/.org.chromium.Chromium.pHviGk}, takesHeapSnapshot=true, pageLoadStrategy=normal, databaseEnabled=false, handlesAlerts=true, hasTouchScreen=false, version=57.0.2987.98, platform=MAC, browserConnectionEnabled=false, nativeEvents=true, acceptSslCerts=true, locationContextEnabled=true, webStorageEnabled=true, browserName=chrome, takesScreenshot=true, javascriptEnabled=true, cssSelectorsEnabled=true, unexpectedAlertBehaviour=}]
Session ID: 6af012c79d4f7e42652213babfc867f5
	at org.openqa.selenium.remote.ErrorHandler.createThrowable(ErrorHandler.java:216)
	at org.openqa.selenium.remote.ErrorHandler.throwIfResponseFailed(ErrorHandler.java:168)
	at org.openqa.selenium.remote.RemoteWebDriver.execute(RemoteWebDriver.java:635)
	at org.openqa.selenium.remote.RemoteWebDriver$RemoteWebDriverOptions$RemoteWindow.setSize(RemoteWebDriver.java:847)
	at setup.SeleniumBaseTest.beforeClass(SeleniumBaseTest.java:75)
... Removed 26 stack frames
</div> <!-- stack-trace -->
                </div> <!-- method-content -->
              </div> <!-- method -->
              <div class="method">
                <div class="method-content">
                  <a name="checkingOurStoryThatElementsArePresent">
                  </a> <!-- checkingOurStoryThatElementsArePresent -->
                  <span class="method-name">checkingOurStoryThatElementsArePresent</span>
                  <div class="stack-trace">org.openqa.selenium.NoSuchSessionException: no such session
  (Driver info: chromedriver=2.28.455517 (2c6d2707d8ea850c862f04ac066724273981e88f),platform=Mac OS X 10.11.6 x86_64) (WARNING: The server did not provide any stacktrace information)
Command duration or timeout: 39 milliseconds
Build info: version: &apos;3.0.1&apos;, revision: &apos;1969d75&apos;, time: &apos;2016-10-18 09:49:13 -0700&apos;
System info: host: &apos;101.lan0.mk.uz.ua&apos;, ip: &apos;192.168.0.101&apos;, os.name: &apos;Mac OS X&apos;, os.arch: &apos;x86_64&apos;, os.version: &apos;10.11.6&apos;, java.version: &apos;1.8.0_101&apos;
Driver info: org.openqa.selenium.chrome.ChromeDriver
Capabilities [{applicationCacheEnabled=false, rotatable=false, mobileEmulationEnabled=false, networkConnectionEnabled=false, chrome={chromedriverVersion=2.28.455517 (2c6d2707d8ea850c862f04ac066724273981e88f), userDataDir=/var/folders/xp/hq6y__313mvbnpb2n5x7bzq00000gn/T/.org.chromium.Chromium.pHviGk}, takesHeapSnapshot=true, pageLoadStrategy=normal, databaseEnabled=false, handlesAlerts=true, hasTouchScreen=false, version=57.0.2987.98, platform=MAC, browserConnectionEnabled=false, nativeEvents=true, acceptSslCerts=true, locationContextEnabled=true, webStorageEnabled=true, browserName=chrome, takesScreenshot=true, javascriptEnabled=true, cssSelectorsEnabled=true, unexpectedAlertBehaviour=}]
Session ID: 6af012c79d4f7e42652213babfc867f5
	at org.openqa.selenium.remote.ErrorHandler.createThrowable(ErrorHandler.java:216)
	at org.openqa.selenium.remote.ErrorHandler.throwIfResponseFailed(ErrorHandler.java:168)
	at org.openqa.selenium.remote.RemoteWebDriver.execute(RemoteWebDriver.java:635)
	at org.openqa.selenium.remote.RemoteWebDriver$RemoteWebDriverOptions$RemoteWindow.setSize(RemoteWebDriver.java:847)
	at setup.SeleniumBaseTest.beforeClass(SeleniumBaseTest.java:75)
... Removed 26 stack frames
</div> <!-- stack-trace -->
                </div> <!-- method-content -->
              </div> <!-- method -->
            </div> <!-- main-panel-content rounded-window-bottom -->
          </div> <!-- suite-All_tests_(0)-class-skipped -->
          <div class="suite-All_tests_(0)-class-skipped">
            <div class="main-panel-header rounded-window-top">
              <img src="skipped.png"/>
              <span class="class-name">tests.About.CareersTests</span>
            </div> <!-- main-panel-header rounded-window-top -->
            <div class="main-panel-content rounded-window-bottom">
              <div class="method">
                <div class="method-content">
                  <a name="checkElementsArePresent">
                  </a> <!-- checkElementsArePresent -->
                  <span class="method-name">checkElementsArePresent</span>
                  <div class="stack-trace">org.openqa.selenium.NoSuchSessionException: no such session
  (Driver info: chromedriver=2.28.455517 (2c6d2707d8ea850c862f04ac066724273981e88f),platform=Mac OS X 10.11.6 x86_64) (WARNING: The server did not provide any stacktrace information)
Command duration or timeout: 39 milliseconds
Build info: version: &apos;3.0.1&apos;, revision: &apos;1969d75&apos;, time: &apos;2016-10-18 09:49:13 -0700&apos;
System info: host: &apos;101.lan0.mk.uz.ua&apos;, ip: &apos;192.168.0.101&apos;, os.name: &apos;Mac OS X&apos;, os.arch: &apos;x86_64&apos;, os.version: &apos;10.11.6&apos;, java.version: &apos;1.8.0_101&apos;
Driver info: org.openqa.selenium.chrome.ChromeDriver
Capabilities [{applicationCacheEnabled=false, rotatable=false, mobileEmulationEnabled=false, networkConnectionEnabled=false, chrome={chromedriverVersion=2.28.455517 (2c6d2707d8ea850c862f04ac066724273981e88f), userDataDir=/var/folders/xp/hq6y__313mvbnpb2n5x7bzq00000gn/T/.org.chromium.Chromium.pHviGk}, takesHeapSnapshot=true, pageLoadStrategy=normal, databaseEnabled=false, handlesAlerts=true, hasTouchScreen=false, version=57.0.2987.98, platform=MAC, browserConnectionEnabled=false, nativeEvents=true, acceptSslCerts=true, locationContextEnabled=true, webStorageEnabled=true, browserName=chrome, takesScreenshot=true, javascriptEnabled=true, cssSelectorsEnabled=true, unexpectedAlertBehaviour=}]
Session ID: 6af012c79d4f7e42652213babfc867f5
	at org.openqa.selenium.remote.ErrorHandler.createThrowable(ErrorHandler.java:216)
	at org.openqa.selenium.remote.ErrorHandler.throwIfResponseFailed(ErrorHandler.java:168)
	at org.openqa.selenium.remote.RemoteWebDriver.execute(RemoteWebDriver.java:635)
	at org.openqa.selenium.remote.RemoteWebDriver$RemoteWebDriverOptions$RemoteWindow.setSize(RemoteWebDriver.java:847)
	at setup.SeleniumBaseTest.beforeClass(SeleniumBaseTest.java:75)
... Removed 26 stack frames
</div> <!-- stack-trace -->
                </div> <!-- method-content -->
              </div> <!-- method -->
              <div class="method">
                <div class="method-content">
                  <a name="openingVacancyAndSendingEmptyForm">
                  </a> <!-- openingVacancyAndSendingEmptyForm -->
                  <span class="method-name">openingVacancyAndSendingEmptyForm</span>
                  <div class="stack-trace">org.openqa.selenium.NoSuchSessionException: no such session
  (Driver info: chromedriver=2.28.455517 (2c6d2707d8ea850c862f04ac066724273981e88f),platform=Mac OS X 10.11.6 x86_64) (WARNING: The server did not provide any stacktrace information)
Command duration or timeout: 39 milliseconds
Build info: version: &apos;3.0.1&apos;, revision: &apos;1969d75&apos;, time: &apos;2016-10-18 09:49:13 -0700&apos;
System info: host: &apos;101.lan0.mk.uz.ua&apos;, ip: &apos;192.168.0.101&apos;, os.name: &apos;Mac OS X&apos;, os.arch: &apos;x86_64&apos;, os.version: &apos;10.11.6&apos;, java.version: &apos;1.8.0_101&apos;
Driver info: org.openqa.selenium.chrome.ChromeDriver
Capabilities [{applicationCacheEnabled=false, rotatable=false, mobileEmulationEnabled=false, networkConnectionEnabled=false, chrome={chromedriverVersion=2.28.455517 (2c6d2707d8ea850c862f04ac066724273981e88f), userDataDir=/var/folders/xp/hq6y__313mvbnpb2n5x7bzq00000gn/T/.org.chromium.Chromium.pHviGk}, takesHeapSnapshot=true, pageLoadStrategy=normal, databaseEnabled=false, handlesAlerts=true, hasTouchScreen=false, version=57.0.2987.98, platform=MAC, browserConnectionEnabled=false, nativeEvents=true, acceptSslCerts=true, locationContextEnabled=true, webStorageEnabled=true, browserName=chrome, takesScreenshot=true, javascriptEnabled=true, cssSelectorsEnabled=true, unexpectedAlertBehaviour=}]
Session ID: 6af012c79d4f7e42652213babfc867f5
	at org.openqa.selenium.remote.ErrorHandler.createThrowable(ErrorHandler.java:216)
	at org.openqa.selenium.remote.ErrorHandler.throwIfResponseFailed(ErrorHandler.java:168)
	at org.openqa.selenium.remote.RemoteWebDriver.execute(RemoteWebDriver.java:635)
	at org.openqa.selenium.remote.RemoteWebDriver$RemoteWebDriverOptions$RemoteWindow.setSize(RemoteWebDriver.java:847)
	at setup.SeleniumBaseTest.beforeClass(SeleniumBaseTest.java:75)
... Removed 26 stack frames
</div> <!-- stack-trace -->
                </div> <!-- method-content -->
              </div> <!-- method -->
            </div> <!-- main-panel-content rounded-window-bottom -->
          </div> <!-- suite-All_tests_(0)-class-skipped -->
          <div class="suite-All_tests_(0)-class-skipped">
            <div class="main-panel-header rounded-window-top">
              <img src="skipped.png"/>
              <span class="class-name">tests.LoginPageTests</span>
            </div> <!-- main-panel-header rounded-window-top -->
            <div class="main-panel-content rounded-window-bottom">
              <div class="method">
                <div class="method-content">
                  <a name="correctLogin">
                  </a> <!-- correctLogin -->
                  <span class="method-name">correctLogin</span>
                  <div class="stack-trace">org.openqa.selenium.NoSuchSessionException: no such session
  (Driver info: chromedriver=2.28.455517 (2c6d2707d8ea850c862f04ac066724273981e88f),platform=Mac OS X 10.11.6 x86_64) (WARNING: The server did not provide any stacktrace information)
Command duration or timeout: 39 milliseconds
Build info: version: &apos;3.0.1&apos;, revision: &apos;1969d75&apos;, time: &apos;2016-10-18 09:49:13 -0700&apos;
System info: host: &apos;101.lan0.mk.uz.ua&apos;, ip: &apos;192.168.0.101&apos;, os.name: &apos;Mac OS X&apos;, os.arch: &apos;x86_64&apos;, os.version: &apos;10.11.6&apos;, java.version: &apos;1.8.0_101&apos;
Driver info: org.openqa.selenium.chrome.ChromeDriver
Capabilities [{applicationCacheEnabled=false, rotatable=false, mobileEmulationEnabled=false, networkConnectionEnabled=false, chrome={chromedriverVersion=2.28.455517 (2c6d2707d8ea850c862f04ac066724273981e88f), userDataDir=/var/folders/xp/hq6y__313mvbnpb2n5x7bzq00000gn/T/.org.chromium.Chromium.pHviGk}, takesHeapSnapshot=true, pageLoadStrategy=normal, databaseEnabled=false, handlesAlerts=true, hasTouchScreen=false, version=57.0.2987.98, platform=MAC, browserConnectionEnabled=false, nativeEvents=true, acceptSslCerts=true, locationContextEnabled=true, webStorageEnabled=true, browserName=chrome, takesScreenshot=true, javascriptEnabled=true, cssSelectorsEnabled=true, unexpectedAlertBehaviour=}]
Session ID: 6af012c79d4f7e42652213babfc867f5
	at org.openqa.selenium.remote.ErrorHandler.createThrowable(ErrorHandler.java:216)
	at org.openqa.selenium.remote.ErrorHandler.throwIfResponseFailed(ErrorHandler.java:168)
	at org.openqa.selenium.remote.RemoteWebDriver.execute(RemoteWebDriver.java:635)
	at org.openqa.selenium.remote.RemoteWebDriver$RemoteWebDriverOptions$RemoteWindow.setSize(RemoteWebDriver.java:847)
	at setup.SeleniumBaseTest.beforeClass(SeleniumBaseTest.java:75)
... Removed 26 stack frames
</div> <!-- stack-trace -->
                </div> <!-- method-content -->
              </div> <!-- method -->
              <div class="method">
                <div class="method-content">
                  <a name="forgotPasswordEmptyFields">
                  </a> <!-- forgotPasswordEmptyFields -->
                  <span class="method-name">forgotPasswordEmptyFields</span>
                  <div class="stack-trace">org.openqa.selenium.NoSuchSessionException: no such session
  (Driver info: chromedriver=2.28.455517 (2c6d2707d8ea850c862f04ac066724273981e88f),platform=Mac OS X 10.11.6 x86_64) (WARNING: The server did not provide any stacktrace information)
Command duration or timeout: 39 milliseconds
Build info: version: &apos;3.0.1&apos;, revision: &apos;1969d75&apos;, time: &apos;2016-10-18 09:49:13 -0700&apos;
System info: host: &apos;101.lan0.mk.uz.ua&apos;, ip: &apos;192.168.0.101&apos;, os.name: &apos;Mac OS X&apos;, os.arch: &apos;x86_64&apos;, os.version: &apos;10.11.6&apos;, java.version: &apos;1.8.0_101&apos;
Driver info: org.openqa.selenium.chrome.ChromeDriver
Capabilities [{applicationCacheEnabled=false, rotatable=false, mobileEmulationEnabled=false, networkConnectionEnabled=false, chrome={chromedriverVersion=2.28.455517 (2c6d2707d8ea850c862f04ac066724273981e88f), userDataDir=/var/folders/xp/hq6y__313mvbnpb2n5x7bzq00000gn/T/.org.chromium.Chromium.pHviGk}, takesHeapSnapshot=true, pageLoadStrategy=normal, databaseEnabled=false, handlesAlerts=true, hasTouchScreen=false, version=57.0.2987.98, platform=MAC, browserConnectionEnabled=false, nativeEvents=true, acceptSslCerts=true, locationContextEnabled=true, webStorageEnabled=true, browserName=chrome, takesScreenshot=true, javascriptEnabled=true, cssSelectorsEnabled=true, unexpectedAlertBehaviour=}]
Session ID: 6af012c79d4f7e42652213babfc867f5
	at org.openqa.selenium.remote.ErrorHandler.createThrowable(ErrorHandler.java:216)
	at org.openqa.selenium.remote.ErrorHandler.throwIfResponseFailed(ErrorHandler.java:168)
	at org.openqa.selenium.remote.RemoteWebDriver.execute(RemoteWebDriver.java:635)
	at org.openqa.selenium.remote.RemoteWebDriver$RemoteWebDriverOptions$RemoteWindow.setSize(RemoteWebDriver.java:847)
	at setup.SeleniumBaseTest.beforeClass(SeleniumBaseTest.java:75)
... Removed 26 stack frames
</div> <!-- stack-trace -->
                </div> <!-- method-content -->
              </div> <!-- method -->
              <div class="method">
                <div class="method-content">
                  <a name="forgotPasswordWrongEmail">
                  </a> <!-- forgotPasswordWrongEmail -->
                  <span class="method-name">forgotPasswordWrongEmail</span>
                  <div class="stack-trace">org.openqa.selenium.NoSuchSessionException: no such session
  (Driver info: chromedriver=2.28.455517 (2c6d2707d8ea850c862f04ac066724273981e88f),platform=Mac OS X 10.11.6 x86_64) (WARNING: The server did not provide any stacktrace information)
Command duration or timeout: 39 milliseconds
Build info: version: &apos;3.0.1&apos;, revision: &apos;1969d75&apos;, time: &apos;2016-10-18 09:49:13 -0700&apos;
System info: host: &apos;101.lan0.mk.uz.ua&apos;, ip: &apos;192.168.0.101&apos;, os.name: &apos;Mac OS X&apos;, os.arch: &apos;x86_64&apos;, os.version: &apos;10.11.6&apos;, java.version: &apos;1.8.0_101&apos;
Driver info: org.openqa.selenium.chrome.ChromeDriver
Capabilities [{applicationCacheEnabled=false, rotatable=false, mobileEmulationEnabled=false, networkConnectionEnabled=false, chrome={chromedriverVersion=2.28.455517 (2c6d2707d8ea850c862f04ac066724273981e88f), userDataDir=/var/folders/xp/hq6y__313mvbnpb2n5x7bzq00000gn/T/.org.chromium.Chromium.pHviGk}, takesHeapSnapshot=true, pageLoadStrategy=normal, databaseEnabled=false, handlesAlerts=true, hasTouchScreen=false, version=57.0.2987.98, platform=MAC, browserConnectionEnabled=false, nativeEvents=true, acceptSslCerts=true, locationContextEnabled=true, webStorageEnabled=true, browserName=chrome, takesScreenshot=true, javascriptEnabled=true, cssSelectorsEnabled=true, unexpectedAlertBehaviour=}]
Session ID: 6af012c79d4f7e42652213babfc867f5
	at org.openqa.selenium.remote.ErrorHandler.createThrowable(ErrorHandler.java:216)
	at org.openqa.selenium.remote.ErrorHandler.throwIfResponseFailed(ErrorHandler.java:168)
	at org.openqa.selenium.remote.RemoteWebDriver.execute(RemoteWebDriver.java:635)
	at org.openqa.selenium.remote.RemoteWebDriver$RemoteWebDriverOptions$RemoteWindow.setSize(RemoteWebDriver.java:847)
	at setup.SeleniumBaseTest.beforeClass(SeleniumBaseTest.java:75)
... Removed 26 stack frames
</div> <!-- stack-trace -->
                </div> <!-- method-content -->
              </div> <!-- method -->
              <div class="method">
                <div class="method-content">
                  <a name="loginCheckEmptyFields">
                  </a> <!-- loginCheckEmptyFields -->
                  <span class="method-name">loginCheckEmptyFields</span>
                  <div class="stack-trace">org.openqa.selenium.NoSuchSessionException: no such session
  (Driver info: chromedriver=2.28.455517 (2c6d2707d8ea850c862f04ac066724273981e88f),platform=Mac OS X 10.11.6 x86_64) (WARNING: The server did not provide any stacktrace information)
Command duration or timeout: 39 milliseconds
Build info: version: &apos;3.0.1&apos;, revision: &apos;1969d75&apos;, time: &apos;2016-10-18 09:49:13 -0700&apos;
System info: host: &apos;101.lan0.mk.uz.ua&apos;, ip: &apos;192.168.0.101&apos;, os.name: &apos;Mac OS X&apos;, os.arch: &apos;x86_64&apos;, os.version: &apos;10.11.6&apos;, java.version: &apos;1.8.0_101&apos;
Driver info: org.openqa.selenium.chrome.ChromeDriver
Capabilities [{applicationCacheEnabled=false, rotatable=false, mobileEmulationEnabled=false, networkConnectionEnabled=false, chrome={chromedriverVersion=2.28.455517 (2c6d2707d8ea850c862f04ac066724273981e88f), userDataDir=/var/folders/xp/hq6y__313mvbnpb2n5x7bzq00000gn/T/.org.chromium.Chromium.pHviGk}, takesHeapSnapshot=true, pageLoadStrategy=normal, databaseEnabled=false, handlesAlerts=true, hasTouchScreen=false, version=57.0.2987.98, platform=MAC, browserConnectionEnabled=false, nativeEvents=true, acceptSslCerts=true, locationContextEnabled=true, webStorageEnabled=true, browserName=chrome, takesScreenshot=true, javascriptEnabled=true, cssSelectorsEnabled=true, unexpectedAlertBehaviour=}]
Session ID: 6af012c79d4f7e42652213babfc867f5
	at org.openqa.selenium.remote.ErrorHandler.createThrowable(ErrorHandler.java:216)
	at org.openqa.selenium.remote.ErrorHandler.throwIfResponseFailed(ErrorHandler.java:168)
	at org.openqa.selenium.remote.RemoteWebDriver.execute(RemoteWebDriver.java:635)
	at org.openqa.selenium.remote.RemoteWebDriver$RemoteWebDriverOptions$RemoteWindow.setSize(RemoteWebDriver.java:847)
	at setup.SeleniumBaseTest.beforeClass(SeleniumBaseTest.java:75)
... Removed 26 stack frames
</div> <!-- stack-trace -->
                </div> <!-- method-content -->
              </div> <!-- method -->
              <div class="method">
                <div class="method-content">
                  <a name="loginFormCheckingWrongEmail">
                  </a> <!-- loginFormCheckingWrongEmail -->
                  <span class="method-name">loginFormCheckingWrongEmail</span>
                  <div class="stack-trace">org.openqa.selenium.NoSuchSessionException: no such session
  (Driver info: chromedriver=2.28.455517 (2c6d2707d8ea850c862f04ac066724273981e88f),platform=Mac OS X 10.11.6 x86_64) (WARNING: The server did not provide any stacktrace information)
Command duration or timeout: 39 milliseconds
Build info: version: &apos;3.0.1&apos;, revision: &apos;1969d75&apos;, time: &apos;2016-10-18 09:49:13 -0700&apos;
System info: host: &apos;101.lan0.mk.uz.ua&apos;, ip: &apos;192.168.0.101&apos;, os.name: &apos;Mac OS X&apos;, os.arch: &apos;x86_64&apos;, os.version: &apos;10.11.6&apos;, java.version: &apos;1.8.0_101&apos;
Driver info: org.openqa.selenium.chrome.ChromeDriver
Capabilities [{applicationCacheEnabled=false, rotatable=false, mobileEmulationEnabled=false, networkConnectionEnabled=false, chrome={chromedriverVersion=2.28.455517 (2c6d2707d8ea850c862f04ac066724273981e88f), userDataDir=/var/folders/xp/hq6y__313mvbnpb2n5x7bzq00000gn/T/.org.chromium.Chromium.pHviGk}, takesHeapSnapshot=true, pageLoadStrategy=normal, databaseEnabled=false, handlesAlerts=true, hasTouchScreen=false, version=57.0.2987.98, platform=MAC, browserConnectionEnabled=false, nativeEvents=true, acceptSslCerts=true, locationContextEnabled=true, webStorageEnabled=true, browserName=chrome, takesScreenshot=true, javascriptEnabled=true, cssSelectorsEnabled=true, unexpectedAlertBehaviour=}]
Session ID: 6af012c79d4f7e42652213babfc867f5
	at org.openqa.selenium.remote.ErrorHandler.createThrowable(ErrorHandler.java:216)
	at org.openqa.selenium.remote.ErrorHandler.throwIfResponseFailed(ErrorHandler.java:168)
	at org.openqa.selenium.remote.RemoteWebDriver.execute(RemoteWebDriver.java:635)
	at org.openqa.selenium.remote.RemoteWebDriver$RemoteWebDriverOptions$RemoteWindow.setSize(RemoteWebDriver.java:847)
	at setup.SeleniumBaseTest.beforeClass(SeleniumBaseTest.java:75)
... Removed 26 stack frames
</div> <!-- stack-trace -->
                </div> <!-- method-content -->
              </div> <!-- method -->
            </div> <!-- main-panel-content rounded-window-bottom -->
          </div> <!-- suite-All_tests_(0)-class-skipped -->
          <div class="suite-All_tests_(0)-class-skipped">
            <div class="main-panel-header rounded-window-top">
              <img src="skipped.png"/>
              <span class="class-name">tests.About.ContactUsPageTests</span>
            </div> <!-- main-panel-header rounded-window-top -->
            <div class="main-panel-content rounded-window-bottom">
              <div class="method">
                <div class="method-content">
                  <a name="badEmailChecking">
                  </a> <!-- badEmailChecking -->
                  <span class="method-name">badEmailChecking</span>
                  <div class="stack-trace">org.openqa.selenium.NoSuchSessionException: no such session
  (Driver info: chromedriver=2.28.455517 (2c6d2707d8ea850c862f04ac066724273981e88f),platform=Mac OS X 10.11.6 x86_64) (WARNING: The server did not provide any stacktrace information)
Command duration or timeout: 39 milliseconds
Build info: version: &apos;3.0.1&apos;, revision: &apos;1969d75&apos;, time: &apos;2016-10-18 09:49:13 -0700&apos;
System info: host: &apos;101.lan0.mk.uz.ua&apos;, ip: &apos;192.168.0.101&apos;, os.name: &apos;Mac OS X&apos;, os.arch: &apos;x86_64&apos;, os.version: &apos;10.11.6&apos;, java.version: &apos;1.8.0_101&apos;
Driver info: org.openqa.selenium.chrome.ChromeDriver
Capabilities [{applicationCacheEnabled=false, rotatable=false, mobileEmulationEnabled=false, networkConnectionEnabled=false, chrome={chromedriverVersion=2.28.455517 (2c6d2707d8ea850c862f04ac066724273981e88f), userDataDir=/var/folders/xp/hq6y__313mvbnpb2n5x7bzq00000gn/T/.org.chromium.Chromium.pHviGk}, takesHeapSnapshot=true, pageLoadStrategy=normal, databaseEnabled=false, handlesAlerts=true, hasTouchScreen=false, version=57.0.2987.98, platform=MAC, browserConnectionEnabled=false, nativeEvents=true, acceptSslCerts=true, locationContextEnabled=true, webStorageEnabled=true, browserName=chrome, takesScreenshot=true, javascriptEnabled=true, cssSelectorsEnabled=true, unexpectedAlertBehaviour=}]
Session ID: 6af012c79d4f7e42652213babfc867f5
	at org.openqa.selenium.remote.ErrorHandler.createThrowable(ErrorHandler.java:216)
	at org.openqa.selenium.remote.ErrorHandler.throwIfResponseFailed(ErrorHandler.java:168)
	at org.openqa.selenium.remote.RemoteWebDriver.execute(RemoteWebDriver.java:635)
	at org.openqa.selenium.remote.RemoteWebDriver$RemoteWebDriverOptions$RemoteWindow.setSize(RemoteWebDriver.java:847)
	at setup.SeleniumBaseTest.beforeClass(SeleniumBaseTest.java:75)
... Removed 26 stack frames
</div> <!-- stack-trace -->
                </div> <!-- method-content -->
              </div> <!-- method -->
              <div class="method">
                <div class="method-content">
                  <a name="emptyDataChecking">
                  </a> <!-- emptyDataChecking -->
                  <span class="method-name">emptyDataChecking</span>
                  <div class="stack-trace">org.openqa.selenium.NoSuchSessionException: no such session
  (Driver info: chromedriver=2.28.455517 (2c6d2707d8ea850c862f04ac066724273981e88f),platform=Mac OS X 10.11.6 x86_64) (WARNING: The server did not provide any stacktrace information)
Command duration or timeout: 39 milliseconds
Build info: version: &apos;3.0.1&apos;, revision: &apos;1969d75&apos;, time: &apos;2016-10-18 09:49:13 -0700&apos;
System info: host: &apos;101.lan0.mk.uz.ua&apos;, ip: &apos;192.168.0.101&apos;, os.name: &apos;Mac OS X&apos;, os.arch: &apos;x86_64&apos;, os.version: &apos;10.11.6&apos;, java.version: &apos;1.8.0_101&apos;
Driver info: org.openqa.selenium.chrome.ChromeDriver
Capabilities [{applicationCacheEnabled=false, rotatable=false, mobileEmulationEnabled=false, networkConnectionEnabled=false, chrome={chromedriverVersion=2.28.455517 (2c6d2707d8ea850c862f04ac066724273981e88f), userDataDir=/var/folders/xp/hq6y__313mvbnpb2n5x7bzq00000gn/T/.org.chromium.Chromium.pHviGk}, takesHeapSnapshot=true, pageLoadStrategy=normal, databaseEnabled=false, handlesAlerts=true, hasTouchScreen=false, version=57.0.2987.98, platform=MAC, browserConnectionEnabled=false, nativeEvents=true, acceptSslCerts=true, locationContextEnabled=true, webStorageEnabled=true, browserName=chrome, takesScreenshot=true, javascriptEnabled=true, cssSelectorsEnabled=true, unexpectedAlertBehaviour=}]
Session ID: 6af012c79d4f7e42652213babfc867f5
	at org.openqa.selenium.remote.ErrorHandler.createThrowable(ErrorHandler.java:216)
	at org.openqa.selenium.remote.ErrorHandler.throwIfResponseFailed(ErrorHandler.java:168)
	at org.openqa.selenium.remote.RemoteWebDriver.execute(RemoteWebDriver.java:635)
	at org.openqa.selenium.remote.RemoteWebDriver$RemoteWebDriverOptions$RemoteWindow.setSize(RemoteWebDriver.java:847)
	at setup.SeleniumBaseTest.beforeClass(SeleniumBaseTest.java:75)
... Removed 26 stack frames
</div> <!-- stack-trace -->
                </div> <!-- method-content -->
              </div> <!-- method -->
            </div> <!-- main-panel-content rounded-window-bottom -->
          </div> <!-- suite-All_tests_(0)-class-skipped -->
        </div> <!-- panel All_tests_(0) -->
        <div panel-name="suite-All_tests" class="panel All_tests">
          <div class="suite-All_tests-class-failed">
            <div class="main-panel-header rounded-window-top">
              <img src="failed.png"/>
              <span class="class-name">tests.HomePageTests</span>
            </div> <!-- main-panel-header rounded-window-top -->
            <div class="main-panel-content rounded-window-bottom">
              <div class="method">
                <div class="method-content">
                  <a name="bottomMenuVerifying">
                  </a> <!-- bottomMenuVerifying -->
                  <span class="method-name">bottomMenuVerifying</span>
                  <div class="stack-trace">org.openqa.selenium.WebDriverException: unknown error: Element &lt;a class=&quot;cue-main-footer-link white&quot; href=&quot;https://cueconnect.com/resources/&quot;&gt;...&lt;/a&gt; is not clickable at point (202, 537). Other element would receive the click: &lt;iframe frameborder=&quot;0&quot; src=&quot;about:blank&quot; style=&quot;background-color: transparent; vertical-align: text-bottom; position: relative; width: 100%; height: 100%; min-width: 100%; min-height: 100%; max-width: 100%; max-height: 100%; margin: 0px; overflow: hidden; display: block;&quot;&gt;&lt;/iframe&gt;
  (Session info: chrome=57.0.2987.98)
  (Driver info: chromedriver=2.28.455517 (2c6d2707d8ea850c862f04ac066724273981e88f),platform=Mac OS X 10.11.6 x86_64) (WARNING: The server did not provide any stacktrace information)
Command duration or timeout: 77 milliseconds
Build info: version: &apos;3.0.1&apos;, revision: &apos;1969d75&apos;, time: &apos;2016-10-18 09:49:13 -0700&apos;
System info: host: &apos;101.lan0.mk.uz.ua&apos;, ip: &apos;192.168.0.101&apos;, os.name: &apos;Mac OS X&apos;, os.arch: &apos;x86_64&apos;, os.version: &apos;10.11.6&apos;, java.version: &apos;1.8.0_101&apos;
Driver info: org.openqa.selenium.chrome.ChromeDriver
Capabilities [{applicationCacheEnabled=false, rotatable=false, mobileEmulationEnabled=false, networkConnectionEnabled=false, chrome={chromedriverVersion=2.28.455517 (2c6d2707d8ea850c862f04ac066724273981e88f), userDataDir=/var/folders/xp/hq6y__313mvbnpb2n5x7bzq00000gn/T/.org.chromium.Chromium.pHviGk}, takesHeapSnapshot=true, pageLoadStrategy=normal, databaseEnabled=false, handlesAlerts=true, hasTouchScreen=false, version=57.0.2987.98, platform=MAC, browserConnectionEnabled=false, nativeEvents=true, acceptSslCerts=true, locationContextEnabled=true, webStorageEnabled=true, browserName=chrome, takesScreenshot=true, javascriptEnabled=true, cssSelectorsEnabled=true, unexpectedAlertBehaviour=}]
Session ID: 6af012c79d4f7e42652213babfc867f5
	at org.openqa.selenium.remote.ErrorHandler.createThrowable(ErrorHandler.java:216)
	at org.openqa.selenium.remote.ErrorHandler.throwIfResponseFailed(ErrorHandler.java:168)
	at org.openqa.selenium.remote.RemoteWebDriver.execute(RemoteWebDriver.java:635)
	at org.openqa.selenium.remote.RemoteWebElement.execute(RemoteWebElement.java:274)
	at org.openqa.selenium.remote.RemoteWebElement.click(RemoteWebElement.java:84)
	at pageobjects.HomePageObject.clickOnBottomMenuElement(HomePageObject.java:189)
	at tests.HomePageTests.bottomMenuVerifying(HomePageTests.java:184)
... Removed 32 stack frames
</div> <!-- stack-trace -->
                </div> <!-- method-content -->
              </div> <!-- method -->
            </div> <!-- main-panel-content rounded-window-bottom -->
          </div> <!-- suite-All_tests-class-failed -->
          <div class="suite-All_tests-class-passed">
            <div class="main-panel-header rounded-window-top">
              <img src="passed.png"/>
              <span class="class-name">tests.HomePageTests</span>
            </div> <!-- main-panel-header rounded-window-top -->
            <div class="main-panel-content rounded-window-bottom">
              <div class="method">
                <div class="method-content">
                  <a name="bscrollingToResources">
                  </a> <!-- bscrollingToResources -->
                  <span class="method-name">bscrollingToResources</span>
                </div> <!-- method-content -->
              </div> <!-- method -->
              <div class="method">
                <div class="method-content">
                  <a name="bscrollingToTransformTraffic">
                  </a> <!-- bscrollingToTransformTraffic -->
                  <span class="method-name">bscrollingToTransformTraffic</span>
                </div> <!-- method-content -->
              </div> <!-- method -->
              <div class="method">
                <div class="method-content">
                  <a name="emptyEmailAndClickRequestDemo">
                  </a> <!-- emptyEmailAndClickRequestDemo -->
                  <span class="method-name">emptyEmailAndClickRequestDemo</span>
                </div> <!-- method-content -->
              </div> <!-- method -->
              <div class="method">
                <div class="method-content">
                  <a name="getStartedFreeChecking">
                  </a> <!-- getStartedFreeChecking -->
                  <span class="method-name">getStartedFreeChecking</span>
                </div> <!-- method-content -->
              </div> <!-- method -->
              <div class="method">
                <div class="method-content">
                  <a name="notEmailFormatAndClickRequestDemo">
                  </a> <!-- notEmailFormatAndClickRequestDemo -->
                  <span class="method-name">notEmailFormatAndClickRequestDemo</span>
                </div> <!-- method-content -->
              </div> <!-- method -->
              <div class="method">
                <div class="method-content">
                  <a name="scrollingToCueConnectBlog">
                  </a> <!-- scrollingToCueConnectBlog -->
                  <span class="method-name">scrollingToCueConnectBlog</span>
                </div> <!-- method-content -->
              </div> <!-- method -->
              <div class="method">
                <div class="method-content">
                  <a name="scrollingToDriveEcommerce">
                  </a> <!-- scrollingToDriveEcommerce -->
                  <span class="method-name">scrollingToDriveEcommerce</span>
                </div> <!-- method-content -->
              </div> <!-- method -->
              <div class="method">
                <div class="method-content">
                  <a name="scrollingToRetargetShoppers">
                  </a> <!-- scrollingToRetargetShoppers -->
                  <span class="method-name">scrollingToRetargetShoppers</span>
                </div> <!-- method-content -->
              </div> <!-- method -->
              <div class="method">
                <div class="method-content">
                  <a name="sendingUpdatesEmptyEmail">
                  </a> <!-- sendingUpdatesEmptyEmail -->
                  <span class="method-name">sendingUpdatesEmptyEmail</span>
                </div> <!-- method-content -->
              </div> <!-- method -->
              <div class="method">
                <div class="method-content">
                  <a name="sendingUpdatesIncorrectEmail">
                  </a> <!-- sendingUpdatesIncorrectEmail -->
                  <span class="method-name">sendingUpdatesIncorrectEmail</span>
                </div> <!-- method-content -->
              </div> <!-- method -->
              <div class="method">
                <div class="method-content">
                  <a name="sendingUpdatesIncorrectEmailWithAt">
                  </a> <!-- sendingUpdatesIncorrectEmailWithAt -->
                  <span class="method-name">sendingUpdatesIncorrectEmailWithAt</span>
                </div> <!-- method-content -->
              </div> <!-- method -->
              <div class="method">
                <div class="method-content">
                  <a name="sendingUpdatesToValidEmail">
                  </a> <!-- sendingUpdatesToValidEmail -->
                  <span class="method-name">sendingUpdatesToValidEmail</span>
                </div> <!-- method-content -->
              </div> <!-- method -->
              <div class="method">
                <div class="method-content">
                  <a name="typingValidEmailAndClickRequestDemo">
                  </a> <!-- typingValidEmailAndClickRequestDemo -->
                  <span class="method-name">typingValidEmailAndClickRequestDemo</span>
                </div> <!-- method-content -->
              </div> <!-- method -->
              <div class="method">
                <div class="method-content">
                  <a name="videoOpening">
                  </a> <!-- videoOpening -->
                  <span class="method-name">videoOpening</span>
                </div> <!-- method-content -->
              </div> <!-- method -->
            </div> <!-- main-panel-content rounded-window-bottom -->
          </div> <!-- suite-All_tests-class-passed -->
          <div class="suite-All_tests-class-passed">
            <div class="main-panel-header rounded-window-top">
              <img src="passed.png"/>
              <span class="class-name">tests.BenefitsPageTests</span>
            </div> <!-- main-panel-header rounded-window-top -->
            <div class="main-panel-content rounded-window-bottom">
              <div class="method">
                <div class="method-content">
                  <a name="openingPageAndClickOnRequestDemo">
                  </a> <!-- openingPageAndClickOnRequestDemo -->
                  <span class="method-name">openingPageAndClickOnRequestDemo</span>
                </div> <!-- method-content -->
              </div> <!-- method -->
              <div class="method">
                <div class="method-content">
                  <a name="scrollingDownAndVerifyingPresenceOfElements">
                  </a> <!-- scrollingDownAndVerifyingPresenceOfElements -->
                  <span class="method-name">scrollingDownAndVerifyingPresenceOfElements</span>
                </div> <!-- method-content -->
              </div> <!-- method -->
            </div> <!-- main-panel-content rounded-window-bottom -->
          </div> <!-- suite-All_tests-class-passed -->
          <div class="suite-All_tests-class-passed">
            <div class="main-panel-header rounded-window-top">
              <img src="passed.png"/>
              <span class="class-name">tests.About.PressTests</span>
            </div> <!-- main-panel-header rounded-window-top -->
            <div class="main-panel-content rounded-window-bottom">
              <div class="method">
                <div class="method-content">
                  <a name="checkinReadMoreLink">
                  </a> <!-- checkinReadMoreLink -->
                  <span class="method-name">checkinReadMoreLink</span>
                </div> <!-- method-content -->
              </div> <!-- method -->
              <div class="method">
                <div class="method-content">
                  <a name="chekingStyleGuide">
                  </a> <!-- chekingStyleGuide -->
                  <span class="method-name">chekingStyleGuide</span>
                </div> <!-- method-content -->
              </div> <!-- method -->
              <div class="method">
                <div class="method-content">
                  <a name="downloadLinkCheckingIconBlack">
                  </a> <!-- downloadLinkCheckingIconBlack -->
                  <span class="method-name">downloadLinkCheckingIconBlack</span>
                </div> <!-- method-content -->
              </div> <!-- method -->
              <div class="method">
                <div class="method-content">
                  <a name="downloadLinkCheckingLogo">
                  </a> <!-- downloadLinkCheckingLogo -->
                  <span class="method-name">downloadLinkCheckingLogo</span>
                </div> <!-- method-content -->
              </div> <!-- method -->
              <div class="method">
                <div class="method-content">
                  <a name="downloadLinkCheckingLogoBlack">
                  </a> <!-- downloadLinkCheckingLogoBlack -->
                  <span class="method-name">downloadLinkCheckingLogoBlack</span>
                </div> <!-- method-content -->
              </div> <!-- method -->
              <div class="method">
                <div class="method-content">
                  <a name="downloadLinkCheckingLogoVertical">
                  </a> <!-- downloadLinkCheckingLogoVertical -->
                  <span class="method-name">downloadLinkCheckingLogoVertical</span>
                </div> <!-- method-content -->
              </div> <!-- method -->
            </div> <!-- main-panel-content rounded-window-bottom -->
          </div> <!-- suite-All_tests-class-passed -->
          <div class="suite-All_tests-class-passed">
            <div class="main-panel-header rounded-window-top">
              <img src="passed.png"/>
              <span class="class-name">tests.FeaturesPageTests</span>
            </div> <!-- main-panel-header rounded-window-top -->
            <div class="main-panel-content rounded-window-bottom">
              <div class="method">
                <div class="method-content">
                  <a name="openingFeaturesPageAndClickOnRequestDemo">
                  </a> <!-- openingFeaturesPageAndClickOnRequestDemo -->
                  <span class="method-name">openingFeaturesPageAndClickOnRequestDemo</span>
                </div> <!-- method-content -->
              </div> <!-- method -->
              <div class="method">
                <div class="method-content">
                  <a name="openingSecondRequestDemoButton">
                  </a> <!-- openingSecondRequestDemoButton -->
                  <span class="method-name">openingSecondRequestDemoButton</span>
                </div> <!-- method-content -->
              </div> <!-- method -->
              <div class="method">
                <div class="method-content">
                  <a name="openingThirdRequestDemoButton">
                  </a> <!-- openingThirdRequestDemoButton -->
                  <span class="method-name">openingThirdRequestDemoButton</span>
                </div> <!-- method-content -->
              </div> <!-- method -->
              <div class="method">
                <div class="method-content">
                  <a name="scrollingToEachSection">
                  </a> <!-- scrollingToEachSection -->
                  <span class="method-name">scrollingToEachSection</span>
                </div> <!-- method-content -->
              </div> <!-- method -->
            </div> <!-- main-panel-content rounded-window-bottom -->
          </div> <!-- suite-All_tests-class-passed -->
          <div class="suite-All_tests-class-passed">
            <div class="main-panel-header rounded-window-top">
              <img src="passed.png"/>
              <span class="class-name">tests.Blog.BlogMainPageTests</span>
            </div> <!-- main-panel-header rounded-window-top -->
            <div class="main-panel-content rounded-window-bottom">
              <div class="method">
                <div class="method-content">
                  <a name="clickingOnAuthorChecking">
                  </a> <!-- clickingOnAuthorChecking -->
                  <span class="method-name">clickingOnAuthorChecking</span>
                </div> <!-- method-content -->
              </div> <!-- method -->
              <div class="method">
                <div class="method-content">
                  <a name="clickingOnTagChecking">
                  </a> <!-- clickingOnTagChecking -->
                  <span class="method-name">clickingOnTagChecking</span>
                </div> <!-- method-content -->
              </div> <!-- method -->
              <div class="method">
                <div class="method-content">
                  <a name="goingToCommentsSectionByClickOnClickHereLink">
                  </a> <!-- goingToCommentsSectionByClickOnClickHereLink -->
                  <span class="method-name">goingToCommentsSectionByClickOnClickHereLink</span>
                </div> <!-- method-content -->
              </div> <!-- method -->
              <div class="method">
                <div class="method-content">
                  <a name="openingPostByClickOnReadThisPostBtn">
                  </a> <!-- openingPostByClickOnReadThisPostBtn -->
                  <span class="method-name">openingPostByClickOnReadThisPostBtn</span>
                </div> <!-- method-content -->
              </div> <!-- method -->
            </div> <!-- main-panel-content rounded-window-bottom -->
          </div> <!-- suite-All_tests-class-passed -->
          <div class="suite-All_tests-class-passed">
            <div class="main-panel-header rounded-window-top">
              <img src="passed.png"/>
              <span class="class-name">tests.RequestDemoTests</span>
            </div> <!-- main-panel-header rounded-window-top -->
            <div class="main-panel-content rounded-window-bottom">
              <div class="method">
                <div class="method-content">
                  <a name="emailFieldValidations">
                  </a> <!-- emailFieldValidations -->
                  <span class="method-name">emailFieldValidations</span>
                </div> <!-- method-content -->
              </div> <!-- method -->
              <div class="method">
                <div class="method-content">
                  <a name="phoneNumberFieldValidations">
                  </a> <!-- phoneNumberFieldValidations -->
                  <span class="method-name">phoneNumberFieldValidations</span>
                </div> <!-- method-content -->
              </div> <!-- method -->
              <div class="method">
                <div class="method-content">
                  <a name="requestDemoEmptyRequiredFieldsOpening">
                  </a> <!-- requestDemoEmptyRequiredFieldsOpening -->
                  <span class="method-name">requestDemoEmptyRequiredFieldsOpening</span>
                </div> <!-- method-content -->
              </div> <!-- method -->
              <div class="method">
                <div class="method-content">
                  <a name="sendingFormWithValidData">
                  </a> <!-- sendingFormWithValidData -->
                  <span class="method-name">sendingFormWithValidData</span>
                </div> <!-- method-content -->
              </div> <!-- method -->
            </div> <!-- main-panel-content rounded-window-bottom -->
          </div> <!-- suite-All_tests-class-passed -->
          <div class="suite-All_tests-class-passed">
            <div class="main-panel-header rounded-window-top">
              <img src="passed.png"/>
              <span class="class-name">tests.About.TeamTests</span>
            </div> <!-- main-panel-header rounded-window-top -->
            <div class="main-panel-content rounded-window-bottom">
              <div class="method">
                <div class="method-content">
                  <a name="checkingOfEmployeeQuote">
                  </a> <!-- checkingOfEmployeeQuote -->
                  <span class="method-name">checkingOfEmployeeQuote</span>
                </div> <!-- method-content -->
              </div> <!-- method -->
            </div> <!-- main-panel-content rounded-window-bottom -->
          </div> <!-- suite-All_tests-class-passed -->
          <div class="suite-All_tests-class-passed">
            <div class="main-panel-header rounded-window-top">
              <img src="passed.png"/>
              <span class="class-name">tests.About.OurStory</span>
            </div> <!-- main-panel-header rounded-window-top -->
            <div class="main-panel-content rounded-window-bottom">
              <div class="method">
                <div class="method-content">
                  <a name="checkingOurStoryPageAppears">
                  </a> <!-- checkingOurStoryPageAppears -->
                  <span class="method-name">checkingOurStoryPageAppears</span>
                </div> <!-- method-content -->
              </div> <!-- method -->
              <div class="method">
                <div class="method-content">
                  <a name="checkingOurStoryThatElementsArePresent">
                  </a> <!-- checkingOurStoryThatElementsArePresent -->
                  <span class="method-name">checkingOurStoryThatElementsArePresent</span>
                </div> <!-- method-content -->
              </div> <!-- method -->
            </div> <!-- main-panel-content rounded-window-bottom -->
          </div> <!-- suite-All_tests-class-passed -->
          <div class="suite-All_tests-class-passed">
            <div class="main-panel-header rounded-window-top">
              <img src="passed.png"/>
              <span class="class-name">tests.About.CareersTests</span>
            </div> <!-- main-panel-header rounded-window-top -->
            <div class="main-panel-content rounded-window-bottom">
              <div class="method">
                <div class="method-content">
                  <a name="checkElementsArePresent">
                  </a> <!-- checkElementsArePresent -->
                  <span class="method-name">checkElementsArePresent</span>
                </div> <!-- method-content -->
              </div> <!-- method -->
              <div class="method">
                <div class="method-content">
                  <a name="openingVacancyAndSendingEmptyForm">
                  </a> <!-- openingVacancyAndSendingEmptyForm -->
                  <span class="method-name">openingVacancyAndSendingEmptyForm</span>
                </div> <!-- method-content -->
              </div> <!-- method -->
            </div> <!-- main-panel-content rounded-window-bottom -->
          </div> <!-- suite-All_tests-class-passed -->
          <div class="suite-All_tests-class-passed">
            <div class="main-panel-header rounded-window-top">
              <img src="passed.png"/>
              <span class="class-name">tests.About.ContactUsPageTests</span>
            </div> <!-- main-panel-header rounded-window-top -->
            <div class="main-panel-content rounded-window-bottom">
              <div class="method">
                <div class="method-content">
                  <a name="badEmailChecking">
                  </a> <!-- badEmailChecking -->
                  <span class="method-name">badEmailChecking</span>
                </div> <!-- method-content -->
              </div> <!-- method -->
              <div class="method">
                <div class="method-content">
                  <a name="emptyDataChecking">
                  </a> <!-- emptyDataChecking -->
                  <span class="method-name">emptyDataChecking</span>
                </div> <!-- method-content -->
              </div> <!-- method -->
            </div> <!-- main-panel-content rounded-window-bottom -->
          </div> <!-- suite-All_tests-class-passed -->
          <div class="suite-All_tests-class-passed">
            <div class="main-panel-header rounded-window-top">
              <img src="passed.png"/>
              <span class="class-name">tests.LoginPageTests</span>
            </div> <!-- main-panel-header rounded-window-top -->
            <div class="main-panel-content rounded-window-bottom">
              <div class="method">
                <div class="method-content">
                  <a name="correctLogin">
                  </a> <!-- correctLogin -->
                  <span class="method-name">correctLogin</span>
                </div> <!-- method-content -->
              </div> <!-- method -->
              <div class="method">
                <div class="method-content">
                  <a name="forgotPasswordEmptyFields">
                  </a> <!-- forgotPasswordEmptyFields -->
                  <span class="method-name">forgotPasswordEmptyFields</span>
                </div> <!-- method-content -->
              </div> <!-- method -->
              <div class="method">
                <div class="method-content">
                  <a name="forgotPasswordWrongEmail">
                  </a> <!-- forgotPasswordWrongEmail -->
                  <span class="method-name">forgotPasswordWrongEmail</span>
                </div> <!-- method-content -->
              </div> <!-- method -->
              <div class="method">
                <div class="method-content">
                  <a name="loginCheckEmptyFields">
                  </a> <!-- loginCheckEmptyFields -->
                  <span class="method-name">loginCheckEmptyFields</span>
                </div> <!-- method-content -->
              </div> <!-- method -->
              <div class="method">
                <div class="method-content">
                  <a name="loginFormCheckingWrongEmail">
                  </a> <!-- loginFormCheckingWrongEmail -->
                  <span class="method-name">loginFormCheckingWrongEmail</span>
                </div> <!-- method-content -->
              </div> <!-- method -->
            </div> <!-- main-panel-content rounded-window-bottom -->
          </div> <!-- suite-All_tests-class-passed -->
        </div> <!-- panel All_tests -->
        <div panel-name="test-xml-All_tests_(0)" class="panel">
          <div class="main-panel-header rounded-window-top">
            <span class="header-content">/Users/vitaliybizilia/Desktop/cueconnect_website_automation/src/test/java/suites/nexus6.xml</span>
          </div> <!-- main-panel-header rounded-window-top -->
          <div class="main-panel-content rounded-window-bottom">
            <pre>
&lt;?xml version=&quot;1.0&quot; encoding=&quot;UTF-8&quot;?&gt;
&lt;!DOCTYPE suite SYSTEM &quot;http://testng.org/testng-1.0.dtd&quot;&gt;
&lt;suite guice-stage=&quot;DEVELOPMENT&quot; verbose=&quot;0&quot; name=&quot;All tests (0)&quot;&gt;
  &lt;parameter name=&quot;myDevice&quot; value=&quot;nexus6&quot;/&gt;
  &lt;test name=&quot;Blog page checking&quot;&gt;
    &lt;classes&gt;
      &lt;class name=&quot;tests.Blog.BlogMainPageTests&quot;/&gt;
    &lt;/classes&gt;
  &lt;/test&gt; &lt;!-- Blog page checking --&gt;
  &lt;test name=&quot;Login page checking&quot;&gt;
    &lt;classes&gt;
      &lt;class name=&quot;tests.LoginPageTests&quot;/&gt;
    &lt;/classes&gt;
  &lt;/test&gt; &lt;!-- Login page checking --&gt;
  &lt;test name=&quot;Request demo page checking&quot;&gt;
    &lt;classes&gt;
      &lt;class name=&quot;tests.RequestDemoTests&quot;/&gt;
    &lt;/classes&gt;
  &lt;/test&gt; &lt;!-- Request demo page checking --&gt;
  &lt;test name=&quot;Features page checking&quot;&gt;
    &lt;classes&gt;
      &lt;class name=&quot;tests.FeaturesPageTests&quot;/&gt;
    &lt;/classes&gt;
  &lt;/test&gt; &lt;!-- Features page checking --&gt;
  &lt;test name=&quot;Benefits page checking&quot;&gt;
    &lt;classes&gt;
      &lt;class name=&quot;tests.BenefitsPageTests&quot;/&gt;
    &lt;/classes&gt;
  &lt;/test&gt; &lt;!-- Benefits page checking --&gt;
  &lt;test name=&quot;Our Story page checking&quot;&gt;
    &lt;classes&gt;
      &lt;class name=&quot;tests.About.OurStory&quot;/&gt;
    &lt;/classes&gt;
  &lt;/test&gt; &lt;!-- Our Story page checking --&gt;
  &lt;test name=&quot;HomePage checking&quot;&gt;
    &lt;classes&gt;
      &lt;class name=&quot;tests.HomePageTests&quot;/&gt;
    &lt;/classes&gt;
  &lt;/test&gt; &lt;!-- HomePage checking --&gt;
  &lt;test name=&quot;Press page checking&quot;&gt;
    &lt;classes&gt;
      &lt;class name=&quot;tests.About.PressTests&quot;/&gt;
    &lt;/classes&gt;
  &lt;/test&gt; &lt;!-- Press page checking --&gt;
  &lt;test name=&quot;Team page checking&quot;&gt;
    &lt;classes&gt;
      &lt;class name=&quot;tests.About.TeamTests&quot;/&gt;
    &lt;/classes&gt;
  &lt;/test&gt; &lt;!-- Team page checking --&gt;
  &lt;test name=&quot;Careers page checking&quot;&gt;
    &lt;classes&gt;
      &lt;class name=&quot;tests.About.CareersTests&quot;/&gt;
    &lt;/classes&gt;
  &lt;/test&gt; &lt;!-- Careers page checking --&gt;
  &lt;test name=&quot;Contactus page checking&quot;&gt;
    &lt;classes&gt;
      &lt;class name=&quot;tests.About.ContactUsPageTests&quot;/&gt;
    &lt;/classes&gt;
  &lt;/test&gt; &lt;!-- Contactus page checking --&gt;
&lt;/suite&gt; &lt;!-- All tests (0) --&gt;
            </pre>
          </div> <!-- main-panel-content rounded-window-bottom -->
        </div> <!-- panel -->
        <div panel-name="test-xml-All_tests" class="panel">
          <div class="main-panel-header rounded-window-top">
            <span class="header-content">/Users/vitaliybizilia/Desktop/cueconnect_website_automation/src/test/java/suites/iphone7.xml</span>
          </div> <!-- main-panel-header rounded-window-top -->
          <div class="main-panel-content rounded-window-bottom">
            <pre>
&lt;?xml version=&quot;1.0&quot; encoding=&quot;UTF-8&quot;?&gt;
&lt;!DOCTYPE suite SYSTEM &quot;http://testng.org/testng-1.0.dtd&quot;&gt;
&lt;suite guice-stage=&quot;DEVELOPMENT&quot; verbose=&quot;0&quot; name=&quot;All tests&quot;&gt;
  &lt;parameter name=&quot;myDevice&quot; value=&quot;iphone7&quot;/&gt;
  &lt;test name=&quot;Blog page checking&quot;&gt;
    &lt;classes&gt;
      &lt;class name=&quot;tests.Blog.BlogMainPageTests&quot;/&gt;
    &lt;/classes&gt;
  &lt;/test&gt; &lt;!-- Blog page checking --&gt;
  &lt;test name=&quot;HomePage checking&quot;&gt;
    &lt;classes&gt;
      &lt;class name=&quot;tests.HomePageTests&quot;/&gt;
    &lt;/classes&gt;
  &lt;/test&gt; &lt;!-- HomePage checking --&gt;
  &lt;test name=&quot;Features page checking&quot;&gt;
    &lt;classes&gt;
      &lt;class name=&quot;tests.FeaturesPageTests&quot;/&gt;
    &lt;/classes&gt;
  &lt;/test&gt; &lt;!-- Features page checking --&gt;
  &lt;test name=&quot;Benefits page checking&quot;&gt;
    &lt;classes&gt;
      &lt;class name=&quot;tests.BenefitsPageTests&quot;/&gt;
    &lt;/classes&gt;
  &lt;/test&gt; &lt;!-- Benefits page checking --&gt;
  &lt;test name=&quot;Our Story page checking&quot;&gt;
    &lt;classes&gt;
      &lt;class name=&quot;tests.About.OurStory&quot;/&gt;
    &lt;/classes&gt;
  &lt;/test&gt; &lt;!-- Our Story page checking --&gt;
  &lt;test name=&quot;Press page checking&quot;&gt;
    &lt;classes&gt;
      &lt;class name=&quot;tests.About.PressTests&quot;/&gt;
    &lt;/classes&gt;
  &lt;/test&gt; &lt;!-- Press page checking --&gt;
  &lt;test name=&quot;Team page checking&quot;&gt;
    &lt;classes&gt;
      &lt;class name=&quot;tests.About.TeamTests&quot;/&gt;
    &lt;/classes&gt;
  &lt;/test&gt; &lt;!-- Team page checking --&gt;
  &lt;test name=&quot;Careers page checking&quot;&gt;
    &lt;classes&gt;
      &lt;class name=&quot;tests.About.CareersTests&quot;/&gt;
    &lt;/classes&gt;
  &lt;/test&gt; &lt;!-- Careers page checking --&gt;
  &lt;test name=&quot;Contactus page checking&quot;&gt;
    &lt;classes&gt;
      &lt;class name=&quot;tests.About.ContactUsPageTests&quot;/&gt;
    &lt;/classes&gt;
  &lt;/test&gt; &lt;!-- Contactus page checking --&gt;
  &lt;test name=&quot;Login page checking&quot;&gt;
    &lt;classes&gt;
      &lt;class name=&quot;tests.LoginPageTests&quot;/&gt;
    &lt;/classes&gt;
  &lt;/test&gt; &lt;!-- Login page checking --&gt;
  &lt;test name=&quot;Request demo page checking&quot;&gt;
    &lt;classes&gt;
      &lt;class name=&quot;tests.RequestDemoTests&quot;/&gt;
    &lt;/classes&gt;
  &lt;/test&gt; &lt;!-- Request demo page checking --&gt;
&lt;/suite&gt; &lt;!-- All tests --&gt;
            </pre>
          </div> <!-- main-panel-content rounded-window-bottom -->
        </div> <!-- panel -->
        <div panel-name="testlist-All_tests_(0)" class="panel">
          <div class="main-panel-header rounded-window-top">
            <span class="header-content">Tests for All tests (0)</span>
          </div> <!-- main-panel-header rounded-window-top -->
          <div class="main-panel-content rounded-window-bottom">
            <ul>
              <li>
                <span class="test-name">Blog page checking (1 class)</span>
              </li>
              <li>
                <span class="test-name">Login page checking (1 class)</span>
              </li>
              <li>
                <span class="test-name">Request demo page checking (1 class)</span>
              </li>
              <li>
                <span class="test-name">Features page checking (1 class)</span>
              </li>
              <li>
                <span class="test-name">Benefits page checking (1 class)</span>
              </li>
              <li>
                <span class="test-name">Our Story page checking (1 class)</span>
              </li>
              <li>
                <span class="test-name">HomePage checking (1 class)</span>
              </li>
              <li>
                <span class="test-name">Press page checking (1 class)</span>
              </li>
              <li>
                <span class="test-name">Team page checking (1 class)</span>
              </li>
              <li>
                <span class="test-name">Careers page checking (1 class)</span>
              </li>
              <li>
                <span class="test-name">Contactus page checking (1 class)</span>
              </li>
            </ul>
          </div> <!-- main-panel-content rounded-window-bottom -->
        </div> <!-- panel -->
        <div panel-name="testlist-All_tests" class="panel">
          <div class="main-panel-header rounded-window-top">
            <span class="header-content">Tests for All tests</span>
          </div> <!-- main-panel-header rounded-window-top -->
          <div class="main-panel-content rounded-window-bottom">
            <ul>
              <li>
                <span class="test-name">Blog page checking (1 class)</span>
              </li>
              <li>
                <span class="test-name">HomePage checking (1 class)</span>
              </li>
              <li>
                <span class="test-name">Features page checking (1 class)</span>
              </li>
              <li>
                <span class="test-name">Benefits page checking (1 class)</span>
              </li>
              <li>
                <span class="test-name">Our Story page checking (1 class)</span>
              </li>
              <li>
                <span class="test-name">Press page checking (1 class)</span>
              </li>
              <li>
                <span class="test-name">Team page checking (1 class)</span>
              </li>
              <li>
                <span class="test-name">Careers page checking (1 class)</span>
              </li>
              <li>
                <span class="test-name">Contactus page checking (1 class)</span>
              </li>
              <li>
                <span class="test-name">Login page checking (1 class)</span>
              </li>
              <li>
                <span class="test-name">Request demo page checking (1 class)</span>
              </li>
            </ul>
          </div> <!-- main-panel-content rounded-window-bottom -->
        </div> <!-- panel -->
        <div panel-name="group-All_tests_(0)" class="panel">
          <div class="main-panel-header rounded-window-top">
            <span class="header-content">Groups for All tests (0)</span>
          </div> <!-- main-panel-header rounded-window-top -->
          <div class="main-panel-content rounded-window-bottom">
            <div class="test-group">
              <span class="test-group-name">mobile</span>
              <br/>
              <div class="method-in-group">
                <span class="method-in-group-name">bottomMenuVerifying</span>
                <br/>
              </div> <!-- method-in-group -->
              <div class="method-in-group">
                <span class="method-in-group-name">bscrollingToResources</span>
                <br/>
              </div> <!-- method-in-group -->
              <div class="method-in-group">
                <span class="method-in-group-name">bscrollingToTransformTraffic</span>
                <br/>
              </div> <!-- method-in-group -->
              <div class="method-in-group">
                <span class="method-in-group-name">emptyEmailAndClickRequestDemo</span>
                <br/>
              </div> <!-- method-in-group -->
              <div class="method-in-group">
                <span class="method-in-group-name">getStartedFreeChecking</span>
                <br/>
              </div> <!-- method-in-group -->
              <div class="method-in-group">
                <span class="method-in-group-name">notEmailFormatAndClickRequestDemo</span>
                <br/>
              </div> <!-- method-in-group -->
              <div class="method-in-group">
                <span class="method-in-group-name">scrollingToCueConnectBlog</span>
                <br/>
              </div> <!-- method-in-group -->
              <div class="method-in-group">
                <span class="method-in-group-name">scrollingToDriveEcommerce</span>
                <br/>
              </div> <!-- method-in-group -->
              <div class="method-in-group">
                <span class="method-in-group-name">scrollingToRetargetShoppers</span>
                <br/>
              </div> <!-- method-in-group -->
              <div class="method-in-group">
                <span class="method-in-group-name">sendingUpdatesEmptyEmail</span>
                <br/>
              </div> <!-- method-in-group -->
              <div class="method-in-group">
                <span class="method-in-group-name">sendingUpdatesIncorrectEmail</span>
                <br/>
              </div> <!-- method-in-group -->
              <div class="method-in-group">
                <span class="method-in-group-name">typingValidEmailAndClickRequestDemo</span>
                <br/>
              </div> <!-- method-in-group -->
              <div class="method-in-group">
                <span class="method-in-group-name">videoOpening</span>
                <br/>
              </div> <!-- method-in-group -->
            </div> <!-- test-group -->
            <div class="test-group">
              <span class="test-group-name">negative</span>
              <br/>
              <div class="method-in-group">
                <span class="method-in-group-name">emailFieldValidations</span>
                <br/>
              </div> <!-- method-in-group -->
              <div class="method-in-group">
                <span class="method-in-group-name">phoneNumberFieldValidations</span>
                <br/>
              </div> <!-- method-in-group -->
              <div class="method-in-group">
                <span class="method-in-group-name">requestDemoEmptyRequiredFieldsOpening</span>
                <br/>
              </div> <!-- method-in-group -->
              <div class="method-in-group">
                <span class="method-in-group-name">sendingUpdatesIncorrectEmailWithAt</span>
                <br/>
              </div> <!-- method-in-group -->
            </div> <!-- test-group -->
            <div class="test-group">
              <span class="test-group-name">positive</span>
              <br/>
              <div class="method-in-group">
                <span class="method-in-group-name">sendingFormWithValidData</span>
                <br/>
              </div> <!-- method-in-group -->
              <div class="method-in-group">
                <span class="method-in-group-name">sendingUpdatesToValidEmail</span>
                <br/>
              </div> <!-- method-in-group -->
            </div> <!-- test-group -->
          </div> <!-- main-panel-content rounded-window-bottom -->
        </div> <!-- panel -->
        <div panel-name="group-All_tests" class="panel">
          <div class="main-panel-header rounded-window-top">
            <span class="header-content">Groups for All tests</span>
          </div> <!-- main-panel-header rounded-window-top -->
          <div class="main-panel-content rounded-window-bottom">
            <div class="test-group">
              <span class="test-group-name">mobile</span>
              <br/>
              <div class="method-in-group">
                <span class="method-in-group-name">bottomMenuVerifying</span>
                <br/>
              </div> <!-- method-in-group -->
              <div class="method-in-group">
                <span class="method-in-group-name">bscrollingToResources</span>
                <br/>
              </div> <!-- method-in-group -->
              <div class="method-in-group">
                <span class="method-in-group-name">bscrollingToTransformTraffic</span>
                <br/>
              </div> <!-- method-in-group -->
              <div class="method-in-group">
                <span class="method-in-group-name">emptyEmailAndClickRequestDemo</span>
                <br/>
              </div> <!-- method-in-group -->
              <div class="method-in-group">
                <span class="method-in-group-name">getStartedFreeChecking</span>
                <br/>
              </div> <!-- method-in-group -->
              <div class="method-in-group">
                <span class="method-in-group-name">notEmailFormatAndClickRequestDemo</span>
                <br/>
              </div> <!-- method-in-group -->
              <div class="method-in-group">
                <span class="method-in-group-name">scrollingToCueConnectBlog</span>
                <br/>
              </div> <!-- method-in-group -->
              <div class="method-in-group">
                <span class="method-in-group-name">scrollingToDriveEcommerce</span>
                <br/>
              </div> <!-- method-in-group -->
              <div class="method-in-group">
                <span class="method-in-group-name">scrollingToRetargetShoppers</span>
                <br/>
              </div> <!-- method-in-group -->
              <div class="method-in-group">
                <span class="method-in-group-name">sendingUpdatesEmptyEmail</span>
                <br/>
              </div> <!-- method-in-group -->
              <div class="method-in-group">
                <span class="method-in-group-name">sendingUpdatesIncorrectEmail</span>
                <br/>
              </div> <!-- method-in-group -->
              <div class="method-in-group">
                <span class="method-in-group-name">typingValidEmailAndClickRequestDemo</span>
                <br/>
              </div> <!-- method-in-group -->
              <div class="method-in-group">
                <span class="method-in-group-name">videoOpening</span>
                <br/>
              </div> <!-- method-in-group -->
            </div> <!-- test-group -->
            <div class="test-group">
              <span class="test-group-name">negative</span>
              <br/>
              <div class="method-in-group">
                <span class="method-in-group-name">emailFieldValidations</span>
                <br/>
              </div> <!-- method-in-group -->
              <div class="method-in-group">
                <span class="method-in-group-name">phoneNumberFieldValidations</span>
                <br/>
              </div> <!-- method-in-group -->
              <div class="method-in-group">
                <span class="method-in-group-name">requestDemoEmptyRequiredFieldsOpening</span>
                <br/>
              </div> <!-- method-in-group -->
              <div class="method-in-group">
                <span class="method-in-group-name">sendingUpdatesIncorrectEmailWithAt</span>
                <br/>
              </div> <!-- method-in-group -->
            </div> <!-- test-group -->
            <div class="test-group">
              <span class="test-group-name">positive</span>
              <br/>
              <div class="method-in-group">
                <span class="method-in-group-name">sendingFormWithValidData</span>
                <br/>
              </div> <!-- method-in-group -->
              <div class="method-in-group">
                <span class="method-in-group-name">sendingUpdatesToValidEmail</span>
                <br/>
              </div> <!-- method-in-group -->
            </div> <!-- test-group -->
          </div> <!-- main-panel-content rounded-window-bottom -->
        </div> <!-- panel -->
        <div panel-name="times-All_tests_(0)" class="panel">
          <div class="main-panel-header rounded-window-top">
            <span class="header-content">Times for All tests (0)</span>
          </div> <!-- main-panel-header rounded-window-top -->
          <div class="main-panel-content rounded-window-bottom">
            <div class="times-div">
              <script type="text/javascript">
suiteTableInitFunctions.push('tableData_All_tests_(0)');
function tableData_All_tests_(0)() {
var data = new google.visualization.DataTable();
data.addColumn('number', 'Number');
data.addColumn('string', 'Method');
data.addColumn('string', 'Class');
data.addColumn('number', 'Time (ms)');
data.addRows(47);
data.setCell(0, 0, 0)
data.setCell(0, 1, 'phoneNumberFieldValidations')
data.setCell(0, 2, 'tests.RequestDemoTests')
data.setCell(0, 3, 1);
data.setCell(1, 0, 1)
data.setCell(1, 1, 'scrollingToDriveEcommerce')
data.setCell(1, 2, 'tests.HomePageTests')
data.setCell(1, 3, 1);
data.setCell(2, 0, 2)
data.setCell(2, 1, 'checkingOfEmployeeQuote')
data.setCell(2, 2, 'tests.About.TeamTests')
data.setCell(2, 3, 1);
data.setCell(3, 0, 3)
data.setCell(3, 1, 'clickingOnTagChecking')
data.setCell(3, 2, 'tests.Blog.BlogMainPageTests')
data.setCell(3, 3, 0);
data.setCell(4, 0, 4)
data.setCell(4, 1, 'openingPostByClickOnReadThisPostBtn')
data.setCell(4, 2, 'tests.Blog.BlogMainPageTests')
data.setCell(4, 3, 0);
data.setCell(5, 0, 5)
data.setCell(5, 1, 'clickingOnAuthorChecking')
data.setCell(5, 2, 'tests.Blog.BlogMainPageTests')
data.setCell(5, 3, 0);
data.setCell(6, 0, 6)
data.setCell(6, 1, 'goingToCommentsSectionByClickOnClickHereLink')
data.setCell(6, 2, 'tests.Blog.BlogMainPageTests')
data.setCell(6, 3, 0);
data.setCell(7, 0, 7)
data.setCell(7, 1, 'forgotPasswordEmptyFields')
data.setCell(7, 2, 'tests.LoginPageTests')
data.setCell(7, 3, 0);
data.setCell(8, 0, 8)
data.setCell(8, 1, 'forgotPasswordWrongEmail')
data.setCell(8, 2, 'tests.LoginPageTests')
data.setCell(8, 3, 0);
data.setCell(9, 0, 9)
data.setCell(9, 1, 'loginFormCheckingWrongEmail')
data.setCell(9, 2, 'tests.LoginPageTests')
data.setCell(9, 3, 0);
data.setCell(10, 0, 10)
data.setCell(10, 1, 'loginCheckEmptyFields')
data.setCell(10, 2, 'tests.LoginPageTests')
data.setCell(10, 3, 0);
data.setCell(11, 0, 11)
data.setCell(11, 1, 'correctLogin')
data.setCell(11, 2, 'tests.LoginPageTests')
data.setCell(11, 3, 0);
data.setCell(12, 0, 12)
data.setCell(12, 1, 'requestDemoEmptyRequiredFieldsOpening')
data.setCell(12, 2, 'tests.RequestDemoTests')
data.setCell(12, 3, 0);
data.setCell(13, 0, 13)
data.setCell(13, 1, 'sendingFormWithValidData')
data.setCell(13, 2, 'tests.RequestDemoTests')
data.setCell(13, 3, 0);
data.setCell(14, 0, 14)
data.setCell(14, 1, 'emailFieldValidations')
data.setCell(14, 2, 'tests.RequestDemoTests')
data.setCell(14, 3, 0);
data.setCell(15, 0, 15)
data.setCell(15, 1, 'openingFeaturesPageAndClickOnRequestDemo')
data.setCell(15, 2, 'tests.FeaturesPageTests')
data.setCell(15, 3, 0);
data.setCell(16, 0, 16)
data.setCell(16, 1, 'openingSecondRequestDemoButton')
data.setCell(16, 2, 'tests.FeaturesPageTests')
data.setCell(16, 3, 0);
data.setCell(17, 0, 17)
data.setCell(17, 1, 'openingThirdRequestDemoButton')
data.setCell(17, 2, 'tests.FeaturesPageTests')
data.setCell(17, 3, 0);
data.setCell(18, 0, 18)
data.setCell(18, 1, 'scrollingToEachSection')
data.setCell(18, 2, 'tests.FeaturesPageTests')
data.setCell(18, 3, 0);
data.setCell(19, 0, 19)
data.setCell(19, 1, 'openingPageAndClickOnRequestDemo')
data.setCell(19, 2, 'tests.BenefitsPageTests')
data.setCell(19, 3, 0);
data.setCell(20, 0, 20)
data.setCell(20, 1, 'scrollingDownAndVerifyingPresenceOfElements')
data.setCell(20, 2, 'tests.BenefitsPageTests')
data.setCell(20, 3, 0);
data.setCell(21, 0, 21)
data.setCell(21, 1, 'checkingOurStoryPageAppears')
data.setCell(21, 2, 'tests.About.OurStory')
data.setCell(21, 3, 0);
data.setCell(22, 0, 22)
data.setCell(22, 1, 'checkingOurStoryThatElementsArePresent')
data.setCell(22, 2, 'tests.About.OurStory')
data.setCell(22, 3, 0);
data.setCell(23, 0, 23)
data.setCell(23, 1, 'bscrollingToResources')
data.setCell(23, 2, 'tests.HomePageTests')
data.setCell(23, 3, 0);
data.setCell(24, 0, 24)
data.setCell(24, 1, 'sendingUpdatesIncorrectEmail')
data.setCell(24, 2, 'tests.HomePageTests')
data.setCell(24, 3, 0);
data.setCell(25, 0, 25)
data.setCell(25, 1, 'sendingUpdatesEmptyEmail')
data.setCell(25, 2, 'tests.HomePageTests')
data.setCell(25, 3, 0);
data.setCell(26, 0, 26)
data.setCell(26, 1, 'typingValidEmailAndClickRequestDemo')
data.setCell(26, 2, 'tests.HomePageTests')
data.setCell(26, 3, 0);
data.setCell(27, 0, 27)
data.setCell(27, 1, 'emptyEmailAndClickRequestDemo')
data.setCell(27, 2, 'tests.HomePageTests')
data.setCell(27, 3, 0);
data.setCell(28, 0, 28)
data.setCell(28, 1, 'bscrollingToTransformTraffic')
data.setCell(28, 2, 'tests.HomePageTests')
data.setCell(28, 3, 0);
data.setCell(29, 0, 29)
data.setCell(29, 1, 'scrollingToCueConnectBlog')
data.setCell(29, 2, 'tests.HomePageTests')
data.setCell(29, 3, 0);
data.setCell(30, 0, 30)
data.setCell(30, 1, 'videoOpening')
data.setCell(30, 2, 'tests.HomePageTests')
data.setCell(30, 3, 0);
data.setCell(31, 0, 31)
data.setCell(31, 1, 'sendingUpdatesIncorrectEmailWithAt')
data.setCell(31, 2, 'tests.HomePageTests')
data.setCell(31, 3, 0);
data.setCell(32, 0, 32)
data.setCell(32, 1, 'notEmailFormatAndClickRequestDemo')
data.setCell(32, 2, 'tests.HomePageTests')
data.setCell(32, 3, 0);
data.setCell(33, 0, 33)
data.setCell(33, 1, 'bottomMenuVerifying')
data.setCell(33, 2, 'tests.HomePageTests')
data.setCell(33, 3, 0);
data.setCell(34, 0, 34)
data.setCell(34, 1, 'sendingUpdatesToValidEmail')
data.setCell(34, 2, 'tests.HomePageTests')
data.setCell(34, 3, 0);
data.setCell(35, 0, 35)
data.setCell(35, 1, 'getStartedFreeChecking')
data.setCell(35, 2, 'tests.HomePageTests')
data.setCell(35, 3, 0);
data.setCell(36, 0, 36)
data.setCell(36, 1, 'scrollingToRetargetShoppers')
data.setCell(36, 2, 'tests.HomePageTests')
data.setCell(36, 3, 0);
data.setCell(37, 0, 37)
data.setCell(37, 1, 'downloadLinkCheckingIconBlack')
data.setCell(37, 2, 'tests.About.PressTests')
data.setCell(37, 3, 0);
data.setCell(38, 0, 38)
data.setCell(38, 1, 'downloadLinkCheckingLogo')
data.setCell(38, 2, 'tests.About.PressTests')
data.setCell(38, 3, 0);
data.setCell(39, 0, 39)
data.setCell(39, 1, 'checkinReadMoreLink')
data.setCell(39, 2, 'tests.About.PressTests')
data.setCell(39, 3, 0);
data.setCell(40, 0, 40)
data.setCell(40, 1, 'downloadLinkCheckingLogoBlack')
data.setCell(40, 2, 'tests.About.PressTests')
data.setCell(40, 3, 0);
data.setCell(41, 0, 41)
data.setCell(41, 1, 'chekingStyleGuide')
data.setCell(41, 2, 'tests.About.PressTests')
data.setCell(41, 3, 0);
data.setCell(42, 0, 42)
data.setCell(42, 1, 'downloadLinkCheckingLogoVertical')
data.setCell(42, 2, 'tests.About.PressTests')
data.setCell(42, 3, 0);
data.setCell(43, 0, 43)
data.setCell(43, 1, 'checkElementsArePresent')
data.setCell(43, 2, 'tests.About.CareersTests')
data.setCell(43, 3, 0);
data.setCell(44, 0, 44)
data.setCell(44, 1, 'openingVacancyAndSendingEmptyForm')
data.setCell(44, 2, 'tests.About.CareersTests')
data.setCell(44, 3, 0);
data.setCell(45, 0, 45)
data.setCell(45, 1, 'emptyDataChecking')
data.setCell(45, 2, 'tests.About.ContactUsPageTests')
data.setCell(45, 3, 0);
data.setCell(46, 0, 46)
data.setCell(46, 1, 'badEmailChecking')
data.setCell(46, 2, 'tests.About.ContactUsPageTests')
data.setCell(46, 3, 0);
window.suiteTableData['All_tests_(0)']= { tableData: data, tableDiv: 'times-div-All_tests_(0)'}
return data;
}
              </script>
              <span class="suite-total-time">Total running time: 3 ms</span>
              <div id="times-div-All_tests_(0)">
              </div> <!-- times-div-All_tests_(0) -->
            </div> <!-- times-div -->
          </div> <!-- main-panel-content rounded-window-bottom -->
        </div> <!-- panel -->
        <div panel-name="times-All_tests" class="panel">
          <div class="main-panel-header rounded-window-top">
            <span class="header-content">Times for All tests</span>
          </div> <!-- main-panel-header rounded-window-top -->
          <div class="main-panel-content rounded-window-bottom">
            <div class="times-div">
              <script type="text/javascript">
suiteTableInitFunctions.push('tableData_All_tests');
function tableData_All_tests() {
var data = new google.visualization.DataTable();
data.addColumn('number', 'Number');
data.addColumn('string', 'Method');
data.addColumn('string', 'Class');
data.addColumn('number', 'Time (ms)');
data.addRows(47);
data.setCell(0, 0, 0)
data.setCell(0, 1, 'scrollingDownAndVerifyingPresenceOfElements')
data.setCell(0, 2, 'tests.BenefitsPageTests')
data.setCell(0, 3, 108745);
data.setCell(1, 0, 1)
data.setCell(1, 1, 'checkingOurStoryThatElementsArePresent')
data.setCell(1, 2, 'tests.About.OurStory')
data.setCell(1, 3, 88467);
data.setCell(2, 0, 2)
data.setCell(2, 1, 'scrollingToEachSection')
data.setCell(2, 2, 'tests.FeaturesPageTests')
data.setCell(2, 3, 84677);
data.setCell(3, 0, 3)
data.setCell(3, 1, 'openingSecondRequestDemoButton')
data.setCell(3, 2, 'tests.FeaturesPageTests')
data.setCell(3, 3, 26132);
data.setCell(4, 0, 4)
data.setCell(4, 1, 'openingThirdRequestDemoButton')
data.setCell(4, 2, 'tests.FeaturesPageTests')
data.setCell(4, 3, 25647);
data.setCell(5, 0, 5)
data.setCell(5, 1, 'getStartedFreeChecking')
data.setCell(5, 2, 'tests.HomePageTests')
data.setCell(5, 3, 23849);
data.setCell(6, 0, 6)
data.setCell(6, 1, 'sendingUpdatesToValidEmail')
data.setCell(6, 2, 'tests.HomePageTests')
data.setCell(6, 3, 23352);
data.setCell(7, 0, 7)
data.setCell(7, 1, 'sendingUpdatesIncorrectEmailWithAt')
data.setCell(7, 2, 'tests.HomePageTests')
data.setCell(7, 3, 23081);
data.setCell(8, 0, 8)
data.setCell(8, 1, 'sendingUpdatesIncorrectEmail')
data.setCell(8, 2, 'tests.HomePageTests')
data.setCell(8, 3, 22863);
data.setCell(9, 0, 9)
data.setCell(9, 1, 'sendingUpdatesEmptyEmail')
data.setCell(9, 2, 'tests.HomePageTests')
data.setCell(9, 3, 22586);
data.setCell(10, 0, 10)
data.setCell(10, 1, 'goingToCommentsSectionByClickOnClickHereLink')
data.setCell(10, 2, 'tests.Blog.BlogMainPageTests')
data.setCell(10, 3, 12156);
data.setCell(11, 0, 11)
data.setCell(11, 1, 'openingVacancyAndSendingEmptyForm')
data.setCell(11, 2, 'tests.About.CareersTests')
data.setCell(11, 3, 11147);
data.setCell(12, 0, 12)
data.setCell(12, 1, 'clickingOnTagChecking')
data.setCell(12, 2, 'tests.Blog.BlogMainPageTests')
data.setCell(12, 3, 10424);
data.setCell(13, 0, 13)
data.setCell(13, 1, 'sendingFormWithValidData')
data.setCell(13, 2, 'tests.RequestDemoTests')
data.setCell(13, 3, 9078);
data.setCell(14, 0, 14)
data.setCell(14, 1, 'phoneNumberFieldValidations')
data.setCell(14, 2, 'tests.RequestDemoTests')
data.setCell(14, 3, 8854);
data.setCell(15, 0, 15)
data.setCell(15, 1, 'chekingStyleGuide')
data.setCell(15, 2, 'tests.About.PressTests')
data.setCell(15, 3, 8817);
data.setCell(16, 0, 16)
data.setCell(16, 1, 'clickingOnAuthorChecking')
data.setCell(16, 2, 'tests.Blog.BlogMainPageTests')
data.setCell(16, 3, 8701);
data.setCell(17, 0, 17)
data.setCell(17, 1, 'badEmailChecking')
data.setCell(17, 2, 'tests.About.ContactUsPageTests')
data.setCell(17, 3, 8613);
data.setCell(18, 0, 18)
data.setCell(18, 1, 'requestDemoEmptyRequiredFieldsOpening')
data.setCell(18, 2, 'tests.RequestDemoTests')
data.setCell(18, 3, 8588);
data.setCell(19, 0, 19)
data.setCell(19, 1, 'checkingOurStoryPageAppears')
data.setCell(19, 2, 'tests.About.OurStory')
data.setCell(19, 3, 8413);
data.setCell(20, 0, 20)
data.setCell(20, 1, 'emptyDataChecking')
data.setCell(20, 2, 'tests.About.ContactUsPageTests')
data.setCell(20, 3, 8301);
data.setCell(21, 0, 21)
data.setCell(21, 1, 'checkinReadMoreLink')
data.setCell(21, 2, 'tests.About.PressTests')
data.setCell(21, 3, 8246);
data.setCell(22, 0, 22)
data.setCell(22, 1, 'checkingOfEmployeeQuote')
data.setCell(22, 2, 'tests.About.TeamTests')
data.setCell(22, 3, 8018);
data.setCell(23, 0, 23)
data.setCell(23, 1, 'forgotPasswordEmptyFields')
data.setCell(23, 2, 'tests.LoginPageTests')
data.setCell(23, 3, 7913);
data.setCell(24, 0, 24)
data.setCell(24, 1, 'loginFormCheckingWrongEmail')
data.setCell(24, 2, 'tests.LoginPageTests')
data.setCell(24, 3, 7225);
data.setCell(25, 0, 25)
data.setCell(25, 1, 'correctLogin')
data.setCell(25, 2, 'tests.LoginPageTests')
data.setCell(25, 3, 6370);
data.setCell(26, 0, 26)
data.setCell(26, 1, 'openingPostByClickOnReadThisPostBtn')
data.setCell(26, 2, 'tests.Blog.BlogMainPageTests')
data.setCell(26, 3, 6321);
data.setCell(27, 0, 27)
data.setCell(27, 1, 'openingPageAndClickOnRequestDemo')
data.setCell(27, 2, 'tests.BenefitsPageTests')
data.setCell(27, 3, 6025);
data.setCell(28, 0, 28)
data.setCell(28, 1, 'bottomMenuVerifying')
data.setCell(28, 2, 'tests.HomePageTests')
data.setCell(28, 3, 5874);
data.setCell(29, 0, 29)
data.setCell(29, 1, 'openingFeaturesPageAndClickOnRequestDemo')
data.setCell(29, 2, 'tests.FeaturesPageTests')
data.setCell(29, 3, 5865);
data.setCell(30, 0, 30)
data.setCell(30, 1, 'checkElementsArePresent')
data.setCell(30, 2, 'tests.About.CareersTests')
data.setCell(30, 3, 5665);
data.setCell(31, 0, 31)
data.setCell(31, 1, 'emailFieldValidations')
data.setCell(31, 2, 'tests.RequestDemoTests')
data.setCell(31, 3, 4780);
data.setCell(32, 0, 32)
data.setCell(32, 1, 'typingValidEmailAndClickRequestDemo')
data.setCell(32, 2, 'tests.HomePageTests')
data.setCell(32, 3, 4724);
data.setCell(33, 0, 33)
data.setCell(33, 1, 'scrollingToCueConnectBlog')
data.setCell(33, 2, 'tests.HomePageTests')
data.setCell(33, 3, 4590);
data.setCell(34, 0, 34)
data.setCell(34, 1, 'downloadLinkCheckingLogoBlack')
data.setCell(34, 2, 'tests.About.PressTests')
data.setCell(34, 3, 4548);
data.setCell(35, 0, 35)
data.setCell(35, 1, 'downloadLinkCheckingIconBlack')
data.setCell(35, 2, 'tests.About.PressTests')
data.setCell(35, 3, 4054);
data.setCell(36, 0, 36)
data.setCell(36, 1, 'downloadLinkCheckingLogo')
data.setCell(36, 2, 'tests.About.PressTests')
data.setCell(36, 3, 3788);
data.setCell(37, 0, 37)
data.setCell(37, 1, 'scrollingToDriveEcommerce')
data.setCell(37, 2, 'tests.HomePageTests')
data.setCell(37, 3, 3781);
data.setCell(38, 0, 38)
data.setCell(38, 1, 'downloadLinkCheckingLogoVertical')
data.setCell(38, 2, 'tests.About.PressTests')
data.setCell(38, 3, 3758);
data.setCell(39, 0, 39)
data.setCell(39, 1, 'forgotPasswordWrongEmail')
data.setCell(39, 2, 'tests.LoginPageTests')
data.setCell(39, 3, 3744);
data.setCell(40, 0, 40)
data.setCell(40, 1, 'emptyEmailAndClickRequestDemo')
data.setCell(40, 2, 'tests.HomePageTests')
data.setCell(40, 3, 3494);
data.setCell(41, 0, 41)
data.setCell(41, 1, 'bscrollingToTransformTraffic')
data.setCell(41, 2, 'tests.HomePageTests')
data.setCell(41, 3, 3338);
data.setCell(42, 0, 42)
data.setCell(42, 1, 'bscrollingToResources')
data.setCell(42, 2, 'tests.HomePageTests')
data.setCell(42, 3, 3298);
data.setCell(43, 0, 43)
data.setCell(43, 1, 'loginCheckEmptyFields')
data.setCell(43, 2, 'tests.LoginPageTests')
data.setCell(43, 3, 3262);
data.setCell(44, 0, 44)
data.setCell(44, 1, 'scrollingToRetargetShoppers')
data.setCell(44, 2, 'tests.HomePageTests')
data.setCell(44, 3, 2996);
data.setCell(45, 0, 45)
data.setCell(45, 1, 'videoOpening')
data.setCell(45, 2, 'tests.HomePageTests')
data.setCell(45, 3, 2918);
data.setCell(46, 0, 46)
data.setCell(46, 1, 'notEmailFormatAndClickRequestDemo')
data.setCell(46, 2, 'tests.HomePageTests')
data.setCell(46, 3, 2859);
window.suiteTableData['All_tests']= { tableData: data, tableDiv: 'times-div-All_tests'}
return data;
}
              </script>
              <span class="suite-total-time">Total running time: 11 minutes</span>
              <div id="times-div-All_tests">
              </div> <!-- times-div-All_tests -->
            </div> <!-- times-div -->
          </div> <!-- main-panel-content rounded-window-bottom -->
        </div> <!-- panel -->
        <div panel-name="reporter-All_tests_(0)" class="panel">
          <div class="main-panel-header rounded-window-top">
            <span class="header-content">Reporter output for All tests (0)</span>
          </div> <!-- main-panel-header rounded-window-top -->
          <div class="main-panel-content rounded-window-bottom">
          </div> <!-- main-panel-content rounded-window-bottom -->
        </div> <!-- panel -->
        <div panel-name="reporter-All_tests" class="panel">
          <div class="main-panel-header rounded-window-top">
            <span class="header-content">Reporter output for All tests</span>
          </div> <!-- main-panel-header rounded-window-top -->
          <div class="main-panel-content rounded-window-bottom">
          </div> <!-- main-panel-content rounded-window-bottom -->
        </div> <!-- panel -->
        <div panel-name="ignored-methods-All_tests_(0)" class="panel">
          <div class="main-panel-header rounded-window-top">
            <span class="header-content">0 ignored methods</span>
          </div> <!-- main-panel-header rounded-window-top -->
          <div class="main-panel-content rounded-window-bottom">
          </div> <!-- main-panel-content rounded-window-bottom -->
        </div> <!-- panel -->
        <div panel-name="ignored-methods-All_tests" class="panel">
          <div class="main-panel-header rounded-window-top">
            <span class="header-content">0 ignored methods</span>
          </div> <!-- main-panel-header rounded-window-top -->
          <div class="main-panel-content rounded-window-bottom">
          </div> <!-- main-panel-content rounded-window-bottom -->
        </div> <!-- panel -->
        <div panel-name="chronological-All_tests_(0)" class="panel">
          <div class="main-panel-header rounded-window-top">
            <span class="header-content">Methods in chronological order</span>
          </div> <!-- main-panel-header rounded-window-top -->
          <div class="main-panel-content rounded-window-bottom">
            <div class="chronological-class">
              <div class="chronological-class-name">tests.About.ContactUsPageTests</div> <!-- chronological-class-name -->
              <div class="configuration-suite before">
                <img src="failed.png">
                </img>
                <span class="method-name">beforeClass(nexus6)</span>
                <span class="method-start">0 ms</span>
              </div> <!-- configuration-suite before -->
            </div> <!-- chronological-class -->
            <div class="chronological-class">
              <div class="chronological-class-name">tests.Blog.BlogMainPageTests</div> <!-- chronological-class-name -->
              <div class="test-method">
                <span class="method-name">clickingOnAuthorChecking</span>
                <span class="method-start">42 ms</span>
              </div> <!-- test-method -->
              <div class="test-method">
                <span class="method-name">clickingOnTagChecking</span>
                <span class="method-start">43 ms</span>
              </div> <!-- test-method -->
              <div class="test-method">
                <span class="method-name">goingToCommentsSectionByClickOnClickHereLink</span>
                <span class="method-start">43 ms</span>
              </div> <!-- test-method -->
              <div class="test-method">
                <span class="method-name">openingPostByClickOnReadThisPostBtn</span>
                <span class="method-start">44 ms</span>
              </div> <!-- test-method -->
            </div> <!-- chronological-class -->
            <div class="chronological-class">
              <div class="chronological-class-name">tests.LoginPageTests</div> <!-- chronological-class-name -->
              <div class="test-method">
                <span class="method-name">correctLogin</span>
                <span class="method-start">77 ms</span>
              </div> <!-- test-method -->
              <div class="test-method">
                <span class="method-name">forgotPasswordEmptyFields</span>
                <span class="method-start">77 ms</span>
              </div> <!-- test-method -->
              <div class="test-method">
                <span class="method-name">forgotPasswordWrongEmail</span>
                <span class="method-start">78 ms</span>
              </div> <!-- test-method -->
              <div class="test-method">
                <span class="method-name">loginCheckEmptyFields</span>
                <span class="method-start">78 ms</span>
              </div> <!-- test-method -->
              <div class="test-method">
                <span class="method-name">loginFormCheckingWrongEmail</span>
                <span class="method-start">79 ms</span>
              </div> <!-- test-method -->
            </div> <!-- chronological-class -->
            <div class="chronological-class">
              <div class="chronological-class-name">tests.RequestDemoTests</div> <!-- chronological-class-name -->
              <div class="test-method">
                <span class="method-name">emailFieldValidations</span>
                <span class="method-start">101 ms</span>
              </div> <!-- test-method -->
              <div class="test-method">
                <span class="method-name">phoneNumberFieldValidations</span>
                <span class="method-start">101 ms</span>
              </div> <!-- test-method -->
              <div class="test-method">
                <span class="method-name">requestDemoEmptyRequiredFieldsOpening</span>
                <span class="method-start">102 ms</span>
              </div> <!-- test-method -->
              <div class="test-method">
                <span class="method-name">sendingFormWithValidData</span>
                <span class="method-start">102 ms</span>
              </div> <!-- test-method -->
            </div> <!-- chronological-class -->
            <div class="chronological-class">
              <div class="chronological-class-name">tests.FeaturesPageTests</div> <!-- chronological-class-name -->
              <div class="test-method">
                <span class="method-name">openingFeaturesPageAndClickOnRequestDemo</span>
                <span class="method-start">116 ms</span>
              </div> <!-- test-method -->
              <div class="test-method">
                <span class="method-name">openingSecondRequestDemoButton</span>
                <span class="method-start">116 ms</span>
              </div> <!-- test-method -->
              <div class="test-method">
                <span class="method-name">openingThirdRequestDemoButton</span>
                <span class="method-start">117 ms</span>
              </div> <!-- test-method -->
              <div class="test-method">
                <span class="method-name">scrollingToEachSection</span>
                <span class="method-start">117 ms</span>
              </div> <!-- test-method -->
            </div> <!-- chronological-class -->
            <div class="chronological-class">
              <div class="chronological-class-name">tests.BenefitsPageTests</div> <!-- chronological-class-name -->
              <div class="test-method">
                <span class="method-name">openingPageAndClickOnRequestDemo</span>
                <span class="method-start">157 ms</span>
              </div> <!-- test-method -->
              <div class="test-method">
                <span class="method-name">scrollingDownAndVerifyingPresenceOfElements</span>
                <span class="method-start">157 ms</span>
              </div> <!-- test-method -->
            </div> <!-- chronological-class -->
            <div class="chronological-class">
              <div class="chronological-class-name">tests.About.OurStory</div> <!-- chronological-class-name -->
              <div class="test-method">
                <span class="method-name">checkingOurStoryPageAppears</span>
                <span class="method-start">172 ms</span>
              </div> <!-- test-method -->
              <div class="test-method">
                <span class="method-name">checkingOurStoryThatElementsArePresent</span>
                <span class="method-start">173 ms</span>
              </div> <!-- test-method -->
            </div> <!-- chronological-class -->
            <div class="chronological-class">
              <div class="chronological-class-name">tests.HomePageTests</div> <!-- chronological-class-name -->
              <div class="test-method">
                <span class="method-name">bottomMenuVerifying</span>
                <span class="method-start">185 ms</span>
              </div> <!-- test-method -->
              <div class="test-method">
                <span class="method-name">bscrollingToResources</span>
                <span class="method-start">186 ms</span>
              </div> <!-- test-method -->
              <div class="test-method">
                <span class="method-name">bscrollingToTransformTraffic</span>
                <span class="method-start">188 ms</span>
              </div> <!-- test-method -->
              <div class="test-method">
                <span class="method-name">emptyEmailAndClickRequestDemo</span>
                <span class="method-start">188 ms</span>
              </div> <!-- test-method -->
              <div class="test-method">
                <span class="method-name">getStartedFreeChecking</span>
                <span class="method-start">189 ms</span>
              </div> <!-- test-method -->
              <div class="test-method">
                <span class="method-name">notEmailFormatAndClickRequestDemo</span>
                <span class="method-start">191 ms</span>
              </div> <!-- test-method -->
              <div class="test-method">
                <span class="method-name">scrollingToCueConnectBlog</span>
                <span class="method-start">192 ms</span>
              </div> <!-- test-method -->
              <div class="test-method">
                <span class="method-name">scrollingToDriveEcommerce</span>
                <span class="method-start">201 ms</span>
              </div> <!-- test-method -->
              <div class="test-method">
                <span class="method-name">scrollingToRetargetShoppers</span>
                <span class="method-start">203 ms</span>
              </div> <!-- test-method -->
              <div class="test-method">
                <span class="method-name">sendingUpdatesEmptyEmail</span>
                <span class="method-start">213 ms</span>
              </div> <!-- test-method -->
              <div class="test-method">
                <span class="method-name">sendingUpdatesIncorrectEmail</span>
                <span class="method-start">216 ms</span>
              </div> <!-- test-method -->
              <div class="test-method">
                <span class="method-name">sendingUpdatesIncorrectEmailWithAt</span>
                <span class="method-start">217 ms</span>
              </div> <!-- test-method -->
              <div class="test-method">
                <span class="method-name">sendingUpdatesToValidEmail</span>
                <span class="method-start">218 ms</span>
              </div> <!-- test-method -->
              <div class="test-method">
                <span class="method-name">typingValidEmailAndClickRequestDemo</span>
                <span class="method-start">218 ms</span>
              </div> <!-- test-method -->
              <div class="test-method">
                <span class="method-name">videoOpening</span>
                <span class="method-start">219 ms</span>
              </div> <!-- test-method -->
            </div> <!-- chronological-class -->
            <div class="chronological-class">
              <div class="chronological-class-name">tests.About.PressTests</div> <!-- chronological-class-name -->
              <div class="test-method">
                <span class="method-name">checkinReadMoreLink</span>
                <span class="method-start">246 ms</span>
              </div> <!-- test-method -->
              <div class="test-method">
                <span class="method-name">chekingStyleGuide</span>
                <span class="method-start">246 ms</span>
              </div> <!-- test-method -->
              <div class="test-method">
                <span class="method-name">downloadLinkCheckingIconBlack</span>
                <span class="method-start">247 ms</span>
              </div> <!-- test-method -->
              <div class="test-method">
                <span class="method-name">downloadLinkCheckingLogo</span>
                <span class="method-start">248 ms</span>
              </div> <!-- test-method -->
              <div class="test-method">
                <span class="method-name">downloadLinkCheckingLogoBlack</span>
                <span class="method-start">248 ms</span>
              </div> <!-- test-method -->
              <div class="test-method">
                <span class="method-name">downloadLinkCheckingLogoVertical</span>
                <span class="method-start">249 ms</span>
              </div> <!-- test-method -->
            </div> <!-- chronological-class -->
            <div class="chronological-class">
              <div class="chronological-class-name">tests.About.TeamTests</div> <!-- chronological-class-name -->
              <div class="test-method">
                <span class="method-name">checkingOfEmployeeQuote</span>
                <span class="method-start">262 ms</span>
              </div> <!-- test-method -->
            </div> <!-- chronological-class -->
            <div class="chronological-class">
              <div class="chronological-class-name">tests.About.CareersTests</div> <!-- chronological-class-name -->
              <div class="test-method">
                <span class="method-name">checkElementsArePresent</span>
                <span class="method-start">270 ms</span>
              </div> <!-- test-method -->
              <div class="test-method">
                <span class="method-name">openingVacancyAndSendingEmptyForm</span>
                <span class="method-start">271 ms</span>
              </div> <!-- test-method -->
            </div> <!-- chronological-class -->
            <div class="chronological-class">
              <div class="chronological-class-name">tests.About.ContactUsPageTests</div> <!-- chronological-class-name -->
              <div class="test-method">
                <span class="method-name">badEmailChecking</span>
                <span class="method-start">281 ms</span>
              </div> <!-- test-method -->
              <div class="test-method">
                <span class="method-name">emptyDataChecking</span>
                <span class="method-start">282 ms</span>
              </div> <!-- test-method -->
          </div> <!-- main-panel-content rounded-window-bottom -->
        </div> <!-- panel -->
        <div panel-name="chronological-All_tests" class="panel">
          <div class="main-panel-header rounded-window-top">
            <span class="header-content">Methods in chronological order</span>
          </div> <!-- main-panel-header rounded-window-top -->
          <div class="main-panel-content rounded-window-bottom">
            <div class="chronological-class">
              <div class="chronological-class-name">tests.RequestDemoTests</div> <!-- chronological-class-name -->
              <div class="configuration-suite before">
                <span class="method-name">beforeClass(iphone7)</span>
                <span class="method-start">0 ms</span>
              </div> <!-- configuration-suite before -->
            </div> <!-- chronological-class -->
            <div class="chronological-class">
              <div class="chronological-class-name">tests.Blog.BlogMainPageTests</div> <!-- chronological-class-name -->
              <div class="test-method">
                <span class="method-name">clickingOnAuthorChecking</span>
                <span class="method-start">1845 ms</span>
              </div> <!-- test-method -->
              <div class="test-method">
                <span class="method-name">clickingOnTagChecking</span>
                <span class="method-start">10546 ms</span>
              </div> <!-- test-method -->
              <div class="test-method">
                <span class="method-name">goingToCommentsSectionByClickOnClickHereLink</span>
                <span class="method-start">20970 ms</span>
              </div> <!-- test-method -->
              <div class="test-method">
                <span class="method-name">openingPostByClickOnReadThisPostBtn</span>
                <span class="method-start">33127 ms</span>
              </div> <!-- test-method -->
            </div> <!-- chronological-class -->
            <div class="chronological-class">
              <div class="chronological-class-name">tests.HomePageTests</div> <!-- chronological-class-name -->
              <div class="test-method">
                <img src="failed.png">
                </img>
                <span class="method-name">bottomMenuVerifying</span>
                <span class="method-start">39490 ms</span>
              </div> <!-- test-method -->
              <div class="test-method">
                <span class="method-name">bscrollingToResources</span>
                <span class="method-start">45374 ms</span>
              </div> <!-- test-method -->
              <div class="test-method">
                <span class="method-name">bscrollingToTransformTraffic</span>
                <span class="method-start">48673 ms</span>
              </div> <!-- test-method -->
              <div class="test-method">
                <span class="method-name">emptyEmailAndClickRequestDemo</span>
                <span class="method-start">52011 ms</span>
              </div> <!-- test-method -->
              <div class="test-method">
                <span class="method-name">getStartedFreeChecking</span>
                <span class="method-start">55505 ms</span>
              </div> <!-- test-method -->
              <div class="test-method">
                <span class="method-name">notEmailFormatAndClickRequestDemo</span>
                <span class="method-start">79355 ms</span>
              </div> <!-- test-method -->
              <div class="test-method">
                <span class="method-name">scrollingToCueConnectBlog</span>
                <span class="method-start">82215 ms</span>
              </div> <!-- test-method -->
              <div class="test-method">
                <span class="method-name">scrollingToDriveEcommerce</span>
                <span class="method-start">86805 ms</span>
              </div> <!-- test-method -->
              <div class="test-method">
                <span class="method-name">scrollingToRetargetShoppers</span>
                <span class="method-start">90586 ms</span>
              </div> <!-- test-method -->
              <div class="test-method">
                <span class="method-name">sendingUpdatesEmptyEmail</span>
                <span class="method-start">93583 ms</span>
              </div> <!-- test-method -->
              <div class="test-method">
                <span class="method-name">sendingUpdatesIncorrectEmail</span>
                <span class="method-start">116169 ms</span>
              </div> <!-- test-method -->
              <div class="test-method">
                <span class="method-name">sendingUpdatesIncorrectEmailWithAt</span>
                <span class="method-start">139032 ms</span>
              </div> <!-- test-method -->
              <div class="test-method">
                <span class="method-name">sendingUpdatesToValidEmail</span>
                <span class="method-start">162114 ms</span>
              </div> <!-- test-method -->
              <div class="test-method">
                <span class="method-name">typingValidEmailAndClickRequestDemo</span>
                <span class="method-start">185467 ms</span>
              </div> <!-- test-method -->
              <div class="test-method">
                <span class="method-name">videoOpening</span>
                <span class="method-start">190191 ms</span>
              </div> <!-- test-method -->
            </div> <!-- chronological-class -->
            <div class="chronological-class">
              <div class="chronological-class-name">tests.FeaturesPageTests</div> <!-- chronological-class-name -->
              <div class="test-method">
                <span class="method-name">openingFeaturesPageAndClickOnRequestDemo</span>
                <span class="method-start">193128 ms</span>
              </div> <!-- test-method -->
              <div class="test-method">
                <span class="method-name">openingSecondRequestDemoButton</span>
                <span class="method-start">198994 ms</span>
              </div> <!-- test-method -->
              <div class="test-method">
                <span class="method-name">openingThirdRequestDemoButton</span>
                <span class="method-start">225126 ms</span>
              </div> <!-- test-method -->
              <div class="test-method">
                <span class="method-name">scrollingToEachSection</span>
                <span class="method-start">250773 ms</span>
              </div> <!-- test-method -->
            </div> <!-- chronological-class -->
            <div class="chronological-class">
              <div class="chronological-class-name">tests.BenefitsPageTests</div> <!-- chronological-class-name -->
              <div class="test-method">
                <span class="method-name">openingPageAndClickOnRequestDemo</span>
                <span class="method-start">335453 ms</span>
              </div> <!-- test-method -->
              <div class="test-method">
                <span class="method-name">scrollingDownAndVerifyingPresenceOfElements</span>
                <span class="method-start">341479 ms</span>
              </div> <!-- test-method -->
            </div> <!-- chronological-class -->
            <div class="chronological-class">
              <div class="chronological-class-name">tests.About.OurStory</div> <!-- chronological-class-name -->
              <div class="test-method">
                <span class="method-name">checkingOurStoryPageAppears</span>
                <span class="method-start">450231 ms</span>
              </div> <!-- test-method -->
              <div class="test-method">
                <span class="method-name">checkingOurStoryThatElementsArePresent</span>
                <span class="method-start">458644 ms</span>
              </div> <!-- test-method -->
            </div> <!-- chronological-class -->
            <div class="chronological-class">
              <div class="chronological-class-name">tests.About.PressTests</div> <!-- chronological-class-name -->
              <div class="test-method">
                <span class="method-name">checkinReadMoreLink</span>
                <span class="method-start">547115 ms</span>
              </div> <!-- test-method -->
              <div class="test-method">
                <span class="method-name">chekingStyleGuide</span>
                <span class="method-start">555362 ms</span>
              </div> <!-- test-method -->
              <div class="test-method">
                <span class="method-name">downloadLinkCheckingIconBlack</span>
                <span class="method-start">564179 ms</span>
              </div> <!-- test-method -->
              <div class="test-method">
                <span class="method-name">downloadLinkCheckingLogo</span>
                <span class="method-start">568234 ms</span>
              </div> <!-- test-method -->
              <div class="test-method">
                <span class="method-name">downloadLinkCheckingLogoBlack</span>
                <span class="method-start">572022 ms</span>
              </div> <!-- test-method -->
              <div class="test-method">
                <span class="method-name">downloadLinkCheckingLogoVertical</span>
                <span class="method-start">576570 ms</span>
              </div> <!-- test-method -->
            </div> <!-- chronological-class -->
            <div class="chronological-class">
              <div class="chronological-class-name">tests.About.TeamTests</div> <!-- chronological-class-name -->
              <div class="test-method">
                <span class="method-name">checkingOfEmployeeQuote</span>
                <span class="method-start">580332 ms</span>
              </div> <!-- test-method -->
            </div> <!-- chronological-class -->
            <div class="chronological-class">
              <div class="chronological-class-name">tests.About.CareersTests</div> <!-- chronological-class-name -->
              <div class="test-method">
                <span class="method-name">checkElementsArePresent</span>
                <span class="method-start">588353 ms</span>
              </div> <!-- test-method -->
              <div class="test-method">
                <span class="method-name">openingVacancyAndSendingEmptyForm</span>
                <span class="method-start">594018 ms</span>
              </div> <!-- test-method -->
            </div> <!-- chronological-class -->
            <div class="chronological-class">
              <div class="chronological-class-name">tests.About.ContactUsPageTests</div> <!-- chronological-class-name -->
              <div class="test-method">
                <span class="method-name">badEmailChecking</span>
                <span class="method-start">605168 ms</span>
              </div> <!-- test-method -->
              <div class="test-method">
                <span class="method-name">emptyDataChecking</span>
                <span class="method-start">613781 ms</span>
              </div> <!-- test-method -->
            </div> <!-- chronological-class -->
            <div class="chronological-class">
              <div class="chronological-class-name">tests.LoginPageTests</div> <!-- chronological-class-name -->
              <div class="test-method">
                <span class="method-name">correctLogin</span>
                <span class="method-start">622088 ms</span>
              </div> <!-- test-method -->
              <div class="test-method">
                <span class="method-name">forgotPasswordEmptyFields</span>
                <span class="method-start">628459 ms</span>
              </div> <!-- test-method -->
              <div class="test-method">
                <span class="method-name">forgotPasswordWrongEmail</span>
                <span class="method-start">636372 ms</span>
              </div> <!-- test-method -->
              <div class="test-method">
                <span class="method-name">loginCheckEmptyFields</span>
                <span class="method-start">640116 ms</span>
              </div> <!-- test-method -->
              <div class="test-method">
                <span class="method-name">loginFormCheckingWrongEmail</span>
                <span class="method-start">643379 ms</span>
              </div> <!-- test-method -->
            </div> <!-- chronological-class -->
            <div class="chronological-class">
              <div class="chronological-class-name">tests.RequestDemoTests</div> <!-- chronological-class-name -->
              <div class="test-method">
                <span class="method-name">emailFieldValidations</span>
                <span class="method-start">650607 ms</span>
              </div> <!-- test-method -->
              <div class="test-method">
                <span class="method-name">phoneNumberFieldValidations</span>
                <span class="method-start">655387 ms</span>
              </div> <!-- test-method -->
              <div class="test-method">
                <span class="method-name">requestDemoEmptyRequiredFieldsOpening</span>
                <span class="method-start">664241 ms</span>
              </div> <!-- test-method -->
              <div class="test-method">
                <span class="method-name">sendingFormWithValidData</span>
                <span class="method-start">672830 ms</span>
              </div> <!-- test-method -->
              <div class="configuration-suite after">
                <span class="method-name">tearDown</span>
                <span class="method-start">681911 ms</span>
              </div> <!-- configuration-suite after -->
          </div> <!-- main-panel-content rounded-window-bottom -->
        </div> <!-- panel -->
      </div> <!-- main-panel-root -->
    </div> <!-- wrapper -->
  </body>
</html>
