<?xml version="1.0" encoding="UTF-8"?>
<testng-results skipped="0" failed="11" ignored="0" total="78" passed="67">
  <reporter-output>
  </reporter-output>
  <suite name="All tests" duration-ms="2275897" started-at="2017-03-07T15:22:05Z" finished-at="2017-03-07T16:00:01Z">
    <groups>
      <group name="negative">
        <method signature="HomePageTests.emptyEmailAndClickRequestDemo()[pri:0, instance:tests.HomePageTests@2096442d]" name="emptyEmailAndClickRequestDemo" class="tests.HomePageTests"/>
        <method signature="HomePageTests.notEmailFormatAndClickRequestDemo()[pri:0, instance:tests.HomePageTests@2096442d]" name="notEmailFormatAndClickRequestDemo" class="tests.HomePageTests"/>
        <method signature="HomePageTests.sendingUpdatesEmptyEmail()[pri:0, instance:tests.HomePageTests@2096442d]" name="sendingUpdatesEmptyEmail" class="tests.HomePageTests"/>
        <method signature="HomePageTests.sendingUpdatesIncorrectEmail()[pri:0, instance:tests.HomePageTests@2096442d]" name="sendingUpdatesIncorrectEmail" class="tests.HomePageTests"/>
        <method signature="HomePageTests.sendingUpdatesIncorrectEmailWithAt()[pri:0, instance:tests.HomePageTests@2096442d]" name="sendingUpdatesIncorrectEmailWithAt" class="tests.HomePageTests"/>
        <method signature="RequestDemoTests.emailFieldValidations()[pri:0, instance:tests.RequestDemoTests@69d9c55]" name="emailFieldValidations" class="tests.RequestDemoTests"/>
        <method signature="RequestDemoTests.phoneNumberFieldValidations()[pri:0, instance:tests.RequestDemoTests@69d9c55]" name="phoneNumberFieldValidations" class="tests.RequestDemoTests"/>
        <method signature="RequestDemoTests.requestDemoEmptyRequiredFieldsOpening()[pri:0, instance:tests.RequestDemoTests@69d9c55]" name="requestDemoEmptyRequiredFieldsOpening" class="tests.RequestDemoTests"/>
      </group> <!-- negative -->
      <group name="positive">
        <method signature="HomePageTests.bottomMenuVerifying()[pri:0, instance:tests.HomePageTests@2096442d]" name="bottomMenuVerifying" class="tests.HomePageTests"/>
        <method signature="HomePageTests.getStartedFreeChecking()[pri:0, instance:tests.HomePageTests@2096442d]" name="getStartedFreeChecking" class="tests.HomePageTests"/>
        <method signature="HomePageTests.movingToAboutMenu()[pri:0, instance:tests.HomePageTests@2096442d]" name="movingToAboutMenu" class="tests.HomePageTests"/>
        <method signature="HomePageTests.movingToBlogMenu()[pri:0, instance:tests.HomePageTests@2096442d]" name="movingToBlogMenu" class="tests.HomePageTests"/>
        <method signature="HomePageTests.movingToFeaturesFirstHalfMenu()[pri:0, instance:tests.HomePageTests@2096442d]" name="movingToFeaturesFirstHalfMenu" class="tests.HomePageTests"/>
        <method signature="HomePageTests.movingToFeaturesSecondHalfMenu()[pri:0, instance:tests.HomePageTests@2096442d]" name="movingToFeaturesSecondHalfMenu" class="tests.HomePageTests"/>
        <method signature="HomePageTests.scrollingToCueConnectBlog()[pri:0, instance:tests.HomePageTests@2096442d]" name="scrollingToCueConnectBlog" class="tests.HomePageTests"/>
        <method signature="HomePageTests.scrollingToResources()[pri:0, instance:tests.HomePageTests@2096442d]" name="scrollingToResources" class="tests.HomePageTests"/>
        <method signature="HomePageTests.sendingUpdatesToValidEmail()[pri:0, instance:tests.HomePageTests@2096442d]" name="sendingUpdatesToValidEmail" class="tests.HomePageTests"/>
        <method signature="HomePageTests.singleClickOnLoginTopMenuItems()[pri:0, instance:tests.HomePageTests@2096442d]" name="singleClickOnLoginTopMenuItems" class="tests.HomePageTests"/>
        <method signature="HomePageTests.singleClickOnTopMenuItems()[pri:0, instance:tests.HomePageTests@2096442d]" name="singleClickOnTopMenuItems" class="tests.HomePageTests"/>
        <method signature="HomePageTests.typingValidEmailAndClickRequestDemo()[pri:0, instance:tests.HomePageTests@2096442d]" name="typingValidEmailAndClickRequestDemo" class="tests.HomePageTests"/>
        <method signature="RequestDemoTests.sendingFormWithValidData()[pri:0, instance:tests.RequestDemoTests@69d9c55]" name="sendingFormWithValidData" class="tests.RequestDemoTests"/>
      </group> <!-- positive -->
    </groups>
    <test name="Press page checking" duration-ms="170069" started-at="2017-03-07T15:22:05Z" finished-at="2017-03-07T15:24:55Z">
      <class name="tests.About.PressTests">
        <test-method status="PASS" signature="checkinReadMoreLink()[pri:0, instance:tests.About.PressTests@566776ad]" name="checkinReadMoreLink" duration-ms="26304" started-at="2017-03-07T17:22:05Z" finished-at="2017-03-07T17:22:31Z">
          <reporter-output>
          </reporter-output>
        </test-method> <!-- checkinReadMoreLink -->
        <test-method status="PASS" signature="chekingStyleGuide()[pri:0, instance:tests.About.PressTests@566776ad]" name="chekingStyleGuide" duration-ms="28114" started-at="2017-03-07T17:22:31Z" finished-at="2017-03-07T17:22:59Z">
          <reporter-output>
          </reporter-output>
        </test-method> <!-- chekingStyleGuide -->
        <test-method status="PASS" signature="downloadLinkCheckingIconBlack()[pri:0, instance:tests.About.PressTests@566776ad]" name="downloadLinkCheckingIconBlack" duration-ms="29230" started-at="2017-03-07T17:22:59Z" finished-at="2017-03-07T17:23:29Z">
          <reporter-output>
          </reporter-output>
        </test-method> <!-- downloadLinkCheckingIconBlack -->
        <test-method status="PASS" signature="downloadLinkCheckingLogo()[pri:0, instance:tests.About.PressTests@566776ad]" name="downloadLinkCheckingLogo" duration-ms="29603" started-at="2017-03-07T17:23:29Z" finished-at="2017-03-07T17:23:58Z">
          <reporter-output>
          </reporter-output>
        </test-method> <!-- downloadLinkCheckingLogo -->
        <test-method status="PASS" signature="downloadLinkCheckingLogoBlack()[pri:0, instance:tests.About.PressTests@566776ad]" name="downloadLinkCheckingLogoBlack" duration-ms="27656" started-at="2017-03-07T17:23:58Z" finished-at="2017-03-07T17:24:26Z">
          <reporter-output>
          </reporter-output>
        </test-method> <!-- downloadLinkCheckingLogoBlack -->
        <test-method status="PASS" signature="downloadLinkCheckingLogoVertical()[pri:0, instance:tests.About.PressTests@566776ad]" name="downloadLinkCheckingLogoVertical" duration-ms="29135" started-at="2017-03-07T17:24:26Z" finished-at="2017-03-07T17:24:55Z">
          <reporter-output>
          </reporter-output>
        </test-method> <!-- downloadLinkCheckingLogoVertical -->
      </class> <!-- tests.About.PressTests -->
    </test> <!-- Press page checking -->
    <test name="Benefits page checking" duration-ms="106094" started-at="2017-03-07T15:24:55Z" finished-at="2017-03-07T15:26:41Z">
      <class name="tests.BenefitsPageTests">
        <test-method status="PASS" signature="openingPageAndClickOnRequestDemo()[pri:0, instance:tests.BenefitsPageTests@5f2050f6]" name="openingPageAndClickOnRequestDemo" duration-ms="13236" started-at="2017-03-07T17:24:55Z" finished-at="2017-03-07T17:25:08Z">
          <reporter-output>
          </reporter-output>
        </test-method> <!-- openingPageAndClickOnRequestDemo -->
        <test-method status="PASS" signature="scrollingDownAndVerifyingPresenceOfElements()[pri:0, instance:tests.BenefitsPageTests@5f2050f6]" name="scrollingDownAndVerifyingPresenceOfElements" duration-ms="92857" started-at="2017-03-07T17:25:08Z" finished-at="2017-03-07T17:26:41Z">
          <reporter-output>
          </reporter-output>
        </test-method> <!-- scrollingDownAndVerifyingPresenceOfElements -->
      </class> <!-- tests.BenefitsPageTests -->
    </test> <!-- Benefits page checking -->
    <test name="Resources page checking" duration-ms="375856" started-at="2017-03-07T15:26:41Z" finished-at="2017-03-07T15:32:57Z">
      <class name="tests.Blog.ResourcesPageTests">
        <test-method status="PASS" signature="aemptyDataFormChecking()[pri:0, instance:tests.Blog.ResourcesPageTests@735f7ae5]" name="aemptyDataFormChecking" duration-ms="54767" started-at="2017-03-07T17:26:41Z" finished-at="2017-03-07T17:27:36Z">
          <reporter-output>
          </reporter-output>
        </test-method> <!-- aemptyDataFormChecking -->
        <test-method status="PASS" signature="avalidDataFormChecking()[pri:0, instance:tests.Blog.ResourcesPageTests@735f7ae5]" name="avalidDataFormChecking" duration-ms="34903" started-at="2017-03-07T17:27:36Z" finished-at="2017-03-07T17:28:11Z">
          <reporter-output>
          </reporter-output>
        </test-method> <!-- avalidDataFormChecking -->
        <test-method status="PASS" signature="downloadTemplateAndSubscribeForUpdates()[pri:0, instance:tests.Blog.ResourcesPageTests@735f7ae5]" name="downloadTemplateAndSubscribeForUpdates" duration-ms="44650" started-at="2017-03-07T17:28:11Z" finished-at="2017-03-07T17:28:56Z">
          <reporter-output>
          </reporter-output>
        </test-method> <!-- downloadTemplateAndSubscribeForUpdates -->
        <test-method status="PASS" signature="downloadTemplateAndSubscribeForUpdatesEmailWithAt()[pri:0, instance:tests.Blog.ResourcesPageTests@735f7ae5]" name="downloadTemplateAndSubscribeForUpdatesEmailWithAt" duration-ms="42362" started-at="2017-03-07T17:28:56Z" finished-at="2017-03-07T17:29:38Z">
          <reporter-output>
          </reporter-output>
        </test-method> <!-- downloadTemplateAndSubscribeForUpdatesEmailWithAt -->
        <test-method status="PASS" signature="downloadTemplateAndSubscribeForUpdatesEmailWithoutAt()[pri:0, instance:tests.Blog.ResourcesPageTests@735f7ae5]" name="downloadTemplateAndSubscribeForUpdatesEmailWithoutAt" duration-ms="45133" started-at="2017-03-07T17:29:38Z" finished-at="2017-03-07T17:30:23Z">
          <reporter-output>
          </reporter-output>
        </test-method> <!-- downloadTemplateAndSubscribeForUpdatesEmailWithoutAt -->
        <test-method status="PASS" signature="downloadTemplateAndSubscribeForUpdatesEmptyEmail()[pri:0, instance:tests.Blog.ResourcesPageTests@735f7ae5]" name="downloadTemplateAndSubscribeForUpdatesEmptyEmail" duration-ms="45701" started-at="2017-03-07T17:30:23Z" finished-at="2017-03-07T17:31:09Z">
          <reporter-output>
          </reporter-output>
        </test-method> <!-- downloadTemplateAndSubscribeForUpdatesEmptyEmail -->
        <test-method status="PASS" signature="templateOpeningChecking()[pri:0, instance:tests.Blog.ResourcesPageTests@735f7ae5]" name="templateOpeningChecking" duration-ms="33326" started-at="2017-03-07T17:31:09Z" finished-at="2017-03-07T17:31:42Z">
          <reporter-output>
          </reporter-output>
        </test-method> <!-- templateOpeningChecking -->
        <test-method status="PASS" signature="wrongEmailWithAtDataFormChecking()[pri:0, instance:tests.Blog.ResourcesPageTests@735f7ae5]" name="wrongEmailWithAtDataFormChecking" duration-ms="37346" started-at="2017-03-07T17:31:42Z" finished-at="2017-03-07T17:32:19Z">
          <reporter-output>
          </reporter-output>
        </test-method> <!-- wrongEmailWithAtDataFormChecking -->
        <test-method status="PASS" signature="wrongEmailWithoutAtDataFormChecking()[pri:0, instance:tests.Blog.ResourcesPageTests@735f7ae5]" name="wrongEmailWithoutAtDataFormChecking" duration-ms="37663" started-at="2017-03-07T17:32:19Z" finished-at="2017-03-07T17:32:57Z">
          <reporter-output>
          </reporter-output>
        </test-method> <!-- wrongEmailWithoutAtDataFormChecking -->
      </class> <!-- tests.Blog.ResourcesPageTests -->
    </test> <!-- Resources page checking -->
    <test name="Blog main page checking" duration-ms="270970" started-at="2017-03-07T15:32:57Z" finished-at="2017-03-07T15:37:28Z">
      <class name="tests.Blog.BlogMainPageTests">
        <test-method status="PASS" signature="checkSocialNetworkButton()[pri:0, instance:tests.Blog.BlogMainPageTests@2ef9b8bc]" name="checkSocialNetworkButton" duration-ms="74367" started-at="2017-03-07T17:32:57Z" finished-at="2017-03-07T17:34:11Z">
          <reporter-output>
          </reporter-output>
        </test-method> <!-- checkSocialNetworkButton -->
        <test-method status="PASS" signature="clickingOnAuthorChecking()[pri:0, instance:tests.Blog.BlogMainPageTests@2ef9b8bc]" name="clickingOnAuthorChecking" duration-ms="21795" started-at="2017-03-07T17:34:11Z" finished-at="2017-03-07T17:34:33Z">
          <reporter-output>
          </reporter-output>
        </test-method> <!-- clickingOnAuthorChecking -->
        <test-method status="PASS" signature="clickingOnTagChecking()[pri:0, instance:tests.Blog.BlogMainPageTests@2ef9b8bc]" name="clickingOnTagChecking" duration-ms="21298" started-at="2017-03-07T17:34:33Z" finished-at="2017-03-07T17:34:55Z">
          <reporter-output>
          </reporter-output>
        </test-method> <!-- clickingOnTagChecking -->
        <test-method status="PASS" signature="goingToCommentsSectionByClickOnClickHereLink()[pri:0, instance:tests.Blog.BlogMainPageTests@2ef9b8bc]" name="goingToCommentsSectionByClickOnClickHereLink" duration-ms="27379" started-at="2017-03-07T17:34:55Z" finished-at="2017-03-07T17:35:22Z">
          <reporter-output>
          </reporter-output>
        </test-method> <!-- goingToCommentsSectionByClickOnClickHereLink -->
        <test-method status="PASS" signature="openingPostByClickOnReadThisPostBtn()[pri:0, instance:tests.Blog.BlogMainPageTests@2ef9b8bc]" name="openingPostByClickOnReadThisPostBtn" duration-ms="19736" started-at="2017-03-07T17:35:22Z" finished-at="2017-03-07T17:35:42Z">
          <reporter-output>
          </reporter-output>
        </test-method> <!-- openingPostByClickOnReadThisPostBtn -->
        <test-method status="FAIL" signature="openingPostByClickOnTitle()[pri:0, instance:tests.Blog.BlogMainPageTests@2ef9b8bc]" name="openingPostByClickOnTitle" duration-ms="25017" started-at="2017-03-07T17:35:42Z" finished-at="2017-03-07T17:36:07Z">
          <exception class="org.openqa.selenium.NoSuchElementException">
            <message>
              <![CDATA[no such element: Unable to locate element: {"method":"xpath","selector":"//h1[@class='post-title']"}
  (Session info: chrome=56.0.2924.87)
  (Driver info: chromedriver=2.27.440174 (e97a722caafc2d3a8b807ee115bfb307f7d2cfd9),platform=Mac OS X 10.11.6 x86_64) (WARNING: The server did not provide any stacktrace information)
Command duration or timeout: 10.05 seconds
For documentation on this error, please visit: http://seleniumhq.org/exceptions/no_such_element.html
Build info: version: '3.0.1', revision: '1969d75', time: '2016-10-18 09:49:13 -0700'
System info: host: '100.lan0.mk.uz.ua', ip: '192.168.0.100', os.name: 'Mac OS X', os.arch: 'x86_64', os.version: '10.11.6', java.version: '1.8.0_101'
Driver info: org.openqa.selenium.chrome.ChromeDriver
Capabilities [{applicationCacheEnabled=false, rotatable=false, mobileEmulationEnabled=false, networkConnectionEnabled=false, chrome={chromedriverVersion=2.27.440174 (e97a722caafc2d3a8b807ee115bfb307f7d2cfd9), userDataDir=/var/folders/xp/hq6y__313mvbnpb2n5x7bzq00000gn/T/.org.chromium.Chromium.Sob7iZ}, takesHeapSnapshot=true, pageLoadStrategy=normal, databaseEnabled=false, handlesAlerts=true, hasTouchScreen=false, version=56.0.2924.87, platform=MAC, browserConnectionEnabled=false, nativeEvents=true, acceptSslCerts=true, locationContextEnabled=true, webStorageEnabled=true, browserName=chrome, takesScreenshot=true, javascriptEnabled=true, cssSelectorsEnabled=true, unexpectedAlertBehaviour=}]
Session ID: 1beb622eea297e206feeaf9f808e4104
*** Element info: {Using=xpath, value=//h1[@class='post-title']}]]>
            </message>
            <full-stacktrace>
              <![CDATA[org.openqa.selenium.NoSuchElementException: no such element: Unable to locate element: {"method":"xpath","selector":"//h1[@class='post-title']"}
  (Session info: chrome=56.0.2924.87)
  (Driver info: chromedriver=2.27.440174 (e97a722caafc2d3a8b807ee115bfb307f7d2cfd9),platform=Mac OS X 10.11.6 x86_64) (WARNING: The server did not provide any stacktrace information)
Command duration or timeout: 10.05 seconds
For documentation on this error, please visit: http://seleniumhq.org/exceptions/no_such_element.html
Build info: version: '3.0.1', revision: '1969d75', time: '2016-10-18 09:49:13 -0700'
System info: host: '100.lan0.mk.uz.ua', ip: '192.168.0.100', os.name: 'Mac OS X', os.arch: 'x86_64', os.version: '10.11.6', java.version: '1.8.0_101'
Driver info: org.openqa.selenium.chrome.ChromeDriver
Capabilities [{applicationCacheEnabled=false, rotatable=false, mobileEmulationEnabled=false, networkConnectionEnabled=false, chrome={chromedriverVersion=2.27.440174 (e97a722caafc2d3a8b807ee115bfb307f7d2cfd9), userDataDir=/var/folders/xp/hq6y__313mvbnpb2n5x7bzq00000gn/T/.org.chromium.Chromium.Sob7iZ}, takesHeapSnapshot=true, pageLoadStrategy=normal, databaseEnabled=false, handlesAlerts=true, hasTouchScreen=false, version=56.0.2924.87, platform=MAC, browserConnectionEnabled=false, nativeEvents=true, acceptSslCerts=true, locationContextEnabled=true, webStorageEnabled=true, browserName=chrome, takesScreenshot=true, javascriptEnabled=true, cssSelectorsEnabled=true, unexpectedAlertBehaviour=}]
Session ID: 1beb622eea297e206feeaf9f808e4104
*** Element info: {Using=xpath, value=//h1[@class='post-title']}
	at sun.reflect.NativeConstructorAccessorImpl.newInstance0(Native Method)
	at sun.reflect.NativeConstructorAccessorImpl.newInstance(NativeConstructorAccessorImpl.java:62)
	at sun.reflect.DelegatingConstructorAccessorImpl.newInstance(DelegatingConstructorAccessorImpl.java:45)
	at java.lang.reflect.Constructor.newInstance(Constructor.java:423)
	at org.openqa.selenium.remote.ErrorHandler.createThrowable(ErrorHandler.java:216)
	at org.openqa.selenium.remote.ErrorHandler.throwIfResponseFailed(ErrorHandler.java:168)
	at org.openqa.selenium.remote.RemoteWebDriver.execute(RemoteWebDriver.java:635)
	at org.openqa.selenium.remote.RemoteWebDriver.findElement(RemoteWebDriver.java:368)
	at org.openqa.selenium.remote.RemoteWebDriver.findElementByXPath(RemoteWebDriver.java:473)
	at org.openqa.selenium.By$ByXPath.findElement(By.java:361)
	at org.openqa.selenium.remote.RemoteWebDriver.findElement(RemoteWebDriver.java:360)
	at pageobjects.Blog.BlogPage.getPostTitleOnBlogPage(BlogPage.java:70)
	at tests.Blog.BlogMainPageTests.openingPostByClickOnTitle(BlogMainPageTests.java:77)
	at sun.reflect.NativeMethodAccessorImpl.invoke0(Native Method)
	at sun.reflect.NativeMethodAccessorImpl.invoke(NativeMethodAccessorImpl.java:62)
	at sun.reflect.DelegatingMethodAccessorImpl.invoke(DelegatingMethodAccessorImpl.java:43)
	at java.lang.reflect.Method.invoke(Method.java:498)
	at org.testng.internal.MethodInvocationHelper.invokeMethod(MethodInvocationHelper.java:104)
	at org.testng.internal.Invoker.invokeMethod(Invoker.java:645)
	at org.testng.internal.Invoker.invokeTestMethod(Invoker.java:851)
	at org.testng.internal.Invoker.invokeTestMethods(Invoker.java:1177)
	at org.testng.internal.TestMethodWorker.invokeTestMethods(TestMethodWorker.java:129)
	at org.testng.internal.TestMethodWorker.run(TestMethodWorker.java:112)
	at org.testng.TestRunner.privateRun(TestRunner.java:756)
	at org.testng.TestRunner.run(TestRunner.java:610)
	at org.testng.SuiteRunner.runTest(SuiteRunner.java:387)
	at org.testng.SuiteRunner.runSequentially(SuiteRunner.java:382)
	at org.testng.SuiteRunner.privateRun(SuiteRunner.java:340)
	at org.testng.SuiteRunner.run(SuiteRunner.java:289)
	at org.testng.SuiteRunnerWorker.runSuite(SuiteRunnerWorker.java:52)
	at org.testng.SuiteRunnerWorker.run(SuiteRunnerWorker.java:86)
	at org.testng.TestNG.runSuitesSequentially(TestNG.java:1293)
	at org.testng.TestNG.runSuitesLocally(TestNG.java:1218)
	at org.testng.TestNG.runSuites(TestNG.java:1133)
	at org.testng.TestNG.run(TestNG.java:1104)
	at org.apache.maven.surefire.testng.TestNGExecutor.run(TestNGExecutor.java:281)
	at org.apache.maven.surefire.testng.TestNGXmlTestSuite.execute(TestNGXmlTestSuite.java:75)
	at org.apache.maven.surefire.testng.TestNGProvider.invoke(TestNGProvider.java:121)
	at org.apache.maven.surefire.booter.ForkedBooter.invokeProviderInSameClassLoader(ForkedBooter.java:290)
	at org.apache.maven.surefire.booter.ForkedBooter.runSuitesInProcess(ForkedBooter.java:242)
	at org.apache.maven.surefire.booter.ForkedBooter.main(ForkedBooter.java:121)
]]>
            </full-stacktrace>
          </exception> <!-- org.openqa.selenium.NoSuchElementException -->
          <reporter-output>
          </reporter-output>
        </test-method> <!-- openingPostByClickOnTitle -->
        <test-method status="FAIL" signature="subscribeToEmptyEmail()[pri:0, instance:tests.Blog.BlogMainPageTests@2ef9b8bc]" name="subscribeToEmptyEmail" duration-ms="20106" started-at="2017-03-07T17:36:07Z" finished-at="2017-03-07T17:36:27Z">
          <exception class="org.openqa.selenium.NoSuchElementException">
            <message>
              <![CDATA[no such element: Unable to locate element: {"method":"xpath","selector":"//img[@width=1795][@height=482]"}
  (Session info: chrome=56.0.2924.87)
  (Driver info: chromedriver=2.27.440174 (e97a722caafc2d3a8b807ee115bfb307f7d2cfd9),platform=Mac OS X 10.11.6 x86_64) (WARNING: The server did not provide any stacktrace information)
Command duration or timeout: 10.03 seconds
For documentation on this error, please visit: http://seleniumhq.org/exceptions/no_such_element.html
Build info: version: '3.0.1', revision: '1969d75', time: '2016-10-18 09:49:13 -0700'
System info: host: '100.lan0.mk.uz.ua', ip: '192.168.0.100', os.name: 'Mac OS X', os.arch: 'x86_64', os.version: '10.11.6', java.version: '1.8.0_101'
Driver info: org.openqa.selenium.chrome.ChromeDriver
Capabilities [{applicationCacheEnabled=false, rotatable=false, mobileEmulationEnabled=false, networkConnectionEnabled=false, chrome={chromedriverVersion=2.27.440174 (e97a722caafc2d3a8b807ee115bfb307f7d2cfd9), userDataDir=/var/folders/xp/hq6y__313mvbnpb2n5x7bzq00000gn/T/.org.chromium.Chromium.Sob7iZ}, takesHeapSnapshot=true, pageLoadStrategy=normal, databaseEnabled=false, handlesAlerts=true, hasTouchScreen=false, version=56.0.2924.87, platform=MAC, browserConnectionEnabled=false, nativeEvents=true, acceptSslCerts=true, locationContextEnabled=true, webStorageEnabled=true, browserName=chrome, takesScreenshot=true, javascriptEnabled=true, cssSelectorsEnabled=true, unexpectedAlertBehaviour=}]
Session ID: 1beb622eea297e206feeaf9f808e4104
*** Element info: {Using=xpath, value=//img[@width=1795][@height=482]}]]>
            </message>
            <full-stacktrace>
              <![CDATA[org.openqa.selenium.NoSuchElementException: no such element: Unable to locate element: {"method":"xpath","selector":"//img[@width=1795][@height=482]"}
  (Session info: chrome=56.0.2924.87)
  (Driver info: chromedriver=2.27.440174 (e97a722caafc2d3a8b807ee115bfb307f7d2cfd9),platform=Mac OS X 10.11.6 x86_64) (WARNING: The server did not provide any stacktrace information)
Command duration or timeout: 10.03 seconds
For documentation on this error, please visit: http://seleniumhq.org/exceptions/no_such_element.html
Build info: version: '3.0.1', revision: '1969d75', time: '2016-10-18 09:49:13 -0700'
System info: host: '100.lan0.mk.uz.ua', ip: '192.168.0.100', os.name: 'Mac OS X', os.arch: 'x86_64', os.version: '10.11.6', java.version: '1.8.0_101'
Driver info: org.openqa.selenium.chrome.ChromeDriver
Capabilities [{applicationCacheEnabled=false, rotatable=false, mobileEmulationEnabled=false, networkConnectionEnabled=false, chrome={chromedriverVersion=2.27.440174 (e97a722caafc2d3a8b807ee115bfb307f7d2cfd9), userDataDir=/var/folders/xp/hq6y__313mvbnpb2n5x7bzq00000gn/T/.org.chromium.Chromium.Sob7iZ}, takesHeapSnapshot=true, pageLoadStrategy=normal, databaseEnabled=false, handlesAlerts=true, hasTouchScreen=false, version=56.0.2924.87, platform=MAC, browserConnectionEnabled=false, nativeEvents=true, acceptSslCerts=true, locationContextEnabled=true, webStorageEnabled=true, browserName=chrome, takesScreenshot=true, javascriptEnabled=true, cssSelectorsEnabled=true, unexpectedAlertBehaviour=}]
Session ID: 1beb622eea297e206feeaf9f808e4104
*** Element info: {Using=xpath, value=//img[@width=1795][@height=482]}
	at sun.reflect.NativeConstructorAccessorImpl.newInstance0(Native Method)
	at sun.reflect.NativeConstructorAccessorImpl.newInstance(NativeConstructorAccessorImpl.java:62)
	at sun.reflect.DelegatingConstructorAccessorImpl.newInstance(DelegatingConstructorAccessorImpl.java:45)
	at java.lang.reflect.Constructor.newInstance(Constructor.java:423)
	at org.openqa.selenium.remote.ErrorHandler.createThrowable(ErrorHandler.java:216)
	at org.openqa.selenium.remote.ErrorHandler.throwIfResponseFailed(ErrorHandler.java:168)
	at org.openqa.selenium.remote.RemoteWebDriver.execute(RemoteWebDriver.java:635)
	at org.openqa.selenium.remote.RemoteWebDriver.findElement(RemoteWebDriver.java:368)
	at org.openqa.selenium.remote.RemoteWebDriver.findElementByXPath(RemoteWebDriver.java:473)
	at org.openqa.selenium.By$ByXPath.findElement(By.java:361)
	at org.openqa.selenium.remote.RemoteWebDriver.findElement(RemoteWebDriver.java:360)
	at pageobjects.BaseObjectPage.getPageImage(BaseObjectPage.java:162)
	at tests.Blog.BlogMainPageTests.subscribeToEmptyEmail(BlogMainPageTests.java:36)
	at sun.reflect.NativeMethodAccessorImpl.invoke0(Native Method)
	at sun.reflect.NativeMethodAccessorImpl.invoke(NativeMethodAccessorImpl.java:62)
	at sun.reflect.DelegatingMethodAccessorImpl.invoke(DelegatingMethodAccessorImpl.java:43)
	at java.lang.reflect.Method.invoke(Method.java:498)
	at org.testng.internal.MethodInvocationHelper.invokeMethod(MethodInvocationHelper.java:104)
	at org.testng.internal.Invoker.invokeMethod(Invoker.java:645)
	at org.testng.internal.Invoker.invokeTestMethod(Invoker.java:851)
	at org.testng.internal.Invoker.invokeTestMethods(Invoker.java:1177)
	at org.testng.internal.TestMethodWorker.invokeTestMethods(TestMethodWorker.java:129)
	at org.testng.internal.TestMethodWorker.run(TestMethodWorker.java:112)
	at org.testng.TestRunner.privateRun(TestRunner.java:756)
	at org.testng.TestRunner.run(TestRunner.java:610)
	at org.testng.SuiteRunner.runTest(SuiteRunner.java:387)
	at org.testng.SuiteRunner.runSequentially(SuiteRunner.java:382)
	at org.testng.SuiteRunner.privateRun(SuiteRunner.java:340)
	at org.testng.SuiteRunner.run(SuiteRunner.java:289)
	at org.testng.SuiteRunnerWorker.runSuite(SuiteRunnerWorker.java:52)
	at org.testng.SuiteRunnerWorker.run(SuiteRunnerWorker.java:86)
	at org.testng.TestNG.runSuitesSequentially(TestNG.java:1293)
	at org.testng.TestNG.runSuitesLocally(TestNG.java:1218)
	at org.testng.TestNG.runSuites(TestNG.java:1133)
	at org.testng.TestNG.run(TestNG.java:1104)
	at org.apache.maven.surefire.testng.TestNGExecutor.run(TestNGExecutor.java:281)
	at org.apache.maven.surefire.testng.TestNGXmlTestSuite.execute(TestNGXmlTestSuite.java:75)
	at org.apache.maven.surefire.testng.TestNGProvider.invoke(TestNGProvider.java:121)
	at org.apache.maven.surefire.booter.ForkedBooter.invokeProviderInSameClassLoader(ForkedBooter.java:290)
	at org.apache.maven.surefire.booter.ForkedBooter.runSuitesInProcess(ForkedBooter.java:242)
	at org.apache.maven.surefire.booter.ForkedBooter.main(ForkedBooter.java:121)
]]>
            </full-stacktrace>
          </exception> <!-- org.openqa.selenium.NoSuchElementException -->
          <reporter-output>
          </reporter-output>
        </test-method> <!-- subscribeToEmptyEmail -->
        <test-method status="PASS" signature="subscribeToValidEmail()[pri:0, instance:tests.Blog.BlogMainPageTests@2ef9b8bc]" name="subscribeToValidEmail" duration-ms="18501" started-at="2017-03-07T17:36:27Z" finished-at="2017-03-07T17:36:45Z">
          <reporter-output>
          </reporter-output>
        </test-method> <!-- subscribeToValidEmail -->
        <test-method status="PASS" signature="subscribeToWrongEmailWithAt()[pri:0, instance:tests.Blog.BlogMainPageTests@2ef9b8bc]" name="subscribeToWrongEmailWithAt" duration-ms="21235" started-at="2017-03-07T17:36:45Z" finished-at="2017-03-07T17:37:07Z">
          <reporter-output>
          </reporter-output>
        </test-method> <!-- subscribeToWrongEmailWithAt -->
        <test-method status="PASS" signature="subscribeToWrongEmailWithoutAt()[pri:0, instance:tests.Blog.BlogMainPageTests@2ef9b8bc]" name="subscribeToWrongEmailWithoutAt" duration-ms="21516" started-at="2017-03-07T17:37:07Z" finished-at="2017-03-07T17:37:28Z">
          <reporter-output>
          </reporter-output>
        </test-method> <!-- subscribeToWrongEmailWithoutAt -->
      </class> <!-- tests.Blog.BlogMainPageTests -->
    </test> <!-- Blog main page checking -->
    <test name="Blog single page checking" duration-ms="267967" started-at="2017-03-07T15:37:28Z" finished-at="2017-03-07T15:41:56Z">
      <class name="tests.Blog.BlogMainPageTests">
        <test-method status="PASS" signature="checkSocialNetworkButton()[pri:0, instance:tests.Blog.BlogMainPageTests@6fb554cc]" name="checkSocialNetworkButton" duration-ms="71807" started-at="2017-03-07T17:37:28Z" finished-at="2017-03-07T17:38:40Z">
          <reporter-output>
          </reporter-output>
        </test-method> <!-- checkSocialNetworkButton -->
        <test-method status="PASS" signature="clickingOnAuthorChecking()[pri:0, instance:tests.Blog.BlogMainPageTests@6fb554cc]" name="clickingOnAuthorChecking" duration-ms="21939" started-at="2017-03-07T17:38:40Z" finished-at="2017-03-07T17:39:02Z">
          <reporter-output>
          </reporter-output>
        </test-method> <!-- clickingOnAuthorChecking -->
        <test-method status="PASS" signature="clickingOnTagChecking()[pri:0, instance:tests.Blog.BlogMainPageTests@6fb554cc]" name="clickingOnTagChecking" duration-ms="21560" started-at="2017-03-07T17:39:02Z" finished-at="2017-03-07T17:39:23Z">
          <reporter-output>
          </reporter-output>
        </test-method> <!-- clickingOnTagChecking -->
        <test-method status="PASS" signature="goingToCommentsSectionByClickOnClickHereLink()[pri:0, instance:tests.Blog.BlogMainPageTests@6fb554cc]" name="goingToCommentsSectionByClickOnClickHereLink" duration-ms="26674" started-at="2017-03-07T17:39:23Z" finished-at="2017-03-07T17:39:50Z">
          <reporter-output>
          </reporter-output>
        </test-method> <!-- goingToCommentsSectionByClickOnClickHereLink -->
        <test-method status="PASS" signature="openingPostByClickOnReadThisPostBtn()[pri:0, instance:tests.Blog.BlogMainPageTests@6fb554cc]" name="openingPostByClickOnReadThisPostBtn" duration-ms="19171" started-at="2017-03-07T17:39:50Z" finished-at="2017-03-07T17:40:09Z">
          <reporter-output>
          </reporter-output>
        </test-method> <!-- openingPostByClickOnReadThisPostBtn -->
        <test-method status="FAIL" signature="openingPostByClickOnTitle()[pri:0, instance:tests.Blog.BlogMainPageTests@6fb554cc]" name="openingPostByClickOnTitle" duration-ms="25519" started-at="2017-03-07T17:40:09Z" finished-at="2017-03-07T17:40:35Z">
          <exception class="org.openqa.selenium.NoSuchElementException">
            <message>
              <![CDATA[no such element: Unable to locate element: {"method":"xpath","selector":"//h1[@class='post-title']"}
  (Session info: chrome=56.0.2924.87)
  (Driver info: chromedriver=2.27.440174 (e97a722caafc2d3a8b807ee115bfb307f7d2cfd9),platform=Mac OS X 10.11.6 x86_64) (WARNING: The server did not provide any stacktrace information)
Command duration or timeout: 10.04 seconds
For documentation on this error, please visit: http://seleniumhq.org/exceptions/no_such_element.html
Build info: version: '3.0.1', revision: '1969d75', time: '2016-10-18 09:49:13 -0700'
System info: host: '100.lan0.mk.uz.ua', ip: '192.168.0.100', os.name: 'Mac OS X', os.arch: 'x86_64', os.version: '10.11.6', java.version: '1.8.0_101'
Driver info: org.openqa.selenium.chrome.ChromeDriver
Capabilities [{applicationCacheEnabled=false, rotatable=false, mobileEmulationEnabled=false, networkConnectionEnabled=false, chrome={chromedriverVersion=2.27.440174 (e97a722caafc2d3a8b807ee115bfb307f7d2cfd9), userDataDir=/var/folders/xp/hq6y__313mvbnpb2n5x7bzq00000gn/T/.org.chromium.Chromium.Sob7iZ}, takesHeapSnapshot=true, pageLoadStrategy=normal, databaseEnabled=false, handlesAlerts=true, hasTouchScreen=false, version=56.0.2924.87, platform=MAC, browserConnectionEnabled=false, nativeEvents=true, acceptSslCerts=true, locationContextEnabled=true, webStorageEnabled=true, browserName=chrome, takesScreenshot=true, javascriptEnabled=true, cssSelectorsEnabled=true, unexpectedAlertBehaviour=}]
Session ID: 1beb622eea297e206feeaf9f808e4104
*** Element info: {Using=xpath, value=//h1[@class='post-title']}]]>
            </message>
            <full-stacktrace>
              <![CDATA[org.openqa.selenium.NoSuchElementException: no such element: Unable to locate element: {"method":"xpath","selector":"//h1[@class='post-title']"}
  (Session info: chrome=56.0.2924.87)
  (Driver info: chromedriver=2.27.440174 (e97a722caafc2d3a8b807ee115bfb307f7d2cfd9),platform=Mac OS X 10.11.6 x86_64) (WARNING: The server did not provide any stacktrace information)
Command duration or timeout: 10.04 seconds
For documentation on this error, please visit: http://seleniumhq.org/exceptions/no_such_element.html
Build info: version: '3.0.1', revision: '1969d75', time: '2016-10-18 09:49:13 -0700'
System info: host: '100.lan0.mk.uz.ua', ip: '192.168.0.100', os.name: 'Mac OS X', os.arch: 'x86_64', os.version: '10.11.6', java.version: '1.8.0_101'
Driver info: org.openqa.selenium.chrome.ChromeDriver
Capabilities [{applicationCacheEnabled=false, rotatable=false, mobileEmulationEnabled=false, networkConnectionEnabled=false, chrome={chromedriverVersion=2.27.440174 (e97a722caafc2d3a8b807ee115bfb307f7d2cfd9), userDataDir=/var/folders/xp/hq6y__313mvbnpb2n5x7bzq00000gn/T/.org.chromium.Chromium.Sob7iZ}, takesHeapSnapshot=true, pageLoadStrategy=normal, databaseEnabled=false, handlesAlerts=true, hasTouchScreen=false, version=56.0.2924.87, platform=MAC, browserConnectionEnabled=false, nativeEvents=true, acceptSslCerts=true, locationContextEnabled=true, webStorageEnabled=true, browserName=chrome, takesScreenshot=true, javascriptEnabled=true, cssSelectorsEnabled=true, unexpectedAlertBehaviour=}]
Session ID: 1beb622eea297e206feeaf9f808e4104
*** Element info: {Using=xpath, value=//h1[@class='post-title']}
	at sun.reflect.NativeConstructorAccessorImpl.newInstance0(Native Method)
	at sun.reflect.NativeConstructorAccessorImpl.newInstance(NativeConstructorAccessorImpl.java:62)
	at sun.reflect.DelegatingConstructorAccessorImpl.newInstance(DelegatingConstructorAccessorImpl.java:45)
	at java.lang.reflect.Constructor.newInstance(Constructor.java:423)
	at org.openqa.selenium.remote.ErrorHandler.createThrowable(ErrorHandler.java:216)
	at org.openqa.selenium.remote.ErrorHandler.throwIfResponseFailed(ErrorHandler.java:168)
	at org.openqa.selenium.remote.RemoteWebDriver.execute(RemoteWebDriver.java:635)
	at org.openqa.selenium.remote.RemoteWebDriver.findElement(RemoteWebDriver.java:368)
	at org.openqa.selenium.remote.RemoteWebDriver.findElementByXPath(RemoteWebDriver.java:473)
	at org.openqa.selenium.By$ByXPath.findElement(By.java:361)
	at org.openqa.selenium.remote.RemoteWebDriver.findElement(RemoteWebDriver.java:360)
	at pageobjects.Blog.BlogPage.getPostTitleOnBlogPage(BlogPage.java:70)
	at tests.Blog.BlogMainPageTests.openingPostByClickOnTitle(BlogMainPageTests.java:77)
	at sun.reflect.NativeMethodAccessorImpl.invoke0(Native Method)
	at sun.reflect.NativeMethodAccessorImpl.invoke(NativeMethodAccessorImpl.java:62)
	at sun.reflect.DelegatingMethodAccessorImpl.invoke(DelegatingMethodAccessorImpl.java:43)
	at java.lang.reflect.Method.invoke(Method.java:498)
	at org.testng.internal.MethodInvocationHelper.invokeMethod(MethodInvocationHelper.java:104)
	at org.testng.internal.Invoker.invokeMethod(Invoker.java:645)
	at org.testng.internal.Invoker.invokeTestMethod(Invoker.java:851)
	at org.testng.internal.Invoker.invokeTestMethods(Invoker.java:1177)
	at org.testng.internal.TestMethodWorker.invokeTestMethods(TestMethodWorker.java:129)
	at org.testng.internal.TestMethodWorker.run(TestMethodWorker.java:112)
	at org.testng.TestRunner.privateRun(TestRunner.java:756)
	at org.testng.TestRunner.run(TestRunner.java:610)
	at org.testng.SuiteRunner.runTest(SuiteRunner.java:387)
	at org.testng.SuiteRunner.runSequentially(SuiteRunner.java:382)
	at org.testng.SuiteRunner.privateRun(SuiteRunner.java:340)
	at org.testng.SuiteRunner.run(SuiteRunner.java:289)
	at org.testng.SuiteRunnerWorker.runSuite(SuiteRunnerWorker.java:52)
	at org.testng.SuiteRunnerWorker.run(SuiteRunnerWorker.java:86)
	at org.testng.TestNG.runSuitesSequentially(TestNG.java:1293)
	at org.testng.TestNG.runSuitesLocally(TestNG.java:1218)
	at org.testng.TestNG.runSuites(TestNG.java:1133)
	at org.testng.TestNG.run(TestNG.java:1104)
	at org.apache.maven.surefire.testng.TestNGExecutor.run(TestNGExecutor.java:281)
	at org.apache.maven.surefire.testng.TestNGXmlTestSuite.execute(TestNGXmlTestSuite.java:75)
	at org.apache.maven.surefire.testng.TestNGProvider.invoke(TestNGProvider.java:121)
	at org.apache.maven.surefire.booter.ForkedBooter.invokeProviderInSameClassLoader(ForkedBooter.java:290)
	at org.apache.maven.surefire.booter.ForkedBooter.runSuitesInProcess(ForkedBooter.java:242)
	at org.apache.maven.surefire.booter.ForkedBooter.main(ForkedBooter.java:121)
]]>
            </full-stacktrace>
          </exception> <!-- org.openqa.selenium.NoSuchElementException -->
          <reporter-output>
          </reporter-output>
        </test-method> <!-- openingPostByClickOnTitle -->
        <test-method status="FAIL" signature="subscribeToEmptyEmail()[pri:0, instance:tests.Blog.BlogMainPageTests@6fb554cc]" name="subscribeToEmptyEmail" duration-ms="20527" started-at="2017-03-07T17:40:35Z" finished-at="2017-03-07T17:40:55Z">
          <exception class="org.openqa.selenium.NoSuchElementException">
            <message>
              <![CDATA[no such element: Unable to locate element: {"method":"xpath","selector":"//img[@width=1795][@height=482]"}
  (Session info: chrome=56.0.2924.87)
  (Driver info: chromedriver=2.27.440174 (e97a722caafc2d3a8b807ee115bfb307f7d2cfd9),platform=Mac OS X 10.11.6 x86_64) (WARNING: The server did not provide any stacktrace information)
Command duration or timeout: 10.04 seconds
For documentation on this error, please visit: http://seleniumhq.org/exceptions/no_such_element.html
Build info: version: '3.0.1', revision: '1969d75', time: '2016-10-18 09:49:13 -0700'
System info: host: '100.lan0.mk.uz.ua', ip: '192.168.0.100', os.name: 'Mac OS X', os.arch: 'x86_64', os.version: '10.11.6', java.version: '1.8.0_101'
Driver info: org.openqa.selenium.chrome.ChromeDriver
Capabilities [{applicationCacheEnabled=false, rotatable=false, mobileEmulationEnabled=false, networkConnectionEnabled=false, chrome={chromedriverVersion=2.27.440174 (e97a722caafc2d3a8b807ee115bfb307f7d2cfd9), userDataDir=/var/folders/xp/hq6y__313mvbnpb2n5x7bzq00000gn/T/.org.chromium.Chromium.Sob7iZ}, takesHeapSnapshot=true, pageLoadStrategy=normal, databaseEnabled=false, handlesAlerts=true, hasTouchScreen=false, version=56.0.2924.87, platform=MAC, browserConnectionEnabled=false, nativeEvents=true, acceptSslCerts=true, locationContextEnabled=true, webStorageEnabled=true, browserName=chrome, takesScreenshot=true, javascriptEnabled=true, cssSelectorsEnabled=true, unexpectedAlertBehaviour=}]
Session ID: 1beb622eea297e206feeaf9f808e4104
*** Element info: {Using=xpath, value=//img[@width=1795][@height=482]}]]>
            </message>
            <full-stacktrace>
              <![CDATA[org.openqa.selenium.NoSuchElementException: no such element: Unable to locate element: {"method":"xpath","selector":"//img[@width=1795][@height=482]"}
  (Session info: chrome=56.0.2924.87)
  (Driver info: chromedriver=2.27.440174 (e97a722caafc2d3a8b807ee115bfb307f7d2cfd9),platform=Mac OS X 10.11.6 x86_64) (WARNING: The server did not provide any stacktrace information)
Command duration or timeout: 10.04 seconds
For documentation on this error, please visit: http://seleniumhq.org/exceptions/no_such_element.html
Build info: version: '3.0.1', revision: '1969d75', time: '2016-10-18 09:49:13 -0700'
System info: host: '100.lan0.mk.uz.ua', ip: '192.168.0.100', os.name: 'Mac OS X', os.arch: 'x86_64', os.version: '10.11.6', java.version: '1.8.0_101'
Driver info: org.openqa.selenium.chrome.ChromeDriver
Capabilities [{applicationCacheEnabled=false, rotatable=false, mobileEmulationEnabled=false, networkConnectionEnabled=false, chrome={chromedriverVersion=2.27.440174 (e97a722caafc2d3a8b807ee115bfb307f7d2cfd9), userDataDir=/var/folders/xp/hq6y__313mvbnpb2n5x7bzq00000gn/T/.org.chromium.Chromium.Sob7iZ}, takesHeapSnapshot=true, pageLoadStrategy=normal, databaseEnabled=false, handlesAlerts=true, hasTouchScreen=false, version=56.0.2924.87, platform=MAC, browserConnectionEnabled=false, nativeEvents=true, acceptSslCerts=true, locationContextEnabled=true, webStorageEnabled=true, browserName=chrome, takesScreenshot=true, javascriptEnabled=true, cssSelectorsEnabled=true, unexpectedAlertBehaviour=}]
Session ID: 1beb622eea297e206feeaf9f808e4104
*** Element info: {Using=xpath, value=//img[@width=1795][@height=482]}
	at sun.reflect.NativeConstructorAccessorImpl.newInstance0(Native Method)
	at sun.reflect.NativeConstructorAccessorImpl.newInstance(NativeConstructorAccessorImpl.java:62)
	at sun.reflect.DelegatingConstructorAccessorImpl.newInstance(DelegatingConstructorAccessorImpl.java:45)
	at java.lang.reflect.Constructor.newInstance(Constructor.java:423)
	at org.openqa.selenium.remote.ErrorHandler.createThrowable(ErrorHandler.java:216)
	at org.openqa.selenium.remote.ErrorHandler.throwIfResponseFailed(ErrorHandler.java:168)
	at org.openqa.selenium.remote.RemoteWebDriver.execute(RemoteWebDriver.java:635)
	at org.openqa.selenium.remote.RemoteWebDriver.findElement(RemoteWebDriver.java:368)
	at org.openqa.selenium.remote.RemoteWebDriver.findElementByXPath(RemoteWebDriver.java:473)
	at org.openqa.selenium.By$ByXPath.findElement(By.java:361)
	at org.openqa.selenium.remote.RemoteWebDriver.findElement(RemoteWebDriver.java:360)
	at pageobjects.BaseObjectPage.getPageImage(BaseObjectPage.java:162)
	at tests.Blog.BlogMainPageTests.subscribeToEmptyEmail(BlogMainPageTests.java:36)
	at sun.reflect.NativeMethodAccessorImpl.invoke0(Native Method)
	at sun.reflect.NativeMethodAccessorImpl.invoke(NativeMethodAccessorImpl.java:62)
	at sun.reflect.DelegatingMethodAccessorImpl.invoke(DelegatingMethodAccessorImpl.java:43)
	at java.lang.reflect.Method.invoke(Method.java:498)
	at org.testng.internal.MethodInvocationHelper.invokeMethod(MethodInvocationHelper.java:104)
	at org.testng.internal.Invoker.invokeMethod(Invoker.java:645)
	at org.testng.internal.Invoker.invokeTestMethod(Invoker.java:851)
	at org.testng.internal.Invoker.invokeTestMethods(Invoker.java:1177)
	at org.testng.internal.TestMethodWorker.invokeTestMethods(TestMethodWorker.java:129)
	at org.testng.internal.TestMethodWorker.run(TestMethodWorker.java:112)
	at org.testng.TestRunner.privateRun(TestRunner.java:756)
	at org.testng.TestRunner.run(TestRunner.java:610)
	at org.testng.SuiteRunner.runTest(SuiteRunner.java:387)
	at org.testng.SuiteRunner.runSequentially(SuiteRunner.java:382)
	at org.testng.SuiteRunner.privateRun(SuiteRunner.java:340)
	at org.testng.SuiteRunner.run(SuiteRunner.java:289)
	at org.testng.SuiteRunnerWorker.runSuite(SuiteRunnerWorker.java:52)
	at org.testng.SuiteRunnerWorker.run(SuiteRunnerWorker.java:86)
	at org.testng.TestNG.runSuitesSequentially(TestNG.java:1293)
	at org.testng.TestNG.runSuitesLocally(TestNG.java:1218)
	at org.testng.TestNG.runSuites(TestNG.java:1133)
	at org.testng.TestNG.run(TestNG.java:1104)
	at org.apache.maven.surefire.testng.TestNGExecutor.run(TestNGExecutor.java:281)
	at org.apache.maven.surefire.testng.TestNGXmlTestSuite.execute(TestNGXmlTestSuite.java:75)
	at org.apache.maven.surefire.testng.TestNGProvider.invoke(TestNGProvider.java:121)
	at org.apache.maven.surefire.booter.ForkedBooter.invokeProviderInSameClassLoader(ForkedBooter.java:290)
	at org.apache.maven.surefire.booter.ForkedBooter.runSuitesInProcess(ForkedBooter.java:242)
	at org.apache.maven.surefire.booter.ForkedBooter.main(ForkedBooter.java:121)
]]>
            </full-stacktrace>
          </exception> <!-- org.openqa.selenium.NoSuchElementException -->
          <reporter-output>
          </reporter-output>
        </test-method> <!-- subscribeToEmptyEmail -->
        <test-method status="PASS" signature="subscribeToValidEmail()[pri:0, instance:tests.Blog.BlogMainPageTests@6fb554cc]" name="subscribeToValidEmail" duration-ms="18598" started-at="2017-03-07T17:40:55Z" finished-at="2017-03-07T17:41:14Z">
          <reporter-output>
          </reporter-output>
        </test-method> <!-- subscribeToValidEmail -->
        <test-method status="FAIL" signature="subscribeToWrongEmailWithAt()[pri:0, instance:tests.Blog.BlogMainPageTests@6fb554cc]" name="subscribeToWrongEmailWithAt" duration-ms="20980" started-at="2017-03-07T17:41:14Z" finished-at="2017-03-07T17:41:35Z">
          <exception class="java.lang.AssertionError">
            <message>
              <![CDATA[expected [] but found [Please enter a valid email address.]]]>
            </message>
            <full-stacktrace>
              <![CDATA[java.lang.AssertionError: expected [] but found [Please enter a valid email address.]
	at org.testng.Assert.fail(Assert.java:94)
	at org.testng.Assert.failNotEquals(Assert.java:513)
	at org.testng.Assert.assertEqualsImpl(Assert.java:135)
	at org.testng.Assert.assertEquals(Assert.java:116)
	at org.testng.Assert.assertEquals(Assert.java:190)
	at org.testng.Assert.assertEquals(Assert.java:200)
	at tests.Blog.BlogMainPageTests.subscribeToWrongEmailWithAt(BlogMainPageTests.java:56)
	at sun.reflect.NativeMethodAccessorImpl.invoke0(Native Method)
	at sun.reflect.NativeMethodAccessorImpl.invoke(NativeMethodAccessorImpl.java:62)
	at sun.reflect.DelegatingMethodAccessorImpl.invoke(DelegatingMethodAccessorImpl.java:43)
	at java.lang.reflect.Method.invoke(Method.java:498)
	at org.testng.internal.MethodInvocationHelper.invokeMethod(MethodInvocationHelper.java:104)
	at org.testng.internal.Invoker.invokeMethod(Invoker.java:645)
	at org.testng.internal.Invoker.invokeTestMethod(Invoker.java:851)
	at org.testng.internal.Invoker.invokeTestMethods(Invoker.java:1177)
	at org.testng.internal.TestMethodWorker.invokeTestMethods(TestMethodWorker.java:129)
	at org.testng.internal.TestMethodWorker.run(TestMethodWorker.java:112)
	at org.testng.TestRunner.privateRun(TestRunner.java:756)
	at org.testng.TestRunner.run(TestRunner.java:610)
	at org.testng.SuiteRunner.runTest(SuiteRunner.java:387)
	at org.testng.SuiteRunner.runSequentially(SuiteRunner.java:382)
	at org.testng.SuiteRunner.privateRun(SuiteRunner.java:340)
	at org.testng.SuiteRunner.run(SuiteRunner.java:289)
	at org.testng.SuiteRunnerWorker.runSuite(SuiteRunnerWorker.java:52)
	at org.testng.SuiteRunnerWorker.run(SuiteRunnerWorker.java:86)
	at org.testng.TestNG.runSuitesSequentially(TestNG.java:1293)
	at org.testng.TestNG.runSuitesLocally(TestNG.java:1218)
	at org.testng.TestNG.runSuites(TestNG.java:1133)
	at org.testng.TestNG.run(TestNG.java:1104)
	at org.apache.maven.surefire.testng.TestNGExecutor.run(TestNGExecutor.java:281)
	at org.apache.maven.surefire.testng.TestNGXmlTestSuite.execute(TestNGXmlTestSuite.java:75)
	at org.apache.maven.surefire.testng.TestNGProvider.invoke(TestNGProvider.java:121)
	at org.apache.maven.surefire.booter.ForkedBooter.invokeProviderInSameClassLoader(ForkedBooter.java:290)
	at org.apache.maven.surefire.booter.ForkedBooter.runSuitesInProcess(ForkedBooter.java:242)
	at org.apache.maven.surefire.booter.ForkedBooter.main(ForkedBooter.java:121)
]]>
            </full-stacktrace>
          </exception> <!-- java.lang.AssertionError -->
          <reporter-output>
          </reporter-output>
        </test-method> <!-- subscribeToWrongEmailWithAt -->
        <test-method status="PASS" signature="subscribeToWrongEmailWithoutAt()[pri:0, instance:tests.Blog.BlogMainPageTests@6fb554cc]" name="subscribeToWrongEmailWithoutAt" duration-ms="21186" started-at="2017-03-07T17:41:35Z" finished-at="2017-03-07T17:41:56Z">
          <reporter-output>
          </reporter-output>
        </test-method> <!-- subscribeToWrongEmailWithoutAt -->
      </class> <!-- tests.Blog.BlogMainPageTests -->
    </test> <!-- Blog single page checking -->
    <test name="Careers page checking" duration-ms="53348" started-at="2017-03-07T15:41:56Z" finished-at="2017-03-07T15:42:49Z">
      <class name="tests.About.CareersTests">
        <test-method status="PASS" signature="checkElementsArePresent()[pri:0, instance:tests.About.CareersTests@327471b5]" name="checkElementsArePresent" duration-ms="28990" started-at="2017-03-07T17:41:56Z" finished-at="2017-03-07T17:42:25Z">
          <reporter-output>
          </reporter-output>
        </test-method> <!-- checkElementsArePresent -->
        <test-method status="PASS" signature="openingVacancyAndSendingEmptyForm()[pri:0, instance:tests.About.CareersTests@327471b5]" name="openingVacancyAndSendingEmptyForm" duration-ms="24358" started-at="2017-03-07T17:42:25Z" finished-at="2017-03-07T17:42:49Z">
          <reporter-output>
          </reporter-output>
        </test-method> <!-- openingVacancyAndSendingEmptyForm -->
      </class> <!-- tests.About.CareersTests -->
    </test> <!-- Careers page checking -->
    <test name="Contact Us page checking" duration-ms="79510" started-at="2017-03-07T15:42:49Z" finished-at="2017-03-07T15:44:09Z">
      <class name="tests.About.ContactUsPageTests">
        <test-method status="FAIL" signature="badEmailChecking()[pri:0, instance:tests.About.ContactUsPageTests@6615435c]" name="badEmailChecking" duration-ms="40613" started-at="2017-03-07T17:42:49Z" finished-at="2017-03-07T17:43:30Z">
          <exception class="org.openqa.selenium.NoSuchElementException">
            <message>
              <![CDATA[no such element: Unable to locate element: {"method":"xpath","selector":"//div[@class='hs_contact-email field hs-form-field']//label[@class='visible']"}
  (Session info: chrome=56.0.2924.87)
  (Driver info: chromedriver=2.27.440174 (e97a722caafc2d3a8b807ee115bfb307f7d2cfd9),platform=Mac OS X 10.11.6 x86_64) (WARNING: The server did not provide any stacktrace information)
Command duration or timeout: 10.01 seconds
For documentation on this error, please visit: http://seleniumhq.org/exceptions/no_such_element.html
Build info: version: '3.0.1', revision: '1969d75', time: '2016-10-18 09:49:13 -0700'
System info: host: '100.lan0.mk.uz.ua', ip: '192.168.0.100', os.name: 'Mac OS X', os.arch: 'x86_64', os.version: '10.11.6', java.version: '1.8.0_101'
Driver info: org.openqa.selenium.chrome.ChromeDriver
Capabilities [{applicationCacheEnabled=false, rotatable=false, mobileEmulationEnabled=false, networkConnectionEnabled=false, chrome={chromedriverVersion=2.27.440174 (e97a722caafc2d3a8b807ee115bfb307f7d2cfd9), userDataDir=/var/folders/xp/hq6y__313mvbnpb2n5x7bzq00000gn/T/.org.chromium.Chromium.Sob7iZ}, takesHeapSnapshot=true, pageLoadStrategy=normal, databaseEnabled=false, handlesAlerts=true, hasTouchScreen=false, version=56.0.2924.87, platform=MAC, browserConnectionEnabled=false, nativeEvents=true, acceptSslCerts=true, locationContextEnabled=true, webStorageEnabled=true, browserName=chrome, takesScreenshot=true, javascriptEnabled=true, cssSelectorsEnabled=true, unexpectedAlertBehaviour=}]
Session ID: 1beb622eea297e206feeaf9f808e4104
*** Element info: {Using=xpath, value=//div[@class='hs_contact-email field hs-form-field']//label[@class='visible']}]]>
            </message>
            <full-stacktrace>
              <![CDATA[org.openqa.selenium.NoSuchElementException: no such element: Unable to locate element: {"method":"xpath","selector":"//div[@class='hs_contact-email field hs-form-field']//label[@class='visible']"}
  (Session info: chrome=56.0.2924.87)
  (Driver info: chromedriver=2.27.440174 (e97a722caafc2d3a8b807ee115bfb307f7d2cfd9),platform=Mac OS X 10.11.6 x86_64) (WARNING: The server did not provide any stacktrace information)
Command duration or timeout: 10.01 seconds
For documentation on this error, please visit: http://seleniumhq.org/exceptions/no_such_element.html
Build info: version: '3.0.1', revision: '1969d75', time: '2016-10-18 09:49:13 -0700'
System info: host: '100.lan0.mk.uz.ua', ip: '192.168.0.100', os.name: 'Mac OS X', os.arch: 'x86_64', os.version: '10.11.6', java.version: '1.8.0_101'
Driver info: org.openqa.selenium.chrome.ChromeDriver
Capabilities [{applicationCacheEnabled=false, rotatable=false, mobileEmulationEnabled=false, networkConnectionEnabled=false, chrome={chromedriverVersion=2.27.440174 (e97a722caafc2d3a8b807ee115bfb307f7d2cfd9), userDataDir=/var/folders/xp/hq6y__313mvbnpb2n5x7bzq00000gn/T/.org.chromium.Chromium.Sob7iZ}, takesHeapSnapshot=true, pageLoadStrategy=normal, databaseEnabled=false, handlesAlerts=true, hasTouchScreen=false, version=56.0.2924.87, platform=MAC, browserConnectionEnabled=false, nativeEvents=true, acceptSslCerts=true, locationContextEnabled=true, webStorageEnabled=true, browserName=chrome, takesScreenshot=true, javascriptEnabled=true, cssSelectorsEnabled=true, unexpectedAlertBehaviour=}]
Session ID: 1beb622eea297e206feeaf9f808e4104
*** Element info: {Using=xpath, value=//div[@class='hs_contact-email field hs-form-field']//label[@class='visible']}
	at sun.reflect.NativeConstructorAccessorImpl.newInstance0(Native Method)
	at sun.reflect.NativeConstructorAccessorImpl.newInstance(NativeConstructorAccessorImpl.java:62)
	at sun.reflect.DelegatingConstructorAccessorImpl.newInstance(DelegatingConstructorAccessorImpl.java:45)
	at java.lang.reflect.Constructor.newInstance(Constructor.java:423)
	at org.openqa.selenium.remote.ErrorHandler.createThrowable(ErrorHandler.java:216)
	at org.openqa.selenium.remote.ErrorHandler.throwIfResponseFailed(ErrorHandler.java:168)
	at org.openqa.selenium.remote.RemoteWebDriver.execute(RemoteWebDriver.java:635)
	at org.openqa.selenium.remote.RemoteWebDriver.findElement(RemoteWebDriver.java:368)
	at org.openqa.selenium.remote.RemoteWebDriver.findElementByXPath(RemoteWebDriver.java:473)
	at org.openqa.selenium.By$ByXPath.findElement(By.java:361)
	at org.openqa.selenium.remote.RemoteWebDriver.findElement(RemoteWebDriver.java:360)
	at pageobjects.BaseObjectPage.getMessageOfEmptyFields(BaseObjectPage.java:214)
	at tests.About.ContactUsPageTests.badEmailChecking(ContactUsPageTests.java:53)
	at sun.reflect.NativeMethodAccessorImpl.invoke0(Native Method)
	at sun.reflect.NativeMethodAccessorImpl.invoke(NativeMethodAccessorImpl.java:62)
	at sun.reflect.DelegatingMethodAccessorImpl.invoke(DelegatingMethodAccessorImpl.java:43)
	at java.lang.reflect.Method.invoke(Method.java:498)
	at org.testng.internal.MethodInvocationHelper.invokeMethod(MethodInvocationHelper.java:104)
	at org.testng.internal.Invoker.invokeMethod(Invoker.java:645)
	at org.testng.internal.Invoker.invokeTestMethod(Invoker.java:851)
	at org.testng.internal.Invoker.invokeTestMethods(Invoker.java:1177)
	at org.testng.internal.TestMethodWorker.invokeTestMethods(TestMethodWorker.java:129)
	at org.testng.internal.TestMethodWorker.run(TestMethodWorker.java:112)
	at org.testng.TestRunner.privateRun(TestRunner.java:756)
	at org.testng.TestRunner.run(TestRunner.java:610)
	at org.testng.SuiteRunner.runTest(SuiteRunner.java:387)
	at org.testng.SuiteRunner.runSequentially(SuiteRunner.java:382)
	at org.testng.SuiteRunner.privateRun(SuiteRunner.java:340)
	at org.testng.SuiteRunner.run(SuiteRunner.java:289)
	at org.testng.SuiteRunnerWorker.runSuite(SuiteRunnerWorker.java:52)
	at org.testng.SuiteRunnerWorker.run(SuiteRunnerWorker.java:86)
	at org.testng.TestNG.runSuitesSequentially(TestNG.java:1293)
	at org.testng.TestNG.runSuitesLocally(TestNG.java:1218)
	at org.testng.TestNG.runSuites(TestNG.java:1133)
	at org.testng.TestNG.run(TestNG.java:1104)
	at org.apache.maven.surefire.testng.TestNGExecutor.run(TestNGExecutor.java:281)
	at org.apache.maven.surefire.testng.TestNGXmlTestSuite.execute(TestNGXmlTestSuite.java:75)
	at org.apache.maven.surefire.testng.TestNGProvider.invoke(TestNGProvider.java:121)
	at org.apache.maven.surefire.booter.ForkedBooter.invokeProviderInSameClassLoader(ForkedBooter.java:290)
	at org.apache.maven.surefire.booter.ForkedBooter.runSuitesInProcess(ForkedBooter.java:242)
	at org.apache.maven.surefire.booter.ForkedBooter.main(ForkedBooter.java:121)
]]>
            </full-stacktrace>
          </exception> <!-- org.openqa.selenium.NoSuchElementException -->
          <reporter-output>
          </reporter-output>
        </test-method> <!-- badEmailChecking -->
        <test-method status="FAIL" signature="emptyDataChecking()[pri:0, instance:tests.About.ContactUsPageTests@6615435c]" name="emptyDataChecking" duration-ms="38892" started-at="2017-03-07T17:43:30Z" finished-at="2017-03-07T17:44:09Z">
          <exception class="org.openqa.selenium.NoSuchElementException">
            <message>
              <![CDATA[no such element: Unable to locate element: {"method":"xpath","selector":"//div[@class='hs_contact-name field hs-form-field']//label[@class='visible']"}
  (Session info: chrome=56.0.2924.87)
  (Driver info: chromedriver=2.27.440174 (e97a722caafc2d3a8b807ee115bfb307f7d2cfd9),platform=Mac OS X 10.11.6 x86_64) (WARNING: The server did not provide any stacktrace information)
Command duration or timeout: 10.01 seconds
For documentation on this error, please visit: http://seleniumhq.org/exceptions/no_such_element.html
Build info: version: '3.0.1', revision: '1969d75', time: '2016-10-18 09:49:13 -0700'
System info: host: '100.lan0.mk.uz.ua', ip: '192.168.0.100', os.name: 'Mac OS X', os.arch: 'x86_64', os.version: '10.11.6', java.version: '1.8.0_101'
Driver info: org.openqa.selenium.chrome.ChromeDriver
Capabilities [{applicationCacheEnabled=false, rotatable=false, mobileEmulationEnabled=false, networkConnectionEnabled=false, chrome={chromedriverVersion=2.27.440174 (e97a722caafc2d3a8b807ee115bfb307f7d2cfd9), userDataDir=/var/folders/xp/hq6y__313mvbnpb2n5x7bzq00000gn/T/.org.chromium.Chromium.Sob7iZ}, takesHeapSnapshot=true, pageLoadStrategy=normal, databaseEnabled=false, handlesAlerts=true, hasTouchScreen=false, version=56.0.2924.87, platform=MAC, browserConnectionEnabled=false, nativeEvents=true, acceptSslCerts=true, locationContextEnabled=true, webStorageEnabled=true, browserName=chrome, takesScreenshot=true, javascriptEnabled=true, cssSelectorsEnabled=true, unexpectedAlertBehaviour=}]
Session ID: 1beb622eea297e206feeaf9f808e4104
*** Element info: {Using=xpath, value=//div[@class='hs_contact-name field hs-form-field']//label[@class='visible']}]]>
            </message>
            <full-stacktrace>
              <![CDATA[org.openqa.selenium.NoSuchElementException: no such element: Unable to locate element: {"method":"xpath","selector":"//div[@class='hs_contact-name field hs-form-field']//label[@class='visible']"}
  (Session info: chrome=56.0.2924.87)
  (Driver info: chromedriver=2.27.440174 (e97a722caafc2d3a8b807ee115bfb307f7d2cfd9),platform=Mac OS X 10.11.6 x86_64) (WARNING: The server did not provide any stacktrace information)
Command duration or timeout: 10.01 seconds
For documentation on this error, please visit: http://seleniumhq.org/exceptions/no_such_element.html
Build info: version: '3.0.1', revision: '1969d75', time: '2016-10-18 09:49:13 -0700'
System info: host: '100.lan0.mk.uz.ua', ip: '192.168.0.100', os.name: 'Mac OS X', os.arch: 'x86_64', os.version: '10.11.6', java.version: '1.8.0_101'
Driver info: org.openqa.selenium.chrome.ChromeDriver
Capabilities [{applicationCacheEnabled=false, rotatable=false, mobileEmulationEnabled=false, networkConnectionEnabled=false, chrome={chromedriverVersion=2.27.440174 (e97a722caafc2d3a8b807ee115bfb307f7d2cfd9), userDataDir=/var/folders/xp/hq6y__313mvbnpb2n5x7bzq00000gn/T/.org.chromium.Chromium.Sob7iZ}, takesHeapSnapshot=true, pageLoadStrategy=normal, databaseEnabled=false, handlesAlerts=true, hasTouchScreen=false, version=56.0.2924.87, platform=MAC, browserConnectionEnabled=false, nativeEvents=true, acceptSslCerts=true, locationContextEnabled=true, webStorageEnabled=true, browserName=chrome, takesScreenshot=true, javascriptEnabled=true, cssSelectorsEnabled=true, unexpectedAlertBehaviour=}]
Session ID: 1beb622eea297e206feeaf9f808e4104
*** Element info: {Using=xpath, value=//div[@class='hs_contact-name field hs-form-field']//label[@class='visible']}
	at sun.reflect.NativeConstructorAccessorImpl.newInstance0(Native Method)
	at sun.reflect.NativeConstructorAccessorImpl.newInstance(NativeConstructorAccessorImpl.java:62)
	at sun.reflect.DelegatingConstructorAccessorImpl.newInstance(DelegatingConstructorAccessorImpl.java:45)
	at java.lang.reflect.Constructor.newInstance(Constructor.java:423)
	at org.openqa.selenium.remote.ErrorHandler.createThrowable(ErrorHandler.java:216)
	at org.openqa.selenium.remote.ErrorHandler.throwIfResponseFailed(ErrorHandler.java:168)
	at org.openqa.selenium.remote.RemoteWebDriver.execute(RemoteWebDriver.java:635)
	at org.openqa.selenium.remote.RemoteWebDriver.findElement(RemoteWebDriver.java:368)
	at org.openqa.selenium.remote.RemoteWebDriver.findElementByXPath(RemoteWebDriver.java:473)
	at org.openqa.selenium.By$ByXPath.findElement(By.java:361)
	at org.openqa.selenium.remote.RemoteWebDriver.findElement(RemoteWebDriver.java:360)
	at pageobjects.BaseObjectPage.getMessageOfEmptyFields(BaseObjectPage.java:214)
	at tests.About.ContactUsPageTests.emptyDataChecking(ContactUsPageTests.java:39)
	at sun.reflect.NativeMethodAccessorImpl.invoke0(Native Method)
	at sun.reflect.NativeMethodAccessorImpl.invoke(NativeMethodAccessorImpl.java:62)
	at sun.reflect.DelegatingMethodAccessorImpl.invoke(DelegatingMethodAccessorImpl.java:43)
	at java.lang.reflect.Method.invoke(Method.java:498)
	at org.testng.internal.MethodInvocationHelper.invokeMethod(MethodInvocationHelper.java:104)
	at org.testng.internal.Invoker.invokeMethod(Invoker.java:645)
	at org.testng.internal.Invoker.invokeTestMethod(Invoker.java:851)
	at org.testng.internal.Invoker.invokeTestMethods(Invoker.java:1177)
	at org.testng.internal.TestMethodWorker.invokeTestMethods(TestMethodWorker.java:129)
	at org.testng.internal.TestMethodWorker.run(TestMethodWorker.java:112)
	at org.testng.TestRunner.privateRun(TestRunner.java:756)
	at org.testng.TestRunner.run(TestRunner.java:610)
	at org.testng.SuiteRunner.runTest(SuiteRunner.java:387)
	at org.testng.SuiteRunner.runSequentially(SuiteRunner.java:382)
	at org.testng.SuiteRunner.privateRun(SuiteRunner.java:340)
	at org.testng.SuiteRunner.run(SuiteRunner.java:289)
	at org.testng.SuiteRunnerWorker.runSuite(SuiteRunnerWorker.java:52)
	at org.testng.SuiteRunnerWorker.run(SuiteRunnerWorker.java:86)
	at org.testng.TestNG.runSuitesSequentially(TestNG.java:1293)
	at org.testng.TestNG.runSuitesLocally(TestNG.java:1218)
	at org.testng.TestNG.runSuites(TestNG.java:1133)
	at org.testng.TestNG.run(TestNG.java:1104)
	at org.apache.maven.surefire.testng.TestNGExecutor.run(TestNGExecutor.java:281)
	at org.apache.maven.surefire.testng.TestNGXmlTestSuite.execute(TestNGXmlTestSuite.java:75)
	at org.apache.maven.surefire.testng.TestNGProvider.invoke(TestNGProvider.java:121)
	at org.apache.maven.surefire.booter.ForkedBooter.invokeProviderInSameClassLoader(ForkedBooter.java:290)
	at org.apache.maven.surefire.booter.ForkedBooter.runSuitesInProcess(ForkedBooter.java:242)
	at org.apache.maven.surefire.booter.ForkedBooter.main(ForkedBooter.java:121)
]]>
            </full-stacktrace>
          </exception> <!-- org.openqa.selenium.NoSuchElementException -->
          <reporter-output>
          </reporter-output>
        </test-method> <!-- emptyDataChecking -->
      </class> <!-- tests.About.ContactUsPageTests -->
    </test> <!-- Contact Us page checking -->
    <test name="Our Story page checking" duration-ms="96665" started-at="2017-03-07T15:44:09Z" finished-at="2017-03-07T15:45:46Z">
      <class name="tests.About.OurStory">
        <test-method status="PASS" signature="checkingOurStoryPageAppears()[pri:0, instance:tests.About.OurStory@34b7bfc0]" name="checkingOurStoryPageAppears" duration-ms="18486" started-at="2017-03-07T17:44:09Z" finished-at="2017-03-07T17:44:27Z">
          <reporter-output>
          </reporter-output>
        </test-method> <!-- checkingOurStoryPageAppears -->
        <test-method status="PASS" signature="checkingOurStoryThatElementsArePresent()[pri:0, instance:tests.About.OurStory@34b7bfc0]" name="checkingOurStoryThatElementsArePresent" duration-ms="78179" started-at="2017-03-07T17:44:27Z" finished-at="2017-03-07T17:45:46Z">
          <reporter-output>
          </reporter-output>
        </test-method> <!-- checkingOurStoryThatElementsArePresent -->
      </class> <!-- tests.About.OurStory -->
    </test> <!-- Our Story page checking -->
    <test name="Team page checking" duration-ms="17732" started-at="2017-03-07T15:45:46Z" finished-at="2017-03-07T15:46:03Z">
      <class name="tests.About.TeamTests">
        <test-method status="PASS" signature="checkingOfEmployeeQuote()[pri:0, instance:tests.About.TeamTests@36f6e879]" name="checkingOfEmployeeQuote" duration-ms="17732" started-at="2017-03-07T17:45:46Z" finished-at="2017-03-07T17:46:03Z">
          <reporter-output>
          </reporter-output>
        </test-method> <!-- checkingOfEmployeeQuote -->
      </class> <!-- tests.About.TeamTests -->
    </test> <!-- Team page checking -->
    <test name="HomePage checking" duration-ms="574922" started-at="2017-03-07T15:46:03Z" finished-at="2017-03-07T15:55:38Z">
      <class name="tests.HomePageTests">
        <test-method status="PASS" signature="bottomMenuVerifying()[pri:0, instance:tests.HomePageTests@2096442d]" name="bottomMenuVerifying" duration-ms="47382" started-at="2017-03-07T17:46:03Z" finished-at="2017-03-07T17:46:51Z">
          <reporter-output>
          </reporter-output>
        </test-method> <!-- bottomMenuVerifying -->
        <test-method status="PASS" signature="emptyEmailAndClickRequestDemo()[pri:0, instance:tests.HomePageTests@2096442d]" name="emptyEmailAndClickRequestDemo" duration-ms="9551" started-at="2017-03-07T17:46:51Z" finished-at="2017-03-07T17:47:00Z">
          <reporter-output>
          </reporter-output>
        </test-method> <!-- emptyEmailAndClickRequestDemo -->
        <test-method status="PASS" signature="getStartedFreeChecking()[pri:0, instance:tests.HomePageTests@2096442d]" name="getStartedFreeChecking" duration-ms="16041" started-at="2017-03-07T17:47:00Z" finished-at="2017-03-07T17:47:16Z">
          <reporter-output>
          </reporter-output>
        </test-method> <!-- getStartedFreeChecking -->
        <test-method status="PASS" signature="movingToAboutMenu()[pri:0, instance:tests.HomePageTests@2096442d]" name="movingToAboutMenu" duration-ms="174793" started-at="2017-03-07T17:47:16Z" finished-at="2017-03-07T17:50:11Z">
          <reporter-output>
          </reporter-output>
        </test-method> <!-- movingToAboutMenu -->
        <test-method status="PASS" signature="movingToBlogMenu()[pri:0, instance:tests.HomePageTests@2096442d]" name="movingToBlogMenu" duration-ms="29882" started-at="2017-03-07T17:50:11Z" finished-at="2017-03-07T17:50:41Z">
          <reporter-output>
          </reporter-output>
        </test-method> <!-- movingToBlogMenu -->
        <test-method status="PASS" signature="movingToFeaturesFirstHalfMenu()[pri:0, instance:tests.HomePageTests@2096442d]" name="movingToFeaturesFirstHalfMenu" duration-ms="30867" started-at="2017-03-07T17:50:41Z" finished-at="2017-03-07T17:51:12Z">
          <reporter-output>
          </reporter-output>
        </test-method> <!-- movingToFeaturesFirstHalfMenu -->
        <test-method status="PASS" signature="movingToFeaturesSecondHalfMenu()[pri:0, instance:tests.HomePageTests@2096442d]" name="movingToFeaturesSecondHalfMenu" duration-ms="30620" started-at="2017-03-07T17:51:12Z" finished-at="2017-03-07T17:51:42Z">
          <reporter-output>
          </reporter-output>
        </test-method> <!-- movingToFeaturesSecondHalfMenu -->
        <test-method status="PASS" signature="notEmailFormatAndClickRequestDemo()[pri:0, instance:tests.HomePageTests@2096442d]" name="notEmailFormatAndClickRequestDemo" duration-ms="4215" started-at="2017-03-07T17:51:42Z" finished-at="2017-03-07T17:51:47Z">
          <reporter-output>
          </reporter-output>
        </test-method> <!-- notEmailFormatAndClickRequestDemo -->
        <test-method status="PASS" signature="scrollingToCueConnectBlog()[pri:0, instance:tests.HomePageTests@2096442d]" name="scrollingToCueConnectBlog" duration-ms="14048" started-at="2017-03-07T17:51:47Z" finished-at="2017-03-07T17:52:01Z">
          <reporter-output>
          </reporter-output>
        </test-method> <!-- scrollingToCueConnectBlog -->
        <test-method status="PASS" signature="scrollingToDriveEcommerce()[pri:0, instance:tests.HomePageTests@2096442d]" name="scrollingToDriveEcommerce" duration-ms="13972" started-at="2017-03-07T17:52:01Z" finished-at="2017-03-07T17:52:15Z">
          <reporter-output>
          </reporter-output>
        </test-method> <!-- scrollingToDriveEcommerce -->
        <test-method status="PASS" signature="scrollingToResources()[pri:0, instance:tests.HomePageTests@2096442d]" name="scrollingToResources" duration-ms="13567" started-at="2017-03-07T17:52:15Z" finished-at="2017-03-07T17:52:28Z">
          <reporter-output>
          </reporter-output>
        </test-method> <!-- scrollingToResources -->
        <test-method status="PASS" signature="scrollingToRetargetShoppers()[pri:0, instance:tests.HomePageTests@2096442d]" name="scrollingToRetargetShoppers" duration-ms="14788" started-at="2017-03-07T17:52:28Z" finished-at="2017-03-07T17:52:43Z">
          <reporter-output>
          </reporter-output>
        </test-method> <!-- scrollingToRetargetShoppers -->
        <test-method status="PASS" signature="scrollingToTransformTraffic()[pri:0, instance:tests.HomePageTests@2096442d]" name="scrollingToTransformTraffic" duration-ms="14017" started-at="2017-03-07T17:52:43Z" finished-at="2017-03-07T17:52:57Z">
          <reporter-output>
          </reporter-output>
        </test-method> <!-- scrollingToTransformTraffic -->
        <test-method status="PASS" signature="sendingUpdatesEmptyEmail()[pri:0, instance:tests.HomePageTests@2096442d]" name="sendingUpdatesEmptyEmail" duration-ms="21880" started-at="2017-03-07T17:52:57Z" finished-at="2017-03-07T17:53:19Z">
          <reporter-output>
          </reporter-output>
        </test-method> <!-- sendingUpdatesEmptyEmail -->
        <test-method status="PASS" signature="sendingUpdatesIncorrectEmail()[pri:0, instance:tests.HomePageTests@2096442d]" name="sendingUpdatesIncorrectEmail" duration-ms="22238" started-at="2017-03-07T17:53:19Z" finished-at="2017-03-07T17:53:41Z">
          <reporter-output>
          </reporter-output>
        </test-method> <!-- sendingUpdatesIncorrectEmail -->
        <test-method status="PASS" signature="sendingUpdatesIncorrectEmailWithAt()[pri:0, instance:tests.HomePageTests@2096442d]" name="sendingUpdatesIncorrectEmailWithAt" duration-ms="22906" started-at="2017-03-07T17:53:41Z" finished-at="2017-03-07T17:54:04Z">
          <reporter-output>
          </reporter-output>
        </test-method> <!-- sendingUpdatesIncorrectEmailWithAt -->
        <test-method status="FAIL" signature="sendingUpdatesToValidEmail()[pri:0, instance:tests.HomePageTests@2096442d]" name="sendingUpdatesToValidEmail" duration-ms="33129" started-at="2017-03-07T17:54:04Z" finished-at="2017-03-07T17:54:37Z">
          <exception class="org.openqa.selenium.NoSuchElementException">
            <message>
              <![CDATA[no such element: Unable to locate element: {"method":"xpath","selector":"//div[@class='submitted-message']"}
  (Session info: chrome=56.0.2924.87)
  (Driver info: chromedriver=2.27.440174 (e97a722caafc2d3a8b807ee115bfb307f7d2cfd9),platform=Mac OS X 10.11.6 x86_64) (WARNING: The server did not provide any stacktrace information)
Command duration or timeout: 10.03 seconds
For documentation on this error, please visit: http://seleniumhq.org/exceptions/no_such_element.html
Build info: version: '3.0.1', revision: '1969d75', time: '2016-10-18 09:49:13 -0700'
System info: host: '100.lan0.mk.uz.ua', ip: '192.168.0.100', os.name: 'Mac OS X', os.arch: 'x86_64', os.version: '10.11.6', java.version: '1.8.0_101'
Driver info: org.openqa.selenium.chrome.ChromeDriver
Capabilities [{applicationCacheEnabled=false, rotatable=false, mobileEmulationEnabled=false, networkConnectionEnabled=false, chrome={chromedriverVersion=2.27.440174 (e97a722caafc2d3a8b807ee115bfb307f7d2cfd9), userDataDir=/var/folders/xp/hq6y__313mvbnpb2n5x7bzq00000gn/T/.org.chromium.Chromium.Sob7iZ}, takesHeapSnapshot=true, pageLoadStrategy=normal, databaseEnabled=false, handlesAlerts=true, hasTouchScreen=false, version=56.0.2924.87, platform=MAC, browserConnectionEnabled=false, nativeEvents=true, acceptSslCerts=true, locationContextEnabled=true, webStorageEnabled=true, browserName=chrome, takesScreenshot=true, javascriptEnabled=true, cssSelectorsEnabled=true, unexpectedAlertBehaviour=}]
Session ID: 1beb622eea297e206feeaf9f808e4104
*** Element info: {Using=xpath, value=//div[@class='submitted-message']}]]>
            </message>
            <full-stacktrace>
              <![CDATA[org.openqa.selenium.NoSuchElementException: no such element: Unable to locate element: {"method":"xpath","selector":"//div[@class='submitted-message']"}
  (Session info: chrome=56.0.2924.87)
  (Driver info: chromedriver=2.27.440174 (e97a722caafc2d3a8b807ee115bfb307f7d2cfd9),platform=Mac OS X 10.11.6 x86_64) (WARNING: The server did not provide any stacktrace information)
Command duration or timeout: 10.03 seconds
For documentation on this error, please visit: http://seleniumhq.org/exceptions/no_such_element.html
Build info: version: '3.0.1', revision: '1969d75', time: '2016-10-18 09:49:13 -0700'
System info: host: '100.lan0.mk.uz.ua', ip: '192.168.0.100', os.name: 'Mac OS X', os.arch: 'x86_64', os.version: '10.11.6', java.version: '1.8.0_101'
Driver info: org.openqa.selenium.chrome.ChromeDriver
Capabilities [{applicationCacheEnabled=false, rotatable=false, mobileEmulationEnabled=false, networkConnectionEnabled=false, chrome={chromedriverVersion=2.27.440174 (e97a722caafc2d3a8b807ee115bfb307f7d2cfd9), userDataDir=/var/folders/xp/hq6y__313mvbnpb2n5x7bzq00000gn/T/.org.chromium.Chromium.Sob7iZ}, takesHeapSnapshot=true, pageLoadStrategy=normal, databaseEnabled=false, handlesAlerts=true, hasTouchScreen=false, version=56.0.2924.87, platform=MAC, browserConnectionEnabled=false, nativeEvents=true, acceptSslCerts=true, locationContextEnabled=true, webStorageEnabled=true, browserName=chrome, takesScreenshot=true, javascriptEnabled=true, cssSelectorsEnabled=true, unexpectedAlertBehaviour=}]
Session ID: 1beb622eea297e206feeaf9f808e4104
*** Element info: {Using=xpath, value=//div[@class='submitted-message']}
	at sun.reflect.GeneratedConstructorAccessor9.newInstance(Unknown Source)
	at sun.reflect.DelegatingConstructorAccessorImpl.newInstance(DelegatingConstructorAccessorImpl.java:45)
	at java.lang.reflect.Constructor.newInstance(Constructor.java:423)
	at org.openqa.selenium.remote.ErrorHandler.createThrowable(ErrorHandler.java:216)
	at org.openqa.selenium.remote.ErrorHandler.throwIfResponseFailed(ErrorHandler.java:168)
	at org.openqa.selenium.remote.RemoteWebDriver.execute(RemoteWebDriver.java:635)
	at org.openqa.selenium.remote.RemoteWebDriver.findElement(RemoteWebDriver.java:368)
	at org.openqa.selenium.remote.RemoteWebDriver.findElementByXPath(RemoteWebDriver.java:473)
	at org.openqa.selenium.By$ByXPath.findElement(By.java:361)
	at org.openqa.selenium.remote.RemoteWebDriver.findElement(RemoteWebDriver.java:360)
	at pageobjects.BaseObjectPage.getValidEmailMessage(BaseObjectPage.java:218)
	at tests.HomePageTests.sendingUpdatesToValidEmail(HomePageTests.java:193)
	at sun.reflect.NativeMethodAccessorImpl.invoke0(Native Method)
	at sun.reflect.NativeMethodAccessorImpl.invoke(NativeMethodAccessorImpl.java:62)
	at sun.reflect.DelegatingMethodAccessorImpl.invoke(DelegatingMethodAccessorImpl.java:43)
	at java.lang.reflect.Method.invoke(Method.java:498)
	at org.testng.internal.MethodInvocationHelper.invokeMethod(MethodInvocationHelper.java:104)
	at org.testng.internal.Invoker.invokeMethod(Invoker.java:645)
	at org.testng.internal.Invoker.invokeTestMethod(Invoker.java:851)
	at org.testng.internal.Invoker.invokeTestMethods(Invoker.java:1177)
	at org.testng.internal.TestMethodWorker.invokeTestMethods(TestMethodWorker.java:129)
	at org.testng.internal.TestMethodWorker.run(TestMethodWorker.java:112)
	at org.testng.TestRunner.privateRun(TestRunner.java:756)
	at org.testng.TestRunner.run(TestRunner.java:610)
	at org.testng.SuiteRunner.runTest(SuiteRunner.java:387)
	at org.testng.SuiteRunner.runSequentially(SuiteRunner.java:382)
	at org.testng.SuiteRunner.privateRun(SuiteRunner.java:340)
	at org.testng.SuiteRunner.run(SuiteRunner.java:289)
	at org.testng.SuiteRunnerWorker.runSuite(SuiteRunnerWorker.java:52)
	at org.testng.SuiteRunnerWorker.run(SuiteRunnerWorker.java:86)
	at org.testng.TestNG.runSuitesSequentially(TestNG.java:1293)
	at org.testng.TestNG.runSuitesLocally(TestNG.java:1218)
	at org.testng.TestNG.runSuites(TestNG.java:1133)
	at org.testng.TestNG.run(TestNG.java:1104)
	at org.apache.maven.surefire.testng.TestNGExecutor.run(TestNGExecutor.java:281)
	at org.apache.maven.surefire.testng.TestNGXmlTestSuite.execute(TestNGXmlTestSuite.java:75)
	at org.apache.maven.surefire.testng.TestNGProvider.invoke(TestNGProvider.java:121)
	at org.apache.maven.surefire.booter.ForkedBooter.invokeProviderInSameClassLoader(ForkedBooter.java:290)
	at org.apache.maven.surefire.booter.ForkedBooter.runSuitesInProcess(ForkedBooter.java:242)
	at org.apache.maven.surefire.booter.ForkedBooter.main(ForkedBooter.java:121)
]]>
            </full-stacktrace>
          </exception> <!-- org.openqa.selenium.NoSuchElementException -->
          <reporter-output>
          </reporter-output>
        </test-method> <!-- sendingUpdatesToValidEmail -->
        <test-method status="PASS" signature="singleClickOnLoginTopMenuItems()[pri:0, instance:tests.HomePageTests@2096442d]" name="singleClickOnLoginTopMenuItems" duration-ms="22503" started-at="2017-03-07T17:54:37Z" finished-at="2017-03-07T17:55:00Z">
          <reporter-output>
          </reporter-output>
        </test-method> <!-- singleClickOnLoginTopMenuItems -->
        <test-method status="PASS" signature="singleClickOnTopMenuItems()[pri:0, instance:tests.HomePageTests@2096442d]" name="singleClickOnTopMenuItems" duration-ms="32526" started-at="2017-03-07T17:55:00Z" finished-at="2017-03-07T17:55:32Z">
          <reporter-output>
          </reporter-output>
        </test-method> <!-- singleClickOnTopMenuItems -->
        <test-method status="PASS" signature="typingValidEmailAndClickRequestDemo()[pri:0, instance:tests.HomePageTests@2096442d]" name="typingValidEmailAndClickRequestDemo" duration-ms="5984" started-at="2017-03-07T17:55:32Z" finished-at="2017-03-07T17:55:38Z">
          <reporter-output>
          </reporter-output>
        </test-method> <!-- typingValidEmailAndClickRequestDemo -->
      </class> <!-- tests.HomePageTests -->
    </test> <!-- HomePage checking -->
    <test name="Features page checking" duration-ms="110165" started-at="2017-03-07T15:55:38Z" finished-at="2017-03-07T15:57:28Z">
      <class name="tests.FeaturesPageTests">
        <test-method status="PASS" signature="openingFeaturesPageAndClickOnRequestDemo()[pri:0, instance:tests.FeaturesPageTests@13c78c0b]" name="openingFeaturesPageAndClickOnRequestDemo" duration-ms="4136" started-at="2017-03-07T17:55:38Z" finished-at="2017-03-07T17:55:42Z">
          <reporter-output>
          </reporter-output>
        </test-method> <!-- openingFeaturesPageAndClickOnRequestDemo -->
        <test-method status="PASS" signature="openingSecondRequestDemoButton()[pri:0, instance:tests.FeaturesPageTests@13c78c0b]" name="openingSecondRequestDemoButton" duration-ms="14396" started-at="2017-03-07T17:55:42Z" finished-at="2017-03-07T17:55:57Z">
          <reporter-output>
          </reporter-output>
        </test-method> <!-- openingSecondRequestDemoButton -->
        <test-method status="PASS" signature="openingThirdRequestDemoButton()[pri:0, instance:tests.FeaturesPageTests@13c78c0b]" name="openingThirdRequestDemoButton" duration-ms="14855" started-at="2017-03-07T17:55:57Z" finished-at="2017-03-07T17:56:12Z">
          <reporter-output>
          </reporter-output>
        </test-method> <!-- openingThirdRequestDemoButton -->
        <test-method status="FAIL" signature="scrollingToEachSection()[pri:0, instance:tests.FeaturesPageTests@13c78c0b]" name="scrollingToEachSection" duration-ms="76774" started-at="2017-03-07T17:56:12Z" finished-at="2017-03-07T17:57:28Z">
          <exception class="org.openqa.selenium.NoSuchElementException">
            <message>
              <![CDATA[no such element: Unable to locate element: {"method":"xpath","selector":"//img[@width=639][@height=412]"}
  (Session info: chrome=56.0.2924.87)
  (Driver info: chromedriver=2.27.440174 (e97a722caafc2d3a8b807ee115bfb307f7d2cfd9),platform=Mac OS X 10.11.6 x86_64) (WARNING: The server did not provide any stacktrace information)
Command duration or timeout: 10.02 seconds
For documentation on this error, please visit: http://seleniumhq.org/exceptions/no_such_element.html
Build info: version: '3.0.1', revision: '1969d75', time: '2016-10-18 09:49:13 -0700'
System info: host: '100.lan0.mk.uz.ua', ip: '192.168.0.100', os.name: 'Mac OS X', os.arch: 'x86_64', os.version: '10.11.6', java.version: '1.8.0_101'
Driver info: org.openqa.selenium.chrome.ChromeDriver
Capabilities [{applicationCacheEnabled=false, rotatable=false, mobileEmulationEnabled=false, networkConnectionEnabled=false, chrome={chromedriverVersion=2.27.440174 (e97a722caafc2d3a8b807ee115bfb307f7d2cfd9), userDataDir=/var/folders/xp/hq6y__313mvbnpb2n5x7bzq00000gn/T/.org.chromium.Chromium.Sob7iZ}, takesHeapSnapshot=true, pageLoadStrategy=normal, databaseEnabled=false, handlesAlerts=true, hasTouchScreen=false, version=56.0.2924.87, platform=MAC, browserConnectionEnabled=false, nativeEvents=true, acceptSslCerts=true, locationContextEnabled=true, webStorageEnabled=true, browserName=chrome, takesScreenshot=true, javascriptEnabled=true, cssSelectorsEnabled=true, unexpectedAlertBehaviour=}]
Session ID: 1beb622eea297e206feeaf9f808e4104
*** Element info: {Using=xpath, value=//img[@width=639][@height=412]}]]>
            </message>
            <full-stacktrace>
              <![CDATA[org.openqa.selenium.NoSuchElementException: no such element: Unable to locate element: {"method":"xpath","selector":"//img[@width=639][@height=412]"}
  (Session info: chrome=56.0.2924.87)
  (Driver info: chromedriver=2.27.440174 (e97a722caafc2d3a8b807ee115bfb307f7d2cfd9),platform=Mac OS X 10.11.6 x86_64) (WARNING: The server did not provide any stacktrace information)
Command duration or timeout: 10.02 seconds
For documentation on this error, please visit: http://seleniumhq.org/exceptions/no_such_element.html
Build info: version: '3.0.1', revision: '1969d75', time: '2016-10-18 09:49:13 -0700'
System info: host: '100.lan0.mk.uz.ua', ip: '192.168.0.100', os.name: 'Mac OS X', os.arch: 'x86_64', os.version: '10.11.6', java.version: '1.8.0_101'
Driver info: org.openqa.selenium.chrome.ChromeDriver
Capabilities [{applicationCacheEnabled=false, rotatable=false, mobileEmulationEnabled=false, networkConnectionEnabled=false, chrome={chromedriverVersion=2.27.440174 (e97a722caafc2d3a8b807ee115bfb307f7d2cfd9), userDataDir=/var/folders/xp/hq6y__313mvbnpb2n5x7bzq00000gn/T/.org.chromium.Chromium.Sob7iZ}, takesHeapSnapshot=true, pageLoadStrategy=normal, databaseEnabled=false, handlesAlerts=true, hasTouchScreen=false, version=56.0.2924.87, platform=MAC, browserConnectionEnabled=false, nativeEvents=true, acceptSslCerts=true, locationContextEnabled=true, webStorageEnabled=true, browserName=chrome, takesScreenshot=true, javascriptEnabled=true, cssSelectorsEnabled=true, unexpectedAlertBehaviour=}]
Session ID: 1beb622eea297e206feeaf9f808e4104
*** Element info: {Using=xpath, value=//img[@width=639][@height=412]}
	at sun.reflect.GeneratedConstructorAccessor9.newInstance(Unknown Source)
	at sun.reflect.DelegatingConstructorAccessorImpl.newInstance(DelegatingConstructorAccessorImpl.java:45)
	at java.lang.reflect.Constructor.newInstance(Constructor.java:423)
	at org.openqa.selenium.remote.ErrorHandler.createThrowable(ErrorHandler.java:216)
	at org.openqa.selenium.remote.ErrorHandler.throwIfResponseFailed(ErrorHandler.java:168)
	at org.openqa.selenium.remote.RemoteWebDriver.execute(RemoteWebDriver.java:635)
	at org.openqa.selenium.remote.RemoteWebDriver.findElement(RemoteWebDriver.java:368)
	at org.openqa.selenium.remote.RemoteWebDriver.findElementByXPath(RemoteWebDriver.java:473)
	at org.openqa.selenium.By$ByXPath.findElement(By.java:361)
	at org.openqa.selenium.remote.RemoteWebDriver.findElement(RemoteWebDriver.java:360)
	at pageobjects.BaseObjectPage.getPageImage(BaseObjectPage.java:162)
	at pageobjects.FeaturesPage.scrollAndVerifyEachElement(FeaturesPage.java:38)
	at tests.FeaturesPageTests.scrollingToEachSection(FeaturesPageTests.java:54)
	at sun.reflect.NativeMethodAccessorImpl.invoke0(Native Method)
	at sun.reflect.NativeMethodAccessorImpl.invoke(NativeMethodAccessorImpl.java:62)
	at sun.reflect.DelegatingMethodAccessorImpl.invoke(DelegatingMethodAccessorImpl.java:43)
	at java.lang.reflect.Method.invoke(Method.java:498)
	at org.testng.internal.MethodInvocationHelper.invokeMethod(MethodInvocationHelper.java:104)
	at org.testng.internal.Invoker.invokeMethod(Invoker.java:645)
	at org.testng.internal.Invoker.invokeTestMethod(Invoker.java:851)
	at org.testng.internal.Invoker.invokeTestMethods(Invoker.java:1177)
	at org.testng.internal.TestMethodWorker.invokeTestMethods(TestMethodWorker.java:129)
	at org.testng.internal.TestMethodWorker.run(TestMethodWorker.java:112)
	at org.testng.TestRunner.privateRun(TestRunner.java:756)
	at org.testng.TestRunner.run(TestRunner.java:610)
	at org.testng.SuiteRunner.runTest(SuiteRunner.java:387)
	at org.testng.SuiteRunner.runSequentially(SuiteRunner.java:382)
	at org.testng.SuiteRunner.privateRun(SuiteRunner.java:340)
	at org.testng.SuiteRunner.run(SuiteRunner.java:289)
	at org.testng.SuiteRunnerWorker.runSuite(SuiteRunnerWorker.java:52)
	at org.testng.SuiteRunnerWorker.run(SuiteRunnerWorker.java:86)
	at org.testng.TestNG.runSuitesSequentially(TestNG.java:1293)
	at org.testng.TestNG.runSuitesLocally(TestNG.java:1218)
	at org.testng.TestNG.runSuites(TestNG.java:1133)
	at org.testng.TestNG.run(TestNG.java:1104)
	at org.apache.maven.surefire.testng.TestNGExecutor.run(TestNGExecutor.java:281)
	at org.apache.maven.surefire.testng.TestNGXmlTestSuite.execute(TestNGXmlTestSuite.java:75)
	at org.apache.maven.surefire.testng.TestNGProvider.invoke(TestNGProvider.java:121)
	at org.apache.maven.surefire.booter.ForkedBooter.invokeProviderInSameClassLoader(ForkedBooter.java:290)
	at org.apache.maven.surefire.booter.ForkedBooter.runSuitesInProcess(ForkedBooter.java:242)
	at org.apache.maven.surefire.booter.ForkedBooter.main(ForkedBooter.java:121)
]]>
            </full-stacktrace>
          </exception> <!-- org.openqa.selenium.NoSuchElementException -->
          <reporter-output>
          </reporter-output>
        </test-method> <!-- scrollingToEachSection -->
      </class> <!-- tests.FeaturesPageTests -->
    </test> <!-- Features page checking -->
    <test name="RequestDemoPage page checking" duration-ms="118056" started-at="2017-03-07T15:57:28Z" finished-at="2017-03-07T15:59:26Z">
      <class name="tests.RequestDemoTests">
        <test-method status="PASS" signature="emailFieldValidations()[pri:0, instance:tests.RequestDemoTests@69d9c55]" name="emailFieldValidations" duration-ms="24723" started-at="2017-03-07T17:57:28Z" finished-at="2017-03-07T17:57:53Z">
          <reporter-output>
          </reporter-output>
        </test-method> <!-- emailFieldValidations -->
        <test-method status="PASS" signature="phoneNumberFieldValidations()[pri:0, instance:tests.RequestDemoTests@69d9c55]" name="phoneNumberFieldValidations" duration-ms="24711" started-at="2017-03-07T17:57:53Z" finished-at="2017-03-07T17:58:18Z">
          <reporter-output>
          </reporter-output>
        </test-method> <!-- phoneNumberFieldValidations -->
        <test-method status="FAIL" signature="requestDemoEmptyRequiredFieldsOpening()[pri:0, instance:tests.RequestDemoTests@69d9c55]" name="requestDemoEmptyRequiredFieldsOpening" duration-ms="23667" started-at="2017-03-07T17:58:18Z" finished-at="2017-03-07T17:58:42Z">
          <exception class="org.openqa.selenium.NoSuchElementException">
            <message>
              <![CDATA[no such element: Unable to locate element: {"method":"xpath","selector":"//div[@class='hs_firstname field hs-form-field']//label[@class='visible']"}
  (Session info: chrome=56.0.2924.87)
  (Driver info: chromedriver=2.27.440174 (e97a722caafc2d3a8b807ee115bfb307f7d2cfd9),platform=Mac OS X 10.11.6 x86_64) (WARNING: The server did not provide any stacktrace information)
Command duration or timeout: 10.03 seconds
For documentation on this error, please visit: http://seleniumhq.org/exceptions/no_such_element.html
Build info: version: '3.0.1', revision: '1969d75', time: '2016-10-18 09:49:13 -0700'
System info: host: '100.lan0.mk.uz.ua', ip: '192.168.0.100', os.name: 'Mac OS X', os.arch: 'x86_64', os.version: '10.11.6', java.version: '1.8.0_101'
Driver info: org.openqa.selenium.chrome.ChromeDriver
Capabilities [{applicationCacheEnabled=false, rotatable=false, mobileEmulationEnabled=false, networkConnectionEnabled=false, chrome={chromedriverVersion=2.27.440174 (e97a722caafc2d3a8b807ee115bfb307f7d2cfd9), userDataDir=/var/folders/xp/hq6y__313mvbnpb2n5x7bzq00000gn/T/.org.chromium.Chromium.Sob7iZ}, takesHeapSnapshot=true, pageLoadStrategy=normal, databaseEnabled=false, handlesAlerts=true, hasTouchScreen=false, version=56.0.2924.87, platform=MAC, browserConnectionEnabled=false, nativeEvents=true, acceptSslCerts=true, locationContextEnabled=true, webStorageEnabled=true, browserName=chrome, takesScreenshot=true, javascriptEnabled=true, cssSelectorsEnabled=true, unexpectedAlertBehaviour=}]
Session ID: 1beb622eea297e206feeaf9f808e4104
*** Element info: {Using=xpath, value=//div[@class='hs_firstname field hs-form-field']//label[@class='visible']}]]>
            </message>
            <full-stacktrace>
              <![CDATA[org.openqa.selenium.NoSuchElementException: no such element: Unable to locate element: {"method":"xpath","selector":"//div[@class='hs_firstname field hs-form-field']//label[@class='visible']"}
  (Session info: chrome=56.0.2924.87)
  (Driver info: chromedriver=2.27.440174 (e97a722caafc2d3a8b807ee115bfb307f7d2cfd9),platform=Mac OS X 10.11.6 x86_64) (WARNING: The server did not provide any stacktrace information)
Command duration or timeout: 10.03 seconds
For documentation on this error, please visit: http://seleniumhq.org/exceptions/no_such_element.html
Build info: version: '3.0.1', revision: '1969d75', time: '2016-10-18 09:49:13 -0700'
System info: host: '100.lan0.mk.uz.ua', ip: '192.168.0.100', os.name: 'Mac OS X', os.arch: 'x86_64', os.version: '10.11.6', java.version: '1.8.0_101'
Driver info: org.openqa.selenium.chrome.ChromeDriver
Capabilities [{applicationCacheEnabled=false, rotatable=false, mobileEmulationEnabled=false, networkConnectionEnabled=false, chrome={chromedriverVersion=2.27.440174 (e97a722caafc2d3a8b807ee115bfb307f7d2cfd9), userDataDir=/var/folders/xp/hq6y__313mvbnpb2n5x7bzq00000gn/T/.org.chromium.Chromium.Sob7iZ}, takesHeapSnapshot=true, pageLoadStrategy=normal, databaseEnabled=false, handlesAlerts=true, hasTouchScreen=false, version=56.0.2924.87, platform=MAC, browserConnectionEnabled=false, nativeEvents=true, acceptSslCerts=true, locationContextEnabled=true, webStorageEnabled=true, browserName=chrome, takesScreenshot=true, javascriptEnabled=true, cssSelectorsEnabled=true, unexpectedAlertBehaviour=}]
Session ID: 1beb622eea297e206feeaf9f808e4104
*** Element info: {Using=xpath, value=//div[@class='hs_firstname field hs-form-field']//label[@class='visible']}
	at sun.reflect.GeneratedConstructorAccessor9.newInstance(Unknown Source)
	at sun.reflect.DelegatingConstructorAccessorImpl.newInstance(DelegatingConstructorAccessorImpl.java:45)
	at java.lang.reflect.Constructor.newInstance(Constructor.java:423)
	at org.openqa.selenium.remote.ErrorHandler.createThrowable(ErrorHandler.java:216)
	at org.openqa.selenium.remote.ErrorHandler.throwIfResponseFailed(ErrorHandler.java:168)
	at org.openqa.selenium.remote.RemoteWebDriver.execute(RemoteWebDriver.java:635)
	at org.openqa.selenium.remote.RemoteWebDriver.findElement(RemoteWebDriver.java:368)
	at org.openqa.selenium.remote.RemoteWebDriver.findElementByXPath(RemoteWebDriver.java:473)
	at org.openqa.selenium.By$ByXPath.findElement(By.java:361)
	at org.openqa.selenium.remote.RemoteWebDriver.findElement(RemoteWebDriver.java:360)
	at pageobjects.BaseObjectPage.getMessageOfEmptyFields(BaseObjectPage.java:214)
	at tests.RequestDemoTests.requestDemoEmptyRequiredFieldsOpening(RequestDemoTests.java:23)
	at sun.reflect.NativeMethodAccessorImpl.invoke0(Native Method)
	at sun.reflect.NativeMethodAccessorImpl.invoke(NativeMethodAccessorImpl.java:62)
	at sun.reflect.DelegatingMethodAccessorImpl.invoke(DelegatingMethodAccessorImpl.java:43)
	at java.lang.reflect.Method.invoke(Method.java:498)
	at org.testng.internal.MethodInvocationHelper.invokeMethod(MethodInvocationHelper.java:104)
	at org.testng.internal.Invoker.invokeMethod(Invoker.java:645)
	at org.testng.internal.Invoker.invokeTestMethod(Invoker.java:851)
	at org.testng.internal.Invoker.invokeTestMethods(Invoker.java:1177)
	at org.testng.internal.TestMethodWorker.invokeTestMethods(TestMethodWorker.java:129)
	at org.testng.internal.TestMethodWorker.run(TestMethodWorker.java:112)
	at org.testng.TestRunner.privateRun(TestRunner.java:756)
	at org.testng.TestRunner.run(TestRunner.java:610)
	at org.testng.SuiteRunner.runTest(SuiteRunner.java:387)
	at org.testng.SuiteRunner.runSequentially(SuiteRunner.java:382)
	at org.testng.SuiteRunner.privateRun(SuiteRunner.java:340)
	at org.testng.SuiteRunner.run(SuiteRunner.java:289)
	at org.testng.SuiteRunnerWorker.runSuite(SuiteRunnerWorker.java:52)
	at org.testng.SuiteRunnerWorker.run(SuiteRunnerWorker.java:86)
	at org.testng.TestNG.runSuitesSequentially(TestNG.java:1293)
	at org.testng.TestNG.runSuitesLocally(TestNG.java:1218)
	at org.testng.TestNG.runSuites(TestNG.java:1133)
	at org.testng.TestNG.run(TestNG.java:1104)
	at org.apache.maven.surefire.testng.TestNGExecutor.run(TestNGExecutor.java:281)
	at org.apache.maven.surefire.testng.TestNGXmlTestSuite.execute(TestNGXmlTestSuite.java:75)
	at org.apache.maven.surefire.testng.TestNGProvider.invoke(TestNGProvider.java:121)
	at org.apache.maven.surefire.booter.ForkedBooter.invokeProviderInSameClassLoader(ForkedBooter.java:290)
	at org.apache.maven.surefire.booter.ForkedBooter.runSuitesInProcess(ForkedBooter.java:242)
	at org.apache.maven.surefire.booter.ForkedBooter.main(ForkedBooter.java:121)
]]>
            </full-stacktrace>
          </exception> <!-- org.openqa.selenium.NoSuchElementException -->
          <reporter-output>
          </reporter-output>
        </test-method> <!-- requestDemoEmptyRequiredFieldsOpening -->
        <test-method status="PASS" signature="sendingFormWithValidData()[pri:0, instance:tests.RequestDemoTests@69d9c55]" name="sendingFormWithValidData" duration-ms="44953" started-at="2017-03-07T17:58:42Z" finished-at="2017-03-07T17:59:26Z">
          <reporter-output>
          </reporter-output>
        </test-method> <!-- sendingFormWithValidData -->
      </class> <!-- tests.RequestDemoTests -->
    </test> <!-- RequestDemoPage page checking -->
    <test name="Login page checking" duration-ms="34420" started-at="2017-03-07T15:59:27Z" finished-at="2017-03-07T16:00:01Z">
      <class name="tests.LoginPageTests">
        <test-method status="PASS" signature="correctLogin()[pri:0, instance:tests.LoginPageTests@6276ae34]" name="correctLogin" duration-ms="9175" started-at="2017-03-07T17:59:27Z" finished-at="2017-03-07T17:59:36Z">
          <reporter-output>
          </reporter-output>
        </test-method> <!-- correctLogin -->
        <test-method status="FAIL" signature="forgotPasswordDoenMatchEmails()[pri:0, instance:tests.LoginPageTests@6276ae34]" name="forgotPasswordDoenMatchEmails" duration-ms="7178" started-at="2017-03-07T17:59:36Z" finished-at="2017-03-07T17:59:43Z">
          <exception class="java.lang.AssertionError">
            <message>
              <![CDATA[expected [Please confirm your email] but found [Emails don't match]]]>
            </message>
            <full-stacktrace>
              <![CDATA[java.lang.AssertionError: expected [Please confirm your email] but found [Emails don't match]
	at org.testng.Assert.fail(Assert.java:94)
	at org.testng.Assert.failNotEquals(Assert.java:513)
	at org.testng.Assert.assertEqualsImpl(Assert.java:135)
	at org.testng.Assert.assertEquals(Assert.java:116)
	at org.testng.Assert.assertEquals(Assert.java:190)
	at org.testng.Assert.assertEquals(Assert.java:200)
	at tests.LoginPageTests.forgotPasswordDoenMatchEmails(LoginPageTests.java:79)
	at sun.reflect.NativeMethodAccessorImpl.invoke0(Native Method)
	at sun.reflect.NativeMethodAccessorImpl.invoke(NativeMethodAccessorImpl.java:62)
	at sun.reflect.DelegatingMethodAccessorImpl.invoke(DelegatingMethodAccessorImpl.java:43)
	at java.lang.reflect.Method.invoke(Method.java:498)
	at org.testng.internal.MethodInvocationHelper.invokeMethod(MethodInvocationHelper.java:104)
	at org.testng.internal.Invoker.invokeMethod(Invoker.java:645)
	at org.testng.internal.Invoker.invokeTestMethod(Invoker.java:851)
	at org.testng.internal.Invoker.invokeTestMethods(Invoker.java:1177)
	at org.testng.internal.TestMethodWorker.invokeTestMethods(TestMethodWorker.java:129)
	at org.testng.internal.TestMethodWorker.run(TestMethodWorker.java:112)
	at org.testng.TestRunner.privateRun(TestRunner.java:756)
	at org.testng.TestRunner.run(TestRunner.java:610)
	at org.testng.SuiteRunner.runTest(SuiteRunner.java:387)
	at org.testng.SuiteRunner.runSequentially(SuiteRunner.java:382)
	at org.testng.SuiteRunner.privateRun(SuiteRunner.java:340)
	at org.testng.SuiteRunner.run(SuiteRunner.java:289)
	at org.testng.SuiteRunnerWorker.runSuite(SuiteRunnerWorker.java:52)
	at org.testng.SuiteRunnerWorker.run(SuiteRunnerWorker.java:86)
	at org.testng.TestNG.runSuitesSequentially(TestNG.java:1293)
	at org.testng.TestNG.runSuitesLocally(TestNG.java:1218)
	at org.testng.TestNG.runSuites(TestNG.java:1133)
	at org.testng.TestNG.run(TestNG.java:1104)
	at org.apache.maven.surefire.testng.TestNGExecutor.run(TestNGExecutor.java:281)
	at org.apache.maven.surefire.testng.TestNGXmlTestSuite.execute(TestNGXmlTestSuite.java:75)
	at org.apache.maven.surefire.testng.TestNGProvider.invoke(TestNGProvider.java:121)
	at org.apache.maven.surefire.booter.ForkedBooter.invokeProviderInSameClassLoader(ForkedBooter.java:290)
	at org.apache.maven.surefire.booter.ForkedBooter.runSuitesInProcess(ForkedBooter.java:242)
	at org.apache.maven.surefire.booter.ForkedBooter.main(ForkedBooter.java:121)
]]>
            </full-stacktrace>
          </exception> <!-- java.lang.AssertionError -->
          <reporter-output>
          </reporter-output>
        </test-method> <!-- forgotPasswordDoenMatchEmails -->
        <test-method status="PASS" signature="forgotPasswordEmptyFields()[pri:0, instance:tests.LoginPageTests@6276ae34]" name="forgotPasswordEmptyFields" duration-ms="5445" started-at="2017-03-07T17:59:43Z" finished-at="2017-03-07T17:59:48Z">
          <reporter-output>
          </reporter-output>
        </test-method> <!-- forgotPasswordEmptyFields -->
        <test-method status="PASS" signature="forgotPasswordWrongEmail()[pri:0, instance:tests.LoginPageTests@6276ae34]" name="forgotPasswordWrongEmail" duration-ms="5642" started-at="2017-03-07T17:59:48Z" finished-at="2017-03-07T17:59:54Z">
          <reporter-output>
          </reporter-output>
        </test-method> <!-- forgotPasswordWrongEmail -->
        <test-method status="PASS" signature="loginCheckEmptyFields()[pri:0, instance:tests.LoginPageTests@6276ae34]" name="loginCheckEmptyFields" duration-ms="4002" started-at="2017-03-07T17:59:54Z" finished-at="2017-03-07T17:59:58Z">
          <reporter-output>
          </reporter-output>
        </test-method> <!-- loginCheckEmptyFields -->
        <test-method status="PASS" signature="loginFormCheckingWrongEmail()[pri:0, instance:tests.LoginPageTests@6276ae34]" name="loginFormCheckingWrongEmail" duration-ms="2976" started-at="2017-03-07T17:59:58Z" finished-at="2017-03-07T18:00:01Z">
          <reporter-output>
          </reporter-output>
        </test-method> <!-- loginFormCheckingWrongEmail -->
        <test-method status="PASS" signature="tearDown()[pri:0, instance:tests.LoginPageTests@6276ae34]" name="tearDown" is-config="true" duration-ms="159" started-at="2017-03-07T18:00:01Z" finished-at="2017-03-07T18:00:01Z">
          <reporter-output>
          </reporter-output>
        </test-method> <!-- tearDown -->
      </class> <!-- tests.LoginPageTests -->
    </test> <!-- Login page checking -->
  </suite> <!-- All tests -->
</testng-results>
