<?xml version="1.0" encoding="UTF-8"?>
<!-- Generated by org.testng.reporters.JUnitXMLReporter -->
<testsuite hostname="102.lan0.mk.uz.ua" ignored="15" name="Negative testing " tests="4" failures="2" timestamp="28 Feb 2017 10:48:13 GMT" time="25.761" errors="0">
  <testcase name="emptyEmailAndClickRequestDemo" time="5.817" classname="tests.HomePageTests"/>
  <testcase name="notEmailFormatAndClickRequestDemo" time="3.968" classname="tests.HomePageTests"/>
  <testcase name="sendingUpdatesEmptyEmail" time="7.736" classname="tests.HomePageTests">
    <failure type="org.openqa.selenium.NoSuchElementException" message="no such element: Unable to locate element: {&amp;quot;method&amp;quot;:&amp;quot;xpath&amp;quot;,&amp;quot;selector&amp;quot;:&amp;quot;//label[@class=&amp;apos;visible&amp;apos;]&amp;quot;}
  (Session info: chrome=56.0.2924.87)
  (Driver info: chromedriver=2.24.417412 (ac882d3ce7c0d99292439bf3405780058fcca0a6),platform=Mac OS X 10.11.6 x86_64) (WARNING: The server did not provide any stacktrace information)
Command duration or timeout: 25 milliseconds
For documentation on this error, please visit: http://seleniumhq.org/exceptions/no_such_element.html
Build info: version: &amp;apos;3.0.1&amp;apos;, revision: &amp;apos;1969d75&amp;apos;, time: &amp;apos;2016-10-18 09:49:13 -0700&amp;apos;
System info: host: &amp;apos;102.lan0.mk.uz.ua&amp;apos;, ip: &amp;apos;192.168.0.102&amp;apos;, os.name: &amp;apos;Mac OS X&amp;apos;, os.arch: &amp;apos;x86_64&amp;apos;, os.version: &amp;apos;10.11.6&amp;apos;, java.version: &amp;apos;1.8.0_101&amp;apos;
Driver info: org.openqa.selenium.chrome.ChromeDriver
Capabilities [{applicationCacheEnabled=false, rotatable=false, mobileEmulationEnabled=false, networkConnectionEnabled=false, chrome={chromedriverVersion=2.24.417412 (ac882d3ce7c0d99292439bf3405780058fcca0a6), userDataDir=/var/folders/xp/hq6y__313mvbnpb2n5x7bzq00000gn/T/.org.chromium.Chromium.nlLKCe}, takesHeapSnapshot=true, pageLoadStrategy=normal, databaseEnabled=false, handlesAlerts=true, hasTouchScreen=false, version=56.0.2924.87, platform=MAC, browserConnectionEnabled=false, nativeEvents=true, acceptSslCerts=true, locationContextEnabled=true, webStorageEnabled=true, browserName=chrome, takesScreenshot=true, javascriptEnabled=true, cssSelectorsEnabled=true}]
Session ID: 2206cb66e376812b23e7514a2ab3a829
*** Element info: {Using=xpath, value=//label[@class=&amp;apos;visible&amp;apos;]}">
      <![CDATA[org.openqa.selenium.NoSuchElementException: no such element: Unable to locate element: {"method":"xpath","selector":"//label[@class='visible']"}
  (Session info: chrome=56.0.2924.87)
  (Driver info: chromedriver=2.24.417412 (ac882d3ce7c0d99292439bf3405780058fcca0a6),platform=Mac OS X 10.11.6 x86_64) (WARNING: The server did not provide any stacktrace information)
Command duration or timeout: 25 milliseconds
For documentation on this error, please visit: http://seleniumhq.org/exceptions/no_such_element.html
Build info: version: '3.0.1', revision: '1969d75', time: '2016-10-18 09:49:13 -0700'
System info: host: '102.lan0.mk.uz.ua', ip: '192.168.0.102', os.name: 'Mac OS X', os.arch: 'x86_64', os.version: '10.11.6', java.version: '1.8.0_101'
Driver info: org.openqa.selenium.chrome.ChromeDriver
Capabilities [{applicationCacheEnabled=false, rotatable=false, mobileEmulationEnabled=false, networkConnectionEnabled=false, chrome={chromedriverVersion=2.24.417412 (ac882d3ce7c0d99292439bf3405780058fcca0a6), userDataDir=/var/folders/xp/hq6y__313mvbnpb2n5x7bzq00000gn/T/.org.chromium.Chromium.nlLKCe}, takesHeapSnapshot=true, pageLoadStrategy=normal, databaseEnabled=false, handlesAlerts=true, hasTouchScreen=false, version=56.0.2924.87, platform=MAC, browserConnectionEnabled=false, nativeEvents=true, acceptSslCerts=true, locationContextEnabled=true, webStorageEnabled=true, browserName=chrome, takesScreenshot=true, javascriptEnabled=true, cssSelectorsEnabled=true}]
Session ID: 2206cb66e376812b23e7514a2ab3a829
*** Element info: {Using=xpath, value=//label[@class='visible']}
	at org.openqa.selenium.remote.ErrorHandler.createThrowable(ErrorHandler.java:216)
	at org.openqa.selenium.remote.ErrorHandler.throwIfResponseFailed(ErrorHandler.java:168)
	at org.openqa.selenium.remote.RemoteWebDriver.execute(RemoteWebDriver.java:635)
	at org.openqa.selenium.remote.RemoteWebDriver.findElement(RemoteWebDriver.java:368)
	at org.openqa.selenium.remote.RemoteWebDriver.findElementByXPath(RemoteWebDriver.java:473)
	at org.openqa.selenium.By$ByXPath.findElement(By.java:361)
	at org.openqa.selenium.remote.RemoteWebDriver.findElement(RemoteWebDriver.java:360)
	at pageobjects.HomePageObject.getEmptyEmailMessage(HomePageObject.java:90)
	at tests.HomePageTests.sendingUpdatesEmptyEmail(HomePageTests.java:199)
	at java.util.concurrent.ThreadPoolExecutor.runWorker(ThreadPoolExecutor.java:1142)
	at java.util.concurrent.ThreadPoolExecutor$Worker.run(ThreadPoolExecutor.java:617)
	at java.lang.Thread.run(Thread.java:745)
... Removed 14 stack frames]]>
    </failure>
  </testcase> <!-- sendingUpdatesEmptyEmail -->
  <testcase name="sendingUpdatesIncorrectEmail" time="8.235" classname="tests.HomePageTests">
    <failure type="java.lang.AssertionError" message="expected [Please enter a valid email address.] but found [Email must be formatted correctly.]">
      <![CDATA[java.lang.AssertionError: expected [Please enter a valid email address.] but found [Email must be formatted correctly.]
	at tests.HomePageTests.sendingUpdatesIncorrectEmail(HomePageTests.java:208)
	at java.util.concurrent.ThreadPoolExecutor.runWorker(ThreadPoolExecutor.java:1142)
	at java.util.concurrent.ThreadPoolExecutor$Worker.run(ThreadPoolExecutor.java:617)
	at java.lang.Thread.run(Thread.java:745)
... Removed 16 stack frames]]>
    </failure>
  </testcase> <!-- sendingUpdatesIncorrectEmail -->
  <testcase name="movingToAboutMenu" time="0.0" classname="tests.HomePageTests">
    <ignored/>
  </testcase> <!-- movingToAboutMenu -->
  <testcase name="scrollingToSecondItemOfTakeAdvantagesSection" time="0.0" classname="tests.HomePageTests">
    <ignored/>
  </testcase> <!-- scrollingToSecondItemOfTakeAdvantagesSection -->
  <testcase name="movingToFeaturesFirstHalfMenu" time="0.0" classname="tests.HomePageTests">
    <ignored/>
  </testcase> <!-- movingToFeaturesFirstHalfMenu -->
  <testcase name="scrollingToSecondLinkOfDiscoverMoreShoppersSection" time="0.0" classname="tests.HomePageTests">
    <ignored/>
  </testcase> <!-- scrollingToSecondLinkOfDiscoverMoreShoppersSection -->
  <testcase name="getStartedFreeChecking" time="0.0" classname="tests.HomePageTests">
    <ignored/>
  </testcase> <!-- getStartedFreeChecking -->
  <testcase name="movingToFeaturesSecondHalfMenu" time="0.0" classname="tests.HomePageTests">
    <ignored/>
  </testcase> <!-- movingToFeaturesSecondHalfMenu -->
  <testcase name="scrollingToFirstItemOfTakeAdvantagesSection" time="0.0" classname="tests.HomePageTests">
    <ignored/>
  </testcase> <!-- scrollingToFirstItemOfTakeAdvantagesSection -->
  <testcase name="singleClickOnTopMenuItems" time="0.0" classname="tests.HomePageTests">
    <ignored/>
  </testcase> <!-- singleClickOnTopMenuItems -->
  <testcase name="singleClickOnLoginTopMenuItems" time="0.0" classname="tests.HomePageTests">
    <ignored/>
  </testcase> <!-- singleClickOnLoginTopMenuItems -->
  <testcase name="sendingUpdatesToValidEmail" time="0.0" classname="tests.HomePageTests">
    <ignored/>
  </testcase> <!-- sendingUpdatesToValidEmail -->
  <testcase name="typingValidEmailAndClickRequestDemo" time="0.0" classname="tests.HomePageTests">
    <ignored/>
  </testcase> <!-- typingValidEmailAndClickRequestDemo -->
  <testcase name="bottomMenuVerifying" time="0.0" classname="tests.HomePageTests">
    <ignored/>
  </testcase> <!-- bottomMenuVerifying -->
  <testcase name="scrollingToFirstLinkOfDiscoverMoreShoppersSection" time="0.0" classname="tests.HomePageTests">
    <ignored/>
  </testcase> <!-- scrollingToFirstLinkOfDiscoverMoreShoppersSection -->
  <testcase name="movingToBlogMenu" time="0.0" classname="tests.HomePageTests">
    <ignored/>
  </testcase> <!-- movingToBlogMenu -->
  <testcase name="scrollingToThirdLinkOfDiscoverMoreShoppersSection" time="0.0" classname="tests.HomePageTests">
    <ignored/>
  </testcase> <!-- scrollingToThirdLinkOfDiscoverMoreShoppersSection -->
</testsuite> <!-- Negative testing  -->
