<?xml version="1.0" encoding="UTF-8"?>
<!-- Generated by org.testng.reporters.JUnitXMLReporter -->
<testsuite hostname="102.lan0.mk.uz.ua" ignored="7" name="Positive testing " tests="12" failures="1" timestamp="28 Feb 2017 10:47:48 GMT" time="264.41" errors="0">
  <testcase name="bottomMenuVerifying" time="50.338" classname="tests.HomePageTests"/>
  <testcase name="getStartedFreeChecking" time="8.074" classname="tests.HomePageTests"/>
  <testcase name="movingToAboutMenu" time="77.257" classname="tests.HomePageTests"/>
  <testcase name="movingToBlogMenu" time="29.932" classname="tests.HomePageTests"/>
  <testcase name="movingToFeaturesFirstHalfMenu" time="30.8" classname="tests.HomePageTests"/>
  <testcase name="movingToFeaturesSecondHalfMenu" time="7.463" classname="tests.HomePageTests">
    <failure type="org.openqa.selenium.ElementNotVisibleException" message="element not visible
  (Session info: chrome=56.0.2924.87)
  (Driver info: chromedriver=2.24.417412 (ac882d3ce7c0d99292439bf3405780058fcca0a6),platform=Mac OS X 10.11.6 x86_64) (WARNING: The server did not provide any stacktrace information)
Command duration or timeout: 36 milliseconds
Build info: version: &amp;apos;3.0.1&amp;apos;, revision: &amp;apos;1969d75&amp;apos;, time: &amp;apos;2016-10-18 09:49:13 -0700&amp;apos;
System info: host: &amp;apos;102.lan0.mk.uz.ua&amp;apos;, ip: &amp;apos;192.168.0.102&amp;apos;, os.name: &amp;apos;Mac OS X&amp;apos;, os.arch: &amp;apos;x86_64&amp;apos;, os.version: &amp;apos;10.11.6&amp;apos;, java.version: &amp;apos;1.8.0_101&amp;apos;
Driver info: org.openqa.selenium.chrome.ChromeDriver
Capabilities [{applicationCacheEnabled=false, rotatable=false, mobileEmulationEnabled=false, networkConnectionEnabled=false, chrome={chromedriverVersion=2.24.417412 (ac882d3ce7c0d99292439bf3405780058fcca0a6), userDataDir=/var/folders/xp/hq6y__313mvbnpb2n5x7bzq00000gn/T/.org.chromium.Chromium.nlLKCe}, takesHeapSnapshot=true, pageLoadStrategy=normal, databaseEnabled=false, handlesAlerts=true, hasTouchScreen=false, version=56.0.2924.87, platform=MAC, browserConnectionEnabled=false, nativeEvents=true, acceptSslCerts=true, locationContextEnabled=true, webStorageEnabled=true, browserName=chrome, takesScreenshot=true, javascriptEnabled=true, cssSelectorsEnabled=true}]
Session ID: 2206cb66e376812b23e7514a2ab3a829">
      <![CDATA[org.openqa.selenium.ElementNotVisibleException: element not visible
  (Session info: chrome=56.0.2924.87)
  (Driver info: chromedriver=2.24.417412 (ac882d3ce7c0d99292439bf3405780058fcca0a6),platform=Mac OS X 10.11.6 x86_64) (WARNING: The server did not provide any stacktrace information)
Command duration or timeout: 36 milliseconds
Build info: version: '3.0.1', revision: '1969d75', time: '2016-10-18 09:49:13 -0700'
System info: host: '102.lan0.mk.uz.ua', ip: '192.168.0.102', os.name: 'Mac OS X', os.arch: 'x86_64', os.version: '10.11.6', java.version: '1.8.0_101'
Driver info: org.openqa.selenium.chrome.ChromeDriver
Capabilities [{applicationCacheEnabled=false, rotatable=false, mobileEmulationEnabled=false, networkConnectionEnabled=false, chrome={chromedriverVersion=2.24.417412 (ac882d3ce7c0d99292439bf3405780058fcca0a6), userDataDir=/var/folders/xp/hq6y__313mvbnpb2n5x7bzq00000gn/T/.org.chromium.Chromium.nlLKCe}, takesHeapSnapshot=true, pageLoadStrategy=normal, databaseEnabled=false, handlesAlerts=true, hasTouchScreen=false, version=56.0.2924.87, platform=MAC, browserConnectionEnabled=false, nativeEvents=true, acceptSslCerts=true, locationContextEnabled=true, webStorageEnabled=true, browserName=chrome, takesScreenshot=true, javascriptEnabled=true, cssSelectorsEnabled=true}]
Session ID: 2206cb66e376812b23e7514a2ab3a829
	at org.openqa.selenium.remote.ErrorHandler.createThrowable(ErrorHandler.java:216)
	at org.openqa.selenium.remote.ErrorHandler.throwIfResponseFailed(ErrorHandler.java:168)
	at org.openqa.selenium.remote.RemoteWebDriver.execute(RemoteWebDriver.java:635)
	at org.openqa.selenium.remote.RemoteWebElement.execute(RemoteWebElement.java:274)
	at org.openqa.selenium.remote.RemoteWebElement.click(RemoteWebElement.java:84)
	at pageobjects.HomePageObject.movingToMenuElement(HomePageObject.java:54)
	at tests.HomePageTests.movingToFeaturesSecondHalfMenu(HomePageTests.java:38)
	at java.util.concurrent.ThreadPoolExecutor.runWorker(ThreadPoolExecutor.java:1142)
	at java.util.concurrent.ThreadPoolExecutor$Worker.run(ThreadPoolExecutor.java:617)
	at java.lang.Thread.run(Thread.java:745)
... Removed 14 stack frames]]>
    </failure>
  </testcase> <!-- movingToFeaturesSecondHalfMenu -->
  <testcase name="scrollingToFirstItemOfTakeAdvantagesSection" time="3.316" classname="tests.HomePageTests"/>
  <testcase name="scrollingToSecondItemOfTakeAdvantagesSection" time="3.079" classname="tests.HomePageTests"/>
  <testcase name="sendingUpdatesToValidEmail" time="7.06" classname="tests.HomePageTests"/>
  <testcase name="singleClickOnLoginTopMenuItems" time="11.871" classname="tests.HomePageTests"/>
  <testcase name="singleClickOnTopMenuItems" time="29.643" classname="tests.HomePageTests"/>
  <testcase name="typingValidEmailAndClickRequestDemo" time="5.533" classname="tests.HomePageTests"/>
  <testcase name="sendingUpdatesIncorrectEmail" time="0.0" classname="tests.HomePageTests">
    <ignored/>
  </testcase> <!-- sendingUpdatesIncorrectEmail -->
  <testcase name="scrollingToFirstLinkOfDiscoverMoreShoppersSection" time="0.0" classname="tests.HomePageTests">
    <ignored/>
  </testcase> <!-- scrollingToFirstLinkOfDiscoverMoreShoppersSection -->
  <testcase name="emptyEmailAndClickRequestDemo" time="0.0" classname="tests.HomePageTests">
    <ignored/>
  </testcase> <!-- emptyEmailAndClickRequestDemo -->
  <testcase name="notEmailFormatAndClickRequestDemo" time="0.0" classname="tests.HomePageTests">
    <ignored/>
  </testcase> <!-- notEmailFormatAndClickRequestDemo -->
  <testcase name="scrollingToSecondLinkOfDiscoverMoreShoppersSection" time="0.0" classname="tests.HomePageTests">
    <ignored/>
  </testcase> <!-- scrollingToSecondLinkOfDiscoverMoreShoppersSection -->
  <testcase name="sendingUpdatesEmptyEmail" time="0.0" classname="tests.HomePageTests">
    <ignored/>
  </testcase> <!-- sendingUpdatesEmptyEmail -->
  <testcase name="scrollingToThirdLinkOfDiscoverMoreShoppersSection" time="0.0" classname="tests.HomePageTests">
    <ignored/>
  </testcase> <!-- scrollingToThirdLinkOfDiscoverMoreShoppersSection -->
</testsuite> <!-- Positive testing  -->
